[0.010s] Invoking command in '/home/reach/SCARA/build/yolo_msgs': CMAKE_PREFIX_PATH=/home/reach/SCARA/install/SCARA_pkg:/opt/ros/humble /usr/bin/cmake --build /home/reach/SCARA/build/yolo_msgs -- -j8 -l8
[0.030s] -- Found ament_cmake: 1.3.12 (/opt/ros/humble/share/ament_cmake/cmake)
[0.120s] -- Found rosidl_default_generators: 1.2.0 (/opt/ros/humble/share/rosidl_default_generators/cmake)
[0.121s] -- Using all available rosidl_typesupport_c: rosidl_typesupport_fastrtps_c;rosidl_typesupport_introspection_c
[0.123s] -- Found rosidl_adapter: 3.1.8 (/opt/ros/humble/share/rosidl_adapter/cmake)
[0.143s] -- Using all available rosidl_typesupport_cpp: rosidl_typesupport_fastrtps_cpp;rosidl_typesupport_introspection_cpp
[0.160s] -- Found std_msgs: 4.9.0 (/opt/ros/humble/share/std_msgs/cmake)
[0.175s] -- Found geometry_msgs: 4.9.0 (/opt/ros/humble/share/geometry_msgs/cmake)
[0.434s] -- Found ament_cmake_ros: 0.10.0 (/opt/ros/humble/share/ament_cmake_ros/cmake)
[0.625s] -- Using all available rosidl_typesupport_c: rosidl_typesupport_fastrtps_c;rosidl_typesupport_introspection_c
[0.859s] -- Using all available rosidl_typesupport_cpp: rosidl_typesupport_fastrtps_cpp;rosidl_typesupport_introspection_cpp
[0.875s] -- Found python_cmake_module: 0.10.0 (/opt/ros/humble/share/python_cmake_module/cmake)
[0.891s] -- Using PYTHON_EXECUTABLE: /usr/bin/python3
[0.891s] -- Using PYTHON_INCLUDE_DIRS: /usr/include/python3.10
[0.891s] -- Using PYTHON_LIBRARIES: /usr/lib/x86_64-linux-gnu/libpython3.10.so
[0.919s] -- Configuring done
[0.952s] -- Generating done
[0.961s] -- Build files have been written to: /home/reach/SCARA/build/yolo_msgs
[0.979s] [35m[1mConsolidate compiler generated dependencies of target yolo_msgs__rosidl_generator_c[0m
[0.985s] [  0%] Built target yolo_msgs__cpp
[0.989s] [ 12%] Built target yolo_msgs__rosidl_generator_c
[0.993s] [ 12%] Built target ament_cmake_python_copy_yolo_msgs
[0.996s] [35m[1mConsolidate compiler generated dependencies of target yolo_msgs__rosidl_typesupport_cpp[0m
[0.996s] [35m[1mConsolidate compiler generated dependencies of target yolo_msgs__rosidl_typesupport_fastrtps_cpp[0m
[0.997s] [35m[1mConsolidate compiler generated dependencies of target yolo_msgs__rosidl_typesupport_introspection_cpp[0m
[0.999s] [35m[1mConsolidate compiler generated dependencies of target yolo_msgs__rosidl_typesupport_c[0m
[1.001s] [35m[1mConsolidate compiler generated dependencies of target yolo_msgs__rosidl_typesupport_introspection_c[0m
[1.003s] [35m[1mConsolidate compiler generated dependencies of target yolo_msgs__rosidl_typesupport_fastrtps_c[0m
[1.011s] [ 24%] Built target yolo_msgs__rosidl_typesupport_c
[1.014s] [ 36%] Built target yolo_msgs__rosidl_typesupport_cpp
[1.015s] [ 48%] Built target yolo_msgs__rosidl_typesupport_introspection_cpp
[1.016s] [ 60%] Built target yolo_msgs__rosidl_typesupport_introspection_c
[1.016s] [ 72%] Built target yolo_msgs__rosidl_typesupport_fastrtps_cpp
[1.019s] [ 84%] Built target yolo_msgs__rosidl_typesupport_fastrtps_c
[1.034s] [ 84%] Built target yolo_msgs
[1.050s] [ 85%] Built target yolo_msgs__py
[1.060s] [35m[1mConsolidate compiler generated dependencies of target yolo_msgs__rosidl_generator_py[0m
[1.073s] [ 96%] Built target yolo_msgs__rosidl_generator_py
[1.081s] [35m[1mConsolidate compiler generated dependencies of target yolo_msgs__rosidl_typesupport_c__pyext[0m
[1.081s] [35m[1mConsolidate compiler generated dependencies of target yolo_msgs__rosidl_typesupport_fastrtps_c__pyext[0m
[1.081s] [35m[1mConsolidate compiler generated dependencies of target yolo_msgs__rosidl_typesupport_introspection_c__pyext[0m
[1.090s] [100%] Built target yolo_msgs__rosidl_typesupport_fastrtps_c__pyext
[1.090s] [100%] Built target yolo_msgs__rosidl_typesupport_c__pyext
[1.090s] [100%] Built target yolo_msgs__rosidl_typesupport_introspection_c__pyext
[1.174s] running egg_info
[1.175s] writing yolo_msgs.egg-info/PKG-INFO
[1.175s] writing dependency_links to yolo_msgs.egg-info/dependency_links.txt
[1.175s] writing top-level names to yolo_msgs.egg-info/top_level.txt
[1.177s] reading manifest file 'yolo_msgs.egg-info/SOURCES.txt'
[1.178s] writing manifest file 'yolo_msgs.egg-info/SOURCES.txt'
[1.197s] [100%] Built target ament_cmake_python_build_yolo_msgs_egg
[1.206s] Invoked command in '/home/reach/SCARA/build/yolo_msgs' returned '0': CMAKE_PREFIX_PATH=/home/reach/SCARA/install/SCARA_pkg:/opt/ros/humble /usr/bin/cmake --build /home/reach/SCARA/build/yolo_msgs -- -j8 -l8
[1.213s] Invoking command in '/home/reach/SCARA/build/yolo_msgs': CMAKE_PREFIX_PATH=/home/reach/SCARA/install/SCARA_pkg:/opt/ros/humble /usr/bin/cmake --install /home/reach/SCARA/build/yolo_msgs
[1.219s] -- Install configuration: ""
[1.219s] -- Up-to-date: /home/reach/SCARA/install/yolo_msgs/share/ament_index/resource_index/rosidl_interfaces/yolo_msgs
[1.219s] -- Up-to-date: /home/reach/SCARA/install/yolo_msgs/include/yolo_msgs/yolo_msgs
[1.219s] -- Up-to-date: /home/reach/SCARA/install/yolo_msgs/include/yolo_msgs/yolo_msgs/srv
[1.219s] -- Up-to-date: /home/reach/SCARA/install/yolo_msgs/include/yolo_msgs/yolo_msgs/srv/set_classes.h
[1.219s] -- Up-to-date: /home/reach/SCARA/install/yolo_msgs/include/yolo_msgs/yolo_msgs/srv/detail
[1.219s] -- Up-to-date: /home/reach/SCARA/install/yolo_msgs/include/yolo_msgs/yolo_msgs/srv/detail/set_classes__type_support.h
[1.219s] -- Up-to-date: /home/reach/SCARA/install/yolo_msgs/include/yolo_msgs/yolo_msgs/srv/detail/set_classes__functions.c
[1.219s] -- Up-to-date: /home/reach/SCARA/install/yolo_msgs/include/yolo_msgs/yolo_msgs/srv/detail/set_classes__functions.h
[1.219s] -- Up-to-date: /home/reach/SCARA/install/yolo_msgs/include/yolo_msgs/yolo_msgs/srv/detail/set_classes__struct.h
[1.219s] -- Up-to-date: /home/reach/SCARA/install/yolo_msgs/include/yolo_msgs/yolo_msgs/msg
[1.220s] -- Up-to-date: /home/reach/SCARA/install/yolo_msgs/include/yolo_msgs/yolo_msgs/msg/rosidl_generator_c__visibility_control.h
[1.220s] -- Up-to-date: /home/reach/SCARA/install/yolo_msgs/include/yolo_msgs/yolo_msgs/msg/bounding_box3_d.h
[1.220s] -- Up-to-date: /home/reach/SCARA/install/yolo_msgs/include/yolo_msgs/yolo_msgs/msg/pose2_d.h
[1.220s] -- Up-to-date: /home/reach/SCARA/install/yolo_msgs/include/yolo_msgs/yolo_msgs/msg/mask.h
[1.220s] -- Up-to-date: /home/reach/SCARA/install/yolo_msgs/include/yolo_msgs/yolo_msgs/msg/bounding_box2_d.h
[1.220s] -- Up-to-date: /home/reach/SCARA/install/yolo_msgs/include/yolo_msgs/yolo_msgs/msg/detection_array.h
[1.220s] -- Up-to-date: /home/reach/SCARA/install/yolo_msgs/include/yolo_msgs/yolo_msgs/msg/point2_d.h
[1.220s] -- Up-to-date: /home/reach/SCARA/install/yolo_msgs/include/yolo_msgs/yolo_msgs/msg/key_point3_d_array.h
[1.220s] -- Up-to-date: /home/reach/SCARA/install/yolo_msgs/include/yolo_msgs/yolo_msgs/msg/key_point3_d.h
[1.220s] -- Up-to-date: /home/reach/SCARA/install/yolo_msgs/include/yolo_msgs/yolo_msgs/msg/vector2.h
[1.220s] -- Up-to-date: /home/reach/SCARA/install/yolo_msgs/include/yolo_msgs/yolo_msgs/msg/key_point2_d.h
[1.220s] -- Up-to-date: /home/reach/SCARA/install/yolo_msgs/include/yolo_msgs/yolo_msgs/msg/detail
[1.220s] -- Up-to-date: /home/reach/SCARA/install/yolo_msgs/include/yolo_msgs/yolo_msgs/msg/detail/detection__type_support.h
[1.220s] -- Up-to-date: /home/reach/SCARA/install/yolo_msgs/include/yolo_msgs/yolo_msgs/msg/detail/detection_array__functions.c
[1.220s] -- Up-to-date: /home/reach/SCARA/install/yolo_msgs/include/yolo_msgs/yolo_msgs/msg/detail/key_point3_d__functions.h
[1.220s] -- Up-to-date: /home/reach/SCARA/install/yolo_msgs/include/yolo_msgs/yolo_msgs/msg/detail/mask__functions.h
[1.220s] -- Up-to-date: /home/reach/SCARA/install/yolo_msgs/include/yolo_msgs/yolo_msgs/msg/detail/mask__functions.c
[1.220s] -- Up-to-date: /home/reach/SCARA/install/yolo_msgs/include/yolo_msgs/yolo_msgs/msg/detail/mask__struct.h
[1.220s] -- Up-to-date: /home/reach/SCARA/install/yolo_msgs/include/yolo_msgs/yolo_msgs/msg/detail/vector2__functions.h
[1.221s] -- Up-to-date: /home/reach/SCARA/install/yolo_msgs/include/yolo_msgs/yolo_msgs/msg/detail/key_point2_d_array__type_support.h
[1.221s] -- Up-to-date: /home/reach/SCARA/install/yolo_msgs/include/yolo_msgs/yolo_msgs/msg/detail/point2_d__functions.c
[1.221s] -- Up-to-date: /home/reach/SCARA/install/yolo_msgs/include/yolo_msgs/yolo_msgs/msg/detail/bounding_box3_d__type_support.h
[1.221s] -- Up-to-date: /home/reach/SCARA/install/yolo_msgs/include/yolo_msgs/yolo_msgs/msg/detail/key_point3_d_array__functions.c
[1.221s] -- Up-to-date: /home/reach/SCARA/install/yolo_msgs/include/yolo_msgs/yolo_msgs/msg/detail/point2_d__type_support.h
[1.221s] -- Up-to-date: /home/reach/SCARA/install/yolo_msgs/include/yolo_msgs/yolo_msgs/msg/detail/key_point3_d_array__struct.h
[1.221s] -- Up-to-date: /home/reach/SCARA/install/yolo_msgs/include/yolo_msgs/yolo_msgs/msg/detail/key_point3_d_array__functions.h
[1.221s] -- Up-to-date: /home/reach/SCARA/install/yolo_msgs/include/yolo_msgs/yolo_msgs/msg/detail/pose2_d__type_support.h
[1.221s] -- Up-to-date: /home/reach/SCARA/install/yolo_msgs/include/yolo_msgs/yolo_msgs/msg/detail/key_point2_d__struct.h
[1.221s] -- Up-to-date: /home/reach/SCARA/install/yolo_msgs/include/yolo_msgs/yolo_msgs/msg/detail/pose2_d__functions.h
[1.221s] -- Up-to-date: /home/reach/SCARA/install/yolo_msgs/include/yolo_msgs/yolo_msgs/msg/detail/key_point2_d__functions.h
[1.221s] -- Up-to-date: /home/reach/SCARA/install/yolo_msgs/include/yolo_msgs/yolo_msgs/msg/detail/key_point3_d__functions.c
[1.221s] -- Up-to-date: /home/reach/SCARA/install/yolo_msgs/include/yolo_msgs/yolo_msgs/msg/detail/pose2_d__struct.h
[1.221s] -- Up-to-date: /home/reach/SCARA/install/yolo_msgs/include/yolo_msgs/yolo_msgs/msg/detail/detection__functions.c
[1.221s] -- Up-to-date: /home/reach/SCARA/install/yolo_msgs/include/yolo_msgs/yolo_msgs/msg/detail/detection_array__functions.h
[1.221s] -- Up-to-date: /home/reach/SCARA/install/yolo_msgs/include/yolo_msgs/yolo_msgs/msg/detail/bounding_box3_d__struct.h
[1.221s] -- Up-to-date: /home/reach/SCARA/install/yolo_msgs/include/yolo_msgs/yolo_msgs/msg/detail/vector2__type_support.h
[1.222s] -- Up-to-date: /home/reach/SCARA/install/yolo_msgs/include/yolo_msgs/yolo_msgs/msg/detail/bounding_box3_d__functions.c
[1.222s] -- Up-to-date: /home/reach/SCARA/install/yolo_msgs/include/yolo_msgs/yolo_msgs/msg/detail/pose2_d__functions.c
[1.222s] -- Up-to-date: /home/reach/SCARA/install/yolo_msgs/include/yolo_msgs/yolo_msgs/msg/detail/key_point2_d_array__struct.h
[1.222s] -- Up-to-date: /home/reach/SCARA/install/yolo_msgs/include/yolo_msgs/yolo_msgs/msg/detail/key_point3_d__struct.h
[1.222s] -- Up-to-date: /home/reach/SCARA/install/yolo_msgs/include/yolo_msgs/yolo_msgs/msg/detail/key_point2_d_array__functions.h
[1.222s] -- Up-to-date: /home/reach/SCARA/install/yolo_msgs/include/yolo_msgs/yolo_msgs/msg/detail/bounding_box2_d__struct.h
[1.222s] -- Up-to-date: /home/reach/SCARA/install/yolo_msgs/include/yolo_msgs/yolo_msgs/msg/detail/bounding_box2_d__functions.h
[1.222s] -- Up-to-date: /home/reach/SCARA/install/yolo_msgs/include/yolo_msgs/yolo_msgs/msg/detail/key_point2_d_array__functions.c
[1.222s] -- Up-to-date: /home/reach/SCARA/install/yolo_msgs/include/yolo_msgs/yolo_msgs/msg/detail/key_point3_d__type_support.h
[1.222s] -- Up-to-date: /home/reach/SCARA/install/yolo_msgs/include/yolo_msgs/yolo_msgs/msg/detail/key_point2_d__functions.c
[1.222s] -- Up-to-date: /home/reach/SCARA/install/yolo_msgs/include/yolo_msgs/yolo_msgs/msg/detail/detection_array__struct.h
[1.222s] -- Up-to-date: /home/reach/SCARA/install/yolo_msgs/include/yolo_msgs/yolo_msgs/msg/detail/key_point2_d__type_support.h
[1.222s] -- Up-to-date: /home/reach/SCARA/install/yolo_msgs/include/yolo_msgs/yolo_msgs/msg/detail/bounding_box2_d__functions.c
[1.222s] -- Up-to-date: /home/reach/SCARA/install/yolo_msgs/include/yolo_msgs/yolo_msgs/msg/detail/detection_array__type_support.h
[1.223s] -- Up-to-date: /home/reach/SCARA/install/yolo_msgs/include/yolo_msgs/yolo_msgs/msg/detail/mask__type_support.h
[1.223s] -- Up-to-date: /home/reach/SCARA/install/yolo_msgs/include/yolo_msgs/yolo_msgs/msg/detail/vector2__struct.h
[1.223s] -- Up-to-date: /home/reach/SCARA/install/yolo_msgs/include/yolo_msgs/yolo_msgs/msg/detail/point2_d__struct.h
[1.223s] -- Up-to-date: /home/reach/SCARA/install/yolo_msgs/include/yolo_msgs/yolo_msgs/msg/detail/vector2__functions.c
[1.223s] -- Up-to-date: /home/reach/SCARA/install/yolo_msgs/include/yolo_msgs/yolo_msgs/msg/detail/bounding_box2_d__type_support.h
[1.223s] -- Up-to-date: /home/reach/SCARA/install/yolo_msgs/include/yolo_msgs/yolo_msgs/msg/detail/point2_d__functions.h
[1.223s] -- Up-to-date: /home/reach/SCARA/install/yolo_msgs/include/yolo_msgs/yolo_msgs/msg/detail/detection__functions.h
[1.223s] -- Up-to-date: /home/reach/SCARA/install/yolo_msgs/include/yolo_msgs/yolo_msgs/msg/detail/key_point3_d_array__type_support.h
[1.223s] -- Up-to-date: /home/reach/SCARA/install/yolo_msgs/include/yolo_msgs/yolo_msgs/msg/detail/detection__struct.h
[1.223s] -- Up-to-date: /home/reach/SCARA/install/yolo_msgs/include/yolo_msgs/yolo_msgs/msg/detail/bounding_box3_d__functions.h
[1.223s] -- Up-to-date: /home/reach/SCARA/install/yolo_msgs/include/yolo_msgs/yolo_msgs/msg/detection.h
[1.223s] -- Up-to-date: /home/reach/SCARA/install/yolo_msgs/include/yolo_msgs/yolo_msgs/msg/key_point2_d_array.h
[1.223s] -- Up-to-date: /home/reach/SCARA/install/yolo_msgs/share/yolo_msgs/environment/library_path.sh
[1.223s] -- Installing: /home/reach/SCARA/install/yolo_msgs/share/yolo_msgs/environment/library_path.dsv
[1.223s] -- Up-to-date: /home/reach/SCARA/install/yolo_msgs/lib/libyolo_msgs__rosidl_generator_c.so
[1.223s] -- Up-to-date: /home/reach/SCARA/install/yolo_msgs/include/yolo_msgs/yolo_msgs
[1.224s] -- Up-to-date: /home/reach/SCARA/install/yolo_msgs/include/yolo_msgs/yolo_msgs/srv
[1.224s] -- Up-to-date: /home/reach/SCARA/install/yolo_msgs/include/yolo_msgs/yolo_msgs/srv/detail
[1.224s] -- Up-to-date: /home/reach/SCARA/install/yolo_msgs/include/yolo_msgs/yolo_msgs/srv/detail/set_classes__rosidl_typesupport_fastrtps_c.h
[1.224s] -- Up-to-date: /home/reach/SCARA/install/yolo_msgs/include/yolo_msgs/yolo_msgs/msg
[1.224s] -- Up-to-date: /home/reach/SCARA/install/yolo_msgs/include/yolo_msgs/yolo_msgs/msg/rosidl_typesupport_fastrtps_c__visibility_control.h
[1.224s] -- Up-to-date: /home/reach/SCARA/install/yolo_msgs/include/yolo_msgs/yolo_msgs/msg/detail
[1.224s] -- Up-to-date: /home/reach/SCARA/install/yolo_msgs/include/yolo_msgs/yolo_msgs/msg/detail/pose2_d__rosidl_typesupport_fastrtps_c.h
[1.224s] -- Up-to-date: /home/reach/SCARA/install/yolo_msgs/include/yolo_msgs/yolo_msgs/msg/detail/point2_d__rosidl_typesupport_fastrtps_c.h
[1.224s] -- Up-to-date: /home/reach/SCARA/install/yolo_msgs/include/yolo_msgs/yolo_msgs/msg/detail/bounding_box2_d__rosidl_typesupport_fastrtps_c.h
[1.224s] -- Up-to-date: /home/reach/SCARA/install/yolo_msgs/include/yolo_msgs/yolo_msgs/msg/detail/key_point3_d__rosidl_typesupport_fastrtps_c.h
[1.224s] -- Up-to-date: /home/reach/SCARA/install/yolo_msgs/include/yolo_msgs/yolo_msgs/msg/detail/key_point2_d_array__rosidl_typesupport_fastrtps_c.h
[1.224s] -- Up-to-date: /home/reach/SCARA/install/yolo_msgs/include/yolo_msgs/yolo_msgs/msg/detail/key_point2_d__rosidl_typesupport_fastrtps_c.h
[1.224s] -- Up-to-date: /home/reach/SCARA/install/yolo_msgs/include/yolo_msgs/yolo_msgs/msg/detail/detection__rosidl_typesupport_fastrtps_c.h
[1.224s] -- Up-to-date: /home/reach/SCARA/install/yolo_msgs/include/yolo_msgs/yolo_msgs/msg/detail/key_point3_d_array__rosidl_typesupport_fastrtps_c.h
[1.224s] -- Up-to-date: /home/reach/SCARA/install/yolo_msgs/include/yolo_msgs/yolo_msgs/msg/detail/vector2__rosidl_typesupport_fastrtps_c.h
[1.224s] -- Up-to-date: /home/reach/SCARA/install/yolo_msgs/include/yolo_msgs/yolo_msgs/msg/detail/bounding_box3_d__rosidl_typesupport_fastrtps_c.h
[1.224s] -- Up-to-date: /home/reach/SCARA/install/yolo_msgs/include/yolo_msgs/yolo_msgs/msg/detail/detection_array__rosidl_typesupport_fastrtps_c.h
[1.224s] -- Up-to-date: /home/reach/SCARA/install/yolo_msgs/include/yolo_msgs/yolo_msgs/msg/detail/mask__rosidl_typesupport_fastrtps_c.h
[1.224s] -- Up-to-date: /home/reach/SCARA/install/yolo_msgs/lib/libyolo_msgs__rosidl_typesupport_fastrtps_c.so
[1.224s] -- Up-to-date: /home/reach/SCARA/install/yolo_msgs/include/yolo_msgs/yolo_msgs
[1.225s] -- Up-to-date: /home/reach/SCARA/install/yolo_msgs/include/yolo_msgs/yolo_msgs/srv
[1.225s] -- Up-to-date: /home/reach/SCARA/install/yolo_msgs/include/yolo_msgs/yolo_msgs/srv/detail
[1.225s] -- Up-to-date: /home/reach/SCARA/install/yolo_msgs/include/yolo_msgs/yolo_msgs/srv/detail/set_classes__rosidl_typesupport_introspection_c.h
[1.225s] -- Up-to-date: /home/reach/SCARA/install/yolo_msgs/include/yolo_msgs/yolo_msgs/srv/detail/set_classes__type_support.c
[1.225s] -- Up-to-date: /home/reach/SCARA/install/yolo_msgs/include/yolo_msgs/yolo_msgs/msg
[1.225s] -- Up-to-date: /home/reach/SCARA/install/yolo_msgs/include/yolo_msgs/yolo_msgs/msg/detail
[1.225s] -- Up-to-date: /home/reach/SCARA/install/yolo_msgs/include/yolo_msgs/yolo_msgs/msg/detail/pose2_d__rosidl_typesupport_introspection_c.h
[1.225s] -- Up-to-date: /home/reach/SCARA/install/yolo_msgs/include/yolo_msgs/yolo_msgs/msg/detail/key_point3_d_array__rosidl_typesupport_introspection_c.h
[1.225s] -- Up-to-date: /home/reach/SCARA/install/yolo_msgs/include/yolo_msgs/yolo_msgs/msg/detail/key_point2_d__rosidl_typesupport_introspection_c.h
[1.225s] -- Up-to-date: /home/reach/SCARA/install/yolo_msgs/include/yolo_msgs/yolo_msgs/msg/detail/bounding_box3_d__rosidl_typesupport_introspection_c.h
[1.225s] -- Up-to-date: /home/reach/SCARA/install/yolo_msgs/include/yolo_msgs/yolo_msgs/msg/detail/bounding_box2_d__type_support.c
[1.225s] -- Up-to-date: /home/reach/SCARA/install/yolo_msgs/include/yolo_msgs/yolo_msgs/msg/detail/detection__rosidl_typesupport_introspection_c.h
[1.225s] -- Up-to-date: /home/reach/SCARA/install/yolo_msgs/include/yolo_msgs/yolo_msgs/msg/detail/detection_array__rosidl_typesupport_introspection_c.h
[1.225s] -- Up-to-date: /home/reach/SCARA/install/yolo_msgs/include/yolo_msgs/yolo_msgs/msg/detail/vector2__rosidl_typesupport_introspection_c.h
[1.225s] -- Up-to-date: /home/reach/SCARA/install/yolo_msgs/include/yolo_msgs/yolo_msgs/msg/detail/key_point2_d_array__rosidl_typesupport_introspection_c.h
[1.225s] -- Up-to-date: /home/reach/SCARA/install/yolo_msgs/include/yolo_msgs/yolo_msgs/msg/detail/detection_array__type_support.c
[1.225s] -- Up-to-date: /home/reach/SCARA/install/yolo_msgs/include/yolo_msgs/yolo_msgs/msg/detail/mask__type_support.c
[1.225s] -- Up-to-date: /home/reach/SCARA/install/yolo_msgs/include/yolo_msgs/yolo_msgs/msg/detail/vector2__type_support.c
[1.225s] -- Up-to-date: /home/reach/SCARA/install/yolo_msgs/include/yolo_msgs/yolo_msgs/msg/detail/bounding_box2_d__rosidl_typesupport_introspection_c.h
[1.225s] -- Up-to-date: /home/reach/SCARA/install/yolo_msgs/include/yolo_msgs/yolo_msgs/msg/detail/point2_d__type_support.c
[1.225s] -- Up-to-date: /home/reach/SCARA/install/yolo_msgs/include/yolo_msgs/yolo_msgs/msg/detail/key_point3_d_array__type_support.c
[1.225s] -- Up-to-date: /home/reach/SCARA/install/yolo_msgs/include/yolo_msgs/yolo_msgs/msg/detail/point2_d__rosidl_typesupport_introspection_c.h
[1.225s] -- Up-to-date: /home/reach/SCARA/install/yolo_msgs/include/yolo_msgs/yolo_msgs/msg/detail/detection__type_support.c
[1.225s] -- Up-to-date: /home/reach/SCARA/install/yolo_msgs/include/yolo_msgs/yolo_msgs/msg/detail/mask__rosidl_typesupport_introspection_c.h
[1.225s] -- Up-to-date: /home/reach/SCARA/install/yolo_msgs/include/yolo_msgs/yolo_msgs/msg/detail/key_point2_d__type_support.c
[1.225s] -- Up-to-date: /home/reach/SCARA/install/yolo_msgs/include/yolo_msgs/yolo_msgs/msg/detail/key_point3_d__rosidl_typesupport_introspection_c.h
[1.225s] -- Up-to-date: /home/reach/SCARA/install/yolo_msgs/include/yolo_msgs/yolo_msgs/msg/detail/key_point3_d__type_support.c
[1.226s] -- Up-to-date: /home/reach/SCARA/install/yolo_msgs/include/yolo_msgs/yolo_msgs/msg/detail/key_point2_d_array__type_support.c
[1.226s] -- Up-to-date: /home/reach/SCARA/install/yolo_msgs/include/yolo_msgs/yolo_msgs/msg/detail/bounding_box3_d__type_support.c
[1.226s] -- Up-to-date: /home/reach/SCARA/install/yolo_msgs/include/yolo_msgs/yolo_msgs/msg/detail/pose2_d__type_support.c
[1.226s] -- Up-to-date: /home/reach/SCARA/install/yolo_msgs/include/yolo_msgs/yolo_msgs/msg/rosidl_typesupport_introspection_c__visibility_control.h
[1.226s] -- Up-to-date: /home/reach/SCARA/install/yolo_msgs/lib/libyolo_msgs__rosidl_typesupport_introspection_c.so
[1.226s] -- Up-to-date: /home/reach/SCARA/install/yolo_msgs/lib/libyolo_msgs__rosidl_typesupport_c.so
[1.226s] -- Up-to-date: /home/reach/SCARA/install/yolo_msgs/include/yolo_msgs/yolo_msgs
[1.226s] -- Up-to-date: /home/reach/SCARA/install/yolo_msgs/include/yolo_msgs/yolo_msgs/srv
[1.226s] -- Up-to-date: /home/reach/SCARA/install/yolo_msgs/include/yolo_msgs/yolo_msgs/srv/set_classes.hpp
[1.226s] -- Up-to-date: /home/reach/SCARA/install/yolo_msgs/include/yolo_msgs/yolo_msgs/srv/detail
[1.226s] -- Up-to-date: /home/reach/SCARA/install/yolo_msgs/include/yolo_msgs/yolo_msgs/srv/detail/set_classes__type_support.hpp
[1.226s] -- Up-to-date: /home/reach/SCARA/install/yolo_msgs/include/yolo_msgs/yolo_msgs/srv/detail/set_classes__traits.hpp
[1.226s] -- Up-to-date: /home/reach/SCARA/install/yolo_msgs/include/yolo_msgs/yolo_msgs/srv/detail/set_classes__builder.hpp
[1.226s] -- Up-to-date: /home/reach/SCARA/install/yolo_msgs/include/yolo_msgs/yolo_msgs/srv/detail/set_classes__struct.hpp
[1.226s] -- Up-to-date: /home/reach/SCARA/install/yolo_msgs/include/yolo_msgs/yolo_msgs/msg
[1.226s] -- Up-to-date: /home/reach/SCARA/install/yolo_msgs/include/yolo_msgs/yolo_msgs/msg/key_point3_d.hpp
[1.226s] -- Up-to-date: /home/reach/SCARA/install/yolo_msgs/include/yolo_msgs/yolo_msgs/msg/vector2.hpp
[1.226s] -- Up-to-date: /home/reach/SCARA/install/yolo_msgs/include/yolo_msgs/yolo_msgs/msg/key_point2_d.hpp
[1.226s] -- Up-to-date: /home/reach/SCARA/install/yolo_msgs/include/yolo_msgs/yolo_msgs/msg/bounding_box3_d.hpp
[1.226s] -- Up-to-date: /home/reach/SCARA/install/yolo_msgs/include/yolo_msgs/yolo_msgs/msg/key_point3_d_array.hpp
[1.226s] -- Up-to-date: /home/reach/SCARA/install/yolo_msgs/include/yolo_msgs/yolo_msgs/msg/detection.hpp
[1.226s] -- Up-to-date: /home/reach/SCARA/install/yolo_msgs/include/yolo_msgs/yolo_msgs/msg/mask.hpp
[1.226s] -- Up-to-date: /home/reach/SCARA/install/yolo_msgs/include/yolo_msgs/yolo_msgs/msg/rosidl_generator_cpp__visibility_control.hpp
[1.226s] -- Up-to-date: /home/reach/SCARA/install/yolo_msgs/include/yolo_msgs/yolo_msgs/msg/detail
[1.226s] -- Up-to-date: /home/reach/SCARA/install/yolo_msgs/include/yolo_msgs/yolo_msgs/msg/detail/vector2__struct.hpp
[1.226s] -- Up-to-date: /home/reach/SCARA/install/yolo_msgs/include/yolo_msgs/yolo_msgs/msg/detail/key_point2_d__traits.hpp
[1.226s] -- Up-to-date: /home/reach/SCARA/install/yolo_msgs/include/yolo_msgs/yolo_msgs/msg/detail/mask__traits.hpp
[1.226s] -- Up-to-date: /home/reach/SCARA/install/yolo_msgs/include/yolo_msgs/yolo_msgs/msg/detail/detection__builder.hpp
[1.226s] -- Up-to-date: /home/reach/SCARA/install/yolo_msgs/include/yolo_msgs/yolo_msgs/msg/detail/pose2_d__type_support.hpp
[1.227s] -- Up-to-date: /home/reach/SCARA/install/yolo_msgs/include/yolo_msgs/yolo_msgs/msg/detail/point2_d__builder.hpp
[1.227s] -- Up-to-date: /home/reach/SCARA/install/yolo_msgs/include/yolo_msgs/yolo_msgs/msg/detail/key_point2_d_array__type_support.hpp
[1.227s] -- Up-to-date: /home/reach/SCARA/install/yolo_msgs/include/yolo_msgs/yolo_msgs/msg/detail/key_point2_d_array__builder.hpp
[1.227s] -- Up-to-date: /home/reach/SCARA/install/yolo_msgs/include/yolo_msgs/yolo_msgs/msg/detail/bounding_box3_d__type_support.hpp
[1.227s] -- Up-to-date: /home/reach/SCARA/install/yolo_msgs/include/yolo_msgs/yolo_msgs/msg/detail/key_point3_d__type_support.hpp
[1.227s] -- Up-to-date: /home/reach/SCARA/install/yolo_msgs/include/yolo_msgs/yolo_msgs/msg/detail/vector2__type_support.hpp
[1.227s] -- Up-to-date: /home/reach/SCARA/install/yolo_msgs/include/yolo_msgs/yolo_msgs/msg/detail/key_point3_d__traits.hpp
[1.227s] -- Up-to-date: /home/reach/SCARA/install/yolo_msgs/include/yolo_msgs/yolo_msgs/msg/detail/key_point3_d_array__struct.hpp
[1.227s] -- Up-to-date: /home/reach/SCARA/install/yolo_msgs/include/yolo_msgs/yolo_msgs/msg/detail/bounding_box2_d__struct.hpp
[1.227s] -- Up-to-date: /home/reach/SCARA/install/yolo_msgs/include/yolo_msgs/yolo_msgs/msg/detail/key_point2_d__type_support.hpp
[1.227s] -- Up-to-date: /home/reach/SCARA/install/yolo_msgs/include/yolo_msgs/yolo_msgs/msg/detail/point2_d__traits.hpp
[1.227s] -- Up-to-date: /home/reach/SCARA/install/yolo_msgs/include/yolo_msgs/yolo_msgs/msg/detail/mask__struct.hpp
[1.227s] -- Up-to-date: /home/reach/SCARA/install/yolo_msgs/include/yolo_msgs/yolo_msgs/msg/detail/bounding_box2_d__traits.hpp
[1.227s] -- Up-to-date: /home/reach/SCARA/install/yolo_msgs/include/yolo_msgs/yolo_msgs/msg/detail/mask__type_support.hpp
[1.227s] -- Up-to-date: /home/reach/SCARA/install/yolo_msgs/include/yolo_msgs/yolo_msgs/msg/detail/key_point3_d_array__traits.hpp
[1.227s] -- Up-to-date: /home/reach/SCARA/install/yolo_msgs/include/yolo_msgs/yolo_msgs/msg/detail/key_point2_d__builder.hpp
[1.227s] -- Up-to-date: /home/reach/SCARA/install/yolo_msgs/include/yolo_msgs/yolo_msgs/msg/detail/detection__struct.hpp
[1.227s] -- Up-to-date: /home/reach/SCARA/install/yolo_msgs/include/yolo_msgs/yolo_msgs/msg/detail/detection_array__struct.hpp
[1.227s] -- Up-to-date: /home/reach/SCARA/install/yolo_msgs/include/yolo_msgs/yolo_msgs/msg/detail/bounding_box3_d__struct.hpp
[1.227s] -- Up-to-date: /home/reach/SCARA/install/yolo_msgs/include/yolo_msgs/yolo_msgs/msg/detail/vector2__builder.hpp
[1.227s] -- Up-to-date: /home/reach/SCARA/install/yolo_msgs/include/yolo_msgs/yolo_msgs/msg/detail/detection__type_support.hpp
[1.227s] -- Up-to-date: /home/reach/SCARA/install/yolo_msgs/include/yolo_msgs/yolo_msgs/msg/detail/point2_d__struct.hpp
[1.227s] -- Up-to-date: /home/reach/SCARA/install/yolo_msgs/include/yolo_msgs/yolo_msgs/msg/detail/mask__builder.hpp
[1.227s] -- Up-to-date: /home/reach/SCARA/install/yolo_msgs/include/yolo_msgs/yolo_msgs/msg/detail/pose2_d__struct.hpp
[1.227s] -- Up-to-date: /home/reach/SCARA/install/yolo_msgs/include/yolo_msgs/yolo_msgs/msg/detail/pose2_d__builder.hpp
[1.227s] -- Up-to-date: /home/reach/SCARA/install/yolo_msgs/include/yolo_msgs/yolo_msgs/msg/detail/key_point3_d_array__type_support.hpp
[1.227s] -- Up-to-date: /home/reach/SCARA/install/yolo_msgs/include/yolo_msgs/yolo_msgs/msg/detail/detection_array__type_support.hpp
[1.227s] -- Up-to-date: /home/reach/SCARA/install/yolo_msgs/include/yolo_msgs/yolo_msgs/msg/detail/detection_array__builder.hpp
[1.227s] -- Up-to-date: /home/reach/SCARA/install/yolo_msgs/include/yolo_msgs/yolo_msgs/msg/detail/bounding_box3_d__builder.hpp
[1.228s] -- Up-to-date: /home/reach/SCARA/install/yolo_msgs/include/yolo_msgs/yolo_msgs/msg/detail/detection_array__traits.hpp
[1.228s] -- Up-to-date: /home/reach/SCARA/install/yolo_msgs/include/yolo_msgs/yolo_msgs/msg/detail/bounding_box3_d__traits.hpp
[1.228s] -- Up-to-date: /home/reach/SCARA/install/yolo_msgs/include/yolo_msgs/yolo_msgs/msg/detail/pose2_d__traits.hpp
[1.228s] -- Up-to-date: /home/reach/SCARA/install/yolo_msgs/include/yolo_msgs/yolo_msgs/msg/detail/point2_d__type_support.hpp
[1.228s] -- Up-to-date: /home/reach/SCARA/install/yolo_msgs/include/yolo_msgs/yolo_msgs/msg/detail/key_point3_d__builder.hpp
[1.228s] -- Up-to-date: /home/reach/SCARA/install/yolo_msgs/include/yolo_msgs/yolo_msgs/msg/detail/key_point2_d_array__traits.hpp
[1.228s] -- Up-to-date: /home/reach/SCARA/install/yolo_msgs/include/yolo_msgs/yolo_msgs/msg/detail/bounding_box2_d__builder.hpp
[1.228s] -- Up-to-date: /home/reach/SCARA/install/yolo_msgs/include/yolo_msgs/yolo_msgs/msg/detail/bounding_box2_d__type_support.hpp
[1.228s] -- Up-to-date: /home/reach/SCARA/install/yolo_msgs/include/yolo_msgs/yolo_msgs/msg/detail/key_point3_d__struct.hpp
[1.228s] -- Up-to-date: /home/reach/SCARA/install/yolo_msgs/include/yolo_msgs/yolo_msgs/msg/detail/key_point2_d__struct.hpp
[1.228s] -- Up-to-date: /home/reach/SCARA/install/yolo_msgs/include/yolo_msgs/yolo_msgs/msg/detail/vector2__traits.hpp
[1.228s] -- Up-to-date: /home/reach/SCARA/install/yolo_msgs/include/yolo_msgs/yolo_msgs/msg/detail/detection__traits.hpp
[1.228s] -- Up-to-date: /home/reach/SCARA/install/yolo_msgs/include/yolo_msgs/yolo_msgs/msg/detail/key_point3_d_array__builder.hpp
[1.228s] -- Up-to-date: /home/reach/SCARA/install/yolo_msgs/include/yolo_msgs/yolo_msgs/msg/detail/key_point2_d_array__struct.hpp
[1.228s] -- Up-to-date: /home/reach/SCARA/install/yolo_msgs/include/yolo_msgs/yolo_msgs/msg/key_point2_d_array.hpp
[1.228s] -- Up-to-date: /home/reach/SCARA/install/yolo_msgs/include/yolo_msgs/yolo_msgs/msg/detection_array.hpp
[1.228s] -- Up-to-date: /home/reach/SCARA/install/yolo_msgs/include/yolo_msgs/yolo_msgs/msg/bounding_box2_d.hpp
[1.228s] -- Up-to-date: /home/reach/SCARA/install/yolo_msgs/include/yolo_msgs/yolo_msgs/msg/pose2_d.hpp
[1.228s] -- Up-to-date: /home/reach/SCARA/install/yolo_msgs/include/yolo_msgs/yolo_msgs/msg/point2_d.hpp
[1.228s] -- Up-to-date: /home/reach/SCARA/install/yolo_msgs/include/yolo_msgs/yolo_msgs
[1.228s] -- Up-to-date: /home/reach/SCARA/install/yolo_msgs/include/yolo_msgs/yolo_msgs/srv
[1.228s] -- Up-to-date: /home/reach/SCARA/install/yolo_msgs/include/yolo_msgs/yolo_msgs/srv/detail
[1.228s] -- Up-to-date: /home/reach/SCARA/install/yolo_msgs/include/yolo_msgs/yolo_msgs/srv/detail/dds_fastrtps
[1.228s] -- Up-to-date: /home/reach/SCARA/install/yolo_msgs/include/yolo_msgs/yolo_msgs/srv/detail/set_classes__rosidl_typesupport_fastrtps_cpp.hpp
[1.228s] -- Up-to-date: /home/reach/SCARA/install/yolo_msgs/include/yolo_msgs/yolo_msgs/msg
[1.228s] -- Up-to-date: /home/reach/SCARA/install/yolo_msgs/include/yolo_msgs/yolo_msgs/msg/rosidl_typesupport_fastrtps_cpp__visibility_control.h
[1.228s] -- Up-to-date: /home/reach/SCARA/install/yolo_msgs/include/yolo_msgs/yolo_msgs/msg/detail
[1.228s] -- Up-to-date: /home/reach/SCARA/install/yolo_msgs/include/yolo_msgs/yolo_msgs/msg/detail/bounding_box3_d__rosidl_typesupport_fastrtps_cpp.hpp
[1.228s] -- Up-to-date: /home/reach/SCARA/install/yolo_msgs/include/yolo_msgs/yolo_msgs/msg/detail/pose2_d__rosidl_typesupport_fastrtps_cpp.hpp
[1.229s] -- Up-to-date: /home/reach/SCARA/install/yolo_msgs/include/yolo_msgs/yolo_msgs/msg/detail/detection_array__rosidl_typesupport_fastrtps_cpp.hpp
[1.229s] -- Up-to-date: /home/reach/SCARA/install/yolo_msgs/include/yolo_msgs/yolo_msgs/msg/detail/key_point2_d_array__rosidl_typesupport_fastrtps_cpp.hpp
[1.229s] -- Up-to-date: /home/reach/SCARA/install/yolo_msgs/include/yolo_msgs/yolo_msgs/msg/detail/key_point3_d__rosidl_typesupport_fastrtps_cpp.hpp
[1.229s] -- Up-to-date: /home/reach/SCARA/install/yolo_msgs/include/yolo_msgs/yolo_msgs/msg/detail/key_point3_d_array__rosidl_typesupport_fastrtps_cpp.hpp
[1.229s] -- Up-to-date: /home/reach/SCARA/install/yolo_msgs/include/yolo_msgs/yolo_msgs/msg/detail/dds_fastrtps
[1.229s] -- Up-to-date: /home/reach/SCARA/install/yolo_msgs/include/yolo_msgs/yolo_msgs/msg/detail/detection__rosidl_typesupport_fastrtps_cpp.hpp
[1.229s] -- Up-to-date: /home/reach/SCARA/install/yolo_msgs/include/yolo_msgs/yolo_msgs/msg/detail/bounding_box2_d__rosidl_typesupport_fastrtps_cpp.hpp
[1.229s] -- Up-to-date: /home/reach/SCARA/install/yolo_msgs/include/yolo_msgs/yolo_msgs/msg/detail/point2_d__rosidl_typesupport_fastrtps_cpp.hpp
[1.229s] -- Up-to-date: /home/reach/SCARA/install/yolo_msgs/include/yolo_msgs/yolo_msgs/msg/detail/vector2__rosidl_typesupport_fastrtps_cpp.hpp
[1.229s] -- Up-to-date: /home/reach/SCARA/install/yolo_msgs/include/yolo_msgs/yolo_msgs/msg/detail/mask__rosidl_typesupport_fastrtps_cpp.hpp
[1.229s] -- Up-to-date: /home/reach/SCARA/install/yolo_msgs/include/yolo_msgs/yolo_msgs/msg/detail/key_point2_d__rosidl_typesupport_fastrtps_cpp.hpp
[1.229s] -- Up-to-date: /home/reach/SCARA/install/yolo_msgs/lib/libyolo_msgs__rosidl_typesupport_fastrtps_cpp.so
[1.229s] -- Up-to-date: /home/reach/SCARA/install/yolo_msgs/include/yolo_msgs/yolo_msgs
[1.229s] -- Up-to-date: /home/reach/SCARA/install/yolo_msgs/include/yolo_msgs/yolo_msgs/srv
[1.229s] -- Up-to-date: /home/reach/SCARA/install/yolo_msgs/include/yolo_msgs/yolo_msgs/srv/detail
[1.229s] -- Up-to-date: /home/reach/SCARA/install/yolo_msgs/include/yolo_msgs/yolo_msgs/srv/detail/set_classes__rosidl_typesupport_introspection_cpp.hpp
[1.229s] -- Up-to-date: /home/reach/SCARA/install/yolo_msgs/include/yolo_msgs/yolo_msgs/srv/detail/set_classes__type_support.cpp
[1.229s] -- Up-to-date: /home/reach/SCARA/install/yolo_msgs/include/yolo_msgs/yolo_msgs/msg
[1.229s] -- Up-to-date: /home/reach/SCARA/install/yolo_msgs/include/yolo_msgs/yolo_msgs/msg/detail
[1.229s] -- Up-to-date: /home/reach/SCARA/install/yolo_msgs/include/yolo_msgs/yolo_msgs/msg/detail/detection__rosidl_typesupport_introspection_cpp.hpp
[1.229s] -- Up-to-date: /home/reach/SCARA/install/yolo_msgs/include/yolo_msgs/yolo_msgs/msg/detail/point2_d__rosidl_typesupport_introspection_cpp.hpp
[1.229s] -- Up-to-date: /home/reach/SCARA/install/yolo_msgs/include/yolo_msgs/yolo_msgs/msg/detail/pose2_d__type_support.cpp
[1.229s] -- Up-to-date: /home/reach/SCARA/install/yolo_msgs/include/yolo_msgs/yolo_msgs/msg/detail/vector2__type_support.cpp
[1.229s] -- Up-to-date: /home/reach/SCARA/install/yolo_msgs/include/yolo_msgs/yolo_msgs/msg/detail/key_point2_d__type_support.cpp
[1.229s] -- Up-to-date: /home/reach/SCARA/install/yolo_msgs/include/yolo_msgs/yolo_msgs/msg/detail/bounding_box3_d__rosidl_typesupport_introspection_cpp.hpp
[1.229s] -- Up-to-date: /home/reach/SCARA/install/yolo_msgs/include/yolo_msgs/yolo_msgs/msg/detail/key_point2_d_array__type_support.cpp
[1.229s] -- Up-to-date: /home/reach/SCARA/install/yolo_msgs/include/yolo_msgs/yolo_msgs/msg/detail/detection__type_support.cpp
[1.229s] -- Up-to-date: /home/reach/SCARA/install/yolo_msgs/include/yolo_msgs/yolo_msgs/msg/detail/key_point3_d__rosidl_typesupport_introspection_cpp.hpp
[1.229s] -- Up-to-date: /home/reach/SCARA/install/yolo_msgs/include/yolo_msgs/yolo_msgs/msg/detail/bounding_box2_d__type_support.cpp
[1.230s] -- Up-to-date: /home/reach/SCARA/install/yolo_msgs/include/yolo_msgs/yolo_msgs/msg/detail/key_point3_d_array__type_support.cpp
[1.230s] -- Up-to-date: /home/reach/SCARA/install/yolo_msgs/include/yolo_msgs/yolo_msgs/msg/detail/bounding_box3_d__type_support.cpp
[1.230s] -- Up-to-date: /home/reach/SCARA/install/yolo_msgs/include/yolo_msgs/yolo_msgs/msg/detail/key_point3_d_array__rosidl_typesupport_introspection_cpp.hpp
[1.230s] -- Up-to-date: /home/reach/SCARA/install/yolo_msgs/include/yolo_msgs/yolo_msgs/msg/detail/key_point2_d_array__rosidl_typesupport_introspection_cpp.hpp
[1.230s] -- Up-to-date: /home/reach/SCARA/install/yolo_msgs/include/yolo_msgs/yolo_msgs/msg/detail/point2_d__type_support.cpp
[1.230s] -- Up-to-date: /home/reach/SCARA/install/yolo_msgs/include/yolo_msgs/yolo_msgs/msg/detail/key_point2_d__rosidl_typesupport_introspection_cpp.hpp
[1.230s] -- Up-to-date: /home/reach/SCARA/install/yolo_msgs/include/yolo_msgs/yolo_msgs/msg/detail/bounding_box2_d__rosidl_typesupport_introspection_cpp.hpp
[1.230s] -- Up-to-date: /home/reach/SCARA/install/yolo_msgs/include/yolo_msgs/yolo_msgs/msg/detail/detection_array__type_support.cpp
[1.230s] -- Up-to-date: /home/reach/SCARA/install/yolo_msgs/include/yolo_msgs/yolo_msgs/msg/detail/pose2_d__rosidl_typesupport_introspection_cpp.hpp
[1.230s] -- Up-to-date: /home/reach/SCARA/install/yolo_msgs/include/yolo_msgs/yolo_msgs/msg/detail/mask__rosidl_typesupport_introspection_cpp.hpp
[1.230s] -- Up-to-date: /home/reach/SCARA/install/yolo_msgs/include/yolo_msgs/yolo_msgs/msg/detail/key_point3_d__type_support.cpp
[1.230s] -- Up-to-date: /home/reach/SCARA/install/yolo_msgs/include/yolo_msgs/yolo_msgs/msg/detail/vector2__rosidl_typesupport_introspection_cpp.hpp
[1.230s] -- Up-to-date: /home/reach/SCARA/install/yolo_msgs/include/yolo_msgs/yolo_msgs/msg/detail/mask__type_support.cpp
[1.230s] -- Up-to-date: /home/reach/SCARA/install/yolo_msgs/include/yolo_msgs/yolo_msgs/msg/detail/detection_array__rosidl_typesupport_introspection_cpp.hpp
[1.230s] -- Up-to-date: /home/reach/SCARA/install/yolo_msgs/lib/libyolo_msgs__rosidl_typesupport_introspection_cpp.so
[1.230s] -- Up-to-date: /home/reach/SCARA/install/yolo_msgs/lib/libyolo_msgs__rosidl_typesupport_cpp.so
[1.230s] -- Up-to-date: /home/reach/SCARA/install/yolo_msgs/share/yolo_msgs/environment/pythonpath.sh
[1.230s] -- Installing: /home/reach/SCARA/install/yolo_msgs/share/yolo_msgs/environment/pythonpath.dsv
[1.230s] -- Up-to-date: /home/reach/SCARA/install/yolo_msgs/local/lib/python3.10/dist-packages/yolo_msgs-4.5.1-py3.10.egg-info
[1.230s] -- Installing: /home/reach/SCARA/install/yolo_msgs/local/lib/python3.10/dist-packages/yolo_msgs-4.5.1-py3.10.egg-info/top_level.txt
[1.230s] -- Installing: /home/reach/SCARA/install/yolo_msgs/local/lib/python3.10/dist-packages/yolo_msgs-4.5.1-py3.10.egg-info/PKG-INFO
[1.230s] -- Installing: /home/reach/SCARA/install/yolo_msgs/local/lib/python3.10/dist-packages/yolo_msgs-4.5.1-py3.10.egg-info/SOURCES.txt
[1.230s] -- Installing: /home/reach/SCARA/install/yolo_msgs/local/lib/python3.10/dist-packages/yolo_msgs-4.5.1-py3.10.egg-info/dependency_links.txt
[1.230s] -- Up-to-date: /home/reach/SCARA/install/yolo_msgs/local/lib/python3.10/dist-packages/yolo_msgs
[1.230s] -- Up-to-date: /home/reach/SCARA/install/yolo_msgs/local/lib/python3.10/dist-packages/yolo_msgs/_yolo_msgs_s.ep.rosidl_typesupport_fastrtps_c.c
[1.230s] -- Up-to-date: /home/reach/SCARA/install/yolo_msgs/local/lib/python3.10/dist-packages/yolo_msgs/yolo_msgs_s__rosidl_typesupport_fastrtps_c.cpython-310-x86_64-linux-gnu.so
[1.230s] -- Up-to-date: /home/reach/SCARA/install/yolo_msgs/local/lib/python3.10/dist-packages/yolo_msgs/_yolo_msgs_s.ep.rosidl_typesupport_introspection_c.c
[1.230s] -- Installing: /home/reach/SCARA/install/yolo_msgs/local/lib/python3.10/dist-packages/yolo_msgs/__init__.py
[1.230s] -- Up-to-date: /home/reach/SCARA/install/yolo_msgs/local/lib/python3.10/dist-packages/yolo_msgs/yolo_msgs_s__rosidl_typesupport_c.cpython-310-x86_64-linux-gnu.so
[1.231s] -- Up-to-date: /home/reach/SCARA/install/yolo_msgs/local/lib/python3.10/dist-packages/yolo_msgs/yolo_msgs_s__rosidl_typesupport_introspection_c.cpython-310-x86_64-linux-gnu.so
[1.231s] -- Up-to-date: /home/reach/SCARA/install/yolo_msgs/local/lib/python3.10/dist-packages/yolo_msgs/srv
[1.231s] -- Up-to-date: /home/reach/SCARA/install/yolo_msgs/local/lib/python3.10/dist-packages/yolo_msgs/srv/__init__.py
[1.231s] -- Up-to-date: /home/reach/SCARA/install/yolo_msgs/local/lib/python3.10/dist-packages/yolo_msgs/srv/_set_classes_s.c
[1.231s] -- Up-to-date: /home/reach/SCARA/install/yolo_msgs/local/lib/python3.10/dist-packages/yolo_msgs/srv/_set_classes.py
[1.231s] -- Up-to-date: /home/reach/SCARA/install/yolo_msgs/local/lib/python3.10/dist-packages/yolo_msgs/libyolo_msgs__rosidl_generator_py.so
[1.231s] -- Up-to-date: /home/reach/SCARA/install/yolo_msgs/local/lib/python3.10/dist-packages/yolo_msgs/_yolo_msgs_s.ep.rosidl_typesupport_c.c
[1.231s] -- Up-to-date: /home/reach/SCARA/install/yolo_msgs/local/lib/python3.10/dist-packages/yolo_msgs/msg
[1.231s] -- Up-to-date: /home/reach/SCARA/install/yolo_msgs/local/lib/python3.10/dist-packages/yolo_msgs/msg/_bounding_box2_d_s.c
[1.231s] -- Up-to-date: /home/reach/SCARA/install/yolo_msgs/local/lib/python3.10/dist-packages/yolo_msgs/msg/_key_point2_d_array_s.c
[1.231s] -- Up-to-date: /home/reach/SCARA/install/yolo_msgs/local/lib/python3.10/dist-packages/yolo_msgs/msg/_point2_d_s.c
[1.231s] -- Up-to-date: /home/reach/SCARA/install/yolo_msgs/local/lib/python3.10/dist-packages/yolo_msgs/msg/__init__.py
[1.231s] -- Up-to-date: /home/reach/SCARA/install/yolo_msgs/local/lib/python3.10/dist-packages/yolo_msgs/msg/_vector2_s.c
[1.231s] -- Up-to-date: /home/reach/SCARA/install/yolo_msgs/local/lib/python3.10/dist-packages/yolo_msgs/msg/_vector2.py
[1.231s] -- Up-to-date: /home/reach/SCARA/install/yolo_msgs/local/lib/python3.10/dist-packages/yolo_msgs/msg/_bounding_box3_d_s.c
[1.231s] -- Up-to-date: /home/reach/SCARA/install/yolo_msgs/local/lib/python3.10/dist-packages/yolo_msgs/msg/_detection_array.py
[1.231s] -- Up-to-date: /home/reach/SCARA/install/yolo_msgs/local/lib/python3.10/dist-packages/yolo_msgs/msg/_bounding_box2_d.py
[1.231s] -- Up-to-date: /home/reach/SCARA/install/yolo_msgs/local/lib/python3.10/dist-packages/yolo_msgs/msg/_pose2_d.py
[1.231s] -- Up-to-date: /home/reach/SCARA/install/yolo_msgs/local/lib/python3.10/dist-packages/yolo_msgs/msg/_key_point2_d.py
[1.231s] -- Up-to-date: /home/reach/SCARA/install/yolo_msgs/local/lib/python3.10/dist-packages/yolo_msgs/msg/_pose2_d_s.c
[1.231s] -- Up-to-date: /home/reach/SCARA/install/yolo_msgs/local/lib/python3.10/dist-packages/yolo_msgs/msg/_detection.py
[1.231s] -- Up-to-date: /home/reach/SCARA/install/yolo_msgs/local/lib/python3.10/dist-packages/yolo_msgs/msg/_point2_d.py
[1.231s] -- Up-to-date: /home/reach/SCARA/install/yolo_msgs/local/lib/python3.10/dist-packages/yolo_msgs/msg/_key_point3_d_array_s.c
[1.231s] -- Up-to-date: /home/reach/SCARA/install/yolo_msgs/local/lib/python3.10/dist-packages/yolo_msgs/msg/_detection_s.c
[1.231s] -- Up-to-date: /home/reach/SCARA/install/yolo_msgs/local/lib/python3.10/dist-packages/yolo_msgs/msg/_key_point3_d_s.c
[1.231s] -- Up-to-date: /home/reach/SCARA/install/yolo_msgs/local/lib/python3.10/dist-packages/yolo_msgs/msg/_key_point2_d_array.py
[1.231s] -- Up-to-date: /home/reach/SCARA/install/yolo_msgs/local/lib/python3.10/dist-packages/yolo_msgs/msg/_key_point3_d_array.py
[1.231s] -- Up-to-date: /home/reach/SCARA/install/yolo_msgs/local/lib/python3.10/dist-packages/yolo_msgs/msg/_key_point3_d.py
[1.231s] -- Up-to-date: /home/reach/SCARA/install/yolo_msgs/local/lib/python3.10/dist-packages/yolo_msgs/msg/_key_point2_d_s.c
[1.232s] -- Up-to-date: /home/reach/SCARA/install/yolo_msgs/local/lib/python3.10/dist-packages/yolo_msgs/msg/_mask_s.c
[1.232s] -- Up-to-date: /home/reach/SCARA/install/yolo_msgs/local/lib/python3.10/dist-packages/yolo_msgs/msg/_mask.py
[1.232s] -- Up-to-date: /home/reach/SCARA/install/yolo_msgs/local/lib/python3.10/dist-packages/yolo_msgs/msg/_bounding_box3_d.py
[1.232s] -- Up-to-date: /home/reach/SCARA/install/yolo_msgs/local/lib/python3.10/dist-packages/yolo_msgs/msg/_detection_array_s.c
[1.249s] Listing '/home/reach/SCARA/install/yolo_msgs/local/lib/python3.10/dist-packages/yolo_msgs'...
[1.249s] Compiling '/home/reach/SCARA/install/yolo_msgs/local/lib/python3.10/dist-packages/yolo_msgs/__init__.py'...
[1.249s] Listing '/home/reach/SCARA/install/yolo_msgs/local/lib/python3.10/dist-packages/yolo_msgs/msg'...
[1.249s] Listing '/home/reach/SCARA/install/yolo_msgs/local/lib/python3.10/dist-packages/yolo_msgs/srv'...
[1.252s] -- Up-to-date: /home/reach/SCARA/install/yolo_msgs/local/lib/python3.10/dist-packages/yolo_msgs/yolo_msgs_s__rosidl_typesupport_fastrtps_c.cpython-310-x86_64-linux-gnu.so
[1.252s] -- Up-to-date: /home/reach/SCARA/install/yolo_msgs/local/lib/python3.10/dist-packages/yolo_msgs/yolo_msgs_s__rosidl_typesupport_introspection_c.cpython-310-x86_64-linux-gnu.so
[1.253s] -- Up-to-date: /home/reach/SCARA/install/yolo_msgs/local/lib/python3.10/dist-packages/yolo_msgs/yolo_msgs_s__rosidl_typesupport_c.cpython-310-x86_64-linux-gnu.so
[1.253s] -- Up-to-date: /home/reach/SCARA/install/yolo_msgs/lib/libyolo_msgs__rosidl_generator_py.so
[1.253s] -- Up-to-date: /home/reach/SCARA/install/yolo_msgs/share/yolo_msgs/msg/Point2D.idl
[1.253s] -- Up-to-date: /home/reach/SCARA/install/yolo_msgs/share/yolo_msgs/msg/Vector2.idl
[1.253s] -- Up-to-date: /home/reach/SCARA/install/yolo_msgs/share/yolo_msgs/msg/Pose2D.idl
[1.253s] -- Up-to-date: /home/reach/SCARA/install/yolo_msgs/share/yolo_msgs/msg/BoundingBox2D.idl
[1.253s] -- Up-to-date: /home/reach/SCARA/install/yolo_msgs/share/yolo_msgs/msg/BoundingBox3D.idl
[1.253s] -- Up-to-date: /home/reach/SCARA/install/yolo_msgs/share/yolo_msgs/msg/Mask.idl
[1.253s] -- Up-to-date: /home/reach/SCARA/install/yolo_msgs/share/yolo_msgs/msg/KeyPoint2D.idl
[1.253s] -- Up-to-date: /home/reach/SCARA/install/yolo_msgs/share/yolo_msgs/msg/KeyPoint2DArray.idl
[1.253s] -- Up-to-date: /home/reach/SCARA/install/yolo_msgs/share/yolo_msgs/msg/KeyPoint3D.idl
[1.253s] -- Up-to-date: /home/reach/SCARA/install/yolo_msgs/share/yolo_msgs/msg/KeyPoint3DArray.idl
[1.254s] -- Up-to-date: /home/reach/SCARA/install/yolo_msgs/share/yolo_msgs/msg/Detection.idl
[1.254s] -- Up-to-date: /home/reach/SCARA/install/yolo_msgs/share/yolo_msgs/msg/DetectionArray.idl
[1.254s] -- Up-to-date: /home/reach/SCARA/install/yolo_msgs/share/yolo_msgs/srv/SetClasses.idl
[1.254s] -- Installing: /home/reach/SCARA/install/yolo_msgs/share/yolo_msgs/msg/Point2D.msg
[1.254s] -- Installing: /home/reach/SCARA/install/yolo_msgs/share/yolo_msgs/msg/Vector2.msg
[1.254s] -- Installing: /home/reach/SCARA/install/yolo_msgs/share/yolo_msgs/msg/Pose2D.msg
[1.254s] -- Installing: /home/reach/SCARA/install/yolo_msgs/share/yolo_msgs/msg/BoundingBox2D.msg
[1.254s] -- Installing: /home/reach/SCARA/install/yolo_msgs/share/yolo_msgs/msg/BoundingBox3D.msg
[1.254s] -- Installing: /home/reach/SCARA/install/yolo_msgs/share/yolo_msgs/msg/Mask.msg
[1.254s] -- Installing: /home/reach/SCARA/install/yolo_msgs/share/yolo_msgs/msg/KeyPoint2D.msg
[1.254s] -- Installing: /home/reach/SCARA/install/yolo_msgs/share/yolo_msgs/msg/KeyPoint2DArray.msg
[1.254s] -- Installing: /home/reach/SCARA/install/yolo_msgs/share/yolo_msgs/msg/KeyPoint3D.msg
[1.254s] -- Installing: /home/reach/SCARA/install/yolo_msgs/share/yolo_msgs/msg/KeyPoint3DArray.msg
[1.254s] -- Installing: /home/reach/SCARA/install/yolo_msgs/share/yolo_msgs/msg/Detection.msg
[1.254s] -- Installing: /home/reach/SCARA/install/yolo_msgs/share/yolo_msgs/msg/DetectionArray.msg
[1.254s] -- Installing: /home/reach/SCARA/install/yolo_msgs/share/yolo_msgs/srv/SetClasses.srv
[1.254s] -- Up-to-date: /home/reach/SCARA/install/yolo_msgs/share/yolo_msgs/srv/SetClasses_Request.msg
[1.254s] -- Up-to-date: /home/reach/SCARA/install/yolo_msgs/share/yolo_msgs/srv/SetClasses_Response.msg
[1.255s] -- Up-to-date: /home/reach/SCARA/install/yolo_msgs/share/ament_index/resource_index/package_run_dependencies/yolo_msgs
[1.255s] -- Up-to-date: /home/reach/SCARA/install/yolo_msgs/share/ament_index/resource_index/parent_prefix_path/yolo_msgs
[1.255s] -- Up-to-date: /home/reach/SCARA/install/yolo_msgs/share/yolo_msgs/environment/ament_prefix_path.sh
[1.255s] -- Installing: /home/reach/SCARA/install/yolo_msgs/share/yolo_msgs/environment/ament_prefix_path.dsv
[1.255s] -- Up-to-date: /home/reach/SCARA/install/yolo_msgs/share/yolo_msgs/environment/path.sh
[1.255s] -- Installing: /home/reach/SCARA/install/yolo_msgs/share/yolo_msgs/environment/path.dsv
[1.255s] -- Up-to-date: /home/reach/SCARA/install/yolo_msgs/share/yolo_msgs/local_setup.bash
[1.255s] -- Up-to-date: /home/reach/SCARA/install/yolo_msgs/share/yolo_msgs/local_setup.sh
[1.255s] -- Up-to-date: /home/reach/SCARA/install/yolo_msgs/share/yolo_msgs/local_setup.zsh
[1.255s] -- Installing: /home/reach/SCARA/install/yolo_msgs/share/yolo_msgs/local_setup.dsv
[1.255s] -- Installing: /home/reach/SCARA/install/yolo_msgs/share/yolo_msgs/package.dsv
[1.255s] -- Up-to-date: /home/reach/SCARA/install/yolo_msgs/share/ament_index/resource_index/packages/yolo_msgs
[1.255s] -- Up-to-date: /home/reach/SCARA/install/yolo_msgs/share/yolo_msgs/cmake/export_yolo_msgs__rosidl_generator_cExport.cmake
[1.255s] -- Up-to-date: /home/reach/SCARA/install/yolo_msgs/share/yolo_msgs/cmake/export_yolo_msgs__rosidl_generator_cExport-noconfig.cmake
[1.255s] -- Up-to-date: /home/reach/SCARA/install/yolo_msgs/share/yolo_msgs/cmake/export_yolo_msgs__rosidl_typesupport_fastrtps_cExport.cmake
[1.255s] -- Up-to-date: /home/reach/SCARA/install/yolo_msgs/share/yolo_msgs/cmake/export_yolo_msgs__rosidl_typesupport_fastrtps_cExport-noconfig.cmake
[1.255s] -- Up-to-date: /home/reach/SCARA/install/yolo_msgs/share/yolo_msgs/cmake/yolo_msgs__rosidl_typesupport_introspection_cExport.cmake
[1.255s] -- Up-to-date: /home/reach/SCARA/install/yolo_msgs/share/yolo_msgs/cmake/yolo_msgs__rosidl_typesupport_introspection_cExport-noconfig.cmake
[1.256s] -- Up-to-date: /home/reach/SCARA/install/yolo_msgs/share/yolo_msgs/cmake/yolo_msgs__rosidl_typesupport_cExport.cmake
[1.256s] -- Up-to-date: /home/reach/SCARA/install/yolo_msgs/share/yolo_msgs/cmake/yolo_msgs__rosidl_typesupport_cExport-noconfig.cmake
[1.256s] -- Up-to-date: /home/reach/SCARA/install/yolo_msgs/share/yolo_msgs/cmake/export_yolo_msgs__rosidl_generator_cppExport.cmake
[1.256s] -- Up-to-date: /home/reach/SCARA/install/yolo_msgs/share/yolo_msgs/cmake/export_yolo_msgs__rosidl_typesupport_fastrtps_cppExport.cmake
[1.256s] -- Up-to-date: /home/reach/SCARA/install/yolo_msgs/share/yolo_msgs/cmake/export_yolo_msgs__rosidl_typesupport_fastrtps_cppExport-noconfig.cmake
[1.256s] -- Up-to-date: /home/reach/SCARA/install/yolo_msgs/share/yolo_msgs/cmake/yolo_msgs__rosidl_typesupport_introspection_cppExport.cmake
[1.256s] -- Up-to-date: /home/reach/SCARA/install/yolo_msgs/share/yolo_msgs/cmake/yolo_msgs__rosidl_typesupport_introspection_cppExport-noconfig.cmake
[1.256s] -- Up-to-date: /home/reach/SCARA/install/yolo_msgs/share/yolo_msgs/cmake/yolo_msgs__rosidl_typesupport_cppExport.cmake
[1.256s] -- Up-to-date: /home/reach/SCARA/install/yolo_msgs/share/yolo_msgs/cmake/yolo_msgs__rosidl_typesupport_cppExport-noconfig.cmake
[1.256s] -- Up-to-date: /home/reach/SCARA/install/yolo_msgs/share/yolo_msgs/cmake/export_yolo_msgs__rosidl_generator_pyExport.cmake
[1.256s] -- Up-to-date: /home/reach/SCARA/install/yolo_msgs/share/yolo_msgs/cmake/export_yolo_msgs__rosidl_generator_pyExport-noconfig.cmake
[1.256s] -- Up-to-date: /home/reach/SCARA/install/yolo_msgs/share/yolo_msgs/cmake/rosidl_cmake-extras.cmake
[1.256s] -- Up-to-date: /home/reach/SCARA/install/yolo_msgs/share/yolo_msgs/cmake/ament_cmake_export_dependencies-extras.cmake
[1.256s] -- Up-to-date: /home/reach/SCARA/install/yolo_msgs/share/yolo_msgs/cmake/ament_cmake_export_include_directories-extras.cmake
[1.256s] -- Up-to-date: /home/reach/SCARA/install/yolo_msgs/share/yolo_msgs/cmake/ament_cmake_export_libraries-extras.cmake
[1.256s] -- Up-to-date: /home/reach/SCARA/install/yolo_msgs/share/yolo_msgs/cmake/ament_cmake_export_targets-extras.cmake
[1.256s] -- Up-to-date: /home/reach/SCARA/install/yolo_msgs/share/yolo_msgs/cmake/rosidl_cmake_export_typesupport_targets-extras.cmake
[1.256s] -- Up-to-date: /home/reach/SCARA/install/yolo_msgs/share/yolo_msgs/cmake/rosidl_cmake_export_typesupport_libraries-extras.cmake
[1.256s] -- Up-to-date: /home/reach/SCARA/install/yolo_msgs/share/yolo_msgs/cmake/yolo_msgsConfig.cmake
[1.256s] -- Up-to-date: /home/reach/SCARA/install/yolo_msgs/share/yolo_msgs/cmake/yolo_msgsConfig-version.cmake
[1.257s] -- Installing: /home/reach/SCARA/install/yolo_msgs/share/yolo_msgs/package.xml
[1.258s] Invoked command in '/home/reach/SCARA/build/yolo_msgs' returned '0': CMAKE_PREFIX_PATH=/home/reach/SCARA/install/SCARA_pkg:/opt/ros/humble /usr/bin/cmake --install /home/reach/SCARA/build/yolo_msgs
