running egg_info
creating ../../build/yolo_pick_place/yolo_pick_place.egg-info
writing ../../build/yolo_pick_place/yolo_pick_place.egg-info/PKG-INFO
writing dependency_links to ../../build/yolo_pick_place/yolo_pick_place.egg-info/dependency_links.txt
writing entry points to ../../build/yolo_pick_place/yolo_pick_place.egg-info/entry_points.txt
writing requirements to ../../build/yolo_pick_place/yolo_pick_place.egg-info/requires.txt
writing top-level names to ../../build/yolo_pick_place/yolo_pick_place.egg-info/top_level.txt
writing manifest file '../../build/yolo_pick_place/yolo_pick_place.egg-info/SOURCES.txt'
reading manifest file '../../build/yolo_pick_place/yolo_pick_place.egg-info/SOURCES.txt'
writing manifest file '../../build/yolo_pick_place/yolo_pick_place.egg-info/SOURCES.txt'
running build
running build_py
creating /home/reach/SCARA/build/yolo_pick_place/build
creating /home/reach/SCARA/build/yolo_pick_place/build/lib
creating /home/reach/SCARA/build/yolo_pick_place/build/lib/yolo_pick_place
copying yolo_pick_place/__init__.py -> /home/reach/SCARA/build/yolo_pick_place/build/lib/yolo_pick_place
copying yolo_pick_place/yolotest.py -> /home/reach/SCARA/build/yolo_pick_place/build/lib/yolo_pick_place
running install
running install_lib
creating /home/reach/SCARA/install/yolo_pick_place/lib/python3.10/site-packages/yolo_pick_place
copying /home/reach/SCARA/build/yolo_pick_place/build/lib/yolo_pick_place/__init__.py -> /home/reach/SCARA/install/yolo_pick_place/lib/python3.10/site-packages/yolo_pick_place
copying /home/reach/SCARA/build/yolo_pick_place/build/lib/yolo_pick_place/yolotest.py -> /home/reach/SCARA/install/yolo_pick_place/lib/python3.10/site-packages/yolo_pick_place
byte-compiling /home/reach/SCARA/install/yolo_pick_place/lib/python3.10/site-packages/yolo_pick_place/__init__.py to __init__.cpython-310.pyc
byte-compiling /home/reach/SCARA/install/yolo_pick_place/lib/python3.10/site-packages/yolo_pick_place/yolotest.py to yolotest.cpython-310.pyc
running install_data
creating /home/reach/SCARA/install/yolo_pick_place/share/ament_index
creating /home/reach/SCARA/install/yolo_pick_place/share/ament_index/resource_index
creating /home/reach/SCARA/install/yolo_pick_place/share/ament_index/resource_index/packages
copying resource/yolo_pick_place -> /home/reach/SCARA/install/yolo_pick_place/share/ament_index/resource_index/packages
copying package.xml -> /home/reach/SCARA/install/yolo_pick_place/share/yolo_pick_place
running install_egg_info
Copying ../../build/yolo_pick_place/yolo_pick_place.egg-info to /home/reach/SCARA/install/yolo_pick_place/lib/python3.10/site-packages/yolo_pick_place-0.0.0-py3.10.egg-info
running install_scripts
Installing yolotest script to /home/reach/SCARA/install/yolo_pick_place/lib/yolo_pick_place
writing list of installed files to '/home/reach/SCARA/build/yolo_pick_place/install.log'
