running egg_info
creating ../../build/SCARA_pkg/SCARA_pkg.egg-info
writing ../../build/SCARA_pkg/SCARA_pkg.egg-info/PKG-INFO
writing dependency_links to ../../build/SCARA_pkg/SCARA_pkg.egg-info/dependency_links.txt
writing entry points to ../../build/SCARA_pkg/SCARA_pkg.egg-info/entry_points.txt
writing requirements to ../../build/SCARA_pkg/SCARA_pkg.egg-info/requires.txt
writing top-level names to ../../build/SCARA_pkg/SCARA_pkg.egg-info/top_level.txt
writing manifest file '../../build/SCARA_pkg/SCARA_pkg.egg-info/SOURCES.txt'
reading manifest file '../../build/SCARA_pkg/SCARA_pkg.egg-info/SOURCES.txt'
writing manifest file '../../build/SCARA_pkg/SCARA_pkg.egg-info/SOURCES.txt'
running build
running build_py
creating /home/reach/SCARA/build/SCARA_pkg/build
creating /home/reach/SCARA/build/SCARA_pkg/build/lib
creating /home/reach/SCARA/build/SCARA_pkg/build/lib/SCARA_pkg
copying SCARA_pkg/__init__.py -> /home/reach/SCARA/build/SCARA_pkg/build/lib/SCARA_pkg
running install
running install_lib
creating /home/reach/SCARA/install/SCARA_pkg/lib/python3.10/site-packages/SCARA_pkg
copying /home/reach/SCARA/build/SCARA_pkg/build/lib/SCARA_pkg/__init__.py -> /home/reach/SCARA/install/SCARA_pkg/lib/python3.10/site-packages/SCARA_pkg
byte-compiling /home/reach/SCARA/install/SCARA_pkg/lib/python3.10/site-packages/SCARA_pkg/__init__.py to __init__.cpython-310.pyc
running install_data
creating /home/reach/SCARA/install/SCARA_pkg/share/ament_index
creating /home/reach/SCARA/install/SCARA_pkg/share/ament_index/resource_index
creating /home/reach/SCARA/install/SCARA_pkg/share/ament_index/resource_index/packages
copying resource/SCARA_pkg -> /home/reach/SCARA/install/SCARA_pkg/share/ament_index/resource_index/packages
copying package.xml -> /home/reach/SCARA/install/SCARA_pkg/share/SCARA_pkg
running install_egg_info
Copying ../../build/SCARA_pkg/SCARA_pkg.egg-info to /home/reach/SCARA/install/SCARA_pkg/lib/python3.10/site-packages/SCARA_pkg-0.0.0-py3.10.egg-info
running install_scripts
writing list of installed files to '/home/reach/SCARA/build/SCARA_pkg/install.log'
