[0.464s] Invoking command in '/home/reach/SCARA/src/SCARA_pkg': PYTHONPATH=/home/reach/SCARA/build/SCARA_pkg/prefix_override:/usr/lib/python3/dist-packages/colcon_core/task/python/colcon_distutils_commands:/home/reach/SCARA/install/SCARA_pkg/lib/python3.10/site-packages:${PYTHONPATH} /usr/bin/python3 -W ignore:setup.py install is deprecated -W ignore:easy_install command is deprecated setup.py egg_info --egg-base ../../build/SCARA_pkg build --build-base /home/reach/SCARA/build/SCARA_pkg/build install --record /home/reach/SCARA/build/SCARA_pkg/install.log --single-version-externally-managed install_data
[0.615s] running egg_info
[0.615s] creating ../../build/SCARA_pkg/SCARA_pkg.egg-info
[0.615s] writing ../../build/SCARA_pkg/SCARA_pkg.egg-info/PKG-INFO
[0.615s] writing dependency_links to ../../build/SCARA_pkg/SCARA_pkg.egg-info/dependency_links.txt
[0.615s] writing entry points to ../../build/SCARA_pkg/SCARA_pkg.egg-info/entry_points.txt
[0.615s] writing requirements to ../../build/SCARA_pkg/SCARA_pkg.egg-info/requires.txt
[0.616s] writing top-level names to ../../build/SCARA_pkg/SCARA_pkg.egg-info/top_level.txt
[0.616s] writing manifest file '../../build/SCARA_pkg/SCARA_pkg.egg-info/SOURCES.txt'
[0.617s] reading manifest file '../../build/SCARA_pkg/SCARA_pkg.egg-info/SOURCES.txt'
[0.617s] writing manifest file '../../build/SCARA_pkg/SCARA_pkg.egg-info/SOURCES.txt'
[0.617s] running build
[0.617s] running build_py
[0.617s] creating /home/reach/SCARA/build/SCARA_pkg/build
[0.617s] creating /home/reach/SCARA/build/SCARA_pkg/build/lib
[0.617s] creating /home/reach/SCARA/build/SCARA_pkg/build/lib/SCARA_pkg
[0.617s] copying SCARA_pkg/__init__.py -> /home/reach/SCARA/build/SCARA_pkg/build/lib/SCARA_pkg
[0.617s] running install
[0.618s] running install_lib
[0.618s] creating /home/reach/SCARA/install/SCARA_pkg/lib/python3.10/site-packages/SCARA_pkg
[0.618s] copying /home/reach/SCARA/build/SCARA_pkg/build/lib/SCARA_pkg/__init__.py -> /home/reach/SCARA/install/SCARA_pkg/lib/python3.10/site-packages/SCARA_pkg
[0.618s] byte-compiling /home/reach/SCARA/install/SCARA_pkg/lib/python3.10/site-packages/SCARA_pkg/__init__.py to __init__.cpython-310.pyc
[0.619s] running install_data
[0.619s] creating /home/reach/SCARA/install/SCARA_pkg/share/ament_index
[0.619s] creating /home/reach/SCARA/install/SCARA_pkg/share/ament_index/resource_index
[0.619s] creating /home/reach/SCARA/install/SCARA_pkg/share/ament_index/resource_index/packages
[0.619s] copying resource/SCARA_pkg -> /home/reach/SCARA/install/SCARA_pkg/share/ament_index/resource_index/packages
[0.619s] copying package.xml -> /home/reach/SCARA/install/SCARA_pkg/share/SCARA_pkg
[0.619s] running install_egg_info
[0.621s] Copying ../../build/SCARA_pkg/SCARA_pkg.egg-info to /home/reach/SCARA/install/SCARA_pkg/lib/python3.10/site-packages/SCARA_pkg-0.0.0-py3.10.egg-info
[0.621s] running install_scripts
[0.635s] writing list of installed files to '/home/reach/SCARA/build/SCARA_pkg/install.log'
[0.654s] Invoked command in '/home/reach/SCARA/src/SCARA_pkg' returned '0': PYTHONPATH=/home/reach/SCARA/build/SCARA_pkg/prefix_override:/usr/lib/python3/dist-packages/colcon_core/task/python/colcon_distutils_commands:/home/reach/SCARA/install/SCARA_pkg/lib/python3.10/site-packages:${PYTHONPATH} /usr/bin/python3 -W ignore:setup.py install is deprecated -W ignore:easy_install command is deprecated setup.py egg_info --egg-base ../../build/SCARA_pkg build --build-base /home/reach/SCARA/build/SCARA_pkg/build install --record /home/reach/SCARA/build/SCARA_pkg/install.log --single-version-externally-managed install_data
