[0.430s] Invoking command in '/home/reach/SCARA/src/SCARA_pkg': PYTHONPATH=/home/reach/SCARA/build/SCARA_pkg/prefix_override:/usr/lib/python3/dist-packages/colcon_core/task/python/colcon_distutils_commands:/home/reach/SCARA/install/SCARA_pkg/lib/python3.10/site-packages:${PYTHONPATH} /usr/bin/python3 -W ignore:setup.py install is deprecated -W ignore:easy_install command is deprecated setup.py egg_info --egg-base ../../build/SCARA_pkg build --build-base /home/reach/SCARA/build/SCARA_pkg/build install --record /home/reach/SCARA/build/SCARA_pkg/install.log --single-version-externally-managed install_data
[0.585s] running egg_info
[0.585s] writing ../../build/SCARA_pkg/SCARA_pkg.egg-info/PKG-INFO
[0.585s] writing dependency_links to ../../build/SCARA_pkg/SCARA_pkg.egg-info/dependency_links.txt
[0.585s] writing entry points to ../../build/SCARA_pkg/SCARA_pkg.egg-info/entry_points.txt
[0.585s] writing requirements to ../../build/SCARA_pkg/SCARA_pkg.egg-info/requires.txt
[0.585s] writing top-level names to ../../build/SCARA_pkg/SCARA_pkg.egg-info/top_level.txt
[0.586s] reading manifest file '../../build/SCARA_pkg/SCARA_pkg.egg-info/SOURCES.txt'
[0.587s] writing manifest file '../../build/SCARA_pkg/SCARA_pkg.egg-info/SOURCES.txt'
[0.587s] running build
[0.587s] running build_py
[0.587s] copying SCARA_pkg/positionradient.py -> /home/reach/SCARA/build/SCARA_pkg/build/lib/SCARA_pkg
[0.587s] running install
[0.588s] running install_lib
[0.588s] copying /home/reach/SCARA/build/SCARA_pkg/build/lib/SCARA_pkg/positionradient.py -> /home/reach/SCARA/install/SCARA_pkg/lib/python3.10/site-packages/SCARA_pkg
[0.589s] byte-compiling /home/reach/SCARA/install/SCARA_pkg/lib/python3.10/site-packages/SCARA_pkg/positionradient.py to positionradient.cpython-310.pyc
[0.589s] running install_data
[0.589s] running install_egg_info
[0.591s] removing '/home/reach/SCARA/install/SCARA_pkg/lib/python3.10/site-packages/SCARA_pkg-0.0.0-py3.10.egg-info' (and everything under it)
[0.591s] Copying ../../build/SCARA_pkg/SCARA_pkg.egg-info to /home/reach/SCARA/install/SCARA_pkg/lib/python3.10/site-packages/SCARA_pkg-0.0.0-py3.10.egg-info
[0.592s] running install_scripts
[0.606s] Installing motor_selection script to /home/reach/SCARA/install/SCARA_pkg/lib/SCARA_pkg
[0.606s] Installing position script to /home/reach/SCARA/install/SCARA_pkg/lib/SCARA_pkg
[0.606s] Installing positionradient script to /home/reach/SCARA/install/SCARA_pkg/lib/SCARA_pkg
[0.606s] writing list of installed files to '/home/reach/SCARA/build/SCARA_pkg/install.log'
[0.623s] Invoked command in '/home/reach/SCARA/src/SCARA_pkg' returned '0': PYTHONPATH=/home/reach/SCARA/build/SCARA_pkg/prefix_override:/usr/lib/python3/dist-packages/colcon_core/task/python/colcon_distutils_commands:/home/reach/SCARA/install/SCARA_pkg/lib/python3.10/site-packages:${PYTHONPATH} /usr/bin/python3 -W ignore:setup.py install is deprecated -W ignore:easy_install command is deprecated setup.py egg_info --egg-base ../../build/SCARA_pkg build --build-base /home/reach/SCARA/build/SCARA_pkg/build install --record /home/reach/SCARA/build/SCARA_pkg/install.log --single-version-externally-managed install_data
