[0.477s] Invoking command in '/home/reach/SCARA/src/yolo_ros/yolo_ros': AMENT_PREFIX_PATH=/home/reach/SCARA/install/yolo_msgs:${AMENT_PREFIX_PATH} CMAKE_PREFIX_PATH=/home/reach/SCARA/install/yolo_msgs LD_LIBRARY_PATH=/home/reach/SCARA/install/yolo_msgs/lib:${LD_LIBRARY_PATH} PYTHONPATH=/home/reach/SCARA/build/yolo_ros/prefix_override:/usr/lib/python3/dist-packages/colcon_core/task/python/colcon_distutils_commands:/home/reach/SCARA/install/yolo_ros/lib/python3.10/site-packages:/home/reach/SCARA/install/yolo_msgs/local/lib/python3.10/dist-packages:${PYTHONPATH} /usr/bin/python3 -W ignore:setup.py install is deprecated -W ignore:easy_install command is deprecated setup.py egg_info --egg-base ../../../build/yolo_ros build --build-base /home/reach/SCARA/build/yolo_ros/build install --record /home/reach/SCARA/build/yolo_ros/install.log --single-version-externally-managed install_data
[0.637s] running egg_info
[0.637s] writing ../../../build/yolo_ros/yolo_ros.egg-info/PKG-INFO
[0.638s] writing dependency_links to ../../../build/yolo_ros/yolo_ros.egg-info/dependency_links.txt
[0.638s] writing entry points to ../../../build/yolo_ros/yolo_ros.egg-info/entry_points.txt
[0.638s] writing requirements to ../../../build/yolo_ros/yolo_ros.egg-info/requires.txt
[0.638s] writing top-level names to ../../../build/yolo_ros/yolo_ros.egg-info/top_level.txt
[0.639s] reading manifest file '../../../build/yolo_ros/yolo_ros.egg-info/SOURCES.txt'
[0.640s] writing manifest file '../../../build/yolo_ros/yolo_ros.egg-info/SOURCES.txt'
[0.640s] running build
[0.640s] running build_py
[0.640s] running install
[0.640s] running install_lib
[0.641s] running install_data
[0.641s] running install_egg_info
[0.642s] removing '/home/reach/SCARA/install/yolo_ros/lib/python3.10/site-packages/yolo_ros-0.0.0-py3.10.egg-info' (and everything under it)
[0.643s] Copying ../../../build/yolo_ros/yolo_ros.egg-info to /home/reach/SCARA/install/yolo_ros/lib/python3.10/site-packages/yolo_ros-0.0.0-py3.10.egg-info
[0.643s] running install_scripts
[0.658s] Installing debug_node script to /home/reach/SCARA/install/yolo_ros/lib/yolo_ros
[0.658s] Installing detect_3d_node script to /home/reach/SCARA/install/yolo_ros/lib/yolo_ros
[0.658s] Installing tracking_node script to /home/reach/SCARA/install/yolo_ros/lib/yolo_ros
[0.658s] Installing yolo_node script to /home/reach/SCARA/install/yolo_ros/lib/yolo_ros
[0.658s] writing list of installed files to '/home/reach/SCARA/build/yolo_ros/install.log'
[0.676s] Invoked command in '/home/reach/SCARA/src/yolo_ros/yolo_ros' returned '0': AMENT_PREFIX_PATH=/home/reach/SCARA/install/yolo_msgs:${AMENT_PREFIX_PATH} CMAKE_PREFIX_PATH=/home/reach/SCARA/install/yolo_msgs LD_LIBRARY_PATH=/home/reach/SCARA/install/yolo_msgs/lib:${LD_LIBRARY_PATH} PYTHONPATH=/home/reach/SCARA/build/yolo_ros/prefix_override:/usr/lib/python3/dist-packages/colcon_core/task/python/colcon_distutils_commands:/home/reach/SCARA/install/yolo_ros/lib/python3.10/site-packages:/home/reach/SCARA/install/yolo_msgs/local/lib/python3.10/dist-packages:${PYTHONPATH} /usr/bin/python3 -W ignore:setup.py install is deprecated -W ignore:easy_install command is deprecated setup.py egg_info --egg-base ../../../build/yolo_ros build --build-base /home/reach/SCARA/build/yolo_ros/build install --record /home/reach/SCARA/build/yolo_ros/install.log --single-version-externally-managed install_data
