[0.096s] DEBUG:colcon:Command line arguments: ['/usr/bin/colcon', 'build']
[0.096s] DEBUG:colcon:Parsed command line arguments: Namespace(log_base=None, log_level=None, verb_name='build', build_base='build', install_base='install', merge_install=False, symlink_install=False, test_result_base=None, continue_on_error=False, executor='parallel', parallel_workers=8, event_handlers=None, ignore_user_meta=False, metas=['./colcon.meta'], base_paths=['.'], packages_ignore=None, packages_ignore_regex=None, paths=None, packages_up_to=None, packages_up_to_regex=None, packages_above=None, packages_above_and_dependencies=None, packages_above_depth=None, packages_select_by_dep=None, packages_skip_by_dep=None, packages_skip_up_to=None, packages_select_build_failed=False, packages_skip_build_finished=False, packages_select_test_failures=False, packages_skip_test_passed=False, packages_select=None, packages_skip=None, packages_select_regex=None, packages_skip_regex=None, packages_start=None, packages_end=None, allow_overriding=[], cmake_args=None, cmake_target=None, cmake_target_skip_unavailable=False, cmake_clean_cache=False, cmake_clean_first=False, cmake_force_configure=False, ament_cmake_args=None, catkin_cmake_args=None, catkin_skip_building_tests=False, mixin_files=None, mixin=None, verb_parser=<colcon_mixin.mixin.mixin_argument.MixinArgumentDecorator object at 0x7a070ec67f40>, verb_extension=<colcon_core.verb.build.BuildVerb object at 0x7a070ec67970>, main=<bound method BuildVerb.main of <colcon_core.verb.build.BuildVerb object at 0x7a070ec67970>>, mixin_verb=('build',))
[0.274s] Level 1:colcon.colcon_core.package_discovery:discover_packages(colcon_meta) check parameters
[0.274s] Level 1:colcon.colcon_core.package_discovery:discover_packages(recursive) check parameters
[0.274s] Level 1:colcon.colcon_core.package_discovery:discover_packages(ignore) check parameters
[0.274s] Level 1:colcon.colcon_core.package_discovery:discover_packages(path) check parameters
[0.274s] Level 1:colcon.colcon_core.package_discovery:discover_packages(colcon_meta) discover
[0.274s] Level 1:colcon.colcon_core.package_discovery:discover_packages(recursive) discover
[0.274s] INFO:colcon.colcon_core.package_discovery:Crawling recursively for packages in '/home/reach/SCARA'
[0.274s] Level 1:colcon.colcon_core.package_identification:_identify(.) by extensions ['ignore', 'ignore_ament_install']
[0.274s] Level 1:colcon.colcon_core.package_identification:_identify(.) by extension 'ignore'
[0.274s] Level 1:colcon.colcon_core.package_identification:_identify(.) by extension 'ignore_ament_install'
[0.274s] Level 1:colcon.colcon_core.package_identification:_identify(.) by extensions ['colcon_pkg']
[0.274s] Level 1:colcon.colcon_core.package_identification:_identify(.) by extension 'colcon_pkg'
[0.274s] Level 1:colcon.colcon_core.package_identification:_identify(.) by extensions ['colcon_meta']
[0.274s] Level 1:colcon.colcon_core.package_identification:_identify(.) by extension 'colcon_meta'
[0.274s] Level 1:colcon.colcon_core.package_identification:_identify(.) by extensions ['ros']
[0.274s] Level 1:colcon.colcon_core.package_identification:_identify(.) by extension 'ros'
[0.282s] Level 1:colcon.colcon_core.package_identification:_identify(.) by extensions ['cmake', 'python']
[0.282s] Level 1:colcon.colcon_core.package_identification:_identify(.) by extension 'cmake'
[0.282s] Level 1:colcon.colcon_core.package_identification:_identify(.) by extension 'python'
[0.282s] Level 1:colcon.colcon_core.package_identification:_identify(.) by extensions ['python_setup_py']
[0.282s] Level 1:colcon.colcon_core.package_identification:_identify(.) by extension 'python_setup_py'
[0.282s] Level 1:colcon.colcon_core.package_identification:_identify(build) by extensions ['ignore', 'ignore_ament_install']
[0.282s] Level 1:colcon.colcon_core.package_identification:_identify(build) by extension 'ignore'
[0.282s] Level 1:colcon.colcon_core.package_identification:_identify(build) ignored
[0.282s] Level 1:colcon.colcon_core.package_identification:_identify(install) by extensions ['ignore', 'ignore_ament_install']
[0.282s] Level 1:colcon.colcon_core.package_identification:_identify(install) by extension 'ignore'
[0.282s] Level 1:colcon.colcon_core.package_identification:_identify(install) ignored
[0.283s] Level 1:colcon.colcon_core.package_identification:_identify(log) by extensions ['ignore', 'ignore_ament_install']
[0.283s] Level 1:colcon.colcon_core.package_identification:_identify(log) by extension 'ignore'
[0.283s] Level 1:colcon.colcon_core.package_identification:_identify(log) ignored
[0.283s] Level 1:colcon.colcon_core.package_identification:_identify(src) by extensions ['ignore', 'ignore_ament_install']
[0.283s] Level 1:colcon.colcon_core.package_identification:_identify(src) by extension 'ignore'
[0.283s] Level 1:colcon.colcon_core.package_identification:_identify(src) by extension 'ignore_ament_install'
[0.283s] Level 1:colcon.colcon_core.package_identification:_identify(src) by extensions ['colcon_pkg']
[0.283s] Level 1:colcon.colcon_core.package_identification:_identify(src) by extension 'colcon_pkg'
[0.283s] Level 1:colcon.colcon_core.package_identification:_identify(src) by extensions ['colcon_meta']
[0.283s] Level 1:colcon.colcon_core.package_identification:_identify(src) by extension 'colcon_meta'
[0.283s] Level 1:colcon.colcon_core.package_identification:_identify(src) by extensions ['ros']
[0.283s] Level 1:colcon.colcon_core.package_identification:_identify(src) by extension 'ros'
[0.283s] Level 1:colcon.colcon_core.package_identification:_identify(src) by extensions ['cmake', 'python']
[0.283s] Level 1:colcon.colcon_core.package_identification:_identify(src) by extension 'cmake'
[0.283s] Level 1:colcon.colcon_core.package_identification:_identify(src) by extension 'python'
[0.283s] Level 1:colcon.colcon_core.package_identification:_identify(src) by extensions ['python_setup_py']
[0.283s] Level 1:colcon.colcon_core.package_identification:_identify(src) by extension 'python_setup_py'
[0.283s] Level 1:colcon.colcon_core.package_identification:_identify(src/SCARA_pkg) by extensions ['ignore', 'ignore_ament_install']
[0.283s] Level 1:colcon.colcon_core.package_identification:_identify(src/SCARA_pkg) by extension 'ignore'
[0.283s] Level 1:colcon.colcon_core.package_identification:_identify(src/SCARA_pkg) by extension 'ignore_ament_install'
[0.283s] Level 1:colcon.colcon_core.package_identification:_identify(src/SCARA_pkg) by extensions ['colcon_pkg']
[0.283s] Level 1:colcon.colcon_core.package_identification:_identify(src/SCARA_pkg) by extension 'colcon_pkg'
[0.283s] Level 1:colcon.colcon_core.package_identification:_identify(src/SCARA_pkg) by extensions ['colcon_meta']
[0.283s] Level 1:colcon.colcon_core.package_identification:_identify(src/SCARA_pkg) by extension 'colcon_meta'
[0.283s] Level 1:colcon.colcon_core.package_identification:_identify(src/SCARA_pkg) by extensions ['ros']
[0.283s] Level 1:colcon.colcon_core.package_identification:_identify(src/SCARA_pkg) by extension 'ros'
[0.286s] DEBUG:colcon.colcon_core.package_identification:Package 'src/SCARA_pkg' with type 'ros.ament_python' and name 'SCARA_pkg'
[0.286s] Level 1:colcon.colcon_core.package_identification:_identify(src/yolo_ros) by extensions ['ignore', 'ignore_ament_install']
[0.286s] Level 1:colcon.colcon_core.package_identification:_identify(src/yolo_ros) by extension 'ignore'
[0.286s] Level 1:colcon.colcon_core.package_identification:_identify(src/yolo_ros) by extension 'ignore_ament_install'
[0.286s] Level 1:colcon.colcon_core.package_identification:_identify(src/yolo_ros) by extensions ['colcon_pkg']
[0.286s] Level 1:colcon.colcon_core.package_identification:_identify(src/yolo_ros) by extension 'colcon_pkg'
[0.286s] Level 1:colcon.colcon_core.package_identification:_identify(src/yolo_ros) by extensions ['colcon_meta']
[0.286s] Level 1:colcon.colcon_core.package_identification:_identify(src/yolo_ros) by extension 'colcon_meta'
[0.286s] Level 1:colcon.colcon_core.package_identification:_identify(src/yolo_ros) by extensions ['ros']
[0.286s] Level 1:colcon.colcon_core.package_identification:_identify(src/yolo_ros) by extension 'ros'
[0.286s] Level 1:colcon.colcon_core.package_identification:_identify(src/yolo_ros) by extensions ['cmake', 'python']
[0.286s] Level 1:colcon.colcon_core.package_identification:_identify(src/yolo_ros) by extension 'cmake'
[0.286s] Level 1:colcon.colcon_core.package_identification:_identify(src/yolo_ros) by extension 'python'
[0.286s] Level 1:colcon.colcon_core.package_identification:_identify(src/yolo_ros) by extensions ['python_setup_py']
[0.286s] Level 1:colcon.colcon_core.package_identification:_identify(src/yolo_ros) by extension 'python_setup_py'
[0.286s] Level 1:colcon.colcon_core.package_identification:_identify(src/yolo_ros/docs) by extensions ['ignore', 'ignore_ament_install']
[0.286s] Level 1:colcon.colcon_core.package_identification:_identify(src/yolo_ros/docs) by extension 'ignore'
[0.286s] Level 1:colcon.colcon_core.package_identification:_identify(src/yolo_ros/docs) by extension 'ignore_ament_install'
[0.286s] Level 1:colcon.colcon_core.package_identification:_identify(src/yolo_ros/docs) by extensions ['colcon_pkg']
[0.286s] Level 1:colcon.colcon_core.package_identification:_identify(src/yolo_ros/docs) by extension 'colcon_pkg'
[0.286s] Level 1:colcon.colcon_core.package_identification:_identify(src/yolo_ros/docs) by extensions ['colcon_meta']
[0.286s] Level 1:colcon.colcon_core.package_identification:_identify(src/yolo_ros/docs) by extension 'colcon_meta'
[0.286s] Level 1:colcon.colcon_core.package_identification:_identify(src/yolo_ros/docs) by extensions ['ros']
[0.286s] Level 1:colcon.colcon_core.package_identification:_identify(src/yolo_ros/docs) by extension 'ros'
[0.286s] Level 1:colcon.colcon_core.package_identification:_identify(src/yolo_ros/docs) by extensions ['cmake', 'python']
[0.286s] Level 1:colcon.colcon_core.package_identification:_identify(src/yolo_ros/docs) by extension 'cmake'
[0.286s] Level 1:colcon.colcon_core.package_identification:_identify(src/yolo_ros/docs) by extension 'python'
[0.286s] Level 1:colcon.colcon_core.package_identification:_identify(src/yolo_ros/docs) by extensions ['python_setup_py']
[0.286s] Level 1:colcon.colcon_core.package_identification:_identify(src/yolo_ros/docs) by extension 'python_setup_py'
[0.287s] Level 1:colcon.colcon_core.package_identification:_identify(src/yolo_ros/models) by extensions ['ignore', 'ignore_ament_install']
[0.287s] Level 1:colcon.colcon_core.package_identification:_identify(src/yolo_ros/models) by extension 'ignore'
[0.287s] Level 1:colcon.colcon_core.package_identification:_identify(src/yolo_ros/models) by extension 'ignore_ament_install'
[0.287s] Level 1:colcon.colcon_core.package_identification:_identify(src/yolo_ros/models) by extensions ['colcon_pkg']
[0.287s] Level 1:colcon.colcon_core.package_identification:_identify(src/yolo_ros/models) by extension 'colcon_pkg'
[0.287s] Level 1:colcon.colcon_core.package_identification:_identify(src/yolo_ros/models) by extensions ['colcon_meta']
[0.287s] Level 1:colcon.colcon_core.package_identification:_identify(src/yolo_ros/models) by extension 'colcon_meta'
[0.287s] Level 1:colcon.colcon_core.package_identification:_identify(src/yolo_ros/models) by extensions ['ros']
[0.287s] Level 1:colcon.colcon_core.package_identification:_identify(src/yolo_ros/models) by extension 'ros'
[0.287s] Level 1:colcon.colcon_core.package_identification:_identify(src/yolo_ros/models) by extensions ['cmake', 'python']
[0.287s] Level 1:colcon.colcon_core.package_identification:_identify(src/yolo_ros/models) by extension 'cmake'
[0.287s] Level 1:colcon.colcon_core.package_identification:_identify(src/yolo_ros/models) by extension 'python'
[0.287s] Level 1:colcon.colcon_core.package_identification:_identify(src/yolo_ros/models) by extensions ['python_setup_py']
[0.287s] Level 1:colcon.colcon_core.package_identification:_identify(src/yolo_ros/models) by extension 'python_setup_py'
[0.287s] Level 1:colcon.colcon_core.package_identification:_identify(src/yolo_ros/yolo_bringup) by extensions ['ignore', 'ignore_ament_install']
[0.287s] Level 1:colcon.colcon_core.package_identification:_identify(src/yolo_ros/yolo_bringup) by extension 'ignore'
[0.287s] Level 1:colcon.colcon_core.package_identification:_identify(src/yolo_ros/yolo_bringup) by extension 'ignore_ament_install'
[0.287s] Level 1:colcon.colcon_core.package_identification:_identify(src/yolo_ros/yolo_bringup) by extensions ['colcon_pkg']
[0.287s] Level 1:colcon.colcon_core.package_identification:_identify(src/yolo_ros/yolo_bringup) by extension 'colcon_pkg'
[0.287s] Level 1:colcon.colcon_core.package_identification:_identify(src/yolo_ros/yolo_bringup) by extensions ['colcon_meta']
[0.287s] Level 1:colcon.colcon_core.package_identification:_identify(src/yolo_ros/yolo_bringup) by extension 'colcon_meta'
[0.287s] Level 1:colcon.colcon_core.package_identification:_identify(src/yolo_ros/yolo_bringup) by extensions ['ros']
[0.287s] Level 1:colcon.colcon_core.package_identification:_identify(src/yolo_ros/yolo_bringup) by extension 'ros'
[0.288s] DEBUG:colcon.colcon_core.package_identification:Package 'src/yolo_ros/yolo_bringup' with type 'ros.ament_cmake' and name 'yolo_bringup'
[0.288s] Level 1:colcon.colcon_core.package_identification:_identify(src/yolo_ros/yolo_msgs) by extensions ['ignore', 'ignore_ament_install']
[0.288s] Level 1:colcon.colcon_core.package_identification:_identify(src/yolo_ros/yolo_msgs) by extension 'ignore'
[0.288s] Level 1:colcon.colcon_core.package_identification:_identify(src/yolo_ros/yolo_msgs) by extension 'ignore_ament_install'
[0.288s] Level 1:colcon.colcon_core.package_identification:_identify(src/yolo_ros/yolo_msgs) by extensions ['colcon_pkg']
[0.288s] Level 1:colcon.colcon_core.package_identification:_identify(src/yolo_ros/yolo_msgs) by extension 'colcon_pkg'
[0.288s] Level 1:colcon.colcon_core.package_identification:_identify(src/yolo_ros/yolo_msgs) by extensions ['colcon_meta']
[0.288s] Level 1:colcon.colcon_core.package_identification:_identify(src/yolo_ros/yolo_msgs) by extension 'colcon_meta'
[0.288s] Level 1:colcon.colcon_core.package_identification:_identify(src/yolo_ros/yolo_msgs) by extensions ['ros']
[0.288s] Level 1:colcon.colcon_core.package_identification:_identify(src/yolo_ros/yolo_msgs) by extension 'ros'
[0.288s] DEBUG:colcon.colcon_core.package_identification:Package 'src/yolo_ros/yolo_msgs' with type 'ros.ament_cmake' and name 'yolo_msgs'
[0.288s] Level 1:colcon.colcon_core.package_identification:_identify(src/yolo_ros/yolo_ros) by extensions ['ignore', 'ignore_ament_install']
[0.289s] Level 1:colcon.colcon_core.package_identification:_identify(src/yolo_ros/yolo_ros) by extension 'ignore'
[0.289s] Level 1:colcon.colcon_core.package_identification:_identify(src/yolo_ros/yolo_ros) by extension 'ignore_ament_install'
[0.289s] Level 1:colcon.colcon_core.package_identification:_identify(src/yolo_ros/yolo_ros) by extensions ['colcon_pkg']
[0.289s] Level 1:colcon.colcon_core.package_identification:_identify(src/yolo_ros/yolo_ros) by extension 'colcon_pkg'
[0.289s] Level 1:colcon.colcon_core.package_identification:_identify(src/yolo_ros/yolo_ros) by extensions ['colcon_meta']
[0.289s] Level 1:colcon.colcon_core.package_identification:_identify(src/yolo_ros/yolo_ros) by extension 'colcon_meta'
[0.289s] Level 1:colcon.colcon_core.package_identification:_identify(src/yolo_ros/yolo_ros) by extensions ['ros']
[0.289s] Level 1:colcon.colcon_core.package_identification:_identify(src/yolo_ros/yolo_ros) by extension 'ros'
[0.290s] DEBUG:colcon.colcon_core.package_identification:Package 'src/yolo_ros/yolo_ros' with type 'ros.ament_python' and name 'yolo_ros'
[0.290s] Level 1:colcon.colcon_core.package_discovery:discover_packages(recursive) using defaults
[0.290s] Level 1:colcon.colcon_core.package_discovery:discover_packages(ignore) discover
[0.290s] Level 1:colcon.colcon_core.package_discovery:discover_packages(ignore) using defaults
[0.290s] Level 1:colcon.colcon_core.package_discovery:discover_packages(path) discover
[0.290s] Level 1:colcon.colcon_core.package_discovery:discover_packages(path) using defaults
[0.315s] Level 1:colcon.colcon_core.package_discovery:discover_packages(prefix_path) check parameters
[0.315s] Level 1:colcon.colcon_core.package_discovery:discover_packages(prefix_path) discover
[0.317s] DEBUG:colcon.colcon_installed_package_information.package_discovery:Found 4 installed packages in /home/reach/SCARA/install
[0.319s] DEBUG:colcon.colcon_installed_package_information.package_discovery:Found 324 installed packages in /opt/ros/humble
[0.320s] Level 1:colcon.colcon_core.package_discovery:discover_packages(prefix_path) using defaults
[0.374s] Level 5:colcon.colcon_core.verb:set package 'SCARA_pkg' build argument 'cmake_args' from command line to 'None'
[0.374s] Level 5:colcon.colcon_core.verb:set package 'SCARA_pkg' build argument 'cmake_target' from command line to 'None'
[0.374s] Level 5:colcon.colcon_core.verb:set package 'SCARA_pkg' build argument 'cmake_target_skip_unavailable' from command line to 'False'
[0.374s] Level 5:colcon.colcon_core.verb:set package 'SCARA_pkg' build argument 'cmake_clean_cache' from command line to 'False'
[0.374s] Level 5:colcon.colcon_core.verb:set package 'SCARA_pkg' build argument 'cmake_clean_first' from command line to 'False'
[0.374s] Level 5:colcon.colcon_core.verb:set package 'SCARA_pkg' build argument 'cmake_force_configure' from command line to 'False'
[0.374s] Level 5:colcon.colcon_core.verb:set package 'SCARA_pkg' build argument 'ament_cmake_args' from command line to 'None'
[0.374s] Level 5:colcon.colcon_core.verb:set package 'SCARA_pkg' build argument 'catkin_cmake_args' from command line to 'None'
[0.374s] Level 5:colcon.colcon_core.verb:set package 'SCARA_pkg' build argument 'catkin_skip_building_tests' from command line to 'False'
[0.374s] DEBUG:colcon.colcon_core.verb:Building package 'SCARA_pkg' with the following arguments: {'ament_cmake_args': None, 'build_base': '/home/reach/SCARA/build/SCARA_pkg', 'catkin_cmake_args': None, 'catkin_skip_building_tests': False, 'cmake_args': None, 'cmake_clean_cache': False, 'cmake_clean_first': False, 'cmake_force_configure': False, 'cmake_target': None, 'cmake_target_skip_unavailable': False, 'install_base': '/home/reach/SCARA/install/SCARA_pkg', 'merge_install': False, 'path': '/home/reach/SCARA/src/SCARA_pkg', 'symlink_install': False, 'test_result_base': None}
[0.374s] Level 5:colcon.colcon_core.verb:set package 'yolo_msgs' build argument 'cmake_args' from command line to 'None'
[0.374s] Level 5:colcon.colcon_core.verb:set package 'yolo_msgs' build argument 'cmake_target' from command line to 'None'
[0.374s] Level 5:colcon.colcon_core.verb:set package 'yolo_msgs' build argument 'cmake_target_skip_unavailable' from command line to 'False'
[0.374s] Level 5:colcon.colcon_core.verb:set package 'yolo_msgs' build argument 'cmake_clean_cache' from command line to 'False'
[0.374s] Level 5:colcon.colcon_core.verb:set package 'yolo_msgs' build argument 'cmake_clean_first' from command line to 'False'
[0.374s] Level 5:colcon.colcon_core.verb:set package 'yolo_msgs' build argument 'cmake_force_configure' from command line to 'False'
[0.374s] Level 5:colcon.colcon_core.verb:set package 'yolo_msgs' build argument 'ament_cmake_args' from command line to 'None'
[0.374s] Level 5:colcon.colcon_core.verb:set package 'yolo_msgs' build argument 'catkin_cmake_args' from command line to 'None'
[0.374s] Level 5:colcon.colcon_core.verb:set package 'yolo_msgs' build argument 'catkin_skip_building_tests' from command line to 'False'
[0.374s] DEBUG:colcon.colcon_core.verb:Building package 'yolo_msgs' with the following arguments: {'ament_cmake_args': None, 'build_base': '/home/reach/SCARA/build/yolo_msgs', 'catkin_cmake_args': None, 'catkin_skip_building_tests': False, 'cmake_args': None, 'cmake_clean_cache': False, 'cmake_clean_first': False, 'cmake_force_configure': False, 'cmake_target': None, 'cmake_target_skip_unavailable': False, 'install_base': '/home/reach/SCARA/install/yolo_msgs', 'merge_install': False, 'path': '/home/reach/SCARA/src/yolo_ros/yolo_msgs', 'symlink_install': False, 'test_result_base': None}
[0.374s] Level 5:colcon.colcon_core.verb:set package 'yolo_ros' build argument 'cmake_args' from command line to 'None'
[0.375s] Level 5:colcon.colcon_core.verb:set package 'yolo_ros' build argument 'cmake_target' from command line to 'None'
[0.375s] Level 5:colcon.colcon_core.verb:set package 'yolo_ros' build argument 'cmake_target_skip_unavailable' from command line to 'False'
[0.375s] Level 5:colcon.colcon_core.verb:set package 'yolo_ros' build argument 'cmake_clean_cache' from command line to 'False'
[0.375s] Level 5:colcon.colcon_core.verb:set package 'yolo_ros' build argument 'cmake_clean_first' from command line to 'False'
[0.375s] Level 5:colcon.colcon_core.verb:set package 'yolo_ros' build argument 'cmake_force_configure' from command line to 'False'
[0.375s] Level 5:colcon.colcon_core.verb:set package 'yolo_ros' build argument 'ament_cmake_args' from command line to 'None'
[0.375s] Level 5:colcon.colcon_core.verb:set package 'yolo_ros' build argument 'catkin_cmake_args' from command line to 'None'
[0.375s] Level 5:colcon.colcon_core.verb:set package 'yolo_ros' build argument 'catkin_skip_building_tests' from command line to 'False'
[0.375s] DEBUG:colcon.colcon_core.verb:Building package 'yolo_ros' with the following arguments: {'ament_cmake_args': None, 'build_base': '/home/reach/SCARA/build/yolo_ros', 'catkin_cmake_args': None, 'catkin_skip_building_tests': False, 'cmake_args': None, 'cmake_clean_cache': False, 'cmake_clean_first': False, 'cmake_force_configure': False, 'cmake_target': None, 'cmake_target_skip_unavailable': False, 'install_base': '/home/reach/SCARA/install/yolo_ros', 'merge_install': False, 'path': '/home/reach/SCARA/src/yolo_ros/yolo_ros', 'symlink_install': False, 'test_result_base': None}
[0.375s] Level 5:colcon.colcon_core.verb:set package 'yolo_bringup' build argument 'cmake_args' from command line to 'None'
[0.375s] Level 5:colcon.colcon_core.verb:set package 'yolo_bringup' build argument 'cmake_target' from command line to 'None'
[0.375s] Level 5:colcon.colcon_core.verb:set package 'yolo_bringup' build argument 'cmake_target_skip_unavailable' from command line to 'False'
[0.375s] Level 5:colcon.colcon_core.verb:set package 'yolo_bringup' build argument 'cmake_clean_cache' from command line to 'False'
[0.375s] Level 5:colcon.colcon_core.verb:set package 'yolo_bringup' build argument 'cmake_clean_first' from command line to 'False'
[0.375s] Level 5:colcon.colcon_core.verb:set package 'yolo_bringup' build argument 'cmake_force_configure' from command line to 'False'
[0.375s] Level 5:colcon.colcon_core.verb:set package 'yolo_bringup' build argument 'ament_cmake_args' from command line to 'None'
[0.375s] Level 5:colcon.colcon_core.verb:set package 'yolo_bringup' build argument 'catkin_cmake_args' from command line to 'None'
[0.375s] Level 5:colcon.colcon_core.verb:set package 'yolo_bringup' build argument 'catkin_skip_building_tests' from command line to 'False'
[0.375s] DEBUG:colcon.colcon_core.verb:Building package 'yolo_bringup' with the following arguments: {'ament_cmake_args': None, 'build_base': '/home/reach/SCARA/build/yolo_bringup', 'catkin_cmake_args': None, 'catkin_skip_building_tests': False, 'cmake_args': None, 'cmake_clean_cache': False, 'cmake_clean_first': False, 'cmake_force_configure': False, 'cmake_target': None, 'cmake_target_skip_unavailable': False, 'install_base': '/home/reach/SCARA/install/yolo_bringup', 'merge_install': False, 'path': '/home/reach/SCARA/src/yolo_ros/yolo_bringup', 'symlink_install': False, 'test_result_base': None}
[0.375s] INFO:colcon.colcon_core.executor:Executing jobs using 'parallel' executor
[0.376s] DEBUG:colcon.colcon_parallel_executor.executor.parallel:run_until_complete
[0.376s] INFO:colcon.colcon_ros.task.ament_cmake.build:Building ROS package in '/home/reach/SCARA/src/yolo_ros/yolo_msgs' with build type 'ament_cmake'
[0.376s] INFO:colcon.colcon_cmake.task.cmake.build:Building CMake package in '/home/reach/SCARA/src/yolo_ros/yolo_msgs'
[0.379s] INFO:colcon.colcon_core.plugin_system:Skipping extension 'colcon_core.shell.bat': Not used on non-Windows systems
[0.379s] INFO:colcon.colcon_core.shell:Skip shell extension 'powershell' for command environment: Not usable outside of PowerShell
[0.379s] DEBUG:colcon.colcon_core.shell:Skip shell extension 'dsv' for command environment
[0.382s] INFO:colcon.colcon_ros.task.ament_python.build:Building ROS package in '/home/reach/SCARA/src/SCARA_pkg' with build type 'ament_python'
[0.383s] Level 1:colcon.colcon_core.shell:create_environment_hook('SCARA_pkg', 'ament_prefix_path')
[0.383s] INFO:colcon.colcon_core.shell:Creating environment hook '/home/reach/SCARA/install/SCARA_pkg/share/SCARA_pkg/hook/ament_prefix_path.ps1'
[0.384s] INFO:colcon.colcon_core.shell:Creating environment descriptor '/home/reach/SCARA/install/SCARA_pkg/share/SCARA_pkg/hook/ament_prefix_path.dsv'
[0.384s] INFO:colcon.colcon_core.shell:Creating environment hook '/home/reach/SCARA/install/SCARA_pkg/share/SCARA_pkg/hook/ament_prefix_path.sh'
[0.385s] INFO:colcon.colcon_core.shell:Skip shell extension 'powershell' for command environment: Not usable outside of PowerShell
[0.385s] DEBUG:colcon.colcon_core.shell:Skip shell extension 'dsv' for command environment
[0.391s] DEBUG:colcon.colcon_core.event_handler.log_command:Invoking command in '/home/reach/SCARA/build/yolo_msgs': CMAKE_PREFIX_PATH=${CMAKE_PREFIX_PATH}:/home/reach/SCARA/install/yolo_ros:/home/reach/SCARA/install/SCARA_pkg:/opt/ros/humble /usr/bin/cmake --build /home/reach/SCARA/build/yolo_msgs -- -j8 -l8
[0.604s] INFO:colcon.colcon_core.task.python.build:Building Python package in '/home/reach/SCARA/src/SCARA_pkg'
[0.604s] INFO:colcon.colcon_core.shell:Skip shell extension 'powershell' for command environment: Not usable outside of PowerShell
[0.604s] DEBUG:colcon.colcon_core.shell:Skip shell extension 'dsv' for command environment
[0.689s] DEBUG:colcon.colcon_core.event_handler.log_command:Invoked command in '/home/reach/SCARA/build/yolo_msgs' returned '0': CMAKE_PREFIX_PATH=${CMAKE_PREFIX_PATH}:/home/reach/SCARA/install/yolo_ros:/home/reach/SCARA/install/SCARA_pkg:/opt/ros/humble /usr/bin/cmake --build /home/reach/SCARA/build/yolo_msgs -- -j8 -l8
[0.697s] DEBUG:colcon.colcon_core.event_handler.log_command:Invoking command in '/home/reach/SCARA/build/yolo_msgs': CMAKE_PREFIX_PATH=${CMAKE_PREFIX_PATH}:/home/reach/SCARA/install/yolo_ros:/home/reach/SCARA/install/SCARA_pkg:/opt/ros/humble /usr/bin/cmake --install /home/reach/SCARA/build/yolo_msgs
[0.752s] Level 1:colcon.colcon_core.environment:create_environment_scripts_only(yolo_msgs)
[0.753s] DEBUG:colcon.colcon_core.event_handler.log_command:Invoked command in '/home/reach/SCARA/build/yolo_msgs' returned '0': CMAKE_PREFIX_PATH=${CMAKE_PREFIX_PATH}:/home/reach/SCARA/install/yolo_ros:/home/reach/SCARA/install/SCARA_pkg:/opt/ros/humble /usr/bin/cmake --install /home/reach/SCARA/build/yolo_msgs
[0.756s] Level 1:colcon.colcon_core.environment:checking '/home/reach/SCARA/install/yolo_msgs' for CMake module files
[0.757s] Level 1:colcon.colcon_core.environment:checking '/home/reach/SCARA/install/yolo_msgs' for CMake config files
[0.757s] Level 1:colcon.colcon_core.shell:create_environment_hook('yolo_msgs', 'cmake_prefix_path')
[0.758s] INFO:colcon.colcon_core.shell:Creating environment hook '/home/reach/SCARA/install/yolo_msgs/share/yolo_msgs/hook/cmake_prefix_path.ps1'
[0.758s] INFO:colcon.colcon_core.shell:Creating environment descriptor '/home/reach/SCARA/install/yolo_msgs/share/yolo_msgs/hook/cmake_prefix_path.dsv'
[0.758s] INFO:colcon.colcon_core.shell:Creating environment hook '/home/reach/SCARA/install/yolo_msgs/share/yolo_msgs/hook/cmake_prefix_path.sh'
[0.759s] Level 1:colcon.colcon_core.environment:checking '/home/reach/SCARA/install/yolo_msgs/lib'
[0.759s] Level 1:colcon.colcon_core.shell:create_environment_hook('yolo_msgs', 'ld_library_path_lib')
[0.759s] INFO:colcon.colcon_core.shell:Creating environment hook '/home/reach/SCARA/install/yolo_msgs/share/yolo_msgs/hook/ld_library_path_lib.ps1'
[0.759s] INFO:colcon.colcon_core.shell:Creating environment descriptor '/home/reach/SCARA/install/yolo_msgs/share/yolo_msgs/hook/ld_library_path_lib.dsv'
[0.759s] INFO:colcon.colcon_core.shell:Creating environment hook '/home/reach/SCARA/install/yolo_msgs/share/yolo_msgs/hook/ld_library_path_lib.sh'
[0.760s] Level 1:colcon.colcon_core.environment:checking '/home/reach/SCARA/install/yolo_msgs/bin'
[0.760s] Level 1:colcon.colcon_core.environment:checking '/home/reach/SCARA/install/yolo_msgs/lib/pkgconfig/yolo_msgs.pc'
[0.760s] Level 1:colcon.colcon_core.environment:checking '/home/reach/SCARA/install/yolo_msgs/lib/python3.10/site-packages'
[0.760s] Level 1:colcon.colcon_core.environment:checking '/home/reach/SCARA/install/yolo_msgs/bin'
[0.760s] INFO:colcon.colcon_core.shell:Creating package script '/home/reach/SCARA/install/yolo_msgs/share/yolo_msgs/package.ps1'
[0.762s] INFO:colcon.colcon_core.shell:Creating package descriptor '/home/reach/SCARA/install/yolo_msgs/share/yolo_msgs/package.dsv'
[0.763s] INFO:colcon.colcon_core.shell:Creating package script '/home/reach/SCARA/install/yolo_msgs/share/yolo_msgs/package.sh'
[0.764s] INFO:colcon.colcon_core.shell:Creating package script '/home/reach/SCARA/install/yolo_msgs/share/yolo_msgs/package.bash'
[0.765s] INFO:colcon.colcon_core.shell:Creating package script '/home/reach/SCARA/install/yolo_msgs/share/yolo_msgs/package.zsh'
[0.766s] Level 1:colcon.colcon_core.environment:create_file_with_runtime_dependencies(/home/reach/SCARA/install/yolo_msgs/share/colcon-core/packages/yolo_msgs)
[0.767s] Level 1:colcon.colcon_core.environment:create_environment_scripts_only(yolo_msgs)
[0.767s] Level 1:colcon.colcon_core.environment:checking '/home/reach/SCARA/install/yolo_msgs' for CMake module files
[0.767s] Level 1:colcon.colcon_core.environment:checking '/home/reach/SCARA/install/yolo_msgs' for CMake config files
[0.767s] Level 1:colcon.colcon_core.shell:create_environment_hook('yolo_msgs', 'cmake_prefix_path')
[0.768s] INFO:colcon.colcon_core.shell:Creating environment hook '/home/reach/SCARA/install/yolo_msgs/share/yolo_msgs/hook/cmake_prefix_path.ps1'
[0.768s] INFO:colcon.colcon_core.shell:Creating environment descriptor '/home/reach/SCARA/install/yolo_msgs/share/yolo_msgs/hook/cmake_prefix_path.dsv'
[0.768s] INFO:colcon.colcon_core.shell:Creating environment hook '/home/reach/SCARA/install/yolo_msgs/share/yolo_msgs/hook/cmake_prefix_path.sh'
[0.768s] Level 1:colcon.colcon_core.environment:checking '/home/reach/SCARA/install/yolo_msgs/lib'
[0.768s] Level 1:colcon.colcon_core.shell:create_environment_hook('yolo_msgs', 'ld_library_path_lib')
[0.769s] INFO:colcon.colcon_core.shell:Creating environment hook '/home/reach/SCARA/install/yolo_msgs/share/yolo_msgs/hook/ld_library_path_lib.ps1'
[0.769s] INFO:colcon.colcon_core.shell:Creating environment descriptor '/home/reach/SCARA/install/yolo_msgs/share/yolo_msgs/hook/ld_library_path_lib.dsv'
[0.769s] INFO:colcon.colcon_core.shell:Creating environment hook '/home/reach/SCARA/install/yolo_msgs/share/yolo_msgs/hook/ld_library_path_lib.sh'
[0.769s] Level 1:colcon.colcon_core.environment:checking '/home/reach/SCARA/install/yolo_msgs/bin'
[0.769s] Level 1:colcon.colcon_core.environment:checking '/home/reach/SCARA/install/yolo_msgs/lib/pkgconfig/yolo_msgs.pc'
[0.769s] Level 1:colcon.colcon_core.environment:checking '/home/reach/SCARA/install/yolo_msgs/lib/python3.10/site-packages'
[0.770s] Level 1:colcon.colcon_core.environment:checking '/home/reach/SCARA/install/yolo_msgs/bin'
[0.770s] INFO:colcon.colcon_core.shell:Creating package script '/home/reach/SCARA/install/yolo_msgs/share/yolo_msgs/package.ps1'
[0.770s] INFO:colcon.colcon_core.shell:Creating package descriptor '/home/reach/SCARA/install/yolo_msgs/share/yolo_msgs/package.dsv'
[0.770s] INFO:colcon.colcon_core.shell:Creating package script '/home/reach/SCARA/install/yolo_msgs/share/yolo_msgs/package.sh'
[0.771s] INFO:colcon.colcon_core.shell:Creating package script '/home/reach/SCARA/install/yolo_msgs/share/yolo_msgs/package.bash'
[0.771s] INFO:colcon.colcon_core.shell:Creating package script '/home/reach/SCARA/install/yolo_msgs/share/yolo_msgs/package.zsh'
[0.771s] Level 1:colcon.colcon_core.environment:create_file_with_runtime_dependencies(/home/reach/SCARA/install/yolo_msgs/share/colcon-core/packages/yolo_msgs)
[0.772s] INFO:colcon.colcon_ros.task.ament_python.build:Building ROS package in '/home/reach/SCARA/src/yolo_ros/yolo_ros' with build type 'ament_python'
[0.772s] Level 1:colcon.colcon_core.shell:create_environment_hook('yolo_ros', 'ament_prefix_path')
[0.772s] INFO:colcon.colcon_core.shell:Creating environment hook '/home/reach/SCARA/install/yolo_ros/share/yolo_ros/hook/ament_prefix_path.ps1'
[0.772s] INFO:colcon.colcon_core.shell:Creating environment descriptor '/home/reach/SCARA/install/yolo_ros/share/yolo_ros/hook/ament_prefix_path.dsv'
[0.773s] INFO:colcon.colcon_core.shell:Creating environment hook '/home/reach/SCARA/install/yolo_ros/share/yolo_ros/hook/ament_prefix_path.sh'
[0.773s] INFO:colcon.colcon_core.shell:Skip shell extension 'powershell' for command environment: Not usable outside of PowerShell
[0.773s] DEBUG:colcon.colcon_core.shell:Skip shell extension 'dsv' for command environment
[0.969s] INFO:colcon.colcon_core.task.python.build:Building Python package in '/home/reach/SCARA/src/yolo_ros/yolo_ros'
[0.969s] INFO:colcon.colcon_core.shell:Skip shell extension 'powershell' for command environment: Not usable outside of PowerShell
[0.969s] DEBUG:colcon.colcon_core.shell:Skip shell extension 'dsv' for command environment
[0.973s] DEBUG:colcon.colcon_core.event_handler.log_command:Invoking command in '/home/reach/SCARA/src/SCARA_pkg': PYTHONPATH=/home/reach/SCARA/build/SCARA_pkg/prefix_override:/usr/lib/python3/dist-packages/colcon_core/task/python/colcon_distutils_commands:/home/reach/SCARA/install/SCARA_pkg/lib/python3.10/site-packages:${PYTHONPATH} /usr/bin/python3 -W ignore:setup.py install is deprecated -W ignore:easy_install command is deprecated setup.py egg_info --egg-base ../../build/SCARA_pkg build --build-base /home/reach/SCARA/build/SCARA_pkg/build install --record /home/reach/SCARA/build/SCARA_pkg/install.log --single-version-externally-managed install_data
[1.191s] Level 1:colcon.colcon_core.environment:checking '/home/reach/SCARA/install/SCARA_pkg' for CMake module files
[1.191s] DEBUG:colcon.colcon_core.event_handler.log_command:Invoked command in '/home/reach/SCARA/src/SCARA_pkg' returned '0': PYTHONPATH=/home/reach/SCARA/build/SCARA_pkg/prefix_override:/usr/lib/python3/dist-packages/colcon_core/task/python/colcon_distutils_commands:/home/reach/SCARA/install/SCARA_pkg/lib/python3.10/site-packages:${PYTHONPATH} /usr/bin/python3 -W ignore:setup.py install is deprecated -W ignore:easy_install command is deprecated setup.py egg_info --egg-base ../../build/SCARA_pkg build --build-base /home/reach/SCARA/build/SCARA_pkg/build install --record /home/reach/SCARA/build/SCARA_pkg/install.log --single-version-externally-managed install_data
[1.192s] Level 1:colcon.colcon_core.environment:checking '/home/reach/SCARA/install/SCARA_pkg' for CMake config files
[1.193s] Level 1:colcon.colcon_core.environment:checking '/home/reach/SCARA/install/SCARA_pkg/lib'
[1.193s] Level 1:colcon.colcon_core.environment:checking '/home/reach/SCARA/install/SCARA_pkg/bin'
[1.193s] Level 1:colcon.colcon_core.environment:checking '/home/reach/SCARA/install/SCARA_pkg/lib/pkgconfig/SCARA_pkg.pc'
[1.193s] Level 1:colcon.colcon_core.environment:checking '/home/reach/SCARA/install/SCARA_pkg/lib/python3.10/site-packages'
[1.193s] Level 1:colcon.colcon_core.shell:create_environment_hook('SCARA_pkg', 'pythonpath')
[1.193s] INFO:colcon.colcon_core.shell:Creating environment hook '/home/reach/SCARA/install/SCARA_pkg/share/SCARA_pkg/hook/pythonpath.ps1'
[1.194s] INFO:colcon.colcon_core.shell:Creating environment descriptor '/home/reach/SCARA/install/SCARA_pkg/share/SCARA_pkg/hook/pythonpath.dsv'
[1.194s] INFO:colcon.colcon_core.shell:Creating environment hook '/home/reach/SCARA/install/SCARA_pkg/share/SCARA_pkg/hook/pythonpath.sh'
[1.194s] Level 1:colcon.colcon_core.environment:checking '/home/reach/SCARA/install/SCARA_pkg/bin'
[1.194s] Level 1:colcon.colcon_core.environment:create_environment_scripts_only(SCARA_pkg)
[1.195s] INFO:colcon.colcon_core.shell:Creating package script '/home/reach/SCARA/install/SCARA_pkg/share/SCARA_pkg/package.ps1'
[1.195s] INFO:colcon.colcon_core.shell:Creating package descriptor '/home/reach/SCARA/install/SCARA_pkg/share/SCARA_pkg/package.dsv'
[1.195s] INFO:colcon.colcon_core.shell:Creating package script '/home/reach/SCARA/install/SCARA_pkg/share/SCARA_pkg/package.sh'
[1.195s] INFO:colcon.colcon_core.shell:Creating package script '/home/reach/SCARA/install/SCARA_pkg/share/SCARA_pkg/package.bash'
[1.196s] INFO:colcon.colcon_core.shell:Creating package script '/home/reach/SCARA/install/SCARA_pkg/share/SCARA_pkg/package.zsh'
[1.196s] Level 1:colcon.colcon_core.environment:create_file_with_runtime_dependencies(/home/reach/SCARA/install/SCARA_pkg/share/colcon-core/packages/SCARA_pkg)
[1.230s] DEBUG:colcon.colcon_core.event_handler.log_command:Invoking command in '/home/reach/SCARA/src/yolo_ros/yolo_ros': CMAKE_PREFIX_PATH=/home/reach/SCARA/install/yolo_msgs:/home/reach/SCARA/install/yolo_bringup PYTHONPATH=/home/reach/SCARA/build/yolo_ros/prefix_override:/usr/lib/python3/dist-packages/colcon_core/task/python/colcon_distutils_commands:/home/reach/SCARA/install/yolo_ros/lib/python3.10/site-packages:${PYTHONPATH} /usr/bin/python3 -W ignore:setup.py install is deprecated -W ignore:easy_install command is deprecated setup.py egg_info --egg-base ../../../build/yolo_ros build --build-base /home/reach/SCARA/build/yolo_ros/build install --record /home/reach/SCARA/build/yolo_ros/install.log --single-version-externally-managed install_data
[1.433s] Level 1:colcon.colcon_core.environment:checking '/home/reach/SCARA/install/yolo_ros' for CMake module files
[1.434s] DEBUG:colcon.colcon_core.event_handler.log_command:Invoked command in '/home/reach/SCARA/src/yolo_ros/yolo_ros' returned '0': CMAKE_PREFIX_PATH=/home/reach/SCARA/install/yolo_msgs:/home/reach/SCARA/install/yolo_bringup PYTHONPATH=/home/reach/SCARA/build/yolo_ros/prefix_override:/usr/lib/python3/dist-packages/colcon_core/task/python/colcon_distutils_commands:/home/reach/SCARA/install/yolo_ros/lib/python3.10/site-packages:${PYTHONPATH} /usr/bin/python3 -W ignore:setup.py install is deprecated -W ignore:easy_install command is deprecated setup.py egg_info --egg-base ../../../build/yolo_ros build --build-base /home/reach/SCARA/build/yolo_ros/build install --record /home/reach/SCARA/build/yolo_ros/install.log --single-version-externally-managed install_data
[1.434s] Level 1:colcon.colcon_core.environment:checking '/home/reach/SCARA/install/yolo_ros' for CMake config files
[1.435s] Level 1:colcon.colcon_core.environment:checking '/home/reach/SCARA/install/yolo_ros/lib'
[1.435s] Level 1:colcon.colcon_core.environment:checking '/home/reach/SCARA/install/yolo_ros/bin'
[1.435s] Level 1:colcon.colcon_core.environment:checking '/home/reach/SCARA/install/yolo_ros/lib/pkgconfig/yolo_ros.pc'
[1.436s] Level 1:colcon.colcon_core.environment:checking '/home/reach/SCARA/install/yolo_ros/lib/python3.10/site-packages'
[1.436s] Level 1:colcon.colcon_core.shell:create_environment_hook('yolo_ros', 'pythonpath')
[1.436s] INFO:colcon.colcon_core.shell:Creating environment hook '/home/reach/SCARA/install/yolo_ros/share/yolo_ros/hook/pythonpath.ps1'
[1.436s] INFO:colcon.colcon_core.shell:Creating environment descriptor '/home/reach/SCARA/install/yolo_ros/share/yolo_ros/hook/pythonpath.dsv'
[1.436s] INFO:colcon.colcon_core.shell:Creating environment hook '/home/reach/SCARA/install/yolo_ros/share/yolo_ros/hook/pythonpath.sh'
[1.437s] Level 1:colcon.colcon_core.environment:checking '/home/reach/SCARA/install/yolo_ros/bin'
[1.437s] Level 1:colcon.colcon_core.environment:create_environment_scripts_only(yolo_ros)
[1.437s] INFO:colcon.colcon_core.shell:Creating package script '/home/reach/SCARA/install/yolo_ros/share/yolo_ros/package.ps1'
[1.437s] INFO:colcon.colcon_core.shell:Creating package descriptor '/home/reach/SCARA/install/yolo_ros/share/yolo_ros/package.dsv'
[1.438s] INFO:colcon.colcon_core.shell:Creating package script '/home/reach/SCARA/install/yolo_ros/share/yolo_ros/package.sh'
[1.438s] INFO:colcon.colcon_core.shell:Creating package script '/home/reach/SCARA/install/yolo_ros/share/yolo_ros/package.bash'
[1.438s] INFO:colcon.colcon_core.shell:Creating package script '/home/reach/SCARA/install/yolo_ros/share/yolo_ros/package.zsh'
[1.438s] Level 1:colcon.colcon_core.environment:create_file_with_runtime_dependencies(/home/reach/SCARA/install/yolo_ros/share/colcon-core/packages/yolo_ros)
[1.439s] INFO:colcon.colcon_ros.task.ament_cmake.build:Building ROS package in '/home/reach/SCARA/src/yolo_ros/yolo_bringup' with build type 'ament_cmake'
[1.439s] INFO:colcon.colcon_cmake.task.cmake.build:Building CMake package in '/home/reach/SCARA/src/yolo_ros/yolo_bringup'
[1.439s] INFO:colcon.colcon_core.shell:Skip shell extension 'powershell' for command environment: Not usable outside of PowerShell
[1.439s] DEBUG:colcon.colcon_core.shell:Skip shell extension 'dsv' for command environment
[1.447s] DEBUG:colcon.colcon_core.event_handler.log_command:Invoking command in '/home/reach/SCARA/build/yolo_bringup': AMENT_PREFIX_PATH=/home/reach/SCARA/install/yolo_ros:/home/reach/SCARA/install/yolo_bringup:/home/reach/SCARA/install/yolo_msgs:/home/reach/SCARA/install/SCARA_pkg:/opt/ros/humble CMAKE_PREFIX_PATH=/home/reach/SCARA/install/yolo_msgs:/home/reach/SCARA/install/yolo_bringup:/home/reach/SCARA/install/yolo_ros:/home/reach/SCARA/install/SCARA_pkg:/opt/ros/humble /usr/bin/cmake --build /home/reach/SCARA/build/yolo_bringup -- -j8 -l8
[1.475s] DEBUG:colcon.colcon_core.event_handler.log_command:Invoked command in '/home/reach/SCARA/build/yolo_bringup' returned '0': AMENT_PREFIX_PATH=/home/reach/SCARA/install/yolo_ros:/home/reach/SCARA/install/yolo_bringup:/home/reach/SCARA/install/yolo_msgs:/home/reach/SCARA/install/SCARA_pkg:/opt/ros/humble CMAKE_PREFIX_PATH=/home/reach/SCARA/install/yolo_msgs:/home/reach/SCARA/install/yolo_bringup:/home/reach/SCARA/install/yolo_ros:/home/reach/SCARA/install/SCARA_pkg:/opt/ros/humble /usr/bin/cmake --build /home/reach/SCARA/build/yolo_bringup -- -j8 -l8
[1.477s] DEBUG:colcon.colcon_core.event_handler.log_command:Invoking command in '/home/reach/SCARA/build/yolo_bringup': AMENT_PREFIX_PATH=/home/reach/SCARA/install/yolo_ros:/home/reach/SCARA/install/yolo_bringup:/home/reach/SCARA/install/yolo_msgs:/home/reach/SCARA/install/SCARA_pkg:/opt/ros/humble CMAKE_PREFIX_PATH=/home/reach/SCARA/install/yolo_msgs:/home/reach/SCARA/install/yolo_bringup:/home/reach/SCARA/install/yolo_ros:/home/reach/SCARA/install/SCARA_pkg:/opt/ros/humble /usr/bin/cmake --install /home/reach/SCARA/build/yolo_bringup
[1.484s] Level 1:colcon.colcon_core.environment:create_environment_scripts_only(yolo_bringup)
[1.484s] Level 1:colcon.colcon_core.environment:checking '/home/reach/SCARA/install/yolo_bringup' for CMake module files
[1.484s] DEBUG:colcon.colcon_core.event_handler.log_command:Invoked command in '/home/reach/SCARA/build/yolo_bringup' returned '0': AMENT_PREFIX_PATH=/home/reach/SCARA/install/yolo_ros:/home/reach/SCARA/install/yolo_bringup:/home/reach/SCARA/install/yolo_msgs:/home/reach/SCARA/install/SCARA_pkg:/opt/ros/humble CMAKE_PREFIX_PATH=/home/reach/SCARA/install/yolo_msgs:/home/reach/SCARA/install/yolo_bringup:/home/reach/SCARA/install/yolo_ros:/home/reach/SCARA/install/SCARA_pkg:/opt/ros/humble /usr/bin/cmake --install /home/reach/SCARA/build/yolo_bringup
[1.485s] Level 1:colcon.colcon_core.environment:checking '/home/reach/SCARA/install/yolo_bringup' for CMake config files
[1.485s] Level 1:colcon.colcon_core.shell:create_environment_hook('yolo_bringup', 'cmake_prefix_path')
[1.485s] INFO:colcon.colcon_core.shell:Creating environment hook '/home/reach/SCARA/install/yolo_bringup/share/yolo_bringup/hook/cmake_prefix_path.ps1'
[1.486s] INFO:colcon.colcon_core.shell:Creating environment descriptor '/home/reach/SCARA/install/yolo_bringup/share/yolo_bringup/hook/cmake_prefix_path.dsv'
[1.486s] INFO:colcon.colcon_core.shell:Creating environment hook '/home/reach/SCARA/install/yolo_bringup/share/yolo_bringup/hook/cmake_prefix_path.sh'
[1.486s] Level 1:colcon.colcon_core.environment:checking '/home/reach/SCARA/install/yolo_bringup/bin'
[1.486s] Level 1:colcon.colcon_core.environment:checking '/home/reach/SCARA/install/yolo_bringup/lib/pkgconfig/yolo_bringup.pc'
[1.487s] Level 1:colcon.colcon_core.environment:checking '/home/reach/SCARA/install/yolo_bringup/lib/python3.10/site-packages'
[1.487s] Level 1:colcon.colcon_core.environment:checking '/home/reach/SCARA/install/yolo_bringup/bin'
[1.487s] INFO:colcon.colcon_core.shell:Creating package script '/home/reach/SCARA/install/yolo_bringup/share/yolo_bringup/package.ps1'
[1.487s] INFO:colcon.colcon_core.shell:Creating package descriptor '/home/reach/SCARA/install/yolo_bringup/share/yolo_bringup/package.dsv'
[1.488s] INFO:colcon.colcon_core.shell:Creating package script '/home/reach/SCARA/install/yolo_bringup/share/yolo_bringup/package.sh'
[1.488s] INFO:colcon.colcon_core.shell:Creating package script '/home/reach/SCARA/install/yolo_bringup/share/yolo_bringup/package.bash'
[1.488s] INFO:colcon.colcon_core.shell:Creating package script '/home/reach/SCARA/install/yolo_bringup/share/yolo_bringup/package.zsh'
[1.488s] Level 1:colcon.colcon_core.environment:create_file_with_runtime_dependencies(/home/reach/SCARA/install/yolo_bringup/share/colcon-core/packages/yolo_bringup)
[1.489s] Level 1:colcon.colcon_core.environment:create_environment_scripts_only(yolo_bringup)
[1.489s] Level 1:colcon.colcon_core.environment:checking '/home/reach/SCARA/install/yolo_bringup' for CMake module files
[1.489s] Level 1:colcon.colcon_core.environment:checking '/home/reach/SCARA/install/yolo_bringup' for CMake config files
[1.489s] Level 1:colcon.colcon_core.shell:create_environment_hook('yolo_bringup', 'cmake_prefix_path')
[1.489s] INFO:colcon.colcon_core.shell:Creating environment hook '/home/reach/SCARA/install/yolo_bringup/share/yolo_bringup/hook/cmake_prefix_path.ps1'
[1.489s] INFO:colcon.colcon_core.shell:Creating environment descriptor '/home/reach/SCARA/install/yolo_bringup/share/yolo_bringup/hook/cmake_prefix_path.dsv'
[1.490s] INFO:colcon.colcon_core.shell:Creating environment hook '/home/reach/SCARA/install/yolo_bringup/share/yolo_bringup/hook/cmake_prefix_path.sh'
[1.490s] Level 1:colcon.colcon_core.environment:checking '/home/reach/SCARA/install/yolo_bringup/bin'
[1.490s] Level 1:colcon.colcon_core.environment:checking '/home/reach/SCARA/install/yolo_bringup/lib/pkgconfig/yolo_bringup.pc'
[1.490s] Level 1:colcon.colcon_core.environment:checking '/home/reach/SCARA/install/yolo_bringup/lib/python3.10/site-packages'
[1.490s] Level 1:colcon.colcon_core.environment:checking '/home/reach/SCARA/install/yolo_bringup/bin'
[1.491s] INFO:colcon.colcon_core.shell:Creating package script '/home/reach/SCARA/install/yolo_bringup/share/yolo_bringup/package.ps1'
[1.491s] INFO:colcon.colcon_core.shell:Creating package descriptor '/home/reach/SCARA/install/yolo_bringup/share/yolo_bringup/package.dsv'
[1.491s] INFO:colcon.colcon_core.shell:Creating package script '/home/reach/SCARA/install/yolo_bringup/share/yolo_bringup/package.sh'
[1.492s] INFO:colcon.colcon_core.shell:Creating package script '/home/reach/SCARA/install/yolo_bringup/share/yolo_bringup/package.bash'
[1.492s] INFO:colcon.colcon_core.shell:Creating package script '/home/reach/SCARA/install/yolo_bringup/share/yolo_bringup/package.zsh'
[1.492s] Level 1:colcon.colcon_core.environment:create_file_with_runtime_dependencies(/home/reach/SCARA/install/yolo_bringup/share/colcon-core/packages/yolo_bringup)
[1.492s] DEBUG:colcon.colcon_parallel_executor.executor.parallel:closing loop
[1.493s] DEBUG:colcon.colcon_parallel_executor.executor.parallel:loop closed
[1.493s] DEBUG:colcon.colcon_parallel_executor.executor.parallel:run_until_complete finished with '0'
[1.493s] DEBUG:colcon.colcon_core.event_reactor:joining thread
[1.497s] INFO:colcon.colcon_core.plugin_system:Skipping extension 'colcon_notification.desktop_notification.terminal_notifier': Not used on non-Darwin systems
[1.497s] INFO:colcon.colcon_core.plugin_system:Skipping extension 'colcon_notification.desktop_notification.win32': Not used on non-Windows systems
[1.497s] INFO:colcon.colcon_notification.desktop_notification:Sending desktop notification using 'notify2'
[1.523s] DEBUG:colcon.colcon_core.event_reactor:joined thread
[1.524s] INFO:colcon.colcon_core.shell:Creating prefix script '/home/reach/SCARA/install/local_setup.ps1'
[1.525s] INFO:colcon.colcon_core.shell:Creating prefix util module '/home/reach/SCARA/install/_local_setup_util_ps1.py'
[1.526s] INFO:colcon.colcon_core.shell:Creating prefix chain script '/home/reach/SCARA/install/setup.ps1'
[1.527s] INFO:colcon.colcon_core.shell:Creating prefix script '/home/reach/SCARA/install/local_setup.sh'
[1.528s] INFO:colcon.colcon_core.shell:Creating prefix util module '/home/reach/SCARA/install/_local_setup_util_sh.py'
[1.529s] INFO:colcon.colcon_core.shell:Creating prefix chain script '/home/reach/SCARA/install/setup.sh'
[1.530s] INFO:colcon.colcon_core.shell:Creating prefix script '/home/reach/SCARA/install/local_setup.bash'
[1.531s] INFO:colcon.colcon_core.shell:Creating prefix chain script '/home/reach/SCARA/install/setup.bash'
[1.532s] INFO:colcon.colcon_core.shell:Creating prefix script '/home/reach/SCARA/install/local_setup.zsh'
[1.533s] INFO:colcon.colcon_core.shell:Creating prefix chain script '/home/reach/SCARA/install/setup.zsh'
