[0.590s] Invoking command in '/home/reach/SCARA/src/SCARA_pkg': PYTHONPATH=/home/reach/SCARA/build/SCARA_pkg/prefix_override:/usr/lib/python3/dist-packages/colcon_core/task/python/colcon_distutils_commands:/home/reach/SCARA/install/SCARA_pkg/lib/python3.10/site-packages:${PYTHONPATH} /usr/bin/python3 -W ignore:setup.py install is deprecated -W ignore:easy_install command is deprecated setup.py egg_info --egg-base ../../build/SCARA_pkg build --build-base /home/reach/SCARA/build/SCARA_pkg/build install --record /home/reach/SCARA/build/SCARA_pkg/install.log --single-version-externally-managed install_data
[0.758s] running egg_info
[0.758s] writing ../../build/SCARA_pkg/SCARA_pkg.egg-info/PKG-INFO
[0.758s] writing dependency_links to ../../build/SCARA_pkg/SCARA_pkg.egg-info/dependency_links.txt
[0.759s] writing entry points to ../../build/SCARA_pkg/SCARA_pkg.egg-info/entry_points.txt
[0.759s] writing requirements to ../../build/SCARA_pkg/SCARA_pkg.egg-info/requires.txt
[0.759s] writing top-level names to ../../build/SCARA_pkg/SCARA_pkg.egg-info/top_level.txt
[0.760s] reading manifest file '../../build/SCARA_pkg/SCARA_pkg.egg-info/SOURCES.txt'
[0.761s] writing manifest file '../../build/SCARA_pkg/SCARA_pkg.egg-info/SOURCES.txt'
[0.762s] running build
[0.762s] running build_py
[0.762s] copying SCARA_pkg/motor_selection.py -> /home/reach/SCARA/build/SCARA_pkg/build/lib/SCARA_pkg
[0.763s] running install
[0.763s] running install_lib
[0.764s] copying /home/reach/SCARA/build/SCARA_pkg/build/lib/SCARA_pkg/motor_selection.py -> /home/reach/SCARA/install/SCARA_pkg/lib/python3.10/site-packages/SCARA_pkg
[0.764s] byte-compiling /home/reach/SCARA/install/SCARA_pkg/lib/python3.10/site-packages/SCARA_pkg/motor_selection.py to motor_selection.cpython-310.pyc
[0.767s] running install_data
[0.767s] running install_egg_info
[0.768s] removing '/home/reach/SCARA/install/SCARA_pkg/lib/python3.10/site-packages/SCARA_pkg-0.0.0-py3.10.egg-info' (and everything under it)
[0.769s] Copying ../../build/SCARA_pkg/SCARA_pkg.egg-info to /home/reach/SCARA/install/SCARA_pkg/lib/python3.10/site-packages/SCARA_pkg-0.0.0-py3.10.egg-info
[0.769s] running install_scripts
[0.785s] Installing camdetect script to /home/reach/SCARA/install/SCARA_pkg/lib/SCARA_pkg
[0.785s] Installing fkpos script to /home/reach/SCARA/install/SCARA_pkg/lib/SCARA_pkg
[0.786s] Installing ikpos script to /home/reach/SCARA/install/SCARA_pkg/lib/SCARA_pkg
[0.787s] Installing motor_selection script to /home/reach/SCARA/install/SCARA_pkg/lib/SCARA_pkg
[0.787s] Installing newposition script to /home/reach/SCARA/install/SCARA_pkg/lib/SCARA_pkg
[0.787s] Installing position script to /home/reach/SCARA/install/SCARA_pkg/lib/SCARA_pkg
[0.788s] Installing positionradient script to /home/reach/SCARA/install/SCARA_pkg/lib/SCARA_pkg
[0.789s] writing list of installed files to '/home/reach/SCARA/build/SCARA_pkg/install.log'
[0.808s] Invoked command in '/home/reach/SCARA/src/SCARA_pkg' returned '0': PYTHONPATH=/home/reach/SCARA/build/SCARA_pkg/prefix_override:/usr/lib/python3/dist-packages/colcon_core/task/python/colcon_distutils_commands:/home/reach/SCARA/install/SCARA_pkg/lib/python3.10/site-packages:${PYTHONPATH} /usr/bin/python3 -W ignore:setup.py install is deprecated -W ignore:easy_install command is deprecated setup.py egg_info --egg-base ../../build/SCARA_pkg build --build-base /home/reach/SCARA/build/SCARA_pkg/build install --record /home/reach/SCARA/build/SCARA_pkg/install.log --single-version-externally-managed install_data
