[0.007s] Invoking command in '/home/reach/SCARA/build/yolo_bringup': AMENT_PREFIX_PATH=/home/reach/SCARA/install/yolo_ros:/home/reach/SCARA/install/yolo_pick_place:/home/reach/SCARA/install/yolo_bringup:/home/reach/SCARA/install/yolo_msgs:/home/reach/SCARA/install/SCARA_pkg:/opt/ros/humble CMAKE_PREFIX_PATH=/home/reach/SCARA/install/yolo_msgs:/home/reach/SCARA/install/yolo_bringup:/home/reach/SCARA/install/yolo_pick_place:/home/reach/SCARA/install/yolo_ros:/home/reach/SCARA/install/SCARA_pkg:/opt/ros/humble PYTHONPATH=/home/reach/SCARA/install/yolo_ros/lib/python3.10/site-packages:/home/reach/SCARA/install/yolo_pick_place/lib/python3.10/site-packages:/home/reach/SCARA/install/yolo_msgs/local/lib/python3.10/dist-packages:/home/reach/SCARA/install/SCARA_pkg/lib/python3.10/site-packages:/opt/ros/humble/lib/python3.10/site-packages:/opt/ros/humble/local/lib/python3.10/dist-packages /usr/bin/cmake --build /home/reach/SCARA/build/yolo_bringup -- -j8 -l8
[0.038s] Invoked command in '/home/reach/SCARA/build/yolo_bringup' returned '0': AMENT_PREFIX_PATH=/home/reach/SCARA/install/yolo_ros:/home/reach/SCARA/install/yolo_pick_place:/home/reach/SCARA/install/yolo_bringup:/home/reach/SCARA/install/yolo_msgs:/home/reach/SCARA/install/SCARA_pkg:/opt/ros/humble CMAKE_PREFIX_PATH=/home/reach/SCARA/install/yolo_msgs:/home/reach/SCARA/install/yolo_bringup:/home/reach/SCARA/install/yolo_pick_place:/home/reach/SCARA/install/yolo_ros:/home/reach/SCARA/install/SCARA_pkg:/opt/ros/humble PYTHONPATH=/home/reach/SCARA/install/yolo_ros/lib/python3.10/site-packages:/home/reach/SCARA/install/yolo_pick_place/lib/python3.10/site-packages:/home/reach/SCARA/install/yolo_msgs/local/lib/python3.10/dist-packages:/home/reach/SCARA/install/SCARA_pkg/lib/python3.10/site-packages:/opt/ros/humble/lib/python3.10/site-packages:/opt/ros/humble/local/lib/python3.10/dist-packages /usr/bin/cmake --build /home/reach/SCARA/build/yolo_bringup -- -j8 -l8
[0.038s] Invoking command in '/home/reach/SCARA/build/yolo_bringup': AMENT_PREFIX_PATH=/home/reach/SCARA/install/yolo_ros:/home/reach/SCARA/install/yolo_pick_place:/home/reach/SCARA/install/yolo_bringup:/home/reach/SCARA/install/yolo_msgs:/home/reach/SCARA/install/SCARA_pkg:/opt/ros/humble CMAKE_PREFIX_PATH=/home/reach/SCARA/install/yolo_msgs:/home/reach/SCARA/install/yolo_bringup:/home/reach/SCARA/install/yolo_pick_place:/home/reach/SCARA/install/yolo_ros:/home/reach/SCARA/install/SCARA_pkg:/opt/ros/humble PYTHONPATH=/home/reach/SCARA/install/yolo_ros/lib/python3.10/site-packages:/home/reach/SCARA/install/yolo_pick_place/lib/python3.10/site-packages:/home/reach/SCARA/install/yolo_msgs/local/lib/python3.10/dist-packages:/home/reach/SCARA/install/SCARA_pkg/lib/python3.10/site-packages:/opt/ros/humble/lib/python3.10/site-packages:/opt/ros/humble/local/lib/python3.10/dist-packages /usr/bin/cmake --install /home/reach/SCARA/build/yolo_bringup
[0.045s] -- Install configuration: ""
[0.045s] -- Up-to-date: /home/reach/SCARA/install/yolo_bringup/share/yolo_bringup//launch
[0.045s] -- Up-to-date: /home/reach/SCARA/install/yolo_bringup/share/yolo_bringup//launch/yolov5.launch.py
[0.045s] -- Up-to-date: /home/reach/SCARA/install/yolo_bringup/share/yolo_bringup//launch/yolov9.launch.py
[0.045s] -- Up-to-date: /home/reach/SCARA/install/yolo_bringup/share/yolo_bringup//launch/yolov10.launch.py
[0.045s] -- Up-to-date: /home/reach/SCARA/install/yolo_bringup/share/yolo_bringup//launch/yolov8.launch.py
[0.045s] -- Up-to-date: /home/reach/SCARA/install/yolo_bringup/share/yolo_bringup//launch/yoloe.launch.py
[0.045s] -- Up-to-date: /home/reach/SCARA/install/yolo_bringup/share/yolo_bringup//launch/yolo-world.launch.py
[0.046s] -- Up-to-date: /home/reach/SCARA/install/yolo_bringup/share/yolo_bringup//launch/yolo.launch.py
[0.046s] -- Up-to-date: /home/reach/SCARA/install/yolo_bringup/share/yolo_bringup//launch/yolov12.launch.py
[0.046s] -- Up-to-date: /home/reach/SCARA/install/yolo_bringup/share/yolo_bringup//launch/yolov26.launch.py
[0.046s] -- Up-to-date: /home/reach/SCARA/install/yolo_bringup/share/yolo_bringup//launch/yolov11.launch.py
[0.046s] -- Up-to-date: /home/reach/SCARA/install/yolo_bringup/share/ament_index/resource_index/package_run_dependencies/yolo_bringup
[0.046s] -- Up-to-date: /home/reach/SCARA/install/yolo_bringup/share/ament_index/resource_index/parent_prefix_path/yolo_bringup
[0.046s] -- Up-to-date: /home/reach/SCARA/install/yolo_bringup/share/yolo_bringup/environment/ament_prefix_path.sh
[0.046s] -- Up-to-date: /home/reach/SCARA/install/yolo_bringup/share/yolo_bringup/environment/ament_prefix_path.dsv
[0.046s] -- Up-to-date: /home/reach/SCARA/install/yolo_bringup/share/yolo_bringup/environment/path.sh
[0.046s] -- Up-to-date: /home/reach/SCARA/install/yolo_bringup/share/yolo_bringup/environment/path.dsv
[0.046s] -- Up-to-date: /home/reach/SCARA/install/yolo_bringup/share/yolo_bringup/local_setup.bash
[0.046s] -- Up-to-date: /home/reach/SCARA/install/yolo_bringup/share/yolo_bringup/local_setup.sh
[0.046s] -- Up-to-date: /home/reach/SCARA/install/yolo_bringup/share/yolo_bringup/local_setup.zsh
[0.046s] -- Up-to-date: /home/reach/SCARA/install/yolo_bringup/share/yolo_bringup/local_setup.dsv
[0.046s] -- Installing: /home/reach/SCARA/install/yolo_bringup/share/yolo_bringup/package.dsv
[0.046s] -- Up-to-date: /home/reach/SCARA/install/yolo_bringup/share/ament_index/resource_index/packages/yolo_bringup
[0.046s] -- Up-to-date: /home/reach/SCARA/install/yolo_bringup/share/yolo_bringup/cmake/yolo_bringupConfig.cmake
[0.046s] -- Up-to-date: /home/reach/SCARA/install/yolo_bringup/share/yolo_bringup/cmake/yolo_bringupConfig-version.cmake
[0.046s] -- Up-to-date: /home/reach/SCARA/install/yolo_bringup/share/yolo_bringup/package.xml
[0.048s] Invoked command in '/home/reach/SCARA/build/yolo_bringup' returned '0': AMENT_PREFIX_PATH=/home/reach/SCARA/install/yolo_ros:/home/reach/SCARA/install/yolo_pick_place:/home/reach/SCARA/install/yolo_bringup:/home/reach/SCARA/install/yolo_msgs:/home/reach/SCARA/install/SCARA_pkg:/opt/ros/humble CMAKE_PREFIX_PATH=/home/reach/SCARA/install/yolo_msgs:/home/reach/SCARA/install/yolo_bringup:/home/reach/SCARA/install/yolo_pick_place:/home/reach/SCARA/install/yolo_ros:/home/reach/SCARA/install/SCARA_pkg:/opt/ros/humble PYTHONPATH=/home/reach/SCARA/install/yolo_ros/lib/python3.10/site-packages:/home/reach/SCARA/install/yolo_pick_place/lib/python3.10/site-packages:/home/reach/SCARA/install/yolo_msgs/local/lib/python3.10/dist-packages:/home/reach/SCARA/install/SCARA_pkg/lib/python3.10/site-packages:/opt/ros/humble/lib/python3.10/site-packages:/opt/ros/humble/local/lib/python3.10/dist-packages /usr/bin/cmake --install /home/reach/SCARA/build/yolo_bringup
