[0.497s] Invoking command in '/home/reach/SCARA/src/SCARA_pkg': PYTHONPATH=/home/reach/SCARA/build/SCARA_pkg/prefix_override:/usr/lib/python3/dist-packages/colcon_core/task/python/colcon_distutils_commands:/home/reach/SCARA/install/SCARA_pkg/lib/python3.10/site-packages:${PYTHONPATH} /usr/bin/python3 -W ignore:setup.py install is deprecated -W ignore:easy_install command is deprecated setup.py egg_info --egg-base ../../build/SCARA_pkg build --build-base /home/reach/SCARA/build/SCARA_pkg/build install --record /home/reach/SCARA/build/SCARA_pkg/install.log --single-version-externally-managed install_data
[0.655s] running egg_info
[0.656s] writing ../../build/SCARA_pkg/SCARA_pkg.egg-info/PKG-INFO
[0.656s] writing dependency_links to ../../build/SCARA_pkg/SCARA_pkg.egg-info/dependency_links.txt
[0.656s] writing entry points to ../../build/SCARA_pkg/SCARA_pkg.egg-info/entry_points.txt
[0.656s] writing requirements to ../../build/SCARA_pkg/SCARA_pkg.egg-info/requires.txt
[0.657s] writing top-level names to ../../build/SCARA_pkg/SCARA_pkg.egg-info/top_level.txt
[0.658s] reading manifest file '../../build/SCARA_pkg/SCARA_pkg.egg-info/SOURCES.txt'
[0.659s] writing manifest file '../../build/SCARA_pkg/SCARA_pkg.egg-info/SOURCES.txt'
[0.659s] running build
[0.659s] running build_py
[0.660s] copying SCARA_pkg/camdetect.py -> /home/reach/SCARA/build/SCARA_pkg/build/lib/SCARA_pkg
[0.660s] running install
[0.660s] running install_lib
[0.662s] copying /home/reach/SCARA/build/SCARA_pkg/build/lib/SCARA_pkg/camdetect.py -> /home/reach/SCARA/install/SCARA_pkg/lib/python3.10/site-packages/SCARA_pkg
[0.662s] byte-compiling /home/reach/SCARA/install/SCARA_pkg/lib/python3.10/site-packages/SCARA_pkg/camdetect.py to camdetect.cpython-310.pyc
[0.663s] running install_data
[0.663s] running install_egg_info
[0.665s] removing '/home/reach/SCARA/install/SCARA_pkg/lib/python3.10/site-packages/SCARA_pkg-0.0.0-py3.10.egg-info' (and everything under it)
[0.665s] Copying ../../build/SCARA_pkg/SCARA_pkg.egg-info to /home/reach/SCARA/install/SCARA_pkg/lib/python3.10/site-packages/SCARA_pkg-0.0.0-py3.10.egg-info
[0.666s] running install_scripts
[0.679s] Installing camdetect script to /home/reach/SCARA/install/SCARA_pkg/lib/SCARA_pkg
[0.679s] Installing fkpos script to /home/reach/SCARA/install/SCARA_pkg/lib/SCARA_pkg
[0.679s] Installing ikpos script to /home/reach/SCARA/install/SCARA_pkg/lib/SCARA_pkg
[0.679s] Installing motor_selection script to /home/reach/SCARA/install/SCARA_pkg/lib/SCARA_pkg
[0.679s] Installing newposition script to /home/reach/SCARA/install/SCARA_pkg/lib/SCARA_pkg
[0.679s] Installing position script to /home/reach/SCARA/install/SCARA_pkg/lib/SCARA_pkg
[0.679s] Installing positionradient script to /home/reach/SCARA/install/SCARA_pkg/lib/SCARA_pkg
[0.680s] writing list of installed files to '/home/reach/SCARA/build/SCARA_pkg/install.log'
[0.699s] Invoked command in '/home/reach/SCARA/src/SCARA_pkg' returned '0': PYTHONPATH=/home/reach/SCARA/build/SCARA_pkg/prefix_override:/usr/lib/python3/dist-packages/colcon_core/task/python/colcon_distutils_commands:/home/reach/SCARA/install/SCARA_pkg/lib/python3.10/site-packages:${PYTHONPATH} /usr/bin/python3 -W ignore:setup.py install is deprecated -W ignore:easy_install command is deprecated setup.py egg_info --egg-base ../../build/SCARA_pkg build --build-base /home/reach/SCARA/build/SCARA_pkg/build install --record /home/reach/SCARA/build/SCARA_pkg/install.log --single-version-externally-managed install_data
