[0.085s] DEBUG:colcon:Command line arguments: ['/usr/bin/colcon', 'build']
[0.085s] DEBUG:colcon:Parsed command line arguments: Namespace(log_base=None, log_level=None, verb_name='build', build_base='build', install_base='install', merge_install=False, symlink_install=False, test_result_base=None, continue_on_error=False, executor='parallel', parallel_workers=8, event_handlers=None, ignore_user_meta=False, metas=['./colcon.meta'], base_paths=['.'], packages_ignore=None, packages_ignore_regex=None, paths=None, packages_up_to=None, packages_up_to_regex=None, packages_above=None, packages_above_and_dependencies=None, packages_above_depth=None, packages_select_by_dep=None, packages_skip_by_dep=None, packages_skip_up_to=None, packages_select_build_failed=False, packages_skip_build_finished=False, packages_select_test_failures=False, packages_skip_test_passed=False, packages_select=None, packages_skip=None, packages_select_regex=None, packages_skip_regex=None, packages_start=None, packages_end=None, allow_overriding=[], cmake_args=None, cmake_target=None, cmake_target_skip_unavailable=False, cmake_clean_cache=False, cmake_clean_first=False, cmake_force_configure=False, ament_cmake_args=None, catkin_cmake_args=None, catkin_skip_building_tests=False, mixin_files=None, mixin=None, verb_parser=<colcon_mixin.mixin.mixin_argument.MixinArgumentDecorator object at 0x70de4ae73970>, verb_extension=<colcon_core.verb.build.BuildVerb object at 0x70de4ae733a0>, main=<bound method BuildVerb.main of <colcon_core.verb.build.BuildVerb object at 0x70de4ae733a0>>, mixin_verb=('build',))
[0.214s] Level 1:colcon.colcon_core.package_discovery:discover_packages(colcon_meta) check parameters
[0.214s] Level 1:colcon.colcon_core.package_discovery:discover_packages(recursive) check parameters
[0.214s] Level 1:colcon.colcon_core.package_discovery:discover_packages(ignore) check parameters
[0.214s] Level 1:colcon.colcon_core.package_discovery:discover_packages(path) check parameters
[0.214s] Level 1:colcon.colcon_core.package_discovery:discover_packages(colcon_meta) discover
[0.214s] Level 1:colcon.colcon_core.package_discovery:discover_packages(recursive) discover
[0.214s] INFO:colcon.colcon_core.package_discovery:Crawling recursively for packages in '/home/reach/SCARA'
[0.214s] Level 1:colcon.colcon_core.package_identification:_identify(.) by extensions ['ignore', 'ignore_ament_install']
[0.215s] Level 1:colcon.colcon_core.package_identification:_identify(.) by extension 'ignore'
[0.215s] Level 1:colcon.colcon_core.package_identification:_identify(.) by extension 'ignore_ament_install'
[0.215s] Level 1:colcon.colcon_core.package_identification:_identify(.) by extensions ['colcon_pkg']
[0.215s] Level 1:colcon.colcon_core.package_identification:_identify(.) by extension 'colcon_pkg'
[0.215s] Level 1:colcon.colcon_core.package_identification:_identify(.) by extensions ['colcon_meta']
[0.215s] Level 1:colcon.colcon_core.package_identification:_identify(.) by extension 'colcon_meta'
[0.215s] Level 1:colcon.colcon_core.package_identification:_identify(.) by extensions ['ros']
[0.215s] Level 1:colcon.colcon_core.package_identification:_identify(.) by extension 'ros'
[0.222s] Level 1:colcon.colcon_core.package_identification:_identify(.) by extensions ['cmake', 'python']
[0.222s] Level 1:colcon.colcon_core.package_identification:_identify(.) by extension 'cmake'
[0.222s] Level 1:colcon.colcon_core.package_identification:_identify(.) by extension 'python'
[0.222s] Level 1:colcon.colcon_core.package_identification:_identify(.) by extensions ['python_setup_py']
[0.222s] Level 1:colcon.colcon_core.package_identification:_identify(.) by extension 'python_setup_py'
[0.223s] Level 1:colcon.colcon_core.package_identification:_identify(build) by extensions ['ignore', 'ignore_ament_install']
[0.223s] Level 1:colcon.colcon_core.package_identification:_identify(build) by extension 'ignore'
[0.223s] Level 1:colcon.colcon_core.package_identification:_identify(build) ignored
[0.223s] Level 1:colcon.colcon_core.package_identification:_identify(install) by extensions ['ignore', 'ignore_ament_install']
[0.223s] Level 1:colcon.colcon_core.package_identification:_identify(install) by extension 'ignore'
[0.223s] Level 1:colcon.colcon_core.package_identification:_identify(install) ignored
[0.223s] Level 1:colcon.colcon_core.package_identification:_identify(log) by extensions ['ignore', 'ignore_ament_install']
[0.223s] Level 1:colcon.colcon_core.package_identification:_identify(log) by extension 'ignore'
[0.223s] Level 1:colcon.colcon_core.package_identification:_identify(log) ignored
[0.223s] Level 1:colcon.colcon_core.package_identification:_identify(src) by extensions ['ignore', 'ignore_ament_install']
[0.223s] Level 1:colcon.colcon_core.package_identification:_identify(src) by extension 'ignore'
[0.223s] Level 1:colcon.colcon_core.package_identification:_identify(src) by extension 'ignore_ament_install'
[0.223s] Level 1:colcon.colcon_core.package_identification:_identify(src) by extensions ['colcon_pkg']
[0.223s] Level 1:colcon.colcon_core.package_identification:_identify(src) by extension 'colcon_pkg'
[0.223s] Level 1:colcon.colcon_core.package_identification:_identify(src) by extensions ['colcon_meta']
[0.223s] Level 1:colcon.colcon_core.package_identification:_identify(src) by extension 'colcon_meta'
[0.223s] Level 1:colcon.colcon_core.package_identification:_identify(src) by extensions ['ros']
[0.223s] Level 1:colcon.colcon_core.package_identification:_identify(src) by extension 'ros'
[0.223s] Level 1:colcon.colcon_core.package_identification:_identify(src) by extensions ['cmake', 'python']
[0.223s] Level 1:colcon.colcon_core.package_identification:_identify(src) by extension 'cmake'
[0.223s] Level 1:colcon.colcon_core.package_identification:_identify(src) by extension 'python'
[0.223s] Level 1:colcon.colcon_core.package_identification:_identify(src) by extensions ['python_setup_py']
[0.223s] Level 1:colcon.colcon_core.package_identification:_identify(src) by extension 'python_setup_py'
[0.223s] Level 1:colcon.colcon_core.package_identification:_identify(src/SCARA_pkg) by extensions ['ignore', 'ignore_ament_install']
[0.223s] Level 1:colcon.colcon_core.package_identification:_identify(src/SCARA_pkg) by extension 'ignore'
[0.223s] Level 1:colcon.colcon_core.package_identification:_identify(src/SCARA_pkg) by extension 'ignore_ament_install'
[0.224s] Level 1:colcon.colcon_core.package_identification:_identify(src/SCARA_pkg) by extensions ['colcon_pkg']
[0.224s] Level 1:colcon.colcon_core.package_identification:_identify(src/SCARA_pkg) by extension 'colcon_pkg'
[0.224s] Level 1:colcon.colcon_core.package_identification:_identify(src/SCARA_pkg) by extensions ['colcon_meta']
[0.224s] Level 1:colcon.colcon_core.package_identification:_identify(src/SCARA_pkg) by extension 'colcon_meta'
[0.224s] Level 1:colcon.colcon_core.package_identification:_identify(src/SCARA_pkg) by extensions ['ros']
[0.224s] Level 1:colcon.colcon_core.package_identification:_identify(src/SCARA_pkg) by extension 'ros'
[0.226s] DEBUG:colcon.colcon_core.package_identification:Package 'src/SCARA_pkg' with type 'ros.ament_python' and name 'SCARA_pkg'
[0.227s] Level 1:colcon.colcon_core.package_identification:_identify(src/yolo_ros) by extensions ['ignore', 'ignore_ament_install']
[0.227s] Level 1:colcon.colcon_core.package_identification:_identify(src/yolo_ros) by extension 'ignore'
[0.227s] Level 1:colcon.colcon_core.package_identification:_identify(src/yolo_ros) by extension 'ignore_ament_install'
[0.227s] Level 1:colcon.colcon_core.package_identification:_identify(src/yolo_ros) by extensions ['colcon_pkg']
[0.227s] Level 1:colcon.colcon_core.package_identification:_identify(src/yolo_ros) by extension 'colcon_pkg'
[0.227s] Level 1:colcon.colcon_core.package_identification:_identify(src/yolo_ros) by extensions ['colcon_meta']
[0.227s] Level 1:colcon.colcon_core.package_identification:_identify(src/yolo_ros) by extension 'colcon_meta'
[0.227s] Level 1:colcon.colcon_core.package_identification:_identify(src/yolo_ros) by extensions ['ros']
[0.227s] Level 1:colcon.colcon_core.package_identification:_identify(src/yolo_ros) by extension 'ros'
[0.227s] Level 1:colcon.colcon_core.package_identification:_identify(src/yolo_ros) by extensions ['cmake', 'python']
[0.227s] Level 1:colcon.colcon_core.package_identification:_identify(src/yolo_ros) by extension 'cmake'
[0.227s] Level 1:colcon.colcon_core.package_identification:_identify(src/yolo_ros) by extension 'python'
[0.227s] Level 1:colcon.colcon_core.package_identification:_identify(src/yolo_ros) by extensions ['python_setup_py']
[0.227s] Level 1:colcon.colcon_core.package_identification:_identify(src/yolo_ros) by extension 'python_setup_py'
[0.227s] Level 1:colcon.colcon_core.package_identification:_identify(src/yolo_ros/docs) by extensions ['ignore', 'ignore_ament_install']
[0.227s] Level 1:colcon.colcon_core.package_identification:_identify(src/yolo_ros/docs) by extension 'ignore'
[0.227s] Level 1:colcon.colcon_core.package_identification:_identify(src/yolo_ros/docs) by extension 'ignore_ament_install'
[0.227s] Level 1:colcon.colcon_core.package_identification:_identify(src/yolo_ros/docs) by extensions ['colcon_pkg']
[0.227s] Level 1:colcon.colcon_core.package_identification:_identify(src/yolo_ros/docs) by extension 'colcon_pkg'
[0.227s] Level 1:colcon.colcon_core.package_identification:_identify(src/yolo_ros/docs) by extensions ['colcon_meta']
[0.227s] Level 1:colcon.colcon_core.package_identification:_identify(src/yolo_ros/docs) by extension 'colcon_meta'
[0.227s] Level 1:colcon.colcon_core.package_identification:_identify(src/yolo_ros/docs) by extensions ['ros']
[0.227s] Level 1:colcon.colcon_core.package_identification:_identify(src/yolo_ros/docs) by extension 'ros'
[0.228s] Level 1:colcon.colcon_core.package_identification:_identify(src/yolo_ros/docs) by extensions ['cmake', 'python']
[0.228s] Level 1:colcon.colcon_core.package_identification:_identify(src/yolo_ros/docs) by extension 'cmake'
[0.228s] Level 1:colcon.colcon_core.package_identification:_identify(src/yolo_ros/docs) by extension 'python'
[0.228s] Level 1:colcon.colcon_core.package_identification:_identify(src/yolo_ros/docs) by extensions ['python_setup_py']
[0.228s] Level 1:colcon.colcon_core.package_identification:_identify(src/yolo_ros/docs) by extension 'python_setup_py'
[0.228s] Level 1:colcon.colcon_core.package_identification:_identify(src/yolo_ros/yolo_bringup) by extensions ['ignore', 'ignore_ament_install']
[0.228s] Level 1:colcon.colcon_core.package_identification:_identify(src/yolo_ros/yolo_bringup) by extension 'ignore'
[0.228s] Level 1:colcon.colcon_core.package_identification:_identify(src/yolo_ros/yolo_bringup) by extension 'ignore_ament_install'
[0.228s] Level 1:colcon.colcon_core.package_identification:_identify(src/yolo_ros/yolo_bringup) by extensions ['colcon_pkg']
[0.228s] Level 1:colcon.colcon_core.package_identification:_identify(src/yolo_ros/yolo_bringup) by extension 'colcon_pkg'
[0.228s] Level 1:colcon.colcon_core.package_identification:_identify(src/yolo_ros/yolo_bringup) by extensions ['colcon_meta']
[0.228s] Level 1:colcon.colcon_core.package_identification:_identify(src/yolo_ros/yolo_bringup) by extension 'colcon_meta'
[0.228s] Level 1:colcon.colcon_core.package_identification:_identify(src/yolo_ros/yolo_bringup) by extensions ['ros']
[0.228s] Level 1:colcon.colcon_core.package_identification:_identify(src/yolo_ros/yolo_bringup) by extension 'ros'
[0.228s] DEBUG:colcon.colcon_core.package_identification:Package 'src/yolo_ros/yolo_bringup' with type 'ros.ament_cmake' and name 'yolo_bringup'
[0.229s] Level 1:colcon.colcon_core.package_identification:_identify(src/yolo_ros/yolo_msgs) by extensions ['ignore', 'ignore_ament_install']
[0.229s] Level 1:colcon.colcon_core.package_identification:_identify(src/yolo_ros/yolo_msgs) by extension 'ignore'
[0.229s] Level 1:colcon.colcon_core.package_identification:_identify(src/yolo_ros/yolo_msgs) by extension 'ignore_ament_install'
[0.229s] Level 1:colcon.colcon_core.package_identification:_identify(src/yolo_ros/yolo_msgs) by extensions ['colcon_pkg']
[0.229s] Level 1:colcon.colcon_core.package_identification:_identify(src/yolo_ros/yolo_msgs) by extension 'colcon_pkg'
[0.229s] Level 1:colcon.colcon_core.package_identification:_identify(src/yolo_ros/yolo_msgs) by extensions ['colcon_meta']
[0.229s] Level 1:colcon.colcon_core.package_identification:_identify(src/yolo_ros/yolo_msgs) by extension 'colcon_meta'
[0.229s] Level 1:colcon.colcon_core.package_identification:_identify(src/yolo_ros/yolo_msgs) by extensions ['ros']
[0.229s] Level 1:colcon.colcon_core.package_identification:_identify(src/yolo_ros/yolo_msgs) by extension 'ros'
[0.229s] DEBUG:colcon.colcon_core.package_identification:Package 'src/yolo_ros/yolo_msgs' with type 'ros.ament_cmake' and name 'yolo_msgs'
[0.229s] Level 1:colcon.colcon_core.package_identification:_identify(src/yolo_ros/yolo_ros) by extensions ['ignore', 'ignore_ament_install']
[0.230s] Level 1:colcon.colcon_core.package_identification:_identify(src/yolo_ros/yolo_ros) by extension 'ignore'
[0.230s] Level 1:colcon.colcon_core.package_identification:_identify(src/yolo_ros/yolo_ros) by extension 'ignore_ament_install'
[0.230s] Level 1:colcon.colcon_core.package_identification:_identify(src/yolo_ros/yolo_ros) by extensions ['colcon_pkg']
[0.230s] Level 1:colcon.colcon_core.package_identification:_identify(src/yolo_ros/yolo_ros) by extension 'colcon_pkg'
[0.230s] Level 1:colcon.colcon_core.package_identification:_identify(src/yolo_ros/yolo_ros) by extensions ['colcon_meta']
[0.230s] Level 1:colcon.colcon_core.package_identification:_identify(src/yolo_ros/yolo_ros) by extension 'colcon_meta'
[0.230s] Level 1:colcon.colcon_core.package_identification:_identify(src/yolo_ros/yolo_ros) by extensions ['ros']
[0.230s] Level 1:colcon.colcon_core.package_identification:_identify(src/yolo_ros/yolo_ros) by extension 'ros'
[0.230s] DEBUG:colcon.colcon_core.package_identification:Package 'src/yolo_ros/yolo_ros' with type 'ros.ament_python' and name 'yolo_ros'
[0.230s] Level 1:colcon.colcon_core.package_discovery:discover_packages(recursive) using defaults
[0.230s] Level 1:colcon.colcon_core.package_discovery:discover_packages(ignore) discover
[0.230s] Level 1:colcon.colcon_core.package_discovery:discover_packages(ignore) using defaults
[0.230s] Level 1:colcon.colcon_core.package_discovery:discover_packages(path) discover
[0.231s] Level 1:colcon.colcon_core.package_discovery:discover_packages(path) using defaults
[0.256s] Level 1:colcon.colcon_core.package_discovery:discover_packages(prefix_path) check parameters
[0.256s] Level 1:colcon.colcon_core.package_discovery:discover_packages(prefix_path) discover
[0.258s] DEBUG:colcon.colcon_installed_package_information.package_discovery:Found 1 installed packages in /home/reach/SCARA/install
[0.259s] DEBUG:colcon.colcon_installed_package_information.package_discovery:Found 324 installed packages in /opt/ros/humble
[0.261s] Level 1:colcon.colcon_core.package_discovery:discover_packages(prefix_path) using defaults
[0.287s] Level 5:colcon.colcon_core.verb:set package 'SCARA_pkg' build argument 'cmake_args' from command line to 'None'
[0.287s] Level 5:colcon.colcon_core.verb:set package 'SCARA_pkg' build argument 'cmake_target' from command line to 'None'
[0.287s] Level 5:colcon.colcon_core.verb:set package 'SCARA_pkg' build argument 'cmake_target_skip_unavailable' from command line to 'False'
[0.287s] Level 5:colcon.colcon_core.verb:set package 'SCARA_pkg' build argument 'cmake_clean_cache' from command line to 'False'
[0.287s] Level 5:colcon.colcon_core.verb:set package 'SCARA_pkg' build argument 'cmake_clean_first' from command line to 'False'
[0.287s] Level 5:colcon.colcon_core.verb:set package 'SCARA_pkg' build argument 'cmake_force_configure' from command line to 'False'
[0.287s] Level 5:colcon.colcon_core.verb:set package 'SCARA_pkg' build argument 'ament_cmake_args' from command line to 'None'
[0.287s] Level 5:colcon.colcon_core.verb:set package 'SCARA_pkg' build argument 'catkin_cmake_args' from command line to 'None'
[0.287s] Level 5:colcon.colcon_core.verb:set package 'SCARA_pkg' build argument 'catkin_skip_building_tests' from command line to 'False'
[0.287s] DEBUG:colcon.colcon_core.verb:Building package 'SCARA_pkg' with the following arguments: {'ament_cmake_args': None, 'build_base': '/home/reach/SCARA/build/SCARA_pkg', 'catkin_cmake_args': None, 'catkin_skip_building_tests': False, 'cmake_args': None, 'cmake_clean_cache': False, 'cmake_clean_first': False, 'cmake_force_configure': False, 'cmake_target': None, 'cmake_target_skip_unavailable': False, 'install_base': '/home/reach/SCARA/install/SCARA_pkg', 'merge_install': False, 'path': '/home/reach/SCARA/src/SCARA_pkg', 'symlink_install': False, 'test_result_base': None}
[0.287s] Level 5:colcon.colcon_core.verb:set package 'yolo_msgs' build argument 'cmake_args' from command line to 'None'
[0.287s] Level 5:colcon.colcon_core.verb:set package 'yolo_msgs' build argument 'cmake_target' from command line to 'None'
[0.287s] Level 5:colcon.colcon_core.verb:set package 'yolo_msgs' build argument 'cmake_target_skip_unavailable' from command line to 'False'
[0.287s] Level 5:colcon.colcon_core.verb:set package 'yolo_msgs' build argument 'cmake_clean_cache' from command line to 'False'
[0.287s] Level 5:colcon.colcon_core.verb:set package 'yolo_msgs' build argument 'cmake_clean_first' from command line to 'False'
[0.287s] Level 5:colcon.colcon_core.verb:set package 'yolo_msgs' build argument 'cmake_force_configure' from command line to 'False'
[0.287s] Level 5:colcon.colcon_core.verb:set package 'yolo_msgs' build argument 'ament_cmake_args' from command line to 'None'
[0.287s] Level 5:colcon.colcon_core.verb:set package 'yolo_msgs' build argument 'catkin_cmake_args' from command line to 'None'
[0.287s] Level 5:colcon.colcon_core.verb:set package 'yolo_msgs' build argument 'catkin_skip_building_tests' from command line to 'False'
[0.287s] DEBUG:colcon.colcon_core.verb:Building package 'yolo_msgs' with the following arguments: {'ament_cmake_args': None, 'build_base': '/home/reach/SCARA/build/yolo_msgs', 'catkin_cmake_args': None, 'catkin_skip_building_tests': False, 'cmake_args': None, 'cmake_clean_cache': False, 'cmake_clean_first': False, 'cmake_force_configure': False, 'cmake_target': None, 'cmake_target_skip_unavailable': False, 'install_base': '/home/reach/SCARA/install/yolo_msgs', 'merge_install': False, 'path': '/home/reach/SCARA/src/yolo_ros/yolo_msgs', 'symlink_install': False, 'test_result_base': None}
[0.288s] Level 5:colcon.colcon_core.verb:set package 'yolo_ros' build argument 'cmake_args' from command line to 'None'
[0.288s] Level 5:colcon.colcon_core.verb:set package 'yolo_ros' build argument 'cmake_target' from command line to 'None'
[0.288s] Level 5:colcon.colcon_core.verb:set package 'yolo_ros' build argument 'cmake_target_skip_unavailable' from command line to 'False'
[0.288s] Level 5:colcon.colcon_core.verb:set package 'yolo_ros' build argument 'cmake_clean_cache' from command line to 'False'
[0.288s] Level 5:colcon.colcon_core.verb:set package 'yolo_ros' build argument 'cmake_clean_first' from command line to 'False'
[0.288s] Level 5:colcon.colcon_core.verb:set package 'yolo_ros' build argument 'cmake_force_configure' from command line to 'False'
[0.288s] Level 5:colcon.colcon_core.verb:set package 'yolo_ros' build argument 'ament_cmake_args' from command line to 'None'
[0.288s] Level 5:colcon.colcon_core.verb:set package 'yolo_ros' build argument 'catkin_cmake_args' from command line to 'None'
[0.288s] Level 5:colcon.colcon_core.verb:set package 'yolo_ros' build argument 'catkin_skip_building_tests' from command line to 'False'
[0.288s] DEBUG:colcon.colcon_core.verb:Building package 'yolo_ros' with the following arguments: {'ament_cmake_args': None, 'build_base': '/home/reach/SCARA/build/yolo_ros', 'catkin_cmake_args': None, 'catkin_skip_building_tests': False, 'cmake_args': None, 'cmake_clean_cache': False, 'cmake_clean_first': False, 'cmake_force_configure': False, 'cmake_target': None, 'cmake_target_skip_unavailable': False, 'install_base': '/home/reach/SCARA/install/yolo_ros', 'merge_install': False, 'path': '/home/reach/SCARA/src/yolo_ros/yolo_ros', 'symlink_install': False, 'test_result_base': None}
[0.288s] Level 5:colcon.colcon_core.verb:set package 'yolo_bringup' build argument 'cmake_args' from command line to 'None'
[0.288s] Level 5:colcon.colcon_core.verb:set package 'yolo_bringup' build argument 'cmake_target' from command line to 'None'
[0.288s] Level 5:colcon.colcon_core.verb:set package 'yolo_bringup' build argument 'cmake_target_skip_unavailable' from command line to 'False'
[0.288s] Level 5:colcon.colcon_core.verb:set package 'yolo_bringup' build argument 'cmake_clean_cache' from command line to 'False'
[0.288s] Level 5:colcon.colcon_core.verb:set package 'yolo_bringup' build argument 'cmake_clean_first' from command line to 'False'
[0.288s] Level 5:colcon.colcon_core.verb:set package 'yolo_bringup' build argument 'cmake_force_configure' from command line to 'False'
[0.288s] Level 5:colcon.colcon_core.verb:set package 'yolo_bringup' build argument 'ament_cmake_args' from command line to 'None'
[0.288s] Level 5:colcon.colcon_core.verb:set package 'yolo_bringup' build argument 'catkin_cmake_args' from command line to 'None'
[0.288s] Level 5:colcon.colcon_core.verb:set package 'yolo_bringup' build argument 'catkin_skip_building_tests' from command line to 'False'
[0.288s] DEBUG:colcon.colcon_core.verb:Building package 'yolo_bringup' with the following arguments: {'ament_cmake_args': None, 'build_base': '/home/reach/SCARA/build/yolo_bringup', 'catkin_cmake_args': None, 'catkin_skip_building_tests': False, 'cmake_args': None, 'cmake_clean_cache': False, 'cmake_clean_first': False, 'cmake_force_configure': False, 'cmake_target': None, 'cmake_target_skip_unavailable': False, 'install_base': '/home/reach/SCARA/install/yolo_bringup', 'merge_install': False, 'path': '/home/reach/SCARA/src/yolo_ros/yolo_bringup', 'symlink_install': False, 'test_result_base': None}
[0.288s] INFO:colcon.colcon_core.executor:Executing jobs using 'parallel' executor
[0.289s] DEBUG:colcon.colcon_parallel_executor.executor.parallel:run_until_complete
[0.289s] INFO:colcon.colcon_ros.task.ament_cmake.build:Building ROS package in '/home/reach/SCARA/src/yolo_ros/yolo_msgs' with build type 'ament_cmake'
[0.289s] INFO:colcon.colcon_cmake.task.cmake.build:Building CMake package in '/home/reach/SCARA/src/yolo_ros/yolo_msgs'
[0.292s] INFO:colcon.colcon_core.plugin_system:Skipping extension 'colcon_core.shell.bat': Not used on non-Windows systems
[0.292s] INFO:colcon.colcon_core.shell:Skip shell extension 'powershell' for command environment: Not usable outside of PowerShell
[0.292s] DEBUG:colcon.colcon_core.shell:Skip shell extension 'dsv' for command environment
[0.295s] INFO:colcon.colcon_ros.task.ament_python.build:Building ROS package in '/home/reach/SCARA/src/SCARA_pkg' with build type 'ament_python'
[0.295s] Level 1:colcon.colcon_core.shell:create_environment_hook('SCARA_pkg', 'ament_prefix_path')
[0.295s] INFO:colcon.colcon_core.shell:Creating environment hook '/home/reach/SCARA/install/SCARA_pkg/share/SCARA_pkg/hook/ament_prefix_path.ps1'
[0.296s] INFO:colcon.colcon_core.shell:Creating environment descriptor '/home/reach/SCARA/install/SCARA_pkg/share/SCARA_pkg/hook/ament_prefix_path.dsv'
[0.297s] INFO:colcon.colcon_core.shell:Creating environment hook '/home/reach/SCARA/install/SCARA_pkg/share/SCARA_pkg/hook/ament_prefix_path.sh'
[0.298s] INFO:colcon.colcon_core.shell:Skip shell extension 'powershell' for command environment: Not usable outside of PowerShell
[0.298s] DEBUG:colcon.colcon_core.shell:Skip shell extension 'dsv' for command environment
[0.301s] DEBUG:colcon.colcon_core.event_handler.log_command:Invoking command in '/home/reach/SCARA/build/yolo_msgs': CMAKE_PREFIX_PATH=/home/reach/SCARA/install/SCARA_pkg:/opt/ros/humble /usr/bin/cmake /home/reach/SCARA/src/yolo_ros/yolo_msgs -DCMAKE_INSTALL_PREFIX=/home/reach/SCARA/install/yolo_msgs
[0.494s] INFO:colcon.colcon_core.task.python.build:Building Python package in '/home/reach/SCARA/src/SCARA_pkg'
[0.494s] INFO:colcon.colcon_core.shell:Skip shell extension 'powershell' for command environment: Not usable outside of PowerShell
[0.494s] DEBUG:colcon.colcon_core.shell:Skip shell extension 'dsv' for command environment
[0.844s] DEBUG:colcon.colcon_core.event_handler.log_command:Invoking command in '/home/reach/SCARA/src/SCARA_pkg': PYTHONPATH=/home/reach/SCARA/build/SCARA_pkg/prefix_override:/usr/lib/python3/dist-packages/colcon_core/task/python/colcon_distutils_commands:/home/reach/SCARA/install/SCARA_pkg/lib/python3.10/site-packages:${PYTHONPATH} /usr/bin/python3 -W ignore:setup.py install is deprecated -W ignore:easy_install command is deprecated setup.py egg_info --egg-base ../../build/SCARA_pkg build --build-base /home/reach/SCARA/build/SCARA_pkg/build install --record /home/reach/SCARA/build/SCARA_pkg/install.log --single-version-externally-managed install_data
[1.055s] DEBUG:colcon.colcon_core.event_handler.log_command:Invoked command in '/home/reach/SCARA/src/SCARA_pkg' returned '0': PYTHONPATH=/home/reach/SCARA/build/SCARA_pkg/prefix_override:/usr/lib/python3/dist-packages/colcon_core/task/python/colcon_distutils_commands:/home/reach/SCARA/install/SCARA_pkg/lib/python3.10/site-packages:${PYTHONPATH} /usr/bin/python3 -W ignore:setup.py install is deprecated -W ignore:easy_install command is deprecated setup.py egg_info --egg-base ../../build/SCARA_pkg build --build-base /home/reach/SCARA/build/SCARA_pkg/build install --record /home/reach/SCARA/build/SCARA_pkg/install.log --single-version-externally-managed install_data
[1.059s] Level 1:colcon.colcon_core.environment:checking '/home/reach/SCARA/install/SCARA_pkg' for CMake module files
[1.059s] Level 1:colcon.colcon_core.environment:checking '/home/reach/SCARA/install/SCARA_pkg' for CMake config files
[1.060s] Level 1:colcon.colcon_core.environment:checking '/home/reach/SCARA/install/SCARA_pkg/lib'
[1.060s] Level 1:colcon.colcon_core.environment:checking '/home/reach/SCARA/install/SCARA_pkg/bin'
[1.060s] Level 1:colcon.colcon_core.environment:checking '/home/reach/SCARA/install/SCARA_pkg/lib/pkgconfig/SCARA_pkg.pc'
[1.060s] Level 1:colcon.colcon_core.environment:checking '/home/reach/SCARA/install/SCARA_pkg/lib/python3.10/site-packages'
[1.060s] Level 1:colcon.colcon_core.shell:create_environment_hook('SCARA_pkg', 'pythonpath')
[1.060s] INFO:colcon.colcon_core.shell:Creating environment hook '/home/reach/SCARA/install/SCARA_pkg/share/SCARA_pkg/hook/pythonpath.ps1'
[1.061s] INFO:colcon.colcon_core.shell:Creating environment descriptor '/home/reach/SCARA/install/SCARA_pkg/share/SCARA_pkg/hook/pythonpath.dsv'
[1.061s] INFO:colcon.colcon_core.shell:Creating environment hook '/home/reach/SCARA/install/SCARA_pkg/share/SCARA_pkg/hook/pythonpath.sh'
[1.061s] Level 1:colcon.colcon_core.environment:checking '/home/reach/SCARA/install/SCARA_pkg/bin'
[1.061s] Level 1:colcon.colcon_core.environment:create_environment_scripts_only(SCARA_pkg)
[1.062s] INFO:colcon.colcon_core.shell:Creating package script '/home/reach/SCARA/install/SCARA_pkg/share/SCARA_pkg/package.ps1'
[1.063s] INFO:colcon.colcon_core.shell:Creating package descriptor '/home/reach/SCARA/install/SCARA_pkg/share/SCARA_pkg/package.dsv'
[1.064s] INFO:colcon.colcon_core.shell:Creating package script '/home/reach/SCARA/install/SCARA_pkg/share/SCARA_pkg/package.sh'
[1.065s] INFO:colcon.colcon_core.shell:Creating package script '/home/reach/SCARA/install/SCARA_pkg/share/SCARA_pkg/package.bash'
[1.066s] INFO:colcon.colcon_core.shell:Creating package script '/home/reach/SCARA/install/SCARA_pkg/share/SCARA_pkg/package.zsh'
[1.067s] Level 1:colcon.colcon_core.environment:create_file_with_runtime_dependencies(/home/reach/SCARA/install/SCARA_pkg/share/colcon-core/packages/SCARA_pkg)
[1.742s] DEBUG:colcon.colcon_core.event_handler.log_command:Invoked command in '/home/reach/SCARA/build/yolo_msgs' returned '0': CMAKE_PREFIX_PATH=/home/reach/SCARA/install/SCARA_pkg:/opt/ros/humble /usr/bin/cmake /home/reach/SCARA/src/yolo_ros/yolo_msgs -DCMAKE_INSTALL_PREFIX=/home/reach/SCARA/install/yolo_msgs
[1.743s] DEBUG:colcon.colcon_core.event_handler.log_command:Invoking command in '/home/reach/SCARA/build/yolo_msgs': CMAKE_PREFIX_PATH=/home/reach/SCARA/install/SCARA_pkg:/opt/ros/humble /usr/bin/cmake --build /home/reach/SCARA/build/yolo_msgs -- -j8 -l8
[8.706s] DEBUG:colcon.colcon_core.event_handler.log_command:Invoked command in '/home/reach/SCARA/build/yolo_msgs' returned '0': CMAKE_PREFIX_PATH=/home/reach/SCARA/install/SCARA_pkg:/opt/ros/humble /usr/bin/cmake --build /home/reach/SCARA/build/yolo_msgs -- -j8 -l8
[8.713s] DEBUG:colcon.colcon_core.event_handler.log_command:Invoking command in '/home/reach/SCARA/build/yolo_msgs': CMAKE_PREFIX_PATH=/home/reach/SCARA/install/SCARA_pkg:/opt/ros/humble /usr/bin/cmake --install /home/reach/SCARA/build/yolo_msgs
[8.786s] Level 1:colcon.colcon_core.environment:create_environment_scripts_only(yolo_msgs)
[8.787s] DEBUG:colcon.colcon_core.event_handler.log_command:Invoked command in '/home/reach/SCARA/build/yolo_msgs' returned '0': CMAKE_PREFIX_PATH=/home/reach/SCARA/install/SCARA_pkg:/opt/ros/humble /usr/bin/cmake --install /home/reach/SCARA/build/yolo_msgs
[8.787s] Level 1:colcon.colcon_core.environment:checking '/home/reach/SCARA/install/yolo_msgs' for CMake module files
[8.787s] Level 1:colcon.colcon_core.environment:checking '/home/reach/SCARA/install/yolo_msgs' for CMake config files
[8.788s] Level 1:colcon.colcon_core.shell:create_environment_hook('yolo_msgs', 'cmake_prefix_path')
[8.788s] INFO:colcon.colcon_core.shell:Creating environment hook '/home/reach/SCARA/install/yolo_msgs/share/yolo_msgs/hook/cmake_prefix_path.ps1'
[8.788s] INFO:colcon.colcon_core.shell:Creating environment descriptor '/home/reach/SCARA/install/yolo_msgs/share/yolo_msgs/hook/cmake_prefix_path.dsv'
[8.788s] INFO:colcon.colcon_core.shell:Creating environment hook '/home/reach/SCARA/install/yolo_msgs/share/yolo_msgs/hook/cmake_prefix_path.sh'
[8.789s] Level 1:colcon.colcon_core.environment:checking '/home/reach/SCARA/install/yolo_msgs/lib'
[8.789s] Level 1:colcon.colcon_core.shell:create_environment_hook('yolo_msgs', 'ld_library_path_lib')
[8.789s] INFO:colcon.colcon_core.shell:Creating environment hook '/home/reach/SCARA/install/yolo_msgs/share/yolo_msgs/hook/ld_library_path_lib.ps1'
[8.789s] INFO:colcon.colcon_core.shell:Creating environment descriptor '/home/reach/SCARA/install/yolo_msgs/share/yolo_msgs/hook/ld_library_path_lib.dsv'
[8.789s] INFO:colcon.colcon_core.shell:Creating environment hook '/home/reach/SCARA/install/yolo_msgs/share/yolo_msgs/hook/ld_library_path_lib.sh'
[8.789s] Level 1:colcon.colcon_core.environment:checking '/home/reach/SCARA/install/yolo_msgs/bin'
[8.790s] Level 1:colcon.colcon_core.environment:checking '/home/reach/SCARA/install/yolo_msgs/lib/pkgconfig/yolo_msgs.pc'
[8.790s] Level 1:colcon.colcon_core.environment:checking '/home/reach/SCARA/install/yolo_msgs/lib/python3.10/site-packages'
[8.790s] Level 1:colcon.colcon_core.environment:checking '/home/reach/SCARA/install/yolo_msgs/bin'
[8.790s] INFO:colcon.colcon_core.shell:Creating package script '/home/reach/SCARA/install/yolo_msgs/share/yolo_msgs/package.ps1'
[8.790s] INFO:colcon.colcon_core.shell:Creating package descriptor '/home/reach/SCARA/install/yolo_msgs/share/yolo_msgs/package.dsv'
[8.791s] INFO:colcon.colcon_core.shell:Creating package script '/home/reach/SCARA/install/yolo_msgs/share/yolo_msgs/package.sh'
[8.791s] INFO:colcon.colcon_core.shell:Creating package script '/home/reach/SCARA/install/yolo_msgs/share/yolo_msgs/package.bash'
[8.791s] INFO:colcon.colcon_core.shell:Creating package script '/home/reach/SCARA/install/yolo_msgs/share/yolo_msgs/package.zsh'
[8.791s] Level 1:colcon.colcon_core.environment:create_file_with_runtime_dependencies(/home/reach/SCARA/install/yolo_msgs/share/colcon-core/packages/yolo_msgs)
[8.792s] Level 1:colcon.colcon_core.environment:create_environment_scripts_only(yolo_msgs)
[8.792s] Level 1:colcon.colcon_core.environment:checking '/home/reach/SCARA/install/yolo_msgs' for CMake module files
[8.792s] Level 1:colcon.colcon_core.environment:checking '/home/reach/SCARA/install/yolo_msgs' for CMake config files
[8.792s] Level 1:colcon.colcon_core.shell:create_environment_hook('yolo_msgs', 'cmake_prefix_path')
[8.793s] INFO:colcon.colcon_core.shell:Creating environment hook '/home/reach/SCARA/install/yolo_msgs/share/yolo_msgs/hook/cmake_prefix_path.ps1'
[8.793s] INFO:colcon.colcon_core.shell:Creating environment descriptor '/home/reach/SCARA/install/yolo_msgs/share/yolo_msgs/hook/cmake_prefix_path.dsv'
[8.793s] INFO:colcon.colcon_core.shell:Creating environment hook '/home/reach/SCARA/install/yolo_msgs/share/yolo_msgs/hook/cmake_prefix_path.sh'
[8.793s] Level 1:colcon.colcon_core.environment:checking '/home/reach/SCARA/install/yolo_msgs/lib'
[8.793s] Level 1:colcon.colcon_core.shell:create_environment_hook('yolo_msgs', 'ld_library_path_lib')
[8.794s] INFO:colcon.colcon_core.shell:Creating environment hook '/home/reach/SCARA/install/yolo_msgs/share/yolo_msgs/hook/ld_library_path_lib.ps1'
[8.794s] INFO:colcon.colcon_core.shell:Creating environment descriptor '/home/reach/SCARA/install/yolo_msgs/share/yolo_msgs/hook/ld_library_path_lib.dsv'
[8.794s] INFO:colcon.colcon_core.shell:Creating environment hook '/home/reach/SCARA/install/yolo_msgs/share/yolo_msgs/hook/ld_library_path_lib.sh'
[8.794s] Level 1:colcon.colcon_core.environment:checking '/home/reach/SCARA/install/yolo_msgs/bin'
[8.794s] Level 1:colcon.colcon_core.environment:checking '/home/reach/SCARA/install/yolo_msgs/lib/pkgconfig/yolo_msgs.pc'
[8.794s] Level 1:colcon.colcon_core.environment:checking '/home/reach/SCARA/install/yolo_msgs/lib/python3.10/site-packages'
[8.795s] Level 1:colcon.colcon_core.environment:checking '/home/reach/SCARA/install/yolo_msgs/bin'
[8.795s] INFO:colcon.colcon_core.shell:Creating package script '/home/reach/SCARA/install/yolo_msgs/share/yolo_msgs/package.ps1'
[8.795s] INFO:colcon.colcon_core.shell:Creating package descriptor '/home/reach/SCARA/install/yolo_msgs/share/yolo_msgs/package.dsv'
[8.795s] INFO:colcon.colcon_core.shell:Creating package script '/home/reach/SCARA/install/yolo_msgs/share/yolo_msgs/package.sh'
[8.796s] INFO:colcon.colcon_core.shell:Creating package script '/home/reach/SCARA/install/yolo_msgs/share/yolo_msgs/package.bash'
[8.796s] INFO:colcon.colcon_core.shell:Creating package script '/home/reach/SCARA/install/yolo_msgs/share/yolo_msgs/package.zsh'
[8.796s] Level 1:colcon.colcon_core.environment:create_file_with_runtime_dependencies(/home/reach/SCARA/install/yolo_msgs/share/colcon-core/packages/yolo_msgs)
[8.797s] INFO:colcon.colcon_ros.task.ament_python.build:Building ROS package in '/home/reach/SCARA/src/yolo_ros/yolo_ros' with build type 'ament_python'
[8.797s] Level 1:colcon.colcon_core.shell:create_environment_hook('yolo_ros', 'ament_prefix_path')
[8.797s] INFO:colcon.colcon_core.shell:Creating environment hook '/home/reach/SCARA/install/yolo_ros/share/yolo_ros/hook/ament_prefix_path.ps1'
[8.797s] INFO:colcon.colcon_core.shell:Creating environment descriptor '/home/reach/SCARA/install/yolo_ros/share/yolo_ros/hook/ament_prefix_path.dsv'
[8.798s] INFO:colcon.colcon_core.shell:Creating environment hook '/home/reach/SCARA/install/yolo_ros/share/yolo_ros/hook/ament_prefix_path.sh'
[8.798s] INFO:colcon.colcon_core.shell:Skip shell extension 'powershell' for command environment: Not usable outside of PowerShell
[8.798s] DEBUG:colcon.colcon_core.shell:Skip shell extension 'dsv' for command environment
[8.980s] INFO:colcon.colcon_core.task.python.build:Building Python package in '/home/reach/SCARA/src/yolo_ros/yolo_ros'
[8.980s] INFO:colcon.colcon_core.shell:Skip shell extension 'powershell' for command environment: Not usable outside of PowerShell
[8.980s] DEBUG:colcon.colcon_core.shell:Skip shell extension 'dsv' for command environment
[9.223s] DEBUG:colcon.colcon_core.event_handler.log_command:Invoking command in '/home/reach/SCARA/src/yolo_ros/yolo_ros': AMENT_PREFIX_PATH=/home/reach/SCARA/install/yolo_msgs:${AMENT_PREFIX_PATH} CMAKE_PREFIX_PATH=/home/reach/SCARA/install/yolo_msgs LD_LIBRARY_PATH=/home/reach/SCARA/install/yolo_msgs/lib:${LD_LIBRARY_PATH} PYTHONPATH=/home/reach/SCARA/build/yolo_ros/prefix_override:/usr/lib/python3/dist-packages/colcon_core/task/python/colcon_distutils_commands:/home/reach/SCARA/install/yolo_ros/lib/python3.10/site-packages:/home/reach/SCARA/install/yolo_msgs/local/lib/python3.10/dist-packages:${PYTHONPATH} /usr/bin/python3 -W ignore:setup.py install is deprecated -W ignore:easy_install command is deprecated setup.py egg_info --egg-base ../../../build/yolo_ros build --build-base /home/reach/SCARA/build/yolo_ros/build install --record /home/reach/SCARA/build/yolo_ros/install.log --single-version-externally-managed install_data
[9.430s] Level 1:colcon.colcon_core.environment:checking '/home/reach/SCARA/install/yolo_ros' for CMake module files
[9.430s] DEBUG:colcon.colcon_core.event_handler.log_command:Invoked command in '/home/reach/SCARA/src/yolo_ros/yolo_ros' returned '0': AMENT_PREFIX_PATH=/home/reach/SCARA/install/yolo_msgs:${AMENT_PREFIX_PATH} CMAKE_PREFIX_PATH=/home/reach/SCARA/install/yolo_msgs LD_LIBRARY_PATH=/home/reach/SCARA/install/yolo_msgs/lib:${LD_LIBRARY_PATH} PYTHONPATH=/home/reach/SCARA/build/yolo_ros/prefix_override:/usr/lib/python3/dist-packages/colcon_core/task/python/colcon_distutils_commands:/home/reach/SCARA/install/yolo_ros/lib/python3.10/site-packages:/home/reach/SCARA/install/yolo_msgs/local/lib/python3.10/dist-packages:${PYTHONPATH} /usr/bin/python3 -W ignore:setup.py install is deprecated -W ignore:easy_install command is deprecated setup.py egg_info --egg-base ../../../build/yolo_ros build --build-base /home/reach/SCARA/build/yolo_ros/build install --record /home/reach/SCARA/build/yolo_ros/install.log --single-version-externally-managed install_data
[9.431s] Level 1:colcon.colcon_core.environment:checking '/home/reach/SCARA/install/yolo_ros' for CMake config files
[9.431s] Level 1:colcon.colcon_core.environment:checking '/home/reach/SCARA/install/yolo_ros/lib'
[9.431s] Level 1:colcon.colcon_core.environment:checking '/home/reach/SCARA/install/yolo_ros/bin'
[9.431s] Level 1:colcon.colcon_core.environment:checking '/home/reach/SCARA/install/yolo_ros/lib/pkgconfig/yolo_ros.pc'
[9.431s] Level 1:colcon.colcon_core.environment:checking '/home/reach/SCARA/install/yolo_ros/lib/python3.10/site-packages'
[9.431s] Level 1:colcon.colcon_core.shell:create_environment_hook('yolo_ros', 'pythonpath')
[9.432s] INFO:colcon.colcon_core.shell:Creating environment hook '/home/reach/SCARA/install/yolo_ros/share/yolo_ros/hook/pythonpath.ps1'
[9.432s] INFO:colcon.colcon_core.shell:Creating environment descriptor '/home/reach/SCARA/install/yolo_ros/share/yolo_ros/hook/pythonpath.dsv'
[9.432s] INFO:colcon.colcon_core.shell:Creating environment hook '/home/reach/SCARA/install/yolo_ros/share/yolo_ros/hook/pythonpath.sh'
[9.433s] Level 1:colcon.colcon_core.environment:checking '/home/reach/SCARA/install/yolo_ros/bin'
[9.433s] Level 1:colcon.colcon_core.environment:create_environment_scripts_only(yolo_ros)
[9.433s] INFO:colcon.colcon_core.shell:Creating package script '/home/reach/SCARA/install/yolo_ros/share/yolo_ros/package.ps1'
[9.433s] INFO:colcon.colcon_core.shell:Creating package descriptor '/home/reach/SCARA/install/yolo_ros/share/yolo_ros/package.dsv'
[9.433s] INFO:colcon.colcon_core.shell:Creating package script '/home/reach/SCARA/install/yolo_ros/share/yolo_ros/package.sh'
[9.434s] INFO:colcon.colcon_core.shell:Creating package script '/home/reach/SCARA/install/yolo_ros/share/yolo_ros/package.bash'
[9.434s] INFO:colcon.colcon_core.shell:Creating package script '/home/reach/SCARA/install/yolo_ros/share/yolo_ros/package.zsh'
[9.434s] Level 1:colcon.colcon_core.environment:create_file_with_runtime_dependencies(/home/reach/SCARA/install/yolo_ros/share/colcon-core/packages/yolo_ros)
[9.434s] INFO:colcon.colcon_ros.task.ament_cmake.build:Building ROS package in '/home/reach/SCARA/src/yolo_ros/yolo_bringup' with build type 'ament_cmake'
[9.434s] INFO:colcon.colcon_cmake.task.cmake.build:Building CMake package in '/home/reach/SCARA/src/yolo_ros/yolo_bringup'
[9.434s] INFO:colcon.colcon_core.shell:Skip shell extension 'powershell' for command environment: Not usable outside of PowerShell
[9.434s] DEBUG:colcon.colcon_core.shell:Skip shell extension 'dsv' for command environment
[9.442s] DEBUG:colcon.colcon_core.event_handler.log_command:Invoking command in '/home/reach/SCARA/build/yolo_bringup': AMENT_PREFIX_PATH=/home/reach/SCARA/install/yolo_ros:/home/reach/SCARA/install/yolo_msgs:${AMENT_PREFIX_PATH} CMAKE_PREFIX_PATH=/home/reach/SCARA/install/yolo_msgs:/home/reach/SCARA/install/SCARA_pkg:/opt/ros/humble LD_LIBRARY_PATH=/home/reach/SCARA/install/yolo_msgs/lib:${LD_LIBRARY_PATH} PYTHONPATH=/home/reach/SCARA/install/yolo_ros/lib/python3.10/site-packages:/home/reach/SCARA/install/yolo_msgs/local/lib/python3.10/dist-packages:${PYTHONPATH} /usr/bin/cmake /home/reach/SCARA/src/yolo_ros/yolo_bringup -DCMAKE_INSTALL_PREFIX=/home/reach/SCARA/install/yolo_bringup
[9.907s] DEBUG:colcon.colcon_core.event_handler.log_command:Invoked command in '/home/reach/SCARA/build/yolo_bringup' returned '0': AMENT_PREFIX_PATH=/home/reach/SCARA/install/yolo_ros:/home/reach/SCARA/install/yolo_msgs:${AMENT_PREFIX_PATH} CMAKE_PREFIX_PATH=/home/reach/SCARA/install/yolo_msgs:/home/reach/SCARA/install/SCARA_pkg:/opt/ros/humble LD_LIBRARY_PATH=/home/reach/SCARA/install/yolo_msgs/lib:${LD_LIBRARY_PATH} PYTHONPATH=/home/reach/SCARA/install/yolo_ros/lib/python3.10/site-packages:/home/reach/SCARA/install/yolo_msgs/local/lib/python3.10/dist-packages:${PYTHONPATH} /usr/bin/cmake /home/reach/SCARA/src/yolo_ros/yolo_bringup -DCMAKE_INSTALL_PREFIX=/home/reach/SCARA/install/yolo_bringup
[9.907s] DEBUG:colcon.colcon_core.event_handler.log_command:Invoking command in '/home/reach/SCARA/build/yolo_bringup': AMENT_PREFIX_PATH=/home/reach/SCARA/install/yolo_ros:/home/reach/SCARA/install/yolo_msgs:${AMENT_PREFIX_PATH} CMAKE_PREFIX_PATH=/home/reach/SCARA/install/yolo_msgs:/home/reach/SCARA/install/SCARA_pkg:/opt/ros/humble LD_LIBRARY_PATH=/home/reach/SCARA/install/yolo_msgs/lib:${LD_LIBRARY_PATH} PYTHONPATH=/home/reach/SCARA/install/yolo_ros/lib/python3.10/site-packages:/home/reach/SCARA/install/yolo_msgs/local/lib/python3.10/dist-packages:${PYTHONPATH} /usr/bin/cmake --build /home/reach/SCARA/build/yolo_bringup -- -j8 -l8
[9.936s] DEBUG:colcon.colcon_core.event_handler.log_command:Invoked command in '/home/reach/SCARA/build/yolo_bringup' returned '0': AMENT_PREFIX_PATH=/home/reach/SCARA/install/yolo_ros:/home/reach/SCARA/install/yolo_msgs:${AMENT_PREFIX_PATH} CMAKE_PREFIX_PATH=/home/reach/SCARA/install/yolo_msgs:/home/reach/SCARA/install/SCARA_pkg:/opt/ros/humble LD_LIBRARY_PATH=/home/reach/SCARA/install/yolo_msgs/lib:${LD_LIBRARY_PATH} PYTHONPATH=/home/reach/SCARA/install/yolo_ros/lib/python3.10/site-packages:/home/reach/SCARA/install/yolo_msgs/local/lib/python3.10/dist-packages:${PYTHONPATH} /usr/bin/cmake --build /home/reach/SCARA/build/yolo_bringup -- -j8 -l8
[9.937s] DEBUG:colcon.colcon_core.event_handler.log_command:Invoking command in '/home/reach/SCARA/build/yolo_bringup': AMENT_PREFIX_PATH=/home/reach/SCARA/install/yolo_ros:/home/reach/SCARA/install/yolo_msgs:${AMENT_PREFIX_PATH} CMAKE_PREFIX_PATH=/home/reach/SCARA/install/yolo_msgs:/home/reach/SCARA/install/SCARA_pkg:/opt/ros/humble LD_LIBRARY_PATH=/home/reach/SCARA/install/yolo_msgs/lib:${LD_LIBRARY_PATH} PYTHONPATH=/home/reach/SCARA/install/yolo_ros/lib/python3.10/site-packages:/home/reach/SCARA/install/yolo_msgs/local/lib/python3.10/dist-packages:${PYTHONPATH} /usr/bin/cmake --install /home/reach/SCARA/build/yolo_bringup
[9.950s] Level 1:colcon.colcon_core.environment:create_environment_scripts_only(yolo_bringup)
[9.950s] Level 1:colcon.colcon_core.environment:checking '/home/reach/SCARA/install/yolo_bringup' for CMake module files
[9.950s] DEBUG:colcon.colcon_core.event_handler.log_command:Invoked command in '/home/reach/SCARA/build/yolo_bringup' returned '0': AMENT_PREFIX_PATH=/home/reach/SCARA/install/yolo_ros:/home/reach/SCARA/install/yolo_msgs:${AMENT_PREFIX_PATH} CMAKE_PREFIX_PATH=/home/reach/SCARA/install/yolo_msgs:/home/reach/SCARA/install/SCARA_pkg:/opt/ros/humble LD_LIBRARY_PATH=/home/reach/SCARA/install/yolo_msgs/lib:${LD_LIBRARY_PATH} PYTHONPATH=/home/reach/SCARA/install/yolo_ros/lib/python3.10/site-packages:/home/reach/SCARA/install/yolo_msgs/local/lib/python3.10/dist-packages:${PYTHONPATH} /usr/bin/cmake --install /home/reach/SCARA/build/yolo_bringup
[9.951s] Level 1:colcon.colcon_core.environment:checking '/home/reach/SCARA/install/yolo_bringup' for CMake config files
[9.951s] Level 1:colcon.colcon_core.shell:create_environment_hook('yolo_bringup', 'cmake_prefix_path')
[9.951s] INFO:colcon.colcon_core.shell:Creating environment hook '/home/reach/SCARA/install/yolo_bringup/share/yolo_bringup/hook/cmake_prefix_path.ps1'
[9.951s] INFO:colcon.colcon_core.shell:Creating environment descriptor '/home/reach/SCARA/install/yolo_bringup/share/yolo_bringup/hook/cmake_prefix_path.dsv'
[9.952s] INFO:colcon.colcon_core.shell:Creating environment hook '/home/reach/SCARA/install/yolo_bringup/share/yolo_bringup/hook/cmake_prefix_path.sh'
[9.952s] Level 1:colcon.colcon_core.environment:checking '/home/reach/SCARA/install/yolo_bringup/bin'
[9.952s] Level 1:colcon.colcon_core.environment:checking '/home/reach/SCARA/install/yolo_bringup/lib/pkgconfig/yolo_bringup.pc'
[9.952s] Level 1:colcon.colcon_core.environment:checking '/home/reach/SCARA/install/yolo_bringup/lib/python3.10/site-packages'
[9.952s] Level 1:colcon.colcon_core.environment:checking '/home/reach/SCARA/install/yolo_bringup/bin'
[9.953s] INFO:colcon.colcon_core.shell:Creating package script '/home/reach/SCARA/install/yolo_bringup/share/yolo_bringup/package.ps1'
[9.953s] INFO:colcon.colcon_core.shell:Creating package descriptor '/home/reach/SCARA/install/yolo_bringup/share/yolo_bringup/package.dsv'
[9.953s] INFO:colcon.colcon_core.shell:Creating package script '/home/reach/SCARA/install/yolo_bringup/share/yolo_bringup/package.sh'
[9.953s] INFO:colcon.colcon_core.shell:Creating package script '/home/reach/SCARA/install/yolo_bringup/share/yolo_bringup/package.bash'
[9.954s] INFO:colcon.colcon_core.shell:Creating package script '/home/reach/SCARA/install/yolo_bringup/share/yolo_bringup/package.zsh'
[9.954s] Level 1:colcon.colcon_core.environment:create_file_with_runtime_dependencies(/home/reach/SCARA/install/yolo_bringup/share/colcon-core/packages/yolo_bringup)
[9.954s] Level 1:colcon.colcon_core.environment:create_environment_scripts_only(yolo_bringup)
[9.954s] Level 1:colcon.colcon_core.environment:checking '/home/reach/SCARA/install/yolo_bringup' for CMake module files
[9.955s] Level 1:colcon.colcon_core.environment:checking '/home/reach/SCARA/install/yolo_bringup' for CMake config files
[9.955s] Level 1:colcon.colcon_core.shell:create_environment_hook('yolo_bringup', 'cmake_prefix_path')
[9.955s] INFO:colcon.colcon_core.shell:Creating environment hook '/home/reach/SCARA/install/yolo_bringup/share/yolo_bringup/hook/cmake_prefix_path.ps1'
[9.955s] INFO:colcon.colcon_core.shell:Creating environment descriptor '/home/reach/SCARA/install/yolo_bringup/share/yolo_bringup/hook/cmake_prefix_path.dsv'
[9.955s] INFO:colcon.colcon_core.shell:Creating environment hook '/home/reach/SCARA/install/yolo_bringup/share/yolo_bringup/hook/cmake_prefix_path.sh'
[9.956s] Level 1:colcon.colcon_core.environment:checking '/home/reach/SCARA/install/yolo_bringup/bin'
[9.956s] Level 1:colcon.colcon_core.environment:checking '/home/reach/SCARA/install/yolo_bringup/lib/pkgconfig/yolo_bringup.pc'
[9.956s] Level 1:colcon.colcon_core.environment:checking '/home/reach/SCARA/install/yolo_bringup/lib/python3.10/site-packages'
[9.956s] Level 1:colcon.colcon_core.environment:checking '/home/reach/SCARA/install/yolo_bringup/bin'
[9.956s] INFO:colcon.colcon_core.shell:Creating package script '/home/reach/SCARA/install/yolo_bringup/share/yolo_bringup/package.ps1'
[9.956s] INFO:colcon.colcon_core.shell:Creating package descriptor '/home/reach/SCARA/install/yolo_bringup/share/yolo_bringup/package.dsv'
[9.957s] INFO:colcon.colcon_core.shell:Creating package script '/home/reach/SCARA/install/yolo_bringup/share/yolo_bringup/package.sh'
[9.957s] INFO:colcon.colcon_core.shell:Creating package script '/home/reach/SCARA/install/yolo_bringup/share/yolo_bringup/package.bash'
[9.957s] INFO:colcon.colcon_core.shell:Creating package script '/home/reach/SCARA/install/yolo_bringup/share/yolo_bringup/package.zsh'
[9.958s] Level 1:colcon.colcon_core.environment:create_file_with_runtime_dependencies(/home/reach/SCARA/install/yolo_bringup/share/colcon-core/packages/yolo_bringup)
[9.958s] DEBUG:colcon.colcon_parallel_executor.executor.parallel:closing loop
[9.958s] DEBUG:colcon.colcon_parallel_executor.executor.parallel:loop closed
[9.958s] DEBUG:colcon.colcon_parallel_executor.executor.parallel:run_until_complete finished with '0'
[9.958s] DEBUG:colcon.colcon_core.event_reactor:joining thread
[9.963s] INFO:colcon.colcon_core.plugin_system:Skipping extension 'colcon_notification.desktop_notification.terminal_notifier': Not used on non-Darwin systems
[9.963s] INFO:colcon.colcon_core.plugin_system:Skipping extension 'colcon_notification.desktop_notification.win32': Not used on non-Windows systems
[9.963s] INFO:colcon.colcon_notification.desktop_notification:Sending desktop notification using 'notify2'
[9.979s] DEBUG:colcon.colcon_core.event_reactor:joined thread
[9.980s] INFO:colcon.colcon_core.shell:Creating prefix script '/home/reach/SCARA/install/local_setup.ps1'
[9.981s] INFO:colcon.colcon_core.shell:Creating prefix util module '/home/reach/SCARA/install/_local_setup_util_ps1.py'
[9.982s] INFO:colcon.colcon_core.shell:Creating prefix chain script '/home/reach/SCARA/install/setup.ps1'
[9.984s] INFO:colcon.colcon_core.shell:Creating prefix script '/home/reach/SCARA/install/local_setup.sh'
[9.984s] INFO:colcon.colcon_core.shell:Creating prefix util module '/home/reach/SCARA/install/_local_setup_util_sh.py'
[9.985s] INFO:colcon.colcon_core.shell:Creating prefix chain script '/home/reach/SCARA/install/setup.sh'
[9.986s] INFO:colcon.colcon_core.shell:Creating prefix script '/home/reach/SCARA/install/local_setup.bash'
[9.987s] INFO:colcon.colcon_core.shell:Creating prefix chain script '/home/reach/SCARA/install/setup.bash'
[9.988s] INFO:colcon.colcon_core.shell:Creating prefix script '/home/reach/SCARA/install/local_setup.zsh'
[9.989s] INFO:colcon.colcon_core.shell:Creating prefix chain script '/home/reach/SCARA/install/setup.zsh'
