running egg_info
writing ../../build/yolo_pick_place/yolo_pick_place.egg-info/PKG-INFO
writing dependency_links to ../../build/yolo_pick_place/yolo_pick_place.egg-info/dependency_links.txt
writing entry points to ../../build/yolo_pick_place/yolo_pick_place.egg-info/entry_points.txt
writing requirements to ../../build/yolo_pick_place/yolo_pick_place.egg-info/requires.txt
writing top-level names to ../../build/yolo_pick_place/yolo_pick_place.egg-info/top_level.txt
reading manifest file '../../build/yolo_pick_place/yolo_pick_place.egg-info/SOURCES.txt'
writing manifest file '../../build/yolo_pick_place/yolo_pick_place.egg-info/SOURCES.txt'
running build
running build_py
running install
running install_lib
running install_data
creating /home/reach/SCARA/install/yolo_pick_place/share/yolo_pick_place/launch
copying launch/camera_yolo.launch.py -> /home/reach/SCARA/install/yolo_pick_place/share/yolo_pick_place/launch
running install_egg_info
removing '/home/reach/SCARA/install/yolo_pick_place/lib/python3.10/site-packages/yolo_pick_place-0.0.0-py3.10.egg-info' (and everything under it)
Copying ../../build/yolo_pick_place/yolo_pick_place.egg-info to /home/reach/SCARA/install/yolo_pick_place/lib/python3.10/site-packages/yolo_pick_place-0.0.0-py3.10.egg-info
running install_scripts
Installing yolotest script to /home/reach/SCARA/install/yolo_pick_place/lib/yolo_pick_place
writing list of installed files to '/home/reach/SCARA/build/yolo_pick_place/install.log'
