[0.007s] Invoking command in '/home/reach/SCARA/build/yolo_bringup': AMENT_PREFIX_PATH=/home/reach/SCARA/install/yolo_ros:/home/reach/SCARA/install/yolo_msgs:${AMENT_PREFIX_PATH} CMAKE_PREFIX_PATH=/home/reach/SCARA/install/yolo_msgs:/home/reach/SCARA/install/SCARA_pkg:/opt/ros/humble LD_LIBRARY_PATH=/home/reach/SCARA/install/yolo_msgs/lib:${LD_LIBRARY_PATH} PYTHONPATH=/home/reach/SCARA/install/yolo_ros/lib/python3.10/site-packages:/home/reach/SCARA/install/yolo_msgs/local/lib/python3.10/dist-packages:${PYTHONPATH} /usr/bin/cmake /home/reach/SCARA/src/yolo_ros/yolo_bringup -DCMAKE_INSTALL_PREFIX=/home/reach/SCARA/install/yolo_bringup
[0.051s] -- The C compiler identification is GNU 11.4.0
[0.099s] -- The CXX compiler identification is GNU 11.4.0
[0.104s] -- Detecting C compiler ABI info
[0.169s] -- Detecting C compiler ABI info - done
[0.175s] -- Check for working C compiler: /usr/bin/cc - skipped
[0.176s] -- Detecting C compile features
[0.176s] -- Detecting C compile features - done
[0.179s] -- Detecting CXX compiler ABI info
[0.242s] -- Detecting CXX compiler ABI info - done
[0.247s] -- Check for working CXX compiler: /usr/bin/c++ - skipped
[0.247s] -- Detecting CXX compile features
[0.247s] -- Detecting CXX compile features - done
[0.249s] -- Found ament_cmake: 1.3.12 (/opt/ros/humble/share/ament_cmake/cmake)
[0.360s] -- Found Python3: /usr/bin/python3 (found version "3.10.12") found components: Interpreter 
[0.466s] -- Configuring done
[0.468s] -- Generating done
[0.469s] -- Build files have been written to: /home/reach/SCARA/build/yolo_bringup
[0.472s] Invoked command in '/home/reach/SCARA/build/yolo_bringup' returned '0': AMENT_PREFIX_PATH=/home/reach/SCARA/install/yolo_ros:/home/reach/SCARA/install/yolo_msgs:${AMENT_PREFIX_PATH} CMAKE_PREFIX_PATH=/home/reach/SCARA/install/yolo_msgs:/home/reach/SCARA/install/SCARA_pkg:/opt/ros/humble LD_LIBRARY_PATH=/home/reach/SCARA/install/yolo_msgs/lib:${LD_LIBRARY_PATH} PYTHONPATH=/home/reach/SCARA/install/yolo_ros/lib/python3.10/site-packages:/home/reach/SCARA/install/yolo_msgs/local/lib/python3.10/dist-packages:${PYTHONPATH} /usr/bin/cmake /home/reach/SCARA/src/yolo_ros/yolo_bringup -DCMAKE_INSTALL_PREFIX=/home/reach/SCARA/install/yolo_bringup
[0.472s] Invoking command in '/home/reach/SCARA/build/yolo_bringup': AMENT_PREFIX_PATH=/home/reach/SCARA/install/yolo_ros:/home/reach/SCARA/install/yolo_msgs:${AMENT_PREFIX_PATH} CMAKE_PREFIX_PATH=/home/reach/SCARA/install/yolo_msgs:/home/reach/SCARA/install/SCARA_pkg:/opt/ros/humble LD_LIBRARY_PATH=/home/reach/SCARA/install/yolo_msgs/lib:${LD_LIBRARY_PATH} PYTHONPATH=/home/reach/SCARA/install/yolo_ros/lib/python3.10/site-packages:/home/reach/SCARA/install/yolo_msgs/local/lib/python3.10/dist-packages:${PYTHONPATH} /usr/bin/cmake --build /home/reach/SCARA/build/yolo_bringup -- -j8 -l8
[0.501s] Invoked command in '/home/reach/SCARA/build/yolo_bringup' returned '0': AMENT_PREFIX_PATH=/home/reach/SCARA/install/yolo_ros:/home/reach/SCARA/install/yolo_msgs:${AMENT_PREFIX_PATH} CMAKE_PREFIX_PATH=/home/reach/SCARA/install/yolo_msgs:/home/reach/SCARA/install/SCARA_pkg:/opt/ros/humble LD_LIBRARY_PATH=/home/reach/SCARA/install/yolo_msgs/lib:${LD_LIBRARY_PATH} PYTHONPATH=/home/reach/SCARA/install/yolo_ros/lib/python3.10/site-packages:/home/reach/SCARA/install/yolo_msgs/local/lib/python3.10/dist-packages:${PYTHONPATH} /usr/bin/cmake --build /home/reach/SCARA/build/yolo_bringup -- -j8 -l8
[0.502s] Invoking command in '/home/reach/SCARA/build/yolo_bringup': AMENT_PREFIX_PATH=/home/reach/SCARA/install/yolo_ros:/home/reach/SCARA/install/yolo_msgs:${AMENT_PREFIX_PATH} CMAKE_PREFIX_PATH=/home/reach/SCARA/install/yolo_msgs:/home/reach/SCARA/install/SCARA_pkg:/opt/ros/humble LD_LIBRARY_PATH=/home/reach/SCARA/install/yolo_msgs/lib:${LD_LIBRARY_PATH} PYTHONPATH=/home/reach/SCARA/install/yolo_ros/lib/python3.10/site-packages:/home/reach/SCARA/install/yolo_msgs/local/lib/python3.10/dist-packages:${PYTHONPATH} /usr/bin/cmake --install /home/reach/SCARA/build/yolo_bringup
[0.508s] -- Install configuration: ""
[0.508s] -- Installing: /home/reach/SCARA/install/yolo_bringup/share/yolo_bringup//launch
[0.510s] -- Installing: /home/reach/SCARA/install/yolo_bringup/share/yolo_bringup//launch/yolov5.launch.py
[0.510s] -- Installing: /home/reach/SCARA/install/yolo_bringup/share/yolo_bringup//launch/yolov9.launch.py
[0.510s] -- Installing: /home/reach/SCARA/install/yolo_bringup/share/yolo_bringup//launch/yolov10.launch.py
[0.510s] -- Installing: /home/reach/SCARA/install/yolo_bringup/share/yolo_bringup//launch/yolov8.launch.py
[0.510s] -- Installing: /home/reach/SCARA/install/yolo_bringup/share/yolo_bringup//launch/yoloe.launch.py
[0.511s] -- Installing: /home/reach/SCARA/install/yolo_bringup/share/yolo_bringup//launch/yolo-world.launch.py
[0.511s] -- Installing: /home/reach/SCARA/install/yolo_bringup/share/yolo_bringup//launch/yolo.launch.py
[0.511s] -- Installing: /home/reach/SCARA/install/yolo_bringup/share/yolo_bringup//launch/yolov12.launch.py
[0.511s] -- Installing: /home/reach/SCARA/install/yolo_bringup/share/yolo_bringup//launch/yolov26.launch.py
[0.511s] -- Installing: /home/reach/SCARA/install/yolo_bringup/share/yolo_bringup//launch/yolov11.launch.py
[0.512s] -- Installing: /home/reach/SCARA/install/yolo_bringup/share/ament_index/resource_index/package_run_dependencies/yolo_bringup
[0.512s] -- Installing: /home/reach/SCARA/install/yolo_bringup/share/ament_index/resource_index/parent_prefix_path/yolo_bringup
[0.512s] -- Installing: /home/reach/SCARA/install/yolo_bringup/share/yolo_bringup/environment/ament_prefix_path.sh
[0.512s] -- Installing: /home/reach/SCARA/install/yolo_bringup/share/yolo_bringup/environment/ament_prefix_path.dsv
[0.512s] -- Installing: /home/reach/SCARA/install/yolo_bringup/share/yolo_bringup/environment/path.sh
[0.512s] -- Installing: /home/reach/SCARA/install/yolo_bringup/share/yolo_bringup/environment/path.dsv
[0.512s] -- Installing: /home/reach/SCARA/install/yolo_bringup/share/yolo_bringup/local_setup.bash
[0.513s] -- Installing: /home/reach/SCARA/install/yolo_bringup/share/yolo_bringup/local_setup.sh
[0.513s] -- Installing: /home/reach/SCARA/install/yolo_bringup/share/yolo_bringup/local_setup.zsh
[0.513s] -- Installing: /home/reach/SCARA/install/yolo_bringup/share/yolo_bringup/local_setup.dsv
[0.513s] -- Installing: /home/reach/SCARA/install/yolo_bringup/share/yolo_bringup/package.dsv
[0.513s] -- Installing: /home/reach/SCARA/install/yolo_bringup/share/ament_index/resource_index/packages/yolo_bringup
[0.513s] -- Installing: /home/reach/SCARA/install/yolo_bringup/share/yolo_bringup/cmake/yolo_bringupConfig.cmake
[0.513s] -- Installing: /home/reach/SCARA/install/yolo_bringup/share/yolo_bringup/cmake/yolo_bringupConfig-version.cmake
[0.513s] -- Installing: /home/reach/SCARA/install/yolo_bringup/share/yolo_bringup/package.xml
[0.515s] Invoked command in '/home/reach/SCARA/build/yolo_bringup' returned '0': AMENT_PREFIX_PATH=/home/reach/SCARA/install/yolo_ros:/home/reach/SCARA/install/yolo_msgs:${AMENT_PREFIX_PATH} CMAKE_PREFIX_PATH=/home/reach/SCARA/install/yolo_msgs:/home/reach/SCARA/install/SCARA_pkg:/opt/ros/humble LD_LIBRARY_PATH=/home/reach/SCARA/install/yolo_msgs/lib:${LD_LIBRARY_PATH} PYTHONPATH=/home/reach/SCARA/install/yolo_ros/lib/python3.10/site-packages:/home/reach/SCARA/install/yolo_msgs/local/lib/python3.10/dist-packages:${PYTHONPATH} /usr/bin/cmake --install /home/reach/SCARA/build/yolo_bringup
