[0.423s] Invoking command in '/home/reach/SCARA/src/SCARA_pkg': PYTHONPATH=/home/reach/SCARA/build/SCARA_pkg/prefix_override:/usr/lib/python3/dist-packages/colcon_core/task/python/colcon_distutils_commands:/home/reach/SCARA/install/SCARA_pkg/lib/python3.10/site-packages:${PYTHONPATH} /usr/bin/python3 -W ignore:setup.py install is deprecated -W ignore:easy_install command is deprecated setup.py egg_info --egg-base ../../build/SCARA_pkg build --build-base /home/reach/SCARA/build/SCARA_pkg/build install --record /home/reach/SCARA/build/SCARA_pkg/install.log --single-version-externally-managed install_data
[0.576s] running egg_info
[0.577s] writing ../../build/SCARA_pkg/SCARA_pkg.egg-info/PKG-INFO
[0.577s] writing dependency_links to ../../build/SCARA_pkg/SCARA_pkg.egg-info/dependency_links.txt
[0.577s] writing entry points to ../../build/SCARA_pkg/SCARA_pkg.egg-info/entry_points.txt
[0.577s] writing requirements to ../../build/SCARA_pkg/SCARA_pkg.egg-info/requires.txt
[0.577s] writing top-level names to ../../build/SCARA_pkg/SCARA_pkg.egg-info/top_level.txt
[0.578s] reading manifest file '../../build/SCARA_pkg/SCARA_pkg.egg-info/SOURCES.txt'
[0.579s] writing manifest file '../../build/SCARA_pkg/SCARA_pkg.egg-info/SOURCES.txt'
[0.579s] running build
[0.579s] running build_py
[0.579s] copying SCARA_pkg/fkpos.py -> /home/reach/SCARA/build/SCARA_pkg/build/lib/SCARA_pkg
[0.579s] running install
[0.579s] running install_lib
[0.580s] copying /home/reach/SCARA/build/SCARA_pkg/build/lib/SCARA_pkg/fkpos.py -> /home/reach/SCARA/install/SCARA_pkg/lib/python3.10/site-packages/SCARA_pkg
[0.580s] byte-compiling /home/reach/SCARA/install/SCARA_pkg/lib/python3.10/site-packages/SCARA_pkg/fkpos.py to fkpos.cpython-310.pyc
[0.581s] running install_data
[0.581s] running install_egg_info
[0.583s] removing '/home/reach/SCARA/install/SCARA_pkg/lib/python3.10/site-packages/SCARA_pkg-0.0.0-py3.10.egg-info' (and everything under it)
[0.583s] Copying ../../build/SCARA_pkg/SCARA_pkg.egg-info to /home/reach/SCARA/install/SCARA_pkg/lib/python3.10/site-packages/SCARA_pkg-0.0.0-py3.10.egg-info
[0.583s] running install_scripts
[0.597s] Installing fkpos script to /home/reach/SCARA/install/SCARA_pkg/lib/SCARA_pkg
[0.597s] Installing motor_selection script to /home/reach/SCARA/install/SCARA_pkg/lib/SCARA_pkg
[0.597s] Installing position script to /home/reach/SCARA/install/SCARA_pkg/lib/SCARA_pkg
[0.597s] Installing positionradient script to /home/reach/SCARA/install/SCARA_pkg/lib/SCARA_pkg
[0.597s] writing list of installed files to '/home/reach/SCARA/build/SCARA_pkg/install.log'
[0.615s] Invoked command in '/home/reach/SCARA/src/SCARA_pkg' returned '0': PYTHONPATH=/home/reach/SCARA/build/SCARA_pkg/prefix_override:/usr/lib/python3/dist-packages/colcon_core/task/python/colcon_distutils_commands:/home/reach/SCARA/install/SCARA_pkg/lib/python3.10/site-packages:${PYTHONPATH} /usr/bin/python3 -W ignore:setup.py install is deprecated -W ignore:easy_install command is deprecated setup.py egg_info --egg-base ../../build/SCARA_pkg build --build-base /home/reach/SCARA/build/SCARA_pkg/build install --record /home/reach/SCARA/build/SCARA_pkg/install.log --single-version-externally-managed install_data
