/home/reach/SCARA/install/SCARA_pkg/lib/python3.10/site-packages/SCARA_pkg/fkpos.py
/home/reach/SCARA/install/SCARA_pkg/lib/python3.10/site-packages/SCARA_pkg/__init__.py
/home/reach/SCARA/install/SCARA_pkg/lib/python3.10/site-packages/SCARA_pkg/motor_selection.py
/home/reach/SCARA/install/SCARA_pkg/lib/python3.10/site-packages/SCARA_pkg/position.py
/home/reach/SCARA/install/SCARA_pkg/lib/python3.10/site-packages/SCARA_pkg/camdetect.py
/home/reach/SCARA/install/SCARA_pkg/lib/python3.10/site-packages/SCARA_pkg/ikpos.py
/home/reach/SCARA/install/SCARA_pkg/lib/python3.10/site-packages/SCARA_pkg/positionradient.py
/home/reach/SCARA/install/SCARA_pkg/lib/python3.10/site-packages/SCARA_pkg/newposition.py
/home/reach/SCARA/install/SCARA_pkg/lib/python3.10/site-packages/SCARA_pkg/__pycache__/fkpos.cpython-310.pyc
/home/reach/SCARA/install/SCARA_pkg/lib/python3.10/site-packages/SCARA_pkg/__pycache__/__init__.cpython-310.pyc
/home/reach/SCARA/install/SCARA_pkg/lib/python3.10/site-packages/SCARA_pkg/__pycache__/motor_selection.cpython-310.pyc
/home/reach/SCARA/install/SCARA_pkg/lib/python3.10/site-packages/SCARA_pkg/__pycache__/position.cpython-310.pyc
/home/reach/SCARA/install/SCARA_pkg/lib/python3.10/site-packages/SCARA_pkg/__pycache__/camdetect.cpython-310.pyc
/home/reach/SCARA/install/SCARA_pkg/lib/python3.10/site-packages/SCARA_pkg/__pycache__/ikpos.cpython-310.pyc
/home/reach/SCARA/install/SCARA_pkg/lib/python3.10/site-packages/SCARA_pkg/__pycache__/positionradient.cpython-310.pyc
/home/reach/SCARA/install/SCARA_pkg/lib/python3.10/site-packages/SCARA_pkg/__pycache__/newposition.cpython-310.pyc
/home/reach/SCARA/install/SCARA_pkg/share/ament_index/resource_index/packages/SCARA_pkg
/home/reach/SCARA/install/SCARA_pkg/share/SCARA_pkg/package.xml
/home/reach/SCARA/install/SCARA_pkg/share/SCARA_pkg/launch/launch.py
/home/reach/SCARA/install/SCARA_pkg/lib/python3.10/site-packages/SCARA_pkg-0.0.0-py3.10.egg-info/requires.txt
/home/reach/SCARA/install/SCARA_pkg/lib/python3.10/site-packages/SCARA_pkg-0.0.0-py3.10.egg-info/top_level.txt
/home/reach/SCARA/install/SCARA_pkg/lib/python3.10/site-packages/SCARA_pkg-0.0.0-py3.10.egg-info/PKG-INFO
/home/reach/SCARA/install/SCARA_pkg/lib/python3.10/site-packages/SCARA_pkg-0.0.0-py3.10.egg-info/entry_points.txt
/home/reach/SCARA/install/SCARA_pkg/lib/python3.10/site-packages/SCARA_pkg-0.0.0-py3.10.egg-info/SOURCES.txt
/home/reach/SCARA/install/SCARA_pkg/lib/python3.10/site-packages/SCARA_pkg-0.0.0-py3.10.egg-info/dependency_links.txt
/home/reach/SCARA/install/SCARA_pkg/lib/python3.10/site-packages/SCARA_pkg-0.0.0-py3.10.egg-info/zip-safe
/home/reach/SCARA/install/SCARA_pkg/lib/SCARA_pkg/camdetect
/home/reach/SCARA/install/SCARA_pkg/lib/SCARA_pkg/fkpos
/home/reach/SCARA/install/SCARA_pkg/lib/SCARA_pkg/ikpos
/home/reach/SCARA/install/SCARA_pkg/lib/SCARA_pkg/motor_selection
/home/reach/SCARA/install/SCARA_pkg/lib/SCARA_pkg/newposition
/home/reach/SCARA/install/SCARA_pkg/lib/SCARA_pkg/position
/home/reach/SCARA/install/SCARA_pkg/lib/SCARA_pkg/positionradient
