[0.011s] Invoking command in '/home/reach/SCARA/build/yolo_msgs': CMAKE_PREFIX_PATH=/home/reach/SCARA/install/SCARA_pkg:/opt/ros/humble /usr/bin/cmake /home/reach/SCARA/src/yolo_ros/yolo_msgs -DCMAKE_INSTALL_PREFIX=/home/reach/SCARA/install/yolo_msgs
[0.108s] -- The C compiler identification is GNU 11.4.0
[0.185s] -- The CXX compiler identification is GNU 11.4.0
[0.193s] -- Detecting C compiler ABI info
[0.248s] -- Detecting C compiler ABI info - done
[0.253s] -- Check for working C compiler: /usr/bin/cc - skipped
[0.254s] -- Detecting C compile features
[0.255s] -- Detecting C compile features - done
[0.258s] -- Detecting CXX compiler ABI info
[0.316s] -- Detecting CXX compiler ABI info - done
[0.322s] -- Check for working CXX compiler: /usr/bin/c++ - skipped
[0.322s] -- Detecting CXX compile features
[0.322s] -- Detecting CXX compile features - done
[0.328s] -- Found ament_cmake: 1.3.12 (/opt/ros/humble/share/ament_cmake/cmake)
[0.441s] -- Found Python3: /usr/bin/python3 (found version "3.10.12") found components: Interpreter 
[0.516s] -- Found rosidl_default_generators: 1.2.0 (/opt/ros/humble/share/rosidl_default_generators/cmake)
[0.519s] -- Using all available rosidl_typesupport_c: rosidl_typesupport_fastrtps_c;rosidl_typesupport_introspection_c
[0.525s] -- Found rosidl_adapter: 3.1.8 (/opt/ros/humble/share/rosidl_adapter/cmake)
[0.564s] -- Using all available rosidl_typesupport_cpp: rosidl_typesupport_fastrtps_cpp;rosidl_typesupport_introspection_cpp
[0.594s] -- Found std_msgs: 4.9.0 (/opt/ros/humble/share/std_msgs/cmake)
[0.619s] -- Found geometry_msgs: 4.9.0 (/opt/ros/humble/share/geometry_msgs/cmake)
[0.887s] -- Found ament_cmake_ros: 0.10.0 (/opt/ros/humble/share/ament_cmake_ros/cmake)
[1.064s] -- Using all available rosidl_typesupport_c: rosidl_typesupport_fastrtps_c;rosidl_typesupport_introspection_c
[1.299s] -- Using all available rosidl_typesupport_cpp: rosidl_typesupport_fastrtps_cpp;rosidl_typesupport_introspection_cpp
[1.316s] -- Found PythonInterp: /usr/bin/python3 (found suitable version "3.10.12", minimum required is "3.6") 
[1.318s] -- Found python_cmake_module: 0.10.0 (/opt/ros/humble/share/python_cmake_module/cmake)
[1.339s] -- Found PythonLibs: /usr/lib/x86_64-linux-gnu/libpython3.10.so (found suitable version "3.10.12", minimum required is "3.5") 
[1.339s] -- Using PYTHON_EXECUTABLE: /usr/bin/python3
[1.339s] -- Using PYTHON_INCLUDE_DIRS: /usr/include/python3.10
[1.339s] -- Using PYTHON_LIBRARIES: /usr/lib/x86_64-linux-gnu/libpython3.10.so
[1.355s] -- Found PythonExtra: .so  
[1.404s] -- Configuring done
[1.438s] -- Generating done
[1.447s] -- Build files have been written to: /home/reach/SCARA/build/yolo_msgs
[1.452s] Invoked command in '/home/reach/SCARA/build/yolo_msgs' returned '0': CMAKE_PREFIX_PATH=/home/reach/SCARA/install/SCARA_pkg:/opt/ros/humble /usr/bin/cmake /home/reach/SCARA/src/yolo_ros/yolo_msgs -DCMAKE_INSTALL_PREFIX=/home/reach/SCARA/install/yolo_msgs
[1.453s] Invoking command in '/home/reach/SCARA/build/yolo_msgs': CMAKE_PREFIX_PATH=/home/reach/SCARA/install/SCARA_pkg:/opt/ros/humble /usr/bin/cmake --build /home/reach/SCARA/build/yolo_msgs -- -j8 -l8
[1.483s] [  1%] [34m[1mGenerating C code for ROS interfaces[0m
[1.491s] [  1%] [34m[1mGenerating C++ code for ROS interfaces[0m
[1.496s] [  1%] Built target ament_cmake_python_copy_yolo_msgs
[1.675s] running egg_info
[1.676s] creating yolo_msgs.egg-info
[1.676s] writing yolo_msgs.egg-info/PKG-INFO
[1.676s] writing dependency_links to yolo_msgs.egg-info/dependency_links.txt
[1.676s] writing top-level names to yolo_msgs.egg-info/top_level.txt
[1.676s] writing manifest file 'yolo_msgs.egg-info/SOURCES.txt'
[1.677s] reading manifest file 'yolo_msgs.egg-info/SOURCES.txt'
[1.679s] writing manifest file 'yolo_msgs.egg-info/SOURCES.txt'
[1.699s] [  1%] Built target ament_cmake_python_build_yolo_msgs_egg
[2.380s] [  2%] [32mBuilding C object CMakeFiles/yolo_msgs__rosidl_generator_c.dir/rosidl_generator_c/yolo_msgs/msg/detail/point2_d__functions.c.o[0m
[2.382s] [  2%] [32mBuilding C object CMakeFiles/yolo_msgs__rosidl_generator_c.dir/rosidl_generator_c/yolo_msgs/msg/detail/vector2__functions.c.o[0m
[2.384s] [  3%] [32mBuilding C object CMakeFiles/yolo_msgs__rosidl_generator_c.dir/rosidl_generator_c/yolo_msgs/msg/detail/pose2_d__functions.c.o[0m
[2.390s] [  4%] [32mBuilding C object CMakeFiles/yolo_msgs__rosidl_generator_c.dir/rosidl_generator_c/yolo_msgs/msg/detail/bounding_box2_d__functions.c.o[0m
[2.399s] [  5%] [32mBuilding C object CMakeFiles/yolo_msgs__rosidl_generator_c.dir/rosidl_generator_c/yolo_msgs/msg/detail/bounding_box3_d__functions.c.o[0m
[2.404s] [  6%] [32mBuilding C object CMakeFiles/yolo_msgs__rosidl_generator_c.dir/rosidl_generator_c/yolo_msgs/msg/detail/mask__functions.c.o[0m
[2.420s] [  6%] [32mBuilding C object CMakeFiles/yolo_msgs__rosidl_generator_c.dir/rosidl_generator_c/yolo_msgs/msg/detail/key_point2_d__functions.c.o[0m
[2.439s] [  6%] Built target yolo_msgs__cpp
[2.445s] [  7%] [32mBuilding C object CMakeFiles/yolo_msgs__rosidl_generator_c.dir/rosidl_generator_c/yolo_msgs/msg/detail/key_point2_d_array__functions.c.o[0m
[2.445s] [  8%] [32mBuilding C object CMakeFiles/yolo_msgs__rosidl_generator_c.dir/rosidl_generator_c/yolo_msgs/msg/detail/key_point3_d__functions.c.o[0m
[2.446s] [  9%] [32mBuilding C object CMakeFiles/yolo_msgs__rosidl_generator_c.dir/rosidl_generator_c/yolo_msgs/msg/detail/key_point3_d_array__functions.c.o[0m
[2.446s] [ 10%] [32mBuilding C object CMakeFiles/yolo_msgs__rosidl_generator_c.dir/rosidl_generator_c/yolo_msgs/msg/detail/detection__functions.c.o[0m
[2.447s] [ 10%] [32mBuilding C object CMakeFiles/yolo_msgs__rosidl_generator_c.dir/rosidl_generator_c/yolo_msgs/msg/detail/detection_array__functions.c.o[0m
[2.454s] [ 11%] [32mBuilding C object CMakeFiles/yolo_msgs__rosidl_generator_c.dir/rosidl_generator_c/yolo_msgs/srv/detail/set_classes__functions.c.o[0m
[2.456s] [ 12%] [34m[1mGenerating C++ type support dispatch for ROS interfaces[0m
[2.478s] [ 13%] [34m[1mGenerating C++ type support for eProsima Fast-RTPS[0m
[2.497s] [ 13%] [34m[1mGenerating C++ introspection for ROS interfaces[0m
[2.509s] [ 14%] [32m[1mLinking C shared library libyolo_msgs__rosidl_generator_c.so[0m
[2.542s] [ 14%] Built target yolo_msgs__rosidl_generator_c
[2.553s] [ 16%] [34m[1mGenerating C type support for eProsima Fast-RTPS[0m
[2.553s] [ 16%] [34m[1mGenerating C type support dispatch for ROS interfaces[0m
[2.553s] [ 17%] [34m[1mGenerating C introspection for ROS interfaces[0m
[3.052s] [ 18%] [32mBuilding CXX object CMakeFiles/yolo_msgs__rosidl_typesupport_cpp.dir/rosidl_typesupport_cpp/yolo_msgs/msg/point2_d__type_support.cpp.o[0m
[3.053s] [ 18%] [32mBuilding CXX object CMakeFiles/yolo_msgs__rosidl_typesupport_cpp.dir/rosidl_typesupport_cpp/yolo_msgs/msg/pose2_d__type_support.cpp.o[0m
[3.053s] [ 19%] [32mBuilding CXX object CMakeFiles/yolo_msgs__rosidl_typesupport_cpp.dir/rosidl_typesupport_cpp/yolo_msgs/msg/vector2__type_support.cpp.o[0m
[3.373s] [ 20%] [32mBuilding CXX object CMakeFiles/yolo_msgs__rosidl_typesupport_cpp.dir/rosidl_typesupport_cpp/yolo_msgs/msg/bounding_box2_d__type_support.cpp.o[0m
[3.381s] [ 22%] [32mBuilding CXX object CMakeFiles/yolo_msgs__rosidl_typesupport_cpp.dir/rosidl_typesupport_cpp/yolo_msgs/msg/mask__type_support.cpp.o[0m
[3.381s] [ 22%] [32mBuilding CXX object CMakeFiles/yolo_msgs__rosidl_typesupport_cpp.dir/rosidl_typesupport_cpp/yolo_msgs/msg/bounding_box3_d__type_support.cpp.o[0m
[3.439s] [ 23%] [32mBuilding CXX object CMakeFiles/yolo_msgs__rosidl_typesupport_introspection_cpp.dir/rosidl_typesupport_introspection_cpp/yolo_msgs/msg/detail/point2_d__type_support.cpp.o[0m
[3.666s] [ 23%] [32mBuilding CXX object CMakeFiles/yolo_msgs__rosidl_typesupport_c.dir/rosidl_typesupport_c/yolo_msgs/msg/point2_d__type_support.cpp.o[0m
[3.677s] [ 24%] [32mBuilding CXX object CMakeFiles/yolo_msgs__rosidl_typesupport_c.dir/rosidl_typesupport_c/yolo_msgs/msg/vector2__type_support.cpp.o[0m
[3.685s] [ 25%] [32mBuilding CXX object CMakeFiles/yolo_msgs__rosidl_typesupport_cpp.dir/rosidl_typesupport_cpp/yolo_msgs/msg/key_point2_d__type_support.cpp.o[0m
[3.685s] [ 26%] [32mBuilding CXX object CMakeFiles/yolo_msgs__rosidl_typesupport_c.dir/rosidl_typesupport_c/yolo_msgs/msg/pose2_d__type_support.cpp.o[0m
[3.701s] [ 27%] [32mBuilding CXX object CMakeFiles/yolo_msgs__rosidl_typesupport_introspection_cpp.dir/rosidl_typesupport_introspection_cpp/yolo_msgs/msg/detail/vector2__type_support.cpp.o[0m
[3.712s] [ 28%] [32mBuilding CXX object CMakeFiles/yolo_msgs__rosidl_typesupport_introspection_cpp.dir/rosidl_typesupport_introspection_cpp/yolo_msgs/msg/detail/pose2_d__type_support.cpp.o[0m
[3.718s] [ 29%] [32mBuilding CXX object CMakeFiles/yolo_msgs__rosidl_typesupport_c.dir/rosidl_typesupport_c/yolo_msgs/msg/bounding_box2_d__type_support.cpp.o[0m
[3.752s] [ 30%] [32mBuilding CXX object CMakeFiles/yolo_msgs__rosidl_typesupport_c.dir/rosidl_typesupport_c/yolo_msgs/msg/bounding_box3_d__type_support.cpp.o[0m
[3.789s] [ 30%] [32mBuilding CXX object CMakeFiles/yolo_msgs__rosidl_typesupport_c.dir/rosidl_typesupport_c/yolo_msgs/msg/mask__type_support.cpp.o[0m
[3.823s] [ 31%] [32mBuilding CXX object CMakeFiles/yolo_msgs__rosidl_typesupport_c.dir/rosidl_typesupport_c/yolo_msgs/msg/key_point2_d__type_support.cpp.o[0m
[3.858s] [ 32%] [32mBuilding CXX object CMakeFiles/yolo_msgs__rosidl_typesupport_c.dir/rosidl_typesupport_c/yolo_msgs/msg/key_point2_d_array__type_support.cpp.o[0m
[3.893s] [ 33%] [32mBuilding CXX object CMakeFiles/yolo_msgs__rosidl_typesupport_c.dir/rosidl_typesupport_c/yolo_msgs/msg/key_point3_d__type_support.cpp.o[0m
[3.905s] [ 33%] [32mBuilding CXX object CMakeFiles/yolo_msgs__rosidl_typesupport_cpp.dir/rosidl_typesupport_cpp/yolo_msgs/msg/key_point2_d_array__type_support.cpp.o[0m
[3.926s] [ 34%] [32mBuilding CXX object CMakeFiles/yolo_msgs__rosidl_typesupport_c.dir/rosidl_typesupport_c/yolo_msgs/msg/key_point3_d_array__type_support.cpp.o[0m
[3.962s] [ 34%] [32mBuilding CXX object CMakeFiles/yolo_msgs__rosidl_typesupport_c.dir/rosidl_typesupport_c/yolo_msgs/msg/detection__type_support.cpp.o[0m
[3.982s] [ 35%] [32mBuilding CXX object CMakeFiles/yolo_msgs__rosidl_typesupport_introspection_cpp.dir/rosidl_typesupport_introspection_cpp/yolo_msgs/msg/detail/bounding_box2_d__type_support.cpp.o[0m
[3.998s] [ 36%] [32mBuilding CXX object CMakeFiles/yolo_msgs__rosidl_typesupport_c.dir/rosidl_typesupport_c/yolo_msgs/msg/detection_array__type_support.cpp.o[0m
[4.010s] [ 37%] [32mBuilding CXX object CMakeFiles/yolo_msgs__rosidl_typesupport_fastrtps_cpp.dir/rosidl_typesupport_fastrtps_cpp/yolo_msgs/msg/detail/dds_fastrtps/point2_d__type_support.cpp.o[0m
[4.020s] [ 38%] [32mBuilding C object CMakeFiles/yolo_msgs__rosidl_typesupport_introspection_c.dir/rosidl_typesupport_introspection_c/yolo_msgs/msg/detail/point2_d__type_support.c.o[0m
[4.030s] [ 39%] [32mBuilding CXX object CMakeFiles/yolo_msgs__rosidl_typesupport_c.dir/rosidl_typesupport_c/yolo_msgs/srv/set_classes__type_support.cpp.o[0m
[4.057s] [ 40%] [32mBuilding C object CMakeFiles/yolo_msgs__rosidl_typesupport_introspection_c.dir/rosidl_typesupport_introspection_c/yolo_msgs/msg/detail/vector2__type_support.c.o[0m
[4.071s] [ 41%] [32m[1mLinking CXX shared library libyolo_msgs__rosidl_typesupport_c.so[0m
[4.086s] [ 42%] [32mBuilding CXX object CMakeFiles/yolo_msgs__rosidl_typesupport_fastrtps_c.dir/rosidl_typesupport_fastrtps_c/yolo_msgs/msg/detail/point2_d__type_support_c.cpp.o[0m
[4.095s] [ 42%] [32mBuilding C object CMakeFiles/yolo_msgs__rosidl_typesupport_introspection_c.dir/rosidl_typesupport_introspection_c/yolo_msgs/msg/detail/pose2_d__type_support.c.o[0m
[4.132s] [ 42%] Built target yolo_msgs__rosidl_typesupport_c
[4.132s] [ 43%] [32mBuilding C object CMakeFiles/yolo_msgs__rosidl_typesupport_introspection_c.dir/rosidl_typesupport_introspection_c/yolo_msgs/msg/detail/bounding_box2_d__type_support.c.o[0m
[4.134s] [ 43%] [32mBuilding CXX object CMakeFiles/yolo_msgs__rosidl_typesupport_fastrtps_c.dir/rosidl_typesupport_fastrtps_c/yolo_msgs/msg/detail/vector2__type_support_c.cpp.o[0m
[4.142s] [ 43%] [32mBuilding CXX object CMakeFiles/yolo_msgs__rosidl_typesupport_introspection_cpp.dir/rosidl_typesupport_introspection_cpp/yolo_msgs/msg/detail/bounding_box3_d__type_support.cpp.o[0m
[4.148s] [ 44%] [32mBuilding CXX object CMakeFiles/yolo_msgs__rosidl_typesupport_fastrtps_c.dir/rosidl_typesupport_fastrtps_c/yolo_msgs/msg/detail/pose2_d__type_support_c.cpp.o[0m
[4.174s] [ 45%] [32mBuilding C object CMakeFiles/yolo_msgs__rosidl_typesupport_introspection_c.dir/rosidl_typesupport_introspection_c/yolo_msgs/msg/detail/bounding_box3_d__type_support.c.o[0m
[4.216s] [ 46%] [32mBuilding C object CMakeFiles/yolo_msgs__rosidl_typesupport_introspection_c.dir/rosidl_typesupport_introspection_c/yolo_msgs/msg/detail/mask__type_support.c.o[0m
[4.261s] [ 47%] [32mBuilding C object CMakeFiles/yolo_msgs__rosidl_typesupport_introspection_c.dir/rosidl_typesupport_introspection_c/yolo_msgs/msg/detail/key_point2_d__type_support.c.o[0m
[4.262s] [ 48%] [32mBuilding CXX object CMakeFiles/yolo_msgs__rosidl_typesupport_cpp.dir/rosidl_typesupport_cpp/yolo_msgs/msg/key_point3_d__type_support.cpp.o[0m
[4.299s] [ 48%] [32mBuilding C object CMakeFiles/yolo_msgs__rosidl_typesupport_introspection_c.dir/rosidl_typesupport_introspection_c/yolo_msgs/msg/detail/key_point2_d_array__type_support.c.o[0m
[4.341s] [ 49%] [32mBuilding C object CMakeFiles/yolo_msgs__rosidl_typesupport_introspection_c.dir/rosidl_typesupport_introspection_c/yolo_msgs/msg/detail/key_point3_d__type_support.c.o[0m
[4.380s] [ 50%] [32mBuilding C object CMakeFiles/yolo_msgs__rosidl_typesupport_introspection_c.dir/rosidl_typesupport_introspection_c/yolo_msgs/msg/detail/key_point3_d_array__type_support.c.o[0m
[4.398s] [ 51%] [32mBuilding CXX object CMakeFiles/yolo_msgs__rosidl_typesupport_fastrtps_cpp.dir/rosidl_typesupport_fastrtps_cpp/yolo_msgs/msg/detail/dds_fastrtps/vector2__type_support.cpp.o[0m
[4.421s] [ 52%] [32mBuilding C object CMakeFiles/yolo_msgs__rosidl_typesupport_introspection_c.dir/rosidl_typesupport_introspection_c/yolo_msgs/msg/detail/detection__type_support.c.o[0m
[4.464s] [ 53%] [32mBuilding C object CMakeFiles/yolo_msgs__rosidl_typesupport_introspection_c.dir/rosidl_typesupport_introspection_c/yolo_msgs/msg/detail/detection_array__type_support.c.o[0m
[4.475s] [ 54%] [32mBuilding CXX object CMakeFiles/yolo_msgs__rosidl_typesupport_fastrtps_cpp.dir/rosidl_typesupport_fastrtps_cpp/yolo_msgs/msg/detail/dds_fastrtps/pose2_d__type_support.cpp.o[0m
[4.490s] [ 55%] [32mBuilding CXX object CMakeFiles/yolo_msgs__rosidl_typesupport_fastrtps_c.dir/rosidl_typesupport_fastrtps_c/yolo_msgs/msg/detail/bounding_box2_d__type_support_c.cpp.o[0m
[4.510s] [ 55%] [32mBuilding C object CMakeFiles/yolo_msgs__rosidl_typesupport_introspection_c.dir/rosidl_typesupport_introspection_c/yolo_msgs/srv/detail/set_classes__type_support.c.o[0m
[4.515s] [ 56%] [32mBuilding CXX object CMakeFiles/yolo_msgs__rosidl_typesupport_introspection_cpp.dir/rosidl_typesupport_introspection_cpp/yolo_msgs/msg/detail/mask__type_support.cpp.o[0m
[4.530s] [ 56%] [32mBuilding CXX object CMakeFiles/yolo_msgs__rosidl_typesupport_fastrtps_cpp.dir/rosidl_typesupport_fastrtps_cpp/yolo_msgs/msg/detail/dds_fastrtps/bounding_box2_d__type_support.cpp.o[0m
[4.559s] [ 57%] [32m[1mLinking C shared library libyolo_msgs__rosidl_typesupport_introspection_c.so[0m
[4.579s] [ 58%] [32mBuilding CXX object CMakeFiles/yolo_msgs__rosidl_typesupport_cpp.dir/rosidl_typesupport_cpp/yolo_msgs/msg/key_point3_d_array__type_support.cpp.o[0m
[4.606s] [ 59%] [32mBuilding CXX object CMakeFiles/yolo_msgs__rosidl_typesupport_fastrtps_c.dir/rosidl_typesupport_fastrtps_c/yolo_msgs/msg/detail/bounding_box3_d__type_support_c.cpp.o[0m
[4.618s] [ 59%] Built target yolo_msgs__rosidl_typesupport_introspection_c
[4.643s] [ 60%] [32mBuilding CXX object CMakeFiles/yolo_msgs__rosidl_typesupport_introspection_cpp.dir/rosidl_typesupport_introspection_cpp/yolo_msgs/msg/detail/key_point2_d__type_support.cpp.o[0m
[4.828s] [ 61%] [32mBuilding CXX object CMakeFiles/yolo_msgs__rosidl_typesupport_cpp.dir/rosidl_typesupport_cpp/yolo_msgs/msg/detection__type_support.cpp.o[0m
[4.885s] [ 62%] [32mBuilding CXX object CMakeFiles/yolo_msgs__rosidl_typesupport_introspection_cpp.dir/rosidl_typesupport_introspection_cpp/yolo_msgs/msg/detail/key_point2_d_array__type_support.cpp.o[0m
[4.923s] [ 63%] [32mBuilding CXX object CMakeFiles/yolo_msgs__rosidl_typesupport_fastrtps_c.dir/rosidl_typesupport_fastrtps_c/yolo_msgs/msg/detail/mask__type_support_c.cpp.o[0m
[4.932s] [ 63%] [32mBuilding CXX object CMakeFiles/yolo_msgs__rosidl_typesupport_fastrtps_c.dir/rosidl_typesupport_fastrtps_c/yolo_msgs/msg/detail/key_point2_d__type_support_c.cpp.o[0m
[4.981s] [ 64%] [32mBuilding CXX object CMakeFiles/yolo_msgs__rosidl_typesupport_fastrtps_cpp.dir/rosidl_typesupport_fastrtps_cpp/yolo_msgs/msg/detail/dds_fastrtps/bounding_box3_d__type_support.cpp.o[0m
[5.002s] [ 65%] [32mBuilding CXX object CMakeFiles/yolo_msgs__rosidl_typesupport_introspection_cpp.dir/rosidl_typesupport_introspection_cpp/yolo_msgs/msg/detail/key_point3_d__type_support.cpp.o[0m
[5.031s] [ 66%] [32mBuilding CXX object CMakeFiles/yolo_msgs__rosidl_typesupport_fastrtps_c.dir/rosidl_typesupport_fastrtps_c/yolo_msgs/msg/detail/key_point2_d_array__type_support_c.cpp.o[0m
[5.115s] [ 67%] [32mBuilding CXX object CMakeFiles/yolo_msgs__rosidl_typesupport_cpp.dir/rosidl_typesupport_cpp/yolo_msgs/msg/detection_array__type_support.cpp.o[0m
[5.144s] [ 68%] [32mBuilding CXX object CMakeFiles/yolo_msgs__rosidl_typesupport_fastrtps_cpp.dir/rosidl_typesupport_fastrtps_cpp/yolo_msgs/msg/detail/dds_fastrtps/mask__type_support.cpp.o[0m
[5.311s] [ 68%] [32mBuilding CXX object CMakeFiles/yolo_msgs__rosidl_typesupport_cpp.dir/rosidl_typesupport_cpp/yolo_msgs/srv/set_classes__type_support.cpp.o[0m
[5.311s] [ 69%] [32mBuilding CXX object CMakeFiles/yolo_msgs__rosidl_typesupport_fastrtps_cpp.dir/rosidl_typesupport_fastrtps_cpp/yolo_msgs/msg/detail/dds_fastrtps/key_point2_d__type_support.cpp.o[0m
[5.382s] [ 70%] [32mBuilding CXX object CMakeFiles/yolo_msgs__rosidl_typesupport_fastrtps_cpp.dir/rosidl_typesupport_fastrtps_cpp/yolo_msgs/msg/detail/dds_fastrtps/key_point2_d_array__type_support.cpp.o[0m
[5.416s] [ 71%] [32mBuilding CXX object CMakeFiles/yolo_msgs__rosidl_typesupport_fastrtps_c.dir/rosidl_typesupport_fastrtps_c/yolo_msgs/msg/detail/key_point3_d__type_support_c.cpp.o[0m
[5.436s] [ 72%] [32mBuilding CXX object CMakeFiles/yolo_msgs__rosidl_typesupport_fastrtps_c.dir/rosidl_typesupport_fastrtps_c/yolo_msgs/msg/detail/key_point3_d_array__type_support_c.cpp.o[0m
[5.441s] [ 72%] [32mBuilding CXX object CMakeFiles/yolo_msgs__rosidl_typesupport_fastrtps_cpp.dir/rosidl_typesupport_fastrtps_cpp/yolo_msgs/msg/detail/dds_fastrtps/key_point3_d__type_support.cpp.o[0m
[5.447s] [ 72%] [32mBuilding CXX object CMakeFiles/yolo_msgs__rosidl_typesupport_introspection_cpp.dir/rosidl_typesupport_introspection_cpp/yolo_msgs/msg/detail/key_point3_d_array__type_support.cpp.o[0m
[5.610s] [ 73%] [32m[1mLinking CXX shared library libyolo_msgs__rosidl_typesupport_cpp.so[0m
[5.651s] [ 74%] [32mBuilding CXX object CMakeFiles/yolo_msgs__rosidl_typesupport_fastrtps_c.dir/rosidl_typesupport_fastrtps_c/yolo_msgs/msg/detail/detection__type_support_c.cpp.o[0m
[5.662s] [ 74%] Built target yolo_msgs__rosidl_typesupport_cpp
[5.673s] [ 75%] [32mBuilding CXX object CMakeFiles/yolo_msgs__rosidl_typesupport_introspection_cpp.dir/rosidl_typesupport_introspection_cpp/yolo_msgs/msg/detail/detection__type_support.cpp.o[0m
[5.767s] [ 75%] [32mBuilding CXX object CMakeFiles/yolo_msgs__rosidl_typesupport_fastrtps_c.dir/rosidl_typesupport_fastrtps_c/yolo_msgs/msg/detail/detection_array__type_support_c.cpp.o[0m
[5.792s] [ 76%] [32mBuilding CXX object CMakeFiles/yolo_msgs__rosidl_typesupport_fastrtps_cpp.dir/rosidl_typesupport_fastrtps_cpp/yolo_msgs/msg/detail/dds_fastrtps/key_point3_d_array__type_support.cpp.o[0m
[5.829s] [ 77%] [32mBuilding CXX object CMakeFiles/yolo_msgs__rosidl_typesupport_introspection_cpp.dir/rosidl_typesupport_introspection_cpp/yolo_msgs/msg/detail/detection_array__type_support.cpp.o[0m
[5.892s] [ 78%] [32mBuilding CXX object CMakeFiles/yolo_msgs__rosidl_typesupport_fastrtps_c.dir/rosidl_typesupport_fastrtps_c/yolo_msgs/srv/detail/set_classes__type_support_c.cpp.o[0m
[5.897s] [ 79%] [32mBuilding CXX object CMakeFiles/yolo_msgs__rosidl_typesupport_introspection_cpp.dir/rosidl_typesupport_introspection_cpp/yolo_msgs/srv/detail/set_classes__type_support.cpp.o[0m
[5.938s] [ 80%] [32mBuilding CXX object CMakeFiles/yolo_msgs__rosidl_typesupport_fastrtps_cpp.dir/rosidl_typesupport_fastrtps_cpp/yolo_msgs/msg/detail/dds_fastrtps/detection__type_support.cpp.o[0m
[6.062s] [ 81%] [32mBuilding CXX object CMakeFiles/yolo_msgs__rosidl_typesupport_fastrtps_cpp.dir/rosidl_typesupport_fastrtps_cpp/yolo_msgs/msg/detail/dds_fastrtps/detection_array__type_support.cpp.o[0m
[6.162s] [ 82%] [32mBuilding CXX object CMakeFiles/yolo_msgs__rosidl_typesupport_fastrtps_cpp.dir/rosidl_typesupport_fastrtps_cpp/yolo_msgs/srv/detail/dds_fastrtps/set_classes__type_support.cpp.o[0m
[6.278s] [ 83%] [32m[1mLinking CXX shared library libyolo_msgs__rosidl_typesupport_fastrtps_c.so[0m
[6.346s] [ 83%] Built target yolo_msgs__rosidl_typesupport_fastrtps_c
[6.489s] [ 84%] [32m[1mLinking CXX shared library libyolo_msgs__rosidl_typesupport_introspection_cpp.so[0m
[6.558s] [ 84%] Built target yolo_msgs__rosidl_typesupport_introspection_cpp
[6.595s] [ 84%] [32m[1mLinking CXX shared library libyolo_msgs__rosidl_typesupport_fastrtps_cpp.so[0m
[6.655s] [ 84%] Built target yolo_msgs__rosidl_typesupport_fastrtps_cpp
[6.670s] [ 84%] Built target yolo_msgs
[6.690s] [ 85%] [34m[1mGenerating Python code for ROS interfaces[0m
[7.958s] [ 85%] Built target yolo_msgs__py
[7.978s] [ 90%] [32mBuilding C object CMakeFiles/yolo_msgs__rosidl_generator_py.dir/rosidl_generator_py/yolo_msgs/msg/_vector2_s.c.o[0m
[7.978s] [ 90%] [32mBuilding C object CMakeFiles/yolo_msgs__rosidl_generator_py.dir/rosidl_generator_py/yolo_msgs/msg/_bounding_box2_d_s.c.o[0m
[7.978s] [ 90%] [32mBuilding C object CMakeFiles/yolo_msgs__rosidl_generator_py.dir/rosidl_generator_py/yolo_msgs/msg/_point2_d_s.c.o[0m
[7.978s] [ 90%] [32mBuilding C object CMakeFiles/yolo_msgs__rosidl_generator_py.dir/rosidl_generator_py/yolo_msgs/msg/_pose2_d_s.c.o[0m
[7.978s] [ 90%] [32mBuilding C object CMakeFiles/yolo_msgs__rosidl_generator_py.dir/rosidl_generator_py/yolo_msgs/msg/_bounding_box3_d_s.c.o[0m
[7.978s] [ 90%] [32mBuilding C object CMakeFiles/yolo_msgs__rosidl_generator_py.dir/rosidl_generator_py/yolo_msgs/msg/_mask_s.c.o[0m
[7.978s] [ 90%] [32mBuilding C object CMakeFiles/yolo_msgs__rosidl_generator_py.dir/rosidl_generator_py/yolo_msgs/msg/_key_point2_d_s.c.o[0m
[7.978s] [ 91%] [32mBuilding C object CMakeFiles/yolo_msgs__rosidl_generator_py.dir/rosidl_generator_py/yolo_msgs/msg/_key_point2_d_array_s.c.o[0m
[8.107s] [ 94%] [32mBuilding C object CMakeFiles/yolo_msgs__rosidl_generator_py.dir/rosidl_generator_py/yolo_msgs/msg/_key_point3_d_s.c.o[0m
[8.107s] [ 94%] [32mBuilding C object CMakeFiles/yolo_msgs__rosidl_generator_py.dir/rosidl_generator_py/yolo_msgs/msg/_key_point3_d_array_s.c.o[0m
[8.107s] [ 94%] [32mBuilding C object CMakeFiles/yolo_msgs__rosidl_generator_py.dir/rosidl_generator_py/yolo_msgs/msg/_detection_s.c.o[0m
[8.109s] [ 95%] [32mBuilding C object CMakeFiles/yolo_msgs__rosidl_generator_py.dir/rosidl_generator_py/yolo_msgs/srv/_set_classes_s.c.o[0m
[8.109s] [ 95%] [32mBuilding C object CMakeFiles/yolo_msgs__rosidl_generator_py.dir/rosidl_generator_py/yolo_msgs/msg/_detection_array_s.c.o[0m
[8.221s] [ 96%] [32m[1mLinking C shared library rosidl_generator_py/yolo_msgs/libyolo_msgs__rosidl_generator_py.so[0m
[8.262s] [ 96%] Built target yolo_msgs__rosidl_generator_py
[8.280s] [ 99%] [32mBuilding C object CMakeFiles/yolo_msgs__rosidl_typesupport_introspection_c__pyext.dir/rosidl_generator_py/yolo_msgs/_yolo_msgs_s.ep.rosidl_typesupport_introspection_c.c.o[0m
[8.280s] [ 99%] [32mBuilding C object CMakeFiles/yolo_msgs__rosidl_typesupport_c__pyext.dir/rosidl_generator_py/yolo_msgs/_yolo_msgs_s.ep.rosidl_typesupport_c.c.o[0m
[8.280s] [ 99%] [32mBuilding C object CMakeFiles/yolo_msgs__rosidl_typesupport_fastrtps_c__pyext.dir/rosidl_generator_py/yolo_msgs/_yolo_msgs_s.ep.rosidl_typesupport_fastrtps_c.c.o[0m
[8.378s] [ 99%] [32m[1mLinking C shared library rosidl_generator_py/yolo_msgs/yolo_msgs_s__rosidl_typesupport_fastrtps_c.cpython-310-x86_64-linux-gnu.so[0m
[8.378s] [ 99%] [32m[1mLinking C shared library rosidl_generator_py/yolo_msgs/yolo_msgs_s__rosidl_typesupport_c.cpython-310-x86_64-linux-gnu.so[0m
[8.378s] [100%] [32m[1mLinking C shared library rosidl_generator_py/yolo_msgs/yolo_msgs_s__rosidl_typesupport_introspection_c.cpython-310-x86_64-linux-gnu.so[0m
[8.407s] [100%] Built target yolo_msgs__rosidl_typesupport_fastrtps_c__pyext
[8.407s] [100%] Built target yolo_msgs__rosidl_typesupport_introspection_c__pyext
[8.407s] [100%] Built target yolo_msgs__rosidl_typesupport_c__pyext
[8.416s] Invoked command in '/home/reach/SCARA/build/yolo_msgs' returned '0': CMAKE_PREFIX_PATH=/home/reach/SCARA/install/SCARA_pkg:/opt/ros/humble /usr/bin/cmake --build /home/reach/SCARA/build/yolo_msgs -- -j8 -l8
[8.424s] Invoking command in '/home/reach/SCARA/build/yolo_msgs': CMAKE_PREFIX_PATH=/home/reach/SCARA/install/SCARA_pkg:/opt/ros/humble /usr/bin/cmake --install /home/reach/SCARA/build/yolo_msgs
[8.430s] -- Install configuration: ""
[8.430s] -- Installing: /home/reach/SCARA/install/yolo_msgs/share/ament_index/resource_index/rosidl_interfaces/yolo_msgs
[8.430s] -- Installing: /home/reach/SCARA/install/yolo_msgs/include/yolo_msgs/yolo_msgs
[8.430s] -- Installing: /home/reach/SCARA/install/yolo_msgs/include/yolo_msgs/yolo_msgs/srv
[8.430s] -- Installing: /home/reach/SCARA/install/yolo_msgs/include/yolo_msgs/yolo_msgs/srv/set_classes.h
[8.430s] -- Installing: /home/reach/SCARA/install/yolo_msgs/include/yolo_msgs/yolo_msgs/srv/detail
[8.430s] -- Installing: /home/reach/SCARA/install/yolo_msgs/include/yolo_msgs/yolo_msgs/srv/detail/set_classes__type_support.h
[8.431s] -- Installing: /home/reach/SCARA/install/yolo_msgs/include/yolo_msgs/yolo_msgs/srv/detail/set_classes__functions.c
[8.431s] -- Installing: /home/reach/SCARA/install/yolo_msgs/include/yolo_msgs/yolo_msgs/srv/detail/set_classes__functions.h
[8.431s] -- Installing: /home/reach/SCARA/install/yolo_msgs/include/yolo_msgs/yolo_msgs/srv/detail/set_classes__struct.h
[8.431s] -- Installing: /home/reach/SCARA/install/yolo_msgs/include/yolo_msgs/yolo_msgs/msg
[8.431s] -- Installing: /home/reach/SCARA/install/yolo_msgs/include/yolo_msgs/yolo_msgs/msg/rosidl_generator_c__visibility_control.h
[8.431s] -- Installing: /home/reach/SCARA/install/yolo_msgs/include/yolo_msgs/yolo_msgs/msg/bounding_box3_d.h
[8.431s] -- Installing: /home/reach/SCARA/install/yolo_msgs/include/yolo_msgs/yolo_msgs/msg/pose2_d.h
[8.431s] -- Installing: /home/reach/SCARA/install/yolo_msgs/include/yolo_msgs/yolo_msgs/msg/mask.h
[8.431s] -- Installing: /home/reach/SCARA/install/yolo_msgs/include/yolo_msgs/yolo_msgs/msg/bounding_box2_d.h
[8.431s] -- Installing: /home/reach/SCARA/install/yolo_msgs/include/yolo_msgs/yolo_msgs/msg/detection_array.h
[8.431s] -- Installing: /home/reach/SCARA/install/yolo_msgs/include/yolo_msgs/yolo_msgs/msg/point2_d.h
[8.431s] -- Installing: /home/reach/SCARA/install/yolo_msgs/include/yolo_msgs/yolo_msgs/msg/key_point3_d_array.h
[8.432s] -- Installing: /home/reach/SCARA/install/yolo_msgs/include/yolo_msgs/yolo_msgs/msg/key_point3_d.h
[8.432s] -- Installing: /home/reach/SCARA/install/yolo_msgs/include/yolo_msgs/yolo_msgs/msg/vector2.h
[8.432s] -- Installing: /home/reach/SCARA/install/yolo_msgs/include/yolo_msgs/yolo_msgs/msg/key_point2_d.h
[8.432s] -- Installing: /home/reach/SCARA/install/yolo_msgs/include/yolo_msgs/yolo_msgs/msg/detail
[8.432s] -- Installing: /home/reach/SCARA/install/yolo_msgs/include/yolo_msgs/yolo_msgs/msg/detail/detection__type_support.h
[8.432s] -- Installing: /home/reach/SCARA/install/yolo_msgs/include/yolo_msgs/yolo_msgs/msg/detail/detection_array__functions.c
[8.432s] -- Installing: /home/reach/SCARA/install/yolo_msgs/include/yolo_msgs/yolo_msgs/msg/detail/key_point3_d__functions.h
[8.432s] -- Installing: /home/reach/SCARA/install/yolo_msgs/include/yolo_msgs/yolo_msgs/msg/detail/mask__functions.h
[8.432s] -- Installing: /home/reach/SCARA/install/yolo_msgs/include/yolo_msgs/yolo_msgs/msg/detail/mask__functions.c
[8.432s] -- Installing: /home/reach/SCARA/install/yolo_msgs/include/yolo_msgs/yolo_msgs/msg/detail/mask__struct.h
[8.432s] -- Installing: /home/reach/SCARA/install/yolo_msgs/include/yolo_msgs/yolo_msgs/msg/detail/vector2__functions.h
[8.432s] -- Installing: /home/reach/SCARA/install/yolo_msgs/include/yolo_msgs/yolo_msgs/msg/detail/key_point2_d_array__type_support.h
[8.433s] -- Installing: /home/reach/SCARA/install/yolo_msgs/include/yolo_msgs/yolo_msgs/msg/detail/point2_d__functions.c
[8.433s] -- Installing: /home/reach/SCARA/install/yolo_msgs/include/yolo_msgs/yolo_msgs/msg/detail/bounding_box3_d__type_support.h
[8.433s] -- Installing: /home/reach/SCARA/install/yolo_msgs/include/yolo_msgs/yolo_msgs/msg/detail/key_point3_d_array__functions.c
[8.433s] -- Installing: /home/reach/SCARA/install/yolo_msgs/include/yolo_msgs/yolo_msgs/msg/detail/point2_d__type_support.h
[8.433s] -- Installing: /home/reach/SCARA/install/yolo_msgs/include/yolo_msgs/yolo_msgs/msg/detail/key_point3_d_array__struct.h
[8.433s] -- Installing: /home/reach/SCARA/install/yolo_msgs/include/yolo_msgs/yolo_msgs/msg/detail/key_point3_d_array__functions.h
[8.433s] -- Installing: /home/reach/SCARA/install/yolo_msgs/include/yolo_msgs/yolo_msgs/msg/detail/pose2_d__type_support.h
[8.433s] -- Installing: /home/reach/SCARA/install/yolo_msgs/include/yolo_msgs/yolo_msgs/msg/detail/key_point2_d__struct.h
[8.433s] -- Installing: /home/reach/SCARA/install/yolo_msgs/include/yolo_msgs/yolo_msgs/msg/detail/pose2_d__functions.h
[8.433s] -- Installing: /home/reach/SCARA/install/yolo_msgs/include/yolo_msgs/yolo_msgs/msg/detail/key_point2_d__functions.h
[8.433s] -- Installing: /home/reach/SCARA/install/yolo_msgs/include/yolo_msgs/yolo_msgs/msg/detail/key_point3_d__functions.c
[8.433s] -- Installing: /home/reach/SCARA/install/yolo_msgs/include/yolo_msgs/yolo_msgs/msg/detail/pose2_d__struct.h
[8.433s] -- Installing: /home/reach/SCARA/install/yolo_msgs/include/yolo_msgs/yolo_msgs/msg/detail/detection__functions.c
[8.434s] -- Installing: /home/reach/SCARA/install/yolo_msgs/include/yolo_msgs/yolo_msgs/msg/detail/detection_array__functions.h
[8.434s] -- Installing: /home/reach/SCARA/install/yolo_msgs/include/yolo_msgs/yolo_msgs/msg/detail/bounding_box3_d__struct.h
[8.434s] -- Installing: /home/reach/SCARA/install/yolo_msgs/include/yolo_msgs/yolo_msgs/msg/detail/vector2__type_support.h
[8.434s] -- Installing: /home/reach/SCARA/install/yolo_msgs/include/yolo_msgs/yolo_msgs/msg/detail/bounding_box3_d__functions.c
[8.434s] -- Installing: /home/reach/SCARA/install/yolo_msgs/include/yolo_msgs/yolo_msgs/msg/detail/pose2_d__functions.c
[8.434s] -- Installing: /home/reach/SCARA/install/yolo_msgs/include/yolo_msgs/yolo_msgs/msg/detail/key_point2_d_array__struct.h
[8.434s] -- Installing: /home/reach/SCARA/install/yolo_msgs/include/yolo_msgs/yolo_msgs/msg/detail/key_point3_d__struct.h
[8.434s] -- Installing: /home/reach/SCARA/install/yolo_msgs/include/yolo_msgs/yolo_msgs/msg/detail/key_point2_d_array__functions.h
[8.434s] -- Installing: /home/reach/SCARA/install/yolo_msgs/include/yolo_msgs/yolo_msgs/msg/detail/bounding_box2_d__struct.h
[8.434s] -- Installing: /home/reach/SCARA/install/yolo_msgs/include/yolo_msgs/yolo_msgs/msg/detail/bounding_box2_d__functions.h
[8.434s] -- Installing: /home/reach/SCARA/install/yolo_msgs/include/yolo_msgs/yolo_msgs/msg/detail/key_point2_d_array__functions.c
[8.434s] -- Installing: /home/reach/SCARA/install/yolo_msgs/include/yolo_msgs/yolo_msgs/msg/detail/key_point3_d__type_support.h
[8.434s] -- Installing: /home/reach/SCARA/install/yolo_msgs/include/yolo_msgs/yolo_msgs/msg/detail/key_point2_d__functions.c
[8.434s] -- Installing: /home/reach/SCARA/install/yolo_msgs/include/yolo_msgs/yolo_msgs/msg/detail/detection_array__struct.h
[8.435s] -- Installing: /home/reach/SCARA/install/yolo_msgs/include/yolo_msgs/yolo_msgs/msg/detail/key_point2_d__type_support.h
[8.435s] -- Installing: /home/reach/SCARA/install/yolo_msgs/include/yolo_msgs/yolo_msgs/msg/detail/bounding_box2_d__functions.c
[8.435s] -- Installing: /home/reach/SCARA/install/yolo_msgs/include/yolo_msgs/yolo_msgs/msg/detail/detection_array__type_support.h
[8.435s] -- Installing: /home/reach/SCARA/install/yolo_msgs/include/yolo_msgs/yolo_msgs/msg/detail/mask__type_support.h
[8.435s] -- Installing: /home/reach/SCARA/install/yolo_msgs/include/yolo_msgs/yolo_msgs/msg/detail/vector2__struct.h
[8.435s] -- Installing: /home/reach/SCARA/install/yolo_msgs/include/yolo_msgs/yolo_msgs/msg/detail/point2_d__struct.h
[8.435s] -- Installing: /home/reach/SCARA/install/yolo_msgs/include/yolo_msgs/yolo_msgs/msg/detail/vector2__functions.c
[8.435s] -- Installing: /home/reach/SCARA/install/yolo_msgs/include/yolo_msgs/yolo_msgs/msg/detail/bounding_box2_d__type_support.h
[8.435s] -- Installing: /home/reach/SCARA/install/yolo_msgs/include/yolo_msgs/yolo_msgs/msg/detail/point2_d__functions.h
[8.435s] -- Installing: /home/reach/SCARA/install/yolo_msgs/include/yolo_msgs/yolo_msgs/msg/detail/detection__functions.h
[8.435s] -- Installing: /home/reach/SCARA/install/yolo_msgs/include/yolo_msgs/yolo_msgs/msg/detail/key_point3_d_array__type_support.h
[8.435s] -- Installing: /home/reach/SCARA/install/yolo_msgs/include/yolo_msgs/yolo_msgs/msg/detail/detection__struct.h
[8.435s] -- Installing: /home/reach/SCARA/install/yolo_msgs/include/yolo_msgs/yolo_msgs/msg/detail/bounding_box3_d__functions.h
[8.435s] -- Installing: /home/reach/SCARA/install/yolo_msgs/include/yolo_msgs/yolo_msgs/msg/detection.h
[8.435s] -- Installing: /home/reach/SCARA/install/yolo_msgs/include/yolo_msgs/yolo_msgs/msg/key_point2_d_array.h
[8.436s] -- Installing: /home/reach/SCARA/install/yolo_msgs/share/yolo_msgs/environment/library_path.sh
[8.436s] -- Installing: /home/reach/SCARA/install/yolo_msgs/share/yolo_msgs/environment/library_path.dsv
[8.436s] -- Installing: /home/reach/SCARA/install/yolo_msgs/lib/libyolo_msgs__rosidl_generator_c.so
[8.436s] -- Set runtime path of "/home/reach/SCARA/install/yolo_msgs/lib/libyolo_msgs__rosidl_generator_c.so" to ""
[8.436s] -- Up-to-date: /home/reach/SCARA/install/yolo_msgs/include/yolo_msgs/yolo_msgs
[8.436s] -- Up-to-date: /home/reach/SCARA/install/yolo_msgs/include/yolo_msgs/yolo_msgs/srv
[8.436s] -- Up-to-date: /home/reach/SCARA/install/yolo_msgs/include/yolo_msgs/yolo_msgs/srv/detail
[8.436s] -- Installing: /home/reach/SCARA/install/yolo_msgs/include/yolo_msgs/yolo_msgs/srv/detail/set_classes__rosidl_typesupport_fastrtps_c.h
[8.436s] -- Up-to-date: /home/reach/SCARA/install/yolo_msgs/include/yolo_msgs/yolo_msgs/msg
[8.436s] -- Installing: /home/reach/SCARA/install/yolo_msgs/include/yolo_msgs/yolo_msgs/msg/rosidl_typesupport_fastrtps_c__visibility_control.h
[8.436s] -- Up-to-date: /home/reach/SCARA/install/yolo_msgs/include/yolo_msgs/yolo_msgs/msg/detail
[8.436s] -- Installing: /home/reach/SCARA/install/yolo_msgs/include/yolo_msgs/yolo_msgs/msg/detail/pose2_d__rosidl_typesupport_fastrtps_c.h
[8.437s] -- Installing: /home/reach/SCARA/install/yolo_msgs/include/yolo_msgs/yolo_msgs/msg/detail/point2_d__rosidl_typesupport_fastrtps_c.h
[8.437s] -- Installing: /home/reach/SCARA/install/yolo_msgs/include/yolo_msgs/yolo_msgs/msg/detail/bounding_box2_d__rosidl_typesupport_fastrtps_c.h
[8.437s] -- Installing: /home/reach/SCARA/install/yolo_msgs/include/yolo_msgs/yolo_msgs/msg/detail/key_point3_d__rosidl_typesupport_fastrtps_c.h
[8.437s] -- Installing: /home/reach/SCARA/install/yolo_msgs/include/yolo_msgs/yolo_msgs/msg/detail/key_point2_d_array__rosidl_typesupport_fastrtps_c.h
[8.437s] -- Installing: /home/reach/SCARA/install/yolo_msgs/include/yolo_msgs/yolo_msgs/msg/detail/key_point2_d__rosidl_typesupport_fastrtps_c.h
[8.437s] -- Installing: /home/reach/SCARA/install/yolo_msgs/include/yolo_msgs/yolo_msgs/msg/detail/detection__rosidl_typesupport_fastrtps_c.h
[8.437s] -- Installing: /home/reach/SCARA/install/yolo_msgs/include/yolo_msgs/yolo_msgs/msg/detail/key_point3_d_array__rosidl_typesupport_fastrtps_c.h
[8.437s] -- Installing: /home/reach/SCARA/install/yolo_msgs/include/yolo_msgs/yolo_msgs/msg/detail/vector2__rosidl_typesupport_fastrtps_c.h
[8.437s] -- Installing: /home/reach/SCARA/install/yolo_msgs/include/yolo_msgs/yolo_msgs/msg/detail/bounding_box3_d__rosidl_typesupport_fastrtps_c.h
[8.437s] -- Installing: /home/reach/SCARA/install/yolo_msgs/include/yolo_msgs/yolo_msgs/msg/detail/detection_array__rosidl_typesupport_fastrtps_c.h
[8.437s] -- Installing: /home/reach/SCARA/install/yolo_msgs/include/yolo_msgs/yolo_msgs/msg/detail/mask__rosidl_typesupport_fastrtps_c.h
[8.437s] -- Installing: /home/reach/SCARA/install/yolo_msgs/lib/libyolo_msgs__rosidl_typesupport_fastrtps_c.so
[8.437s] -- Set runtime path of "/home/reach/SCARA/install/yolo_msgs/lib/libyolo_msgs__rosidl_typesupport_fastrtps_c.so" to ""
[8.438s] -- Up-to-date: /home/reach/SCARA/install/yolo_msgs/include/yolo_msgs/yolo_msgs
[8.438s] -- Up-to-date: /home/reach/SCARA/install/yolo_msgs/include/yolo_msgs/yolo_msgs/srv
[8.438s] -- Up-to-date: /home/reach/SCARA/install/yolo_msgs/include/yolo_msgs/yolo_msgs/srv/detail
[8.438s] -- Installing: /home/reach/SCARA/install/yolo_msgs/include/yolo_msgs/yolo_msgs/srv/detail/set_classes__rosidl_typesupport_introspection_c.h
[8.438s] -- Installing: /home/reach/SCARA/install/yolo_msgs/include/yolo_msgs/yolo_msgs/srv/detail/set_classes__type_support.c
[8.438s] -- Up-to-date: /home/reach/SCARA/install/yolo_msgs/include/yolo_msgs/yolo_msgs/msg
[8.438s] -- Up-to-date: /home/reach/SCARA/install/yolo_msgs/include/yolo_msgs/yolo_msgs/msg/detail
[8.438s] -- Installing: /home/reach/SCARA/install/yolo_msgs/include/yolo_msgs/yolo_msgs/msg/detail/pose2_d__rosidl_typesupport_introspection_c.h
[8.438s] -- Installing: /home/reach/SCARA/install/yolo_msgs/include/yolo_msgs/yolo_msgs/msg/detail/key_point3_d_array__rosidl_typesupport_introspection_c.h
[8.438s] -- Installing: /home/reach/SCARA/install/yolo_msgs/include/yolo_msgs/yolo_msgs/msg/detail/key_point2_d__rosidl_typesupport_introspection_c.h
[8.438s] -- Installing: /home/reach/SCARA/install/yolo_msgs/include/yolo_msgs/yolo_msgs/msg/detail/bounding_box3_d__rosidl_typesupport_introspection_c.h
[8.438s] -- Installing: /home/reach/SCARA/install/yolo_msgs/include/yolo_msgs/yolo_msgs/msg/detail/bounding_box2_d__type_support.c
[8.438s] -- Installing: /home/reach/SCARA/install/yolo_msgs/include/yolo_msgs/yolo_msgs/msg/detail/detection__rosidl_typesupport_introspection_c.h
[8.438s] -- Installing: /home/reach/SCARA/install/yolo_msgs/include/yolo_msgs/yolo_msgs/msg/detail/detection_array__rosidl_typesupport_introspection_c.h
[8.438s] -- Installing: /home/reach/SCARA/install/yolo_msgs/include/yolo_msgs/yolo_msgs/msg/detail/vector2__rosidl_typesupport_introspection_c.h
[8.438s] -- Installing: /home/reach/SCARA/install/yolo_msgs/include/yolo_msgs/yolo_msgs/msg/detail/key_point2_d_array__rosidl_typesupport_introspection_c.h
[8.438s] -- Installing: /home/reach/SCARA/install/yolo_msgs/include/yolo_msgs/yolo_msgs/msg/detail/detection_array__type_support.c
[8.439s] -- Installing: /home/reach/SCARA/install/yolo_msgs/include/yolo_msgs/yolo_msgs/msg/detail/mask__type_support.c
[8.439s] -- Installing: /home/reach/SCARA/install/yolo_msgs/include/yolo_msgs/yolo_msgs/msg/detail/vector2__type_support.c
[8.439s] -- Installing: /home/reach/SCARA/install/yolo_msgs/include/yolo_msgs/yolo_msgs/msg/detail/bounding_box2_d__rosidl_typesupport_introspection_c.h
[8.439s] -- Installing: /home/reach/SCARA/install/yolo_msgs/include/yolo_msgs/yolo_msgs/msg/detail/point2_d__type_support.c
[8.439s] -- Installing: /home/reach/SCARA/install/yolo_msgs/include/yolo_msgs/yolo_msgs/msg/detail/key_point3_d_array__type_support.c
[8.439s] -- Installing: /home/reach/SCARA/install/yolo_msgs/include/yolo_msgs/yolo_msgs/msg/detail/point2_d__rosidl_typesupport_introspection_c.h
[8.439s] -- Installing: /home/reach/SCARA/install/yolo_msgs/include/yolo_msgs/yolo_msgs/msg/detail/detection__type_support.c
[8.439s] -- Installing: /home/reach/SCARA/install/yolo_msgs/include/yolo_msgs/yolo_msgs/msg/detail/mask__rosidl_typesupport_introspection_c.h
[8.439s] -- Installing: /home/reach/SCARA/install/yolo_msgs/include/yolo_msgs/yolo_msgs/msg/detail/key_point2_d__type_support.c
[8.439s] -- Installing: /home/reach/SCARA/install/yolo_msgs/include/yolo_msgs/yolo_msgs/msg/detail/key_point3_d__rosidl_typesupport_introspection_c.h
[8.439s] -- Installing: /home/reach/SCARA/install/yolo_msgs/include/yolo_msgs/yolo_msgs/msg/detail/key_point3_d__type_support.c
[8.439s] -- Installing: /home/reach/SCARA/install/yolo_msgs/include/yolo_msgs/yolo_msgs/msg/detail/key_point2_d_array__type_support.c
[8.439s] -- Installing: /home/reach/SCARA/install/yolo_msgs/include/yolo_msgs/yolo_msgs/msg/detail/bounding_box3_d__type_support.c
[8.440s] -- Installing: /home/reach/SCARA/install/yolo_msgs/include/yolo_msgs/yolo_msgs/msg/detail/pose2_d__type_support.c
[8.440s] -- Installing: /home/reach/SCARA/install/yolo_msgs/include/yolo_msgs/yolo_msgs/msg/rosidl_typesupport_introspection_c__visibility_control.h
[8.440s] -- Installing: /home/reach/SCARA/install/yolo_msgs/lib/libyolo_msgs__rosidl_typesupport_introspection_c.so
[8.440s] -- Set runtime path of "/home/reach/SCARA/install/yolo_msgs/lib/libyolo_msgs__rosidl_typesupport_introspection_c.so" to ""
[8.440s] -- Installing: /home/reach/SCARA/install/yolo_msgs/lib/libyolo_msgs__rosidl_typesupport_c.so
[8.440s] -- Set runtime path of "/home/reach/SCARA/install/yolo_msgs/lib/libyolo_msgs__rosidl_typesupport_c.so" to ""
[8.440s] -- Up-to-date: /home/reach/SCARA/install/yolo_msgs/include/yolo_msgs/yolo_msgs
[8.440s] -- Up-to-date: /home/reach/SCARA/install/yolo_msgs/include/yolo_msgs/yolo_msgs/srv
[8.440s] -- Installing: /home/reach/SCARA/install/yolo_msgs/include/yolo_msgs/yolo_msgs/srv/set_classes.hpp
[8.440s] -- Up-to-date: /home/reach/SCARA/install/yolo_msgs/include/yolo_msgs/yolo_msgs/srv/detail
[8.440s] -- Installing: /home/reach/SCARA/install/yolo_msgs/include/yolo_msgs/yolo_msgs/srv/detail/set_classes__type_support.hpp
[8.440s] -- Installing: /home/reach/SCARA/install/yolo_msgs/include/yolo_msgs/yolo_msgs/srv/detail/set_classes__traits.hpp
[8.441s] -- Installing: /home/reach/SCARA/install/yolo_msgs/include/yolo_msgs/yolo_msgs/srv/detail/set_classes__builder.hpp
[8.441s] -- Installing: /home/reach/SCARA/install/yolo_msgs/include/yolo_msgs/yolo_msgs/srv/detail/set_classes__struct.hpp
[8.441s] -- Up-to-date: /home/reach/SCARA/install/yolo_msgs/include/yolo_msgs/yolo_msgs/msg
[8.441s] -- Installing: /home/reach/SCARA/install/yolo_msgs/include/yolo_msgs/yolo_msgs/msg/key_point3_d.hpp
[8.441s] -- Installing: /home/reach/SCARA/install/yolo_msgs/include/yolo_msgs/yolo_msgs/msg/vector2.hpp
[8.441s] -- Installing: /home/reach/SCARA/install/yolo_msgs/include/yolo_msgs/yolo_msgs/msg/key_point2_d.hpp
[8.441s] -- Installing: /home/reach/SCARA/install/yolo_msgs/include/yolo_msgs/yolo_msgs/msg/bounding_box3_d.hpp
[8.441s] -- Installing: /home/reach/SCARA/install/yolo_msgs/include/yolo_msgs/yolo_msgs/msg/key_point3_d_array.hpp
[8.441s] -- Installing: /home/reach/SCARA/install/yolo_msgs/include/yolo_msgs/yolo_msgs/msg/detection.hpp
[8.441s] -- Installing: /home/reach/SCARA/install/yolo_msgs/include/yolo_msgs/yolo_msgs/msg/mask.hpp
[8.441s] -- Installing: /home/reach/SCARA/install/yolo_msgs/include/yolo_msgs/yolo_msgs/msg/rosidl_generator_cpp__visibility_control.hpp
[8.441s] -- Up-to-date: /home/reach/SCARA/install/yolo_msgs/include/yolo_msgs/yolo_msgs/msg/detail
[8.441s] -- Installing: /home/reach/SCARA/install/yolo_msgs/include/yolo_msgs/yolo_msgs/msg/detail/vector2__struct.hpp
[8.441s] -- Installing: /home/reach/SCARA/install/yolo_msgs/include/yolo_msgs/yolo_msgs/msg/detail/key_point2_d__traits.hpp
[8.441s] -- Installing: /home/reach/SCARA/install/yolo_msgs/include/yolo_msgs/yolo_msgs/msg/detail/mask__traits.hpp
[8.441s] -- Installing: /home/reach/SCARA/install/yolo_msgs/include/yolo_msgs/yolo_msgs/msg/detail/detection__builder.hpp
[8.441s] -- Installing: /home/reach/SCARA/install/yolo_msgs/include/yolo_msgs/yolo_msgs/msg/detail/pose2_d__type_support.hpp
[8.442s] -- Installing: /home/reach/SCARA/install/yolo_msgs/include/yolo_msgs/yolo_msgs/msg/detail/point2_d__builder.hpp
[8.442s] -- Installing: /home/reach/SCARA/install/yolo_msgs/include/yolo_msgs/yolo_msgs/msg/detail/key_point2_d_array__type_support.hpp
[8.442s] -- Installing: /home/reach/SCARA/install/yolo_msgs/include/yolo_msgs/yolo_msgs/msg/detail/key_point2_d_array__builder.hpp
[8.442s] -- Installing: /home/reach/SCARA/install/yolo_msgs/include/yolo_msgs/yolo_msgs/msg/detail/bounding_box3_d__type_support.hpp
[8.442s] -- Installing: /home/reach/SCARA/install/yolo_msgs/include/yolo_msgs/yolo_msgs/msg/detail/key_point3_d__type_support.hpp
[8.442s] -- Installing: /home/reach/SCARA/install/yolo_msgs/include/yolo_msgs/yolo_msgs/msg/detail/vector2__type_support.hpp
[8.442s] -- Installing: /home/reach/SCARA/install/yolo_msgs/include/yolo_msgs/yolo_msgs/msg/detail/key_point3_d__traits.hpp
[8.442s] -- Installing: /home/reach/SCARA/install/yolo_msgs/include/yolo_msgs/yolo_msgs/msg/detail/key_point3_d_array__struct.hpp
[8.442s] -- Installing: /home/reach/SCARA/install/yolo_msgs/include/yolo_msgs/yolo_msgs/msg/detail/bounding_box2_d__struct.hpp
[8.442s] -- Installing: /home/reach/SCARA/install/yolo_msgs/include/yolo_msgs/yolo_msgs/msg/detail/key_point2_d__type_support.hpp
[8.442s] -- Installing: /home/reach/SCARA/install/yolo_msgs/include/yolo_msgs/yolo_msgs/msg/detail/point2_d__traits.hpp
[8.442s] -- Installing: /home/reach/SCARA/install/yolo_msgs/include/yolo_msgs/yolo_msgs/msg/detail/mask__struct.hpp
[8.442s] -- Installing: /home/reach/SCARA/install/yolo_msgs/include/yolo_msgs/yolo_msgs/msg/detail/bounding_box2_d__traits.hpp
[8.442s] -- Installing: /home/reach/SCARA/install/yolo_msgs/include/yolo_msgs/yolo_msgs/msg/detail/mask__type_support.hpp
[8.443s] -- Installing: /home/reach/SCARA/install/yolo_msgs/include/yolo_msgs/yolo_msgs/msg/detail/key_point3_d_array__traits.hpp
[8.443s] -- Installing: /home/reach/SCARA/install/yolo_msgs/include/yolo_msgs/yolo_msgs/msg/detail/key_point2_d__builder.hpp
[8.443s] -- Installing: /home/reach/SCARA/install/yolo_msgs/include/yolo_msgs/yolo_msgs/msg/detail/detection__struct.hpp
[8.443s] -- Installing: /home/reach/SCARA/install/yolo_msgs/include/yolo_msgs/yolo_msgs/msg/detail/detection_array__struct.hpp
[8.443s] -- Installing: /home/reach/SCARA/install/yolo_msgs/include/yolo_msgs/yolo_msgs/msg/detail/bounding_box3_d__struct.hpp
[8.443s] -- Installing: /home/reach/SCARA/install/yolo_msgs/include/yolo_msgs/yolo_msgs/msg/detail/vector2__builder.hpp
[8.443s] -- Installing: /home/reach/SCARA/install/yolo_msgs/include/yolo_msgs/yolo_msgs/msg/detail/detection__type_support.hpp
[8.443s] -- Installing: /home/reach/SCARA/install/yolo_msgs/include/yolo_msgs/yolo_msgs/msg/detail/point2_d__struct.hpp
[8.443s] -- Installing: /home/reach/SCARA/install/yolo_msgs/include/yolo_msgs/yolo_msgs/msg/detail/mask__builder.hpp
[8.443s] -- Installing: /home/reach/SCARA/install/yolo_msgs/include/yolo_msgs/yolo_msgs/msg/detail/pose2_d__struct.hpp
[8.443s] -- Installing: /home/reach/SCARA/install/yolo_msgs/include/yolo_msgs/yolo_msgs/msg/detail/pose2_d__builder.hpp
[8.443s] -- Installing: /home/reach/SCARA/install/yolo_msgs/include/yolo_msgs/yolo_msgs/msg/detail/key_point3_d_array__type_support.hpp
[8.443s] -- Installing: /home/reach/SCARA/install/yolo_msgs/include/yolo_msgs/yolo_msgs/msg/detail/detection_array__type_support.hpp
[8.443s] -- Installing: /home/reach/SCARA/install/yolo_msgs/include/yolo_msgs/yolo_msgs/msg/detail/detection_array__builder.hpp
[8.443s] -- Installing: /home/reach/SCARA/install/yolo_msgs/include/yolo_msgs/yolo_msgs/msg/detail/bounding_box3_d__builder.hpp
[8.444s] -- Installing: /home/reach/SCARA/install/yolo_msgs/include/yolo_msgs/yolo_msgs/msg/detail/detection_array__traits.hpp
[8.444s] -- Installing: /home/reach/SCARA/install/yolo_msgs/include/yolo_msgs/yolo_msgs/msg/detail/bounding_box3_d__traits.hpp
[8.444s] -- Installing: /home/reach/SCARA/install/yolo_msgs/include/yolo_msgs/yolo_msgs/msg/detail/pose2_d__traits.hpp
[8.444s] -- Installing: /home/reach/SCARA/install/yolo_msgs/include/yolo_msgs/yolo_msgs/msg/detail/point2_d__type_support.hpp
[8.444s] -- Installing: /home/reach/SCARA/install/yolo_msgs/include/yolo_msgs/yolo_msgs/msg/detail/key_point3_d__builder.hpp
[8.444s] -- Installing: /home/reach/SCARA/install/yolo_msgs/include/yolo_msgs/yolo_msgs/msg/detail/key_point2_d_array__traits.hpp
[8.444s] -- Installing: /home/reach/SCARA/install/yolo_msgs/include/yolo_msgs/yolo_msgs/msg/detail/bounding_box2_d__builder.hpp
[8.444s] -- Installing: /home/reach/SCARA/install/yolo_msgs/include/yolo_msgs/yolo_msgs/msg/detail/bounding_box2_d__type_support.hpp
[8.444s] -- Installing: /home/reach/SCARA/install/yolo_msgs/include/yolo_msgs/yolo_msgs/msg/detail/key_point3_d__struct.hpp
[8.444s] -- Installing: /home/reach/SCARA/install/yolo_msgs/include/yolo_msgs/yolo_msgs/msg/detail/key_point2_d__struct.hpp
[8.444s] -- Installing: /home/reach/SCARA/install/yolo_msgs/include/yolo_msgs/yolo_msgs/msg/detail/vector2__traits.hpp
[8.444s] -- Installing: /home/reach/SCARA/install/yolo_msgs/include/yolo_msgs/yolo_msgs/msg/detail/detection__traits.hpp
[8.444s] -- Installing: /home/reach/SCARA/install/yolo_msgs/include/yolo_msgs/yolo_msgs/msg/detail/key_point3_d_array__builder.hpp
[8.444s] -- Installing: /home/reach/SCARA/install/yolo_msgs/include/yolo_msgs/yolo_msgs/msg/detail/key_point2_d_array__struct.hpp
[8.445s] -- Installing: /home/reach/SCARA/install/yolo_msgs/include/yolo_msgs/yolo_msgs/msg/key_point2_d_array.hpp
[8.445s] -- Installing: /home/reach/SCARA/install/yolo_msgs/include/yolo_msgs/yolo_msgs/msg/detection_array.hpp
[8.445s] -- Installing: /home/reach/SCARA/install/yolo_msgs/include/yolo_msgs/yolo_msgs/msg/bounding_box2_d.hpp
[8.445s] -- Installing: /home/reach/SCARA/install/yolo_msgs/include/yolo_msgs/yolo_msgs/msg/pose2_d.hpp
[8.445s] -- Installing: /home/reach/SCARA/install/yolo_msgs/include/yolo_msgs/yolo_msgs/msg/point2_d.hpp
[8.445s] -- Up-to-date: /home/reach/SCARA/install/yolo_msgs/include/yolo_msgs/yolo_msgs
[8.445s] -- Up-to-date: /home/reach/SCARA/install/yolo_msgs/include/yolo_msgs/yolo_msgs/srv
[8.445s] -- Up-to-date: /home/reach/SCARA/install/yolo_msgs/include/yolo_msgs/yolo_msgs/srv/detail
[8.445s] -- Installing: /home/reach/SCARA/install/yolo_msgs/include/yolo_msgs/yolo_msgs/srv/detail/dds_fastrtps
[8.445s] -- Installing: /home/reach/SCARA/install/yolo_msgs/include/yolo_msgs/yolo_msgs/srv/detail/set_classes__rosidl_typesupport_fastrtps_cpp.hpp
[8.445s] -- Up-to-date: /home/reach/SCARA/install/yolo_msgs/include/yolo_msgs/yolo_msgs/msg
[8.445s] -- Installing: /home/reach/SCARA/install/yolo_msgs/include/yolo_msgs/yolo_msgs/msg/rosidl_typesupport_fastrtps_cpp__visibility_control.h
[8.445s] -- Up-to-date: /home/reach/SCARA/install/yolo_msgs/include/yolo_msgs/yolo_msgs/msg/detail
[8.445s] -- Installing: /home/reach/SCARA/install/yolo_msgs/include/yolo_msgs/yolo_msgs/msg/detail/bounding_box3_d__rosidl_typesupport_fastrtps_cpp.hpp
[8.445s] -- Installing: /home/reach/SCARA/install/yolo_msgs/include/yolo_msgs/yolo_msgs/msg/detail/pose2_d__rosidl_typesupport_fastrtps_cpp.hpp
[8.445s] -- Installing: /home/reach/SCARA/install/yolo_msgs/include/yolo_msgs/yolo_msgs/msg/detail/detection_array__rosidl_typesupport_fastrtps_cpp.hpp
[8.445s] -- Installing: /home/reach/SCARA/install/yolo_msgs/include/yolo_msgs/yolo_msgs/msg/detail/key_point2_d_array__rosidl_typesupport_fastrtps_cpp.hpp
[8.446s] -- Installing: /home/reach/SCARA/install/yolo_msgs/include/yolo_msgs/yolo_msgs/msg/detail/key_point3_d__rosidl_typesupport_fastrtps_cpp.hpp
[8.446s] -- Installing: /home/reach/SCARA/install/yolo_msgs/include/yolo_msgs/yolo_msgs/msg/detail/key_point3_d_array__rosidl_typesupport_fastrtps_cpp.hpp
[8.446s] -- Installing: /home/reach/SCARA/install/yolo_msgs/include/yolo_msgs/yolo_msgs/msg/detail/dds_fastrtps
[8.446s] -- Installing: /home/reach/SCARA/install/yolo_msgs/include/yolo_msgs/yolo_msgs/msg/detail/detection__rosidl_typesupport_fastrtps_cpp.hpp
[8.446s] -- Installing: /home/reach/SCARA/install/yolo_msgs/include/yolo_msgs/yolo_msgs/msg/detail/bounding_box2_d__rosidl_typesupport_fastrtps_cpp.hpp
[8.446s] -- Installing: /home/reach/SCARA/install/yolo_msgs/include/yolo_msgs/yolo_msgs/msg/detail/point2_d__rosidl_typesupport_fastrtps_cpp.hpp
[8.446s] -- Installing: /home/reach/SCARA/install/yolo_msgs/include/yolo_msgs/yolo_msgs/msg/detail/vector2__rosidl_typesupport_fastrtps_cpp.hpp
[8.446s] -- Installing: /home/reach/SCARA/install/yolo_msgs/include/yolo_msgs/yolo_msgs/msg/detail/mask__rosidl_typesupport_fastrtps_cpp.hpp
[8.446s] -- Installing: /home/reach/SCARA/install/yolo_msgs/include/yolo_msgs/yolo_msgs/msg/detail/key_point2_d__rosidl_typesupport_fastrtps_cpp.hpp
[8.446s] -- Installing: /home/reach/SCARA/install/yolo_msgs/lib/libyolo_msgs__rosidl_typesupport_fastrtps_cpp.so
[8.447s] -- Set runtime path of "/home/reach/SCARA/install/yolo_msgs/lib/libyolo_msgs__rosidl_typesupport_fastrtps_cpp.so" to ""
[8.447s] -- Up-to-date: /home/reach/SCARA/install/yolo_msgs/include/yolo_msgs/yolo_msgs
[8.447s] -- Up-to-date: /home/reach/SCARA/install/yolo_msgs/include/yolo_msgs/yolo_msgs/srv
[8.447s] -- Up-to-date: /home/reach/SCARA/install/yolo_msgs/include/yolo_msgs/yolo_msgs/srv/detail
[8.447s] -- Installing: /home/reach/SCARA/install/yolo_msgs/include/yolo_msgs/yolo_msgs/srv/detail/set_classes__rosidl_typesupport_introspection_cpp.hpp
[8.447s] -- Installing: /home/reach/SCARA/install/yolo_msgs/include/yolo_msgs/yolo_msgs/srv/detail/set_classes__type_support.cpp
[8.447s] -- Up-to-date: /home/reach/SCARA/install/yolo_msgs/include/yolo_msgs/yolo_msgs/msg
[8.447s] -- Up-to-date: /home/reach/SCARA/install/yolo_msgs/include/yolo_msgs/yolo_msgs/msg/detail
[8.447s] -- Installing: /home/reach/SCARA/install/yolo_msgs/include/yolo_msgs/yolo_msgs/msg/detail/detection__rosidl_typesupport_introspection_cpp.hpp
[8.447s] -- Installing: /home/reach/SCARA/install/yolo_msgs/include/yolo_msgs/yolo_msgs/msg/detail/point2_d__rosidl_typesupport_introspection_cpp.hpp
[8.447s] -- Installing: /home/reach/SCARA/install/yolo_msgs/include/yolo_msgs/yolo_msgs/msg/detail/pose2_d__type_support.cpp
[8.447s] -- Installing: /home/reach/SCARA/install/yolo_msgs/include/yolo_msgs/yolo_msgs/msg/detail/vector2__type_support.cpp
[8.447s] -- Installing: /home/reach/SCARA/install/yolo_msgs/include/yolo_msgs/yolo_msgs/msg/detail/key_point2_d__type_support.cpp
[8.447s] -- Installing: /home/reach/SCARA/install/yolo_msgs/include/yolo_msgs/yolo_msgs/msg/detail/bounding_box3_d__rosidl_typesupport_introspection_cpp.hpp
[8.447s] -- Installing: /home/reach/SCARA/install/yolo_msgs/include/yolo_msgs/yolo_msgs/msg/detail/key_point2_d_array__type_support.cpp
[8.447s] -- Installing: /home/reach/SCARA/install/yolo_msgs/include/yolo_msgs/yolo_msgs/msg/detail/detection__type_support.cpp
[8.448s] -- Installing: /home/reach/SCARA/install/yolo_msgs/include/yolo_msgs/yolo_msgs/msg/detail/key_point3_d__rosidl_typesupport_introspection_cpp.hpp
[8.448s] -- Installing: /home/reach/SCARA/install/yolo_msgs/include/yolo_msgs/yolo_msgs/msg/detail/bounding_box2_d__type_support.cpp
[8.448s] -- Installing: /home/reach/SCARA/install/yolo_msgs/include/yolo_msgs/yolo_msgs/msg/detail/key_point3_d_array__type_support.cpp
[8.448s] -- Installing: /home/reach/SCARA/install/yolo_msgs/include/yolo_msgs/yolo_msgs/msg/detail/bounding_box3_d__type_support.cpp
[8.448s] -- Installing: /home/reach/SCARA/install/yolo_msgs/include/yolo_msgs/yolo_msgs/msg/detail/key_point3_d_array__rosidl_typesupport_introspection_cpp.hpp
[8.448s] -- Installing: /home/reach/SCARA/install/yolo_msgs/include/yolo_msgs/yolo_msgs/msg/detail/key_point2_d_array__rosidl_typesupport_introspection_cpp.hpp
[8.448s] -- Installing: /home/reach/SCARA/install/yolo_msgs/include/yolo_msgs/yolo_msgs/msg/detail/point2_d__type_support.cpp
[8.448s] -- Installing: /home/reach/SCARA/install/yolo_msgs/include/yolo_msgs/yolo_msgs/msg/detail/key_point2_d__rosidl_typesupport_introspection_cpp.hpp
[8.448s] -- Installing: /home/reach/SCARA/install/yolo_msgs/include/yolo_msgs/yolo_msgs/msg/detail/bounding_box2_d__rosidl_typesupport_introspection_cpp.hpp
[8.448s] -- Installing: /home/reach/SCARA/install/yolo_msgs/include/yolo_msgs/yolo_msgs/msg/detail/detection_array__type_support.cpp
[8.448s] -- Installing: /home/reach/SCARA/install/yolo_msgs/include/yolo_msgs/yolo_msgs/msg/detail/pose2_d__rosidl_typesupport_introspection_cpp.hpp
[8.448s] -- Installing: /home/reach/SCARA/install/yolo_msgs/include/yolo_msgs/yolo_msgs/msg/detail/mask__rosidl_typesupport_introspection_cpp.hpp
[8.448s] -- Installing: /home/reach/SCARA/install/yolo_msgs/include/yolo_msgs/yolo_msgs/msg/detail/key_point3_d__type_support.cpp
[8.448s] -- Installing: /home/reach/SCARA/install/yolo_msgs/include/yolo_msgs/yolo_msgs/msg/detail/vector2__rosidl_typesupport_introspection_cpp.hpp
[8.449s] -- Installing: /home/reach/SCARA/install/yolo_msgs/include/yolo_msgs/yolo_msgs/msg/detail/mask__type_support.cpp
[8.449s] -- Installing: /home/reach/SCARA/install/yolo_msgs/include/yolo_msgs/yolo_msgs/msg/detail/detection_array__rosidl_typesupport_introspection_cpp.hpp
[8.449s] -- Installing: /home/reach/SCARA/install/yolo_msgs/lib/libyolo_msgs__rosidl_typesupport_introspection_cpp.so
[8.449s] -- Set runtime path of "/home/reach/SCARA/install/yolo_msgs/lib/libyolo_msgs__rosidl_typesupport_introspection_cpp.so" to ""
[8.449s] -- Installing: /home/reach/SCARA/install/yolo_msgs/lib/libyolo_msgs__rosidl_typesupport_cpp.so
[8.449s] -- Set runtime path of "/home/reach/SCARA/install/yolo_msgs/lib/libyolo_msgs__rosidl_typesupport_cpp.so" to ""
[8.449s] -- Installing: /home/reach/SCARA/install/yolo_msgs/share/yolo_msgs/environment/pythonpath.sh
[8.449s] -- Installing: /home/reach/SCARA/install/yolo_msgs/share/yolo_msgs/environment/pythonpath.dsv
[8.450s] -- Installing: /home/reach/SCARA/install/yolo_msgs/local/lib/python3.10/dist-packages/yolo_msgs-4.5.1-py3.10.egg-info
[8.450s] -- Installing: /home/reach/SCARA/install/yolo_msgs/local/lib/python3.10/dist-packages/yolo_msgs-4.5.1-py3.10.egg-info/top_level.txt
[8.450s] -- Installing: /home/reach/SCARA/install/yolo_msgs/local/lib/python3.10/dist-packages/yolo_msgs-4.5.1-py3.10.egg-info/PKG-INFO
[8.450s] -- Installing: /home/reach/SCARA/install/yolo_msgs/local/lib/python3.10/dist-packages/yolo_msgs-4.5.1-py3.10.egg-info/SOURCES.txt
[8.450s] -- Installing: /home/reach/SCARA/install/yolo_msgs/local/lib/python3.10/dist-packages/yolo_msgs-4.5.1-py3.10.egg-info/dependency_links.txt
[8.450s] -- Installing: /home/reach/SCARA/install/yolo_msgs/local/lib/python3.10/dist-packages/yolo_msgs
[8.450s] -- Installing: /home/reach/SCARA/install/yolo_msgs/local/lib/python3.10/dist-packages/yolo_msgs/_yolo_msgs_s.ep.rosidl_typesupport_fastrtps_c.c
[8.450s] -- Installing: /home/reach/SCARA/install/yolo_msgs/local/lib/python3.10/dist-packages/yolo_msgs/yolo_msgs_s__rosidl_typesupport_fastrtps_c.cpython-310-x86_64-linux-gnu.so
[8.450s] -- Installing: /home/reach/SCARA/install/yolo_msgs/local/lib/python3.10/dist-packages/yolo_msgs/_yolo_msgs_s.ep.rosidl_typesupport_introspection_c.c
[8.450s] -- Installing: /home/reach/SCARA/install/yolo_msgs/local/lib/python3.10/dist-packages/yolo_msgs/__init__.py
[8.450s] -- Installing: /home/reach/SCARA/install/yolo_msgs/local/lib/python3.10/dist-packages/yolo_msgs/yolo_msgs_s__rosidl_typesupport_c.cpython-310-x86_64-linux-gnu.so
[8.450s] -- Installing: /home/reach/SCARA/install/yolo_msgs/local/lib/python3.10/dist-packages/yolo_msgs/yolo_msgs_s__rosidl_typesupport_introspection_c.cpython-310-x86_64-linux-gnu.so
[8.450s] -- Installing: /home/reach/SCARA/install/yolo_msgs/local/lib/python3.10/dist-packages/yolo_msgs/srv
[8.451s] -- Installing: /home/reach/SCARA/install/yolo_msgs/local/lib/python3.10/dist-packages/yolo_msgs/srv/__init__.py
[8.451s] -- Installing: /home/reach/SCARA/install/yolo_msgs/local/lib/python3.10/dist-packages/yolo_msgs/srv/_set_classes_s.c
[8.451s] -- Installing: /home/reach/SCARA/install/yolo_msgs/local/lib/python3.10/dist-packages/yolo_msgs/srv/_set_classes.py
[8.451s] -- Installing: /home/reach/SCARA/install/yolo_msgs/local/lib/python3.10/dist-packages/yolo_msgs/libyolo_msgs__rosidl_generator_py.so
[8.451s] -- Installing: /home/reach/SCARA/install/yolo_msgs/local/lib/python3.10/dist-packages/yolo_msgs/_yolo_msgs_s.ep.rosidl_typesupport_c.c
[8.451s] -- Installing: /home/reach/SCARA/install/yolo_msgs/local/lib/python3.10/dist-packages/yolo_msgs/msg
[8.451s] -- Installing: /home/reach/SCARA/install/yolo_msgs/local/lib/python3.10/dist-packages/yolo_msgs/msg/_bounding_box2_d_s.c
[8.451s] -- Installing: /home/reach/SCARA/install/yolo_msgs/local/lib/python3.10/dist-packages/yolo_msgs/msg/_key_point2_d_array_s.c
[8.451s] -- Installing: /home/reach/SCARA/install/yolo_msgs/local/lib/python3.10/dist-packages/yolo_msgs/msg/_point2_d_s.c
[8.451s] -- Installing: /home/reach/SCARA/install/yolo_msgs/local/lib/python3.10/dist-packages/yolo_msgs/msg/__init__.py
[8.451s] -- Installing: /home/reach/SCARA/install/yolo_msgs/local/lib/python3.10/dist-packages/yolo_msgs/msg/_vector2_s.c
[8.451s] -- Installing: /home/reach/SCARA/install/yolo_msgs/local/lib/python3.10/dist-packages/yolo_msgs/msg/_vector2.py
[8.451s] -- Installing: /home/reach/SCARA/install/yolo_msgs/local/lib/python3.10/dist-packages/yolo_msgs/msg/_bounding_box3_d_s.c
[8.451s] -- Installing: /home/reach/SCARA/install/yolo_msgs/local/lib/python3.10/dist-packages/yolo_msgs/msg/_detection_array.py
[8.452s] -- Installing: /home/reach/SCARA/install/yolo_msgs/local/lib/python3.10/dist-packages/yolo_msgs/msg/_bounding_box2_d.py
[8.452s] -- Installing: /home/reach/SCARA/install/yolo_msgs/local/lib/python3.10/dist-packages/yolo_msgs/msg/_pose2_d.py
[8.452s] -- Installing: /home/reach/SCARA/install/yolo_msgs/local/lib/python3.10/dist-packages/yolo_msgs/msg/_key_point2_d.py
[8.452s] -- Installing: /home/reach/SCARA/install/yolo_msgs/local/lib/python3.10/dist-packages/yolo_msgs/msg/_pose2_d_s.c
[8.452s] -- Installing: /home/reach/SCARA/install/yolo_msgs/local/lib/python3.10/dist-packages/yolo_msgs/msg/_detection.py
[8.452s] -- Installing: /home/reach/SCARA/install/yolo_msgs/local/lib/python3.10/dist-packages/yolo_msgs/msg/_point2_d.py
[8.452s] -- Installing: /home/reach/SCARA/install/yolo_msgs/local/lib/python3.10/dist-packages/yolo_msgs/msg/_key_point3_d_array_s.c
[8.452s] -- Installing: /home/reach/SCARA/install/yolo_msgs/local/lib/python3.10/dist-packages/yolo_msgs/msg/_detection_s.c
[8.452s] -- Installing: /home/reach/SCARA/install/yolo_msgs/local/lib/python3.10/dist-packages/yolo_msgs/msg/_key_point3_d_s.c
[8.452s] -- Installing: /home/reach/SCARA/install/yolo_msgs/local/lib/python3.10/dist-packages/yolo_msgs/msg/_key_point2_d_array.py
[8.452s] -- Installing: /home/reach/SCARA/install/yolo_msgs/local/lib/python3.10/dist-packages/yolo_msgs/msg/_key_point3_d_array.py
[8.452s] -- Installing: /home/reach/SCARA/install/yolo_msgs/local/lib/python3.10/dist-packages/yolo_msgs/msg/_key_point3_d.py
[8.452s] -- Installing: /home/reach/SCARA/install/yolo_msgs/local/lib/python3.10/dist-packages/yolo_msgs/msg/_key_point2_d_s.c
[8.452s] -- Installing: /home/reach/SCARA/install/yolo_msgs/local/lib/python3.10/dist-packages/yolo_msgs/msg/_mask_s.c
[8.452s] -- Installing: /home/reach/SCARA/install/yolo_msgs/local/lib/python3.10/dist-packages/yolo_msgs/msg/_mask.py
[8.453s] -- Installing: /home/reach/SCARA/install/yolo_msgs/local/lib/python3.10/dist-packages/yolo_msgs/msg/_bounding_box3_d.py
[8.453s] -- Installing: /home/reach/SCARA/install/yolo_msgs/local/lib/python3.10/dist-packages/yolo_msgs/msg/_detection_array_s.c
[8.486s] Listing '/home/reach/SCARA/install/yolo_msgs/local/lib/python3.10/dist-packages/yolo_msgs'...
[8.486s] Compiling '/home/reach/SCARA/install/yolo_msgs/local/lib/python3.10/dist-packages/yolo_msgs/__init__.py'...
[8.486s] Listing '/home/reach/SCARA/install/yolo_msgs/local/lib/python3.10/dist-packages/yolo_msgs/msg'...
[8.486s] Compiling '/home/reach/SCARA/install/yolo_msgs/local/lib/python3.10/dist-packages/yolo_msgs/msg/__init__.py'...
[8.486s] Compiling '/home/reach/SCARA/install/yolo_msgs/local/lib/python3.10/dist-packages/yolo_msgs/msg/_bounding_box2_d.py'...
[8.486s] Compiling '/home/reach/SCARA/install/yolo_msgs/local/lib/python3.10/dist-packages/yolo_msgs/msg/_bounding_box3_d.py'...
[8.486s] Compiling '/home/reach/SCARA/install/yolo_msgs/local/lib/python3.10/dist-packages/yolo_msgs/msg/_detection.py'...
[8.486s] Compiling '/home/reach/SCARA/install/yolo_msgs/local/lib/python3.10/dist-packages/yolo_msgs/msg/_detection_array.py'...
[8.486s] Compiling '/home/reach/SCARA/install/yolo_msgs/local/lib/python3.10/dist-packages/yolo_msgs/msg/_key_point2_d.py'...
[8.486s] Compiling '/home/reach/SCARA/install/yolo_msgs/local/lib/python3.10/dist-packages/yolo_msgs/msg/_key_point2_d_array.py'...
[8.486s] Compiling '/home/reach/SCARA/install/yolo_msgs/local/lib/python3.10/dist-packages/yolo_msgs/msg/_key_point3_d.py'...
[8.486s] Compiling '/home/reach/SCARA/install/yolo_msgs/local/lib/python3.10/dist-packages/yolo_msgs/msg/_key_point3_d_array.py'...
[8.487s] Compiling '/home/reach/SCARA/install/yolo_msgs/local/lib/python3.10/dist-packages/yolo_msgs/msg/_mask.py'...
[8.487s] Compiling '/home/reach/SCARA/install/yolo_msgs/local/lib/python3.10/dist-packages/yolo_msgs/msg/_point2_d.py'...
[8.487s] Compiling '/home/reach/SCARA/install/yolo_msgs/local/lib/python3.10/dist-packages/yolo_msgs/msg/_pose2_d.py'...
[8.487s] Compiling '/home/reach/SCARA/install/yolo_msgs/local/lib/python3.10/dist-packages/yolo_msgs/msg/_vector2.py'...
[8.487s] Listing '/home/reach/SCARA/install/yolo_msgs/local/lib/python3.10/dist-packages/yolo_msgs/srv'...
[8.487s] Compiling '/home/reach/SCARA/install/yolo_msgs/local/lib/python3.10/dist-packages/yolo_msgs/srv/__init__.py'...
[8.487s] Compiling '/home/reach/SCARA/install/yolo_msgs/local/lib/python3.10/dist-packages/yolo_msgs/srv/_set_classes.py'...
[8.489s] -- Installing: /home/reach/SCARA/install/yolo_msgs/local/lib/python3.10/dist-packages/yolo_msgs/yolo_msgs_s__rosidl_typesupport_fastrtps_c.cpython-310-x86_64-linux-gnu.so
[8.490s] -- Set runtime path of "/home/reach/SCARA/install/yolo_msgs/local/lib/python3.10/dist-packages/yolo_msgs/yolo_msgs_s__rosidl_typesupport_fastrtps_c.cpython-310-x86_64-linux-gnu.so" to ""
[8.490s] -- Installing: /home/reach/SCARA/install/yolo_msgs/local/lib/python3.10/dist-packages/yolo_msgs/yolo_msgs_s__rosidl_typesupport_introspection_c.cpython-310-x86_64-linux-gnu.so
[8.490s] -- Set runtime path of "/home/reach/SCARA/install/yolo_msgs/local/lib/python3.10/dist-packages/yolo_msgs/yolo_msgs_s__rosidl_typesupport_introspection_c.cpython-310-x86_64-linux-gnu.so" to ""
[8.490s] -- Installing: /home/reach/SCARA/install/yolo_msgs/local/lib/python3.10/dist-packages/yolo_msgs/yolo_msgs_s__rosidl_typesupport_c.cpython-310-x86_64-linux-gnu.so
[8.490s] -- Set runtime path of "/home/reach/SCARA/install/yolo_msgs/local/lib/python3.10/dist-packages/yolo_msgs/yolo_msgs_s__rosidl_typesupport_c.cpython-310-x86_64-linux-gnu.so" to ""
[8.490s] -- Installing: /home/reach/SCARA/install/yolo_msgs/lib/libyolo_msgs__rosidl_generator_py.so
[8.490s] -- Set runtime path of "/home/reach/SCARA/install/yolo_msgs/lib/libyolo_msgs__rosidl_generator_py.so" to ""
[8.491s] -- Installing: /home/reach/SCARA/install/yolo_msgs/share/yolo_msgs/msg/Point2D.idl
[8.491s] -- Installing: /home/reach/SCARA/install/yolo_msgs/share/yolo_msgs/msg/Vector2.idl
[8.491s] -- Installing: /home/reach/SCARA/install/yolo_msgs/share/yolo_msgs/msg/Pose2D.idl
[8.491s] -- Installing: /home/reach/SCARA/install/yolo_msgs/share/yolo_msgs/msg/BoundingBox2D.idl
[8.491s] -- Installing: /home/reach/SCARA/install/yolo_msgs/share/yolo_msgs/msg/BoundingBox3D.idl
[8.491s] -- Installing: /home/reach/SCARA/install/yolo_msgs/share/yolo_msgs/msg/Mask.idl
[8.491s] -- Installing: /home/reach/SCARA/install/yolo_msgs/share/yolo_msgs/msg/KeyPoint2D.idl
[8.491s] -- Installing: /home/reach/SCARA/install/yolo_msgs/share/yolo_msgs/msg/KeyPoint2DArray.idl
[8.491s] -- Installing: /home/reach/SCARA/install/yolo_msgs/share/yolo_msgs/msg/KeyPoint3D.idl
[8.491s] -- Installing: /home/reach/SCARA/install/yolo_msgs/share/yolo_msgs/msg/KeyPoint3DArray.idl
[8.491s] -- Installing: /home/reach/SCARA/install/yolo_msgs/share/yolo_msgs/msg/Detection.idl
[8.491s] -- Installing: /home/reach/SCARA/install/yolo_msgs/share/yolo_msgs/msg/DetectionArray.idl
[8.491s] -- Installing: /home/reach/SCARA/install/yolo_msgs/share/yolo_msgs/srv/SetClasses.idl
[8.491s] -- Installing: /home/reach/SCARA/install/yolo_msgs/share/yolo_msgs/msg/Point2D.msg
[8.491s] -- Installing: /home/reach/SCARA/install/yolo_msgs/share/yolo_msgs/msg/Vector2.msg
[8.492s] -- Installing: /home/reach/SCARA/install/yolo_msgs/share/yolo_msgs/msg/Pose2D.msg
[8.492s] -- Installing: /home/reach/SCARA/install/yolo_msgs/share/yolo_msgs/msg/BoundingBox2D.msg
[8.492s] -- Installing: /home/reach/SCARA/install/yolo_msgs/share/yolo_msgs/msg/BoundingBox3D.msg
[8.492s] -- Installing: /home/reach/SCARA/install/yolo_msgs/share/yolo_msgs/msg/Mask.msg
[8.492s] -- Installing: /home/reach/SCARA/install/yolo_msgs/share/yolo_msgs/msg/KeyPoint2D.msg
[8.492s] -- Installing: /home/reach/SCARA/install/yolo_msgs/share/yolo_msgs/msg/KeyPoint2DArray.msg
[8.492s] -- Installing: /home/reach/SCARA/install/yolo_msgs/share/yolo_msgs/msg/KeyPoint3D.msg
[8.492s] -- Installing: /home/reach/SCARA/install/yolo_msgs/share/yolo_msgs/msg/KeyPoint3DArray.msg
[8.492s] -- Installing: /home/reach/SCARA/install/yolo_msgs/share/yolo_msgs/msg/Detection.msg
[8.492s] -- Installing: /home/reach/SCARA/install/yolo_msgs/share/yolo_msgs/msg/DetectionArray.msg
[8.492s] -- Installing: /home/reach/SCARA/install/yolo_msgs/share/yolo_msgs/srv/SetClasses.srv
[8.492s] -- Installing: /home/reach/SCARA/install/yolo_msgs/share/yolo_msgs/srv/SetClasses_Request.msg
[8.492s] -- Installing: /home/reach/SCARA/install/yolo_msgs/share/yolo_msgs/srv/SetClasses_Response.msg
[8.492s] -- Installing: /home/reach/SCARA/install/yolo_msgs/share/ament_index/resource_index/package_run_dependencies/yolo_msgs
[8.492s] -- Installing: /home/reach/SCARA/install/yolo_msgs/share/ament_index/resource_index/parent_prefix_path/yolo_msgs
[8.493s] -- Installing: /home/reach/SCARA/install/yolo_msgs/share/yolo_msgs/environment/ament_prefix_path.sh
[8.493s] -- Installing: /home/reach/SCARA/install/yolo_msgs/share/yolo_msgs/environment/ament_prefix_path.dsv
[8.493s] -- Installing: /home/reach/SCARA/install/yolo_msgs/share/yolo_msgs/environment/path.sh
[8.493s] -- Installing: /home/reach/SCARA/install/yolo_msgs/share/yolo_msgs/environment/path.dsv
[8.493s] -- Installing: /home/reach/SCARA/install/yolo_msgs/share/yolo_msgs/local_setup.bash
[8.493s] -- Installing: /home/reach/SCARA/install/yolo_msgs/share/yolo_msgs/local_setup.sh
[8.493s] -- Installing: /home/reach/SCARA/install/yolo_msgs/share/yolo_msgs/local_setup.zsh
[8.493s] -- Installing: /home/reach/SCARA/install/yolo_msgs/share/yolo_msgs/local_setup.dsv
[8.493s] -- Installing: /home/reach/SCARA/install/yolo_msgs/share/yolo_msgs/package.dsv
[8.493s] -- Installing: /home/reach/SCARA/install/yolo_msgs/share/ament_index/resource_index/packages/yolo_msgs
[8.493s] -- Installing: /home/reach/SCARA/install/yolo_msgs/share/yolo_msgs/cmake/export_yolo_msgs__rosidl_generator_cExport.cmake
[8.493s] -- Installing: /home/reach/SCARA/install/yolo_msgs/share/yolo_msgs/cmake/export_yolo_msgs__rosidl_generator_cExport-noconfig.cmake
[8.493s] -- Installing: /home/reach/SCARA/install/yolo_msgs/share/yolo_msgs/cmake/export_yolo_msgs__rosidl_typesupport_fastrtps_cExport.cmake
[8.494s] -- Installing: /home/reach/SCARA/install/yolo_msgs/share/yolo_msgs/cmake/export_yolo_msgs__rosidl_typesupport_fastrtps_cExport-noconfig.cmake
[8.494s] -- Installing: /home/reach/SCARA/install/yolo_msgs/share/yolo_msgs/cmake/yolo_msgs__rosidl_typesupport_introspection_cExport.cmake
[8.494s] -- Installing: /home/reach/SCARA/install/yolo_msgs/share/yolo_msgs/cmake/yolo_msgs__rosidl_typesupport_introspection_cExport-noconfig.cmake
[8.494s] -- Installing: /home/reach/SCARA/install/yolo_msgs/share/yolo_msgs/cmake/yolo_msgs__rosidl_typesupport_cExport.cmake
[8.494s] -- Installing: /home/reach/SCARA/install/yolo_msgs/share/yolo_msgs/cmake/yolo_msgs__rosidl_typesupport_cExport-noconfig.cmake
[8.494s] -- Installing: /home/reach/SCARA/install/yolo_msgs/share/yolo_msgs/cmake/export_yolo_msgs__rosidl_generator_cppExport.cmake
[8.494s] -- Installing: /home/reach/SCARA/install/yolo_msgs/share/yolo_msgs/cmake/export_yolo_msgs__rosidl_typesupport_fastrtps_cppExport.cmake
[8.494s] -- Installing: /home/reach/SCARA/install/yolo_msgs/share/yolo_msgs/cmake/export_yolo_msgs__rosidl_typesupport_fastrtps_cppExport-noconfig.cmake
[8.494s] -- Installing: /home/reach/SCARA/install/yolo_msgs/share/yolo_msgs/cmake/yolo_msgs__rosidl_typesupport_introspection_cppExport.cmake
[8.494s] -- Installing: /home/reach/SCARA/install/yolo_msgs/share/yolo_msgs/cmake/yolo_msgs__rosidl_typesupport_introspection_cppExport-noconfig.cmake
[8.494s] -- Installing: /home/reach/SCARA/install/yolo_msgs/share/yolo_msgs/cmake/yolo_msgs__rosidl_typesupport_cppExport.cmake
[8.494s] -- Installing: /home/reach/SCARA/install/yolo_msgs/share/yolo_msgs/cmake/yolo_msgs__rosidl_typesupport_cppExport-noconfig.cmake
[8.494s] -- Installing: /home/reach/SCARA/install/yolo_msgs/share/yolo_msgs/cmake/export_yolo_msgs__rosidl_generator_pyExport.cmake
[8.495s] -- Installing: /home/reach/SCARA/install/yolo_msgs/share/yolo_msgs/cmake/export_yolo_msgs__rosidl_generator_pyExport-noconfig.cmake
[8.495s] -- Installing: /home/reach/SCARA/install/yolo_msgs/share/yolo_msgs/cmake/rosidl_cmake-extras.cmake
[8.495s] -- Installing: /home/reach/SCARA/install/yolo_msgs/share/yolo_msgs/cmake/ament_cmake_export_dependencies-extras.cmake
[8.495s] -- Installing: /home/reach/SCARA/install/yolo_msgs/share/yolo_msgs/cmake/ament_cmake_export_include_directories-extras.cmake
[8.495s] -- Installing: /home/reach/SCARA/install/yolo_msgs/share/yolo_msgs/cmake/ament_cmake_export_libraries-extras.cmake
[8.495s] -- Installing: /home/reach/SCARA/install/yolo_msgs/share/yolo_msgs/cmake/ament_cmake_export_targets-extras.cmake
[8.495s] -- Installing: /home/reach/SCARA/install/yolo_msgs/share/yolo_msgs/cmake/rosidl_cmake_export_typesupport_targets-extras.cmake
[8.495s] -- Installing: /home/reach/SCARA/install/yolo_msgs/share/yolo_msgs/cmake/rosidl_cmake_export_typesupport_libraries-extras.cmake
[8.495s] -- Installing: /home/reach/SCARA/install/yolo_msgs/share/yolo_msgs/cmake/yolo_msgsConfig.cmake
[8.495s] -- Installing: /home/reach/SCARA/install/yolo_msgs/share/yolo_msgs/cmake/yolo_msgsConfig-version.cmake
[8.495s] -- Installing: /home/reach/SCARA/install/yolo_msgs/share/yolo_msgs/package.xml
[8.497s] Invoked command in '/home/reach/SCARA/build/yolo_msgs' returned '0': CMAKE_PREFIX_PATH=/home/reach/SCARA/install/SCARA_pkg:/opt/ros/humble /usr/bin/cmake --install /home/reach/SCARA/build/yolo_msgs
