[0.411s] Invoking command in '/home/reach/SCARA/src/SCARA_pkg': PYTHONPATH=/home/reach/SCARA/build/SCARA_pkg/prefix_override:/usr/lib/python3/dist-packages/colcon_core/task/python/colcon_distutils_commands:/home/reach/SCARA/install/SCARA_pkg/lib/python3.10/site-packages:${PYTHONPATH} /usr/bin/python3 -W ignore:setup.py install is deprecated -W ignore:easy_install command is deprecated setup.py egg_info --egg-base ../../build/SCARA_pkg build --build-base /home/reach/SCARA/build/SCARA_pkg/build install --record /home/reach/SCARA/build/SCARA_pkg/install.log --single-version-externally-managed install_data
[0.565s] running egg_info
[0.565s] writing ../../build/SCARA_pkg/SCARA_pkg.egg-info/PKG-INFO
[0.566s] writing dependency_links to ../../build/SCARA_pkg/SCARA_pkg.egg-info/dependency_links.txt
[0.566s] writing entry points to ../../build/SCARA_pkg/SCARA_pkg.egg-info/entry_points.txt
[0.566s] writing requirements to ../../build/SCARA_pkg/SCARA_pkg.egg-info/requires.txt
[0.566s] writing top-level names to ../../build/SCARA_pkg/SCARA_pkg.egg-info/top_level.txt
[0.567s] reading manifest file '../../build/SCARA_pkg/SCARA_pkg.egg-info/SOURCES.txt'
[0.568s] writing manifest file '../../build/SCARA_pkg/SCARA_pkg.egg-info/SOURCES.txt'
[0.568s] running build
[0.568s] running build_py
[0.568s] copying SCARA_pkg/launch.py -> /home/reach/SCARA/build/SCARA_pkg/build/lib/SCARA_pkg
[0.568s] running install
[0.569s] running install_lib
[0.569s] copying /home/reach/SCARA/build/SCARA_pkg/build/lib/SCARA_pkg/launch.py -> /home/reach/SCARA/install/SCARA_pkg/lib/python3.10/site-packages/SCARA_pkg
[0.569s] byte-compiling /home/reach/SCARA/install/SCARA_pkg/lib/python3.10/site-packages/SCARA_pkg/launch.py to launch.cpython-310.pyc
[0.570s] running install_data
[0.570s] running install_egg_info
[0.572s] removing '/home/reach/SCARA/install/SCARA_pkg/lib/python3.10/site-packages/SCARA_pkg-0.0.0-py3.10.egg-info' (and everything under it)
[0.572s] Copying ../../build/SCARA_pkg/SCARA_pkg.egg-info to /home/reach/SCARA/install/SCARA_pkg/lib/python3.10/site-packages/SCARA_pkg-0.0.0-py3.10.egg-info
[0.572s] running install_scripts
[0.586s] Installing fkpos script to /home/reach/SCARA/install/SCARA_pkg/lib/SCARA_pkg
[0.586s] Installing ikpos script to /home/reach/SCARA/install/SCARA_pkg/lib/SCARA_pkg
[0.586s] Installing motor_selection script to /home/reach/SCARA/install/SCARA_pkg/lib/SCARA_pkg
[0.586s] Installing newposition script to /home/reach/SCARA/install/SCARA_pkg/lib/SCARA_pkg
[0.586s] Installing position script to /home/reach/SCARA/install/SCARA_pkg/lib/SCARA_pkg
[0.586s] Installing positionradient script to /home/reach/SCARA/install/SCARA_pkg/lib/SCARA_pkg
[0.587s] writing list of installed files to '/home/reach/SCARA/build/SCARA_pkg/install.log'
[0.604s] Invoked command in '/home/reach/SCARA/src/SCARA_pkg' returned '0': PYTHONPATH=/home/reach/SCARA/build/SCARA_pkg/prefix_override:/usr/lib/python3/dist-packages/colcon_core/task/python/colcon_distutils_commands:/home/reach/SCARA/install/SCARA_pkg/lib/python3.10/site-packages:${PYTHONPATH} /usr/bin/python3 -W ignore:setup.py install is deprecated -W ignore:easy_install command is deprecated setup.py egg_info --egg-base ../../build/SCARA_pkg build --build-base /home/reach/SCARA/build/SCARA_pkg/build install --record /home/reach/SCARA/build/SCARA_pkg/install.log --single-version-externally-managed install_data
