[0.075s] DEBUG:colcon:Command line arguments: ['/usr/bin/colcon', 'build']
[0.075s] DEBUG:colcon:Parsed command line arguments: Namespace(log_base=None, log_level=None, verb_name='build', build_base='build', install_base='install', merge_install=False, symlink_install=False, test_result_base=None, continue_on_error=False, executor='parallel', parallel_workers=8, event_handlers=None, ignore_user_meta=False, metas=['./colcon.meta'], base_paths=['.'], packages_ignore=None, packages_ignore_regex=None, paths=None, packages_up_to=None, packages_up_to_regex=None, packages_above=None, packages_above_and_dependencies=None, packages_above_depth=None, packages_select_by_dep=None, packages_skip_by_dep=None, packages_skip_up_to=None, packages_select_build_failed=False, packages_skip_build_finished=False, packages_select_test_failures=False, packages_skip_test_passed=False, packages_select=None, packages_skip=None, packages_select_regex=None, packages_skip_regex=None, packages_start=None, packages_end=None, allow_overriding=[], cmake_args=None, cmake_target=None, cmake_target_skip_unavailable=False, cmake_clean_cache=False, cmake_clean_first=False, cmake_force_configure=False, ament_cmake_args=None, catkin_cmake_args=None, catkin_skip_building_tests=False, mixin_files=None, mixin=None, verb_parser=<colcon_mixin.mixin.mixin_argument.MixinArgumentDecorator object at 0x734412128280>, verb_extension=<colcon_core.verb.build.BuildVerb object at 0x7344120ffc70>, main=<bound method BuildVerb.main of <colcon_core.verb.build.BuildVerb object at 0x7344120ffc70>>, mixin_verb=('build',))
[0.189s] Level 1:colcon.colcon_core.package_discovery:discover_packages(colcon_meta) check parameters
[0.189s] Level 1:colcon.colcon_core.package_discovery:discover_packages(recursive) check parameters
[0.189s] Level 1:colcon.colcon_core.package_discovery:discover_packages(ignore) check parameters
[0.189s] Level 1:colcon.colcon_core.package_discovery:discover_packages(path) check parameters
[0.189s] Level 1:colcon.colcon_core.package_discovery:discover_packages(colcon_meta) discover
[0.189s] Level 1:colcon.colcon_core.package_discovery:discover_packages(recursive) discover
[0.189s] INFO:colcon.colcon_core.package_discovery:Crawling recursively for packages in '/home/reach/SCARA'
[0.189s] Level 1:colcon.colcon_core.package_identification:_identify(.) by extensions ['ignore', 'ignore_ament_install']
[0.190s] Level 1:colcon.colcon_core.package_identification:_identify(.) by extension 'ignore'
[0.190s] Level 1:colcon.colcon_core.package_identification:_identify(.) by extension 'ignore_ament_install'
[0.190s] Level 1:colcon.colcon_core.package_identification:_identify(.) by extensions ['colcon_pkg']
[0.190s] Level 1:colcon.colcon_core.package_identification:_identify(.) by extension 'colcon_pkg'
[0.190s] Level 1:colcon.colcon_core.package_identification:_identify(.) by extensions ['colcon_meta']
[0.190s] Level 1:colcon.colcon_core.package_identification:_identify(.) by extension 'colcon_meta'
[0.190s] Level 1:colcon.colcon_core.package_identification:_identify(.) by extensions ['ros']
[0.190s] Level 1:colcon.colcon_core.package_identification:_identify(.) by extension 'ros'
[0.197s] Level 1:colcon.colcon_core.package_identification:_identify(.) by extensions ['cmake', 'python']
[0.197s] Level 1:colcon.colcon_core.package_identification:_identify(.) by extension 'cmake'
[0.197s] Level 1:colcon.colcon_core.package_identification:_identify(.) by extension 'python'
[0.197s] Level 1:colcon.colcon_core.package_identification:_identify(.) by extensions ['python_setup_py']
[0.197s] Level 1:colcon.colcon_core.package_identification:_identify(.) by extension 'python_setup_py'
[0.197s] Level 1:colcon.colcon_core.package_identification:_identify(build) by extensions ['ignore', 'ignore_ament_install']
[0.197s] Level 1:colcon.colcon_core.package_identification:_identify(build) by extension 'ignore'
[0.197s] Level 1:colcon.colcon_core.package_identification:_identify(build) ignored
[0.197s] Level 1:colcon.colcon_core.package_identification:_identify(install) by extensions ['ignore', 'ignore_ament_install']
[0.197s] Level 1:colcon.colcon_core.package_identification:_identify(install) by extension 'ignore'
[0.197s] Level 1:colcon.colcon_core.package_identification:_identify(install) ignored
[0.198s] Level 1:colcon.colcon_core.package_identification:_identify(log) by extensions ['ignore', 'ignore_ament_install']
[0.198s] Level 1:colcon.colcon_core.package_identification:_identify(log) by extension 'ignore'
[0.198s] Level 1:colcon.colcon_core.package_identification:_identify(log) ignored
[0.198s] Level 1:colcon.colcon_core.package_identification:_identify(src) by extensions ['ignore', 'ignore_ament_install']
[0.198s] Level 1:colcon.colcon_core.package_identification:_identify(src) by extension 'ignore'
[0.198s] Level 1:colcon.colcon_core.package_identification:_identify(src) by extension 'ignore_ament_install'
[0.198s] Level 1:colcon.colcon_core.package_identification:_identify(src) by extensions ['colcon_pkg']
[0.198s] Level 1:colcon.colcon_core.package_identification:_identify(src) by extension 'colcon_pkg'
[0.198s] Level 1:colcon.colcon_core.package_identification:_identify(src) by extensions ['colcon_meta']
[0.198s] Level 1:colcon.colcon_core.package_identification:_identify(src) by extension 'colcon_meta'
[0.198s] Level 1:colcon.colcon_core.package_identification:_identify(src) by extensions ['ros']
[0.198s] Level 1:colcon.colcon_core.package_identification:_identify(src) by extension 'ros'
[0.198s] Level 1:colcon.colcon_core.package_identification:_identify(src) by extensions ['cmake', 'python']
[0.198s] Level 1:colcon.colcon_core.package_identification:_identify(src) by extension 'cmake'
[0.198s] Level 1:colcon.colcon_core.package_identification:_identify(src) by extension 'python'
[0.198s] Level 1:colcon.colcon_core.package_identification:_identify(src) by extensions ['python_setup_py']
[0.198s] Level 1:colcon.colcon_core.package_identification:_identify(src) by extension 'python_setup_py'
[0.198s] Level 1:colcon.colcon_core.package_identification:_identify(src/SCARA_pkg) by extensions ['ignore', 'ignore_ament_install']
[0.198s] Level 1:colcon.colcon_core.package_identification:_identify(src/SCARA_pkg) by extension 'ignore'
[0.198s] Level 1:colcon.colcon_core.package_identification:_identify(src/SCARA_pkg) by extension 'ignore_ament_install'
[0.198s] Level 1:colcon.colcon_core.package_identification:_identify(src/SCARA_pkg) by extensions ['colcon_pkg']
[0.198s] Level 1:colcon.colcon_core.package_identification:_identify(src/SCARA_pkg) by extension 'colcon_pkg'
[0.198s] Level 1:colcon.colcon_core.package_identification:_identify(src/SCARA_pkg) by extensions ['colcon_meta']
[0.198s] Level 1:colcon.colcon_core.package_identification:_identify(src/SCARA_pkg) by extension 'colcon_meta'
[0.198s] Level 1:colcon.colcon_core.package_identification:_identify(src/SCARA_pkg) by extensions ['ros']
[0.198s] Level 1:colcon.colcon_core.package_identification:_identify(src/SCARA_pkg) by extension 'ros'
[0.200s] DEBUG:colcon.colcon_core.package_identification:Package 'src/SCARA_pkg' with type 'ros.ament_python' and name 'SCARA_pkg'
[0.200s] Level 1:colcon.colcon_core.package_identification:_identify(src/yolo_pick_place) by extensions ['ignore', 'ignore_ament_install']
[0.200s] Level 1:colcon.colcon_core.package_identification:_identify(src/yolo_pick_place) by extension 'ignore'
[0.200s] Level 1:colcon.colcon_core.package_identification:_identify(src/yolo_pick_place) by extension 'ignore_ament_install'
[0.200s] Level 1:colcon.colcon_core.package_identification:_identify(src/yolo_pick_place) by extensions ['colcon_pkg']
[0.200s] Level 1:colcon.colcon_core.package_identification:_identify(src/yolo_pick_place) by extension 'colcon_pkg'
[0.200s] Level 1:colcon.colcon_core.package_identification:_identify(src/yolo_pick_place) by extensions ['colcon_meta']
[0.200s] Level 1:colcon.colcon_core.package_identification:_identify(src/yolo_pick_place) by extension 'colcon_meta'
[0.200s] Level 1:colcon.colcon_core.package_identification:_identify(src/yolo_pick_place) by extensions ['ros']
[0.200s] Level 1:colcon.colcon_core.package_identification:_identify(src/yolo_pick_place) by extension 'ros'
[0.201s] DEBUG:colcon.colcon_core.package_identification:Package 'src/yolo_pick_place' with type 'ros.ament_python' and name 'yolo_pick_place'
[0.201s] Level 1:colcon.colcon_core.package_identification:_identify(src/yolo_ros) by extensions ['ignore', 'ignore_ament_install']
[0.201s] Level 1:colcon.colcon_core.package_identification:_identify(src/yolo_ros) by extension 'ignore'
[0.201s] Level 1:colcon.colcon_core.package_identification:_identify(src/yolo_ros) by extension 'ignore_ament_install'
[0.201s] Level 1:colcon.colcon_core.package_identification:_identify(src/yolo_ros) by extensions ['colcon_pkg']
[0.201s] Level 1:colcon.colcon_core.package_identification:_identify(src/yolo_ros) by extension 'colcon_pkg'
[0.201s] Level 1:colcon.colcon_core.package_identification:_identify(src/yolo_ros) by extensions ['colcon_meta']
[0.201s] Level 1:colcon.colcon_core.package_identification:_identify(src/yolo_ros) by extension 'colcon_meta'
[0.201s] Level 1:colcon.colcon_core.package_identification:_identify(src/yolo_ros) by extensions ['ros']
[0.201s] Level 1:colcon.colcon_core.package_identification:_identify(src/yolo_ros) by extension 'ros'
[0.201s] Level 1:colcon.colcon_core.package_identification:_identify(src/yolo_ros) by extensions ['cmake', 'python']
[0.201s] Level 1:colcon.colcon_core.package_identification:_identify(src/yolo_ros) by extension 'cmake'
[0.201s] Level 1:colcon.colcon_core.package_identification:_identify(src/yolo_ros) by extension 'python'
[0.201s] Level 1:colcon.colcon_core.package_identification:_identify(src/yolo_ros) by extensions ['python_setup_py']
[0.201s] Level 1:colcon.colcon_core.package_identification:_identify(src/yolo_ros) by extension 'python_setup_py'
[0.201s] Level 1:colcon.colcon_core.package_identification:_identify(src/yolo_ros/docs) by extensions ['ignore', 'ignore_ament_install']
[0.201s] Level 1:colcon.colcon_core.package_identification:_identify(src/yolo_ros/docs) by extension 'ignore'
[0.201s] Level 1:colcon.colcon_core.package_identification:_identify(src/yolo_ros/docs) by extension 'ignore_ament_install'
[0.201s] Level 1:colcon.colcon_core.package_identification:_identify(src/yolo_ros/docs) by extensions ['colcon_pkg']
[0.201s] Level 1:colcon.colcon_core.package_identification:_identify(src/yolo_ros/docs) by extension 'colcon_pkg'
[0.201s] Level 1:colcon.colcon_core.package_identification:_identify(src/yolo_ros/docs) by extensions ['colcon_meta']
[0.201s] Level 1:colcon.colcon_core.package_identification:_identify(src/yolo_ros/docs) by extension 'colcon_meta'
[0.201s] Level 1:colcon.colcon_core.package_identification:_identify(src/yolo_ros/docs) by extensions ['ros']
[0.201s] Level 1:colcon.colcon_core.package_identification:_identify(src/yolo_ros/docs) by extension 'ros'
[0.201s] Level 1:colcon.colcon_core.package_identification:_identify(src/yolo_ros/docs) by extensions ['cmake', 'python']
[0.201s] Level 1:colcon.colcon_core.package_identification:_identify(src/yolo_ros/docs) by extension 'cmake'
[0.201s] Level 1:colcon.colcon_core.package_identification:_identify(src/yolo_ros/docs) by extension 'python'
[0.201s] Level 1:colcon.colcon_core.package_identification:_identify(src/yolo_ros/docs) by extensions ['python_setup_py']
[0.201s] Level 1:colcon.colcon_core.package_identification:_identify(src/yolo_ros/docs) by extension 'python_setup_py'
[0.202s] Level 1:colcon.colcon_core.package_identification:_identify(src/yolo_ros/models) by extensions ['ignore', 'ignore_ament_install']
[0.202s] Level 1:colcon.colcon_core.package_identification:_identify(src/yolo_ros/models) by extension 'ignore'
[0.202s] Level 1:colcon.colcon_core.package_identification:_identify(src/yolo_ros/models) by extension 'ignore_ament_install'
[0.202s] Level 1:colcon.colcon_core.package_identification:_identify(src/yolo_ros/models) by extensions ['colcon_pkg']
[0.202s] Level 1:colcon.colcon_core.package_identification:_identify(src/yolo_ros/models) by extension 'colcon_pkg'
[0.202s] Level 1:colcon.colcon_core.package_identification:_identify(src/yolo_ros/models) by extensions ['colcon_meta']
[0.202s] Level 1:colcon.colcon_core.package_identification:_identify(src/yolo_ros/models) by extension 'colcon_meta'
[0.202s] Level 1:colcon.colcon_core.package_identification:_identify(src/yolo_ros/models) by extensions ['ros']
[0.202s] Level 1:colcon.colcon_core.package_identification:_identify(src/yolo_ros/models) by extension 'ros'
[0.202s] Level 1:colcon.colcon_core.package_identification:_identify(src/yolo_ros/models) by extensions ['cmake', 'python']
[0.202s] Level 1:colcon.colcon_core.package_identification:_identify(src/yolo_ros/models) by extension 'cmake'
[0.202s] Level 1:colcon.colcon_core.package_identification:_identify(src/yolo_ros/models) by extension 'python'
[0.202s] Level 1:colcon.colcon_core.package_identification:_identify(src/yolo_ros/models) by extensions ['python_setup_py']
[0.202s] Level 1:colcon.colcon_core.package_identification:_identify(src/yolo_ros/models) by extension 'python_setup_py'
[0.202s] Level 1:colcon.colcon_core.package_identification:_identify(src/yolo_ros/yolo_bringup) by extensions ['ignore', 'ignore_ament_install']
[0.202s] Level 1:colcon.colcon_core.package_identification:_identify(src/yolo_ros/yolo_bringup) by extension 'ignore'
[0.202s] Level 1:colcon.colcon_core.package_identification:_identify(src/yolo_ros/yolo_bringup) by extension 'ignore_ament_install'
[0.202s] Level 1:colcon.colcon_core.package_identification:_identify(src/yolo_ros/yolo_bringup) by extensions ['colcon_pkg']
[0.202s] Level 1:colcon.colcon_core.package_identification:_identify(src/yolo_ros/yolo_bringup) by extension 'colcon_pkg'
[0.202s] Level 1:colcon.colcon_core.package_identification:_identify(src/yolo_ros/yolo_bringup) by extensions ['colcon_meta']
[0.202s] Level 1:colcon.colcon_core.package_identification:_identify(src/yolo_ros/yolo_bringup) by extension 'colcon_meta'
[0.202s] Level 1:colcon.colcon_core.package_identification:_identify(src/yolo_ros/yolo_bringup) by extensions ['ros']
[0.202s] Level 1:colcon.colcon_core.package_identification:_identify(src/yolo_ros/yolo_bringup) by extension 'ros'
[0.202s] DEBUG:colcon.colcon_core.package_identification:Package 'src/yolo_ros/yolo_bringup' with type 'ros.ament_cmake' and name 'yolo_bringup'
[0.203s] Level 1:colcon.colcon_core.package_identification:_identify(src/yolo_ros/yolo_msgs) by extensions ['ignore', 'ignore_ament_install']
[0.203s] Level 1:colcon.colcon_core.package_identification:_identify(src/yolo_ros/yolo_msgs) by extension 'ignore'
[0.203s] Level 1:colcon.colcon_core.package_identification:_identify(src/yolo_ros/yolo_msgs) by extension 'ignore_ament_install'
[0.203s] Level 1:colcon.colcon_core.package_identification:_identify(src/yolo_ros/yolo_msgs) by extensions ['colcon_pkg']
[0.203s] Level 1:colcon.colcon_core.package_identification:_identify(src/yolo_ros/yolo_msgs) by extension 'colcon_pkg'
[0.203s] Level 1:colcon.colcon_core.package_identification:_identify(src/yolo_ros/yolo_msgs) by extensions ['colcon_meta']
[0.203s] Level 1:colcon.colcon_core.package_identification:_identify(src/yolo_ros/yolo_msgs) by extension 'colcon_meta'
[0.203s] Level 1:colcon.colcon_core.package_identification:_identify(src/yolo_ros/yolo_msgs) by extensions ['ros']
[0.203s] Level 1:colcon.colcon_core.package_identification:_identify(src/yolo_ros/yolo_msgs) by extension 'ros'
[0.203s] DEBUG:colcon.colcon_core.package_identification:Package 'src/yolo_ros/yolo_msgs' with type 'ros.ament_cmake' and name 'yolo_msgs'
[0.203s] Level 1:colcon.colcon_core.package_identification:_identify(src/yolo_ros/yolo_ros) by extensions ['ignore', 'ignore_ament_install']
[0.203s] Level 1:colcon.colcon_core.package_identification:_identify(src/yolo_ros/yolo_ros) by extension 'ignore'
[0.203s] Level 1:colcon.colcon_core.package_identification:_identify(src/yolo_ros/yolo_ros) by extension 'ignore_ament_install'
[0.203s] Level 1:colcon.colcon_core.package_identification:_identify(src/yolo_ros/yolo_ros) by extensions ['colcon_pkg']
[0.203s] Level 1:colcon.colcon_core.package_identification:_identify(src/yolo_ros/yolo_ros) by extension 'colcon_pkg'
[0.203s] Level 1:colcon.colcon_core.package_identification:_identify(src/yolo_ros/yolo_ros) by extensions ['colcon_meta']
[0.203s] Level 1:colcon.colcon_core.package_identification:_identify(src/yolo_ros/yolo_ros) by extension 'colcon_meta'
[0.203s] Level 1:colcon.colcon_core.package_identification:_identify(src/yolo_ros/yolo_ros) by extensions ['ros']
[0.203s] Level 1:colcon.colcon_core.package_identification:_identify(src/yolo_ros/yolo_ros) by extension 'ros'
[0.204s] DEBUG:colcon.colcon_core.package_identification:Package 'src/yolo_ros/yolo_ros' with type 'ros.ament_python' and name 'yolo_ros'
[0.204s] Level 1:colcon.colcon_core.package_discovery:discover_packages(recursive) using defaults
[0.204s] Level 1:colcon.colcon_core.package_discovery:discover_packages(ignore) discover
[0.204s] Level 1:colcon.colcon_core.package_discovery:discover_packages(ignore) using defaults
[0.204s] Level 1:colcon.colcon_core.package_discovery:discover_packages(path) discover
[0.204s] Level 1:colcon.colcon_core.package_discovery:discover_packages(path) using defaults
[0.227s] Level 1:colcon.colcon_core.package_discovery:discover_packages(prefix_path) check parameters
[0.227s] Level 1:colcon.colcon_core.package_discovery:discover_packages(prefix_path) discover
[0.228s] DEBUG:colcon.colcon_installed_package_information.package_discovery:Found 5 installed packages in /home/reach/SCARA/install
[0.229s] DEBUG:colcon.colcon_installed_package_information.package_discovery:Found 325 installed packages in /opt/ros/humble
[0.230s] Level 1:colcon.colcon_core.package_discovery:discover_packages(prefix_path) using defaults
[0.257s] Level 5:colcon.colcon_core.verb:set package 'SCARA_pkg' build argument 'cmake_args' from command line to 'None'
[0.257s] Level 5:colcon.colcon_core.verb:set package 'SCARA_pkg' build argument 'cmake_target' from command line to 'None'
[0.257s] Level 5:colcon.colcon_core.verb:set package 'SCARA_pkg' build argument 'cmake_target_skip_unavailable' from command line to 'False'
[0.257s] Level 5:colcon.colcon_core.verb:set package 'SCARA_pkg' build argument 'cmake_clean_cache' from command line to 'False'
[0.257s] Level 5:colcon.colcon_core.verb:set package 'SCARA_pkg' build argument 'cmake_clean_first' from command line to 'False'
[0.257s] Level 5:colcon.colcon_core.verb:set package 'SCARA_pkg' build argument 'cmake_force_configure' from command line to 'False'
[0.257s] Level 5:colcon.colcon_core.verb:set package 'SCARA_pkg' build argument 'ament_cmake_args' from command line to 'None'
[0.257s] Level 5:colcon.colcon_core.verb:set package 'SCARA_pkg' build argument 'catkin_cmake_args' from command line to 'None'
[0.257s] Level 5:colcon.colcon_core.verb:set package 'SCARA_pkg' build argument 'catkin_skip_building_tests' from command line to 'False'
[0.257s] DEBUG:colcon.colcon_core.verb:Building package 'SCARA_pkg' with the following arguments: {'ament_cmake_args': None, 'build_base': '/home/reach/SCARA/build/SCARA_pkg', 'catkin_cmake_args': None, 'catkin_skip_building_tests': False, 'cmake_args': None, 'cmake_clean_cache': False, 'cmake_clean_first': False, 'cmake_force_configure': False, 'cmake_target': None, 'cmake_target_skip_unavailable': False, 'install_base': '/home/reach/SCARA/install/SCARA_pkg', 'merge_install': False, 'path': '/home/reach/SCARA/src/SCARA_pkg', 'symlink_install': False, 'test_result_base': None}
[0.257s] Level 5:colcon.colcon_core.verb:set package 'yolo_msgs' build argument 'cmake_args' from command line to 'None'
[0.257s] Level 5:colcon.colcon_core.verb:set package 'yolo_msgs' build argument 'cmake_target' from command line to 'None'
[0.257s] Level 5:colcon.colcon_core.verb:set package 'yolo_msgs' build argument 'cmake_target_skip_unavailable' from command line to 'False'
[0.257s] Level 5:colcon.colcon_core.verb:set package 'yolo_msgs' build argument 'cmake_clean_cache' from command line to 'False'
[0.257s] Level 5:colcon.colcon_core.verb:set package 'yolo_msgs' build argument 'cmake_clean_first' from command line to 'False'
[0.257s] Level 5:colcon.colcon_core.verb:set package 'yolo_msgs' build argument 'cmake_force_configure' from command line to 'False'
[0.257s] Level 5:colcon.colcon_core.verb:set package 'yolo_msgs' build argument 'ament_cmake_args' from command line to 'None'
[0.257s] Level 5:colcon.colcon_core.verb:set package 'yolo_msgs' build argument 'catkin_cmake_args' from command line to 'None'
[0.257s] Level 5:colcon.colcon_core.verb:set package 'yolo_msgs' build argument 'catkin_skip_building_tests' from command line to 'False'
[0.257s] DEBUG:colcon.colcon_core.verb:Building package 'yolo_msgs' with the following arguments: {'ament_cmake_args': None, 'build_base': '/home/reach/SCARA/build/yolo_msgs', 'catkin_cmake_args': None, 'catkin_skip_building_tests': False, 'cmake_args': None, 'cmake_clean_cache': False, 'cmake_clean_first': False, 'cmake_force_configure': False, 'cmake_target': None, 'cmake_target_skip_unavailable': False, 'install_base': '/home/reach/SCARA/install/yolo_msgs', 'merge_install': False, 'path': '/home/reach/SCARA/src/yolo_ros/yolo_msgs', 'symlink_install': False, 'test_result_base': None}
[0.257s] Level 5:colcon.colcon_core.verb:set package 'yolo_pick_place' build argument 'cmake_args' from command line to 'None'
[0.257s] Level 5:colcon.colcon_core.verb:set package 'yolo_pick_place' build argument 'cmake_target' from command line to 'None'
[0.257s] Level 5:colcon.colcon_core.verb:set package 'yolo_pick_place' build argument 'cmake_target_skip_unavailable' from command line to 'False'
[0.257s] Level 5:colcon.colcon_core.verb:set package 'yolo_pick_place' build argument 'cmake_clean_cache' from command line to 'False'
[0.257s] Level 5:colcon.colcon_core.verb:set package 'yolo_pick_place' build argument 'cmake_clean_first' from command line to 'False'
[0.257s] Level 5:colcon.colcon_core.verb:set package 'yolo_pick_place' build argument 'cmake_force_configure' from command line to 'False'
[0.257s] Level 5:colcon.colcon_core.verb:set package 'yolo_pick_place' build argument 'ament_cmake_args' from command line to 'None'
[0.257s] Level 5:colcon.colcon_core.verb:set package 'yolo_pick_place' build argument 'catkin_cmake_args' from command line to 'None'
[0.257s] Level 5:colcon.colcon_core.verb:set package 'yolo_pick_place' build argument 'catkin_skip_building_tests' from command line to 'False'
[0.257s] DEBUG:colcon.colcon_core.verb:Building package 'yolo_pick_place' with the following arguments: {'ament_cmake_args': None, 'build_base': '/home/reach/SCARA/build/yolo_pick_place', 'catkin_cmake_args': None, 'catkin_skip_building_tests': False, 'cmake_args': None, 'cmake_clean_cache': False, 'cmake_clean_first': False, 'cmake_force_configure': False, 'cmake_target': None, 'cmake_target_skip_unavailable': False, 'install_base': '/home/reach/SCARA/install/yolo_pick_place', 'merge_install': False, 'path': '/home/reach/SCARA/src/yolo_pick_place', 'symlink_install': False, 'test_result_base': None}
[0.258s] Level 5:colcon.colcon_core.verb:set package 'yolo_ros' build argument 'cmake_args' from command line to 'None'
[0.258s] Level 5:colcon.colcon_core.verb:set package 'yolo_ros' build argument 'cmake_target' from command line to 'None'
[0.258s] Level 5:colcon.colcon_core.verb:set package 'yolo_ros' build argument 'cmake_target_skip_unavailable' from command line to 'False'
[0.258s] Level 5:colcon.colcon_core.verb:set package 'yolo_ros' build argument 'cmake_clean_cache' from command line to 'False'
[0.258s] Level 5:colcon.colcon_core.verb:set package 'yolo_ros' build argument 'cmake_clean_first' from command line to 'False'
[0.258s] Level 5:colcon.colcon_core.verb:set package 'yolo_ros' build argument 'cmake_force_configure' from command line to 'False'
[0.258s] Level 5:colcon.colcon_core.verb:set package 'yolo_ros' build argument 'ament_cmake_args' from command line to 'None'
[0.258s] Level 5:colcon.colcon_core.verb:set package 'yolo_ros' build argument 'catkin_cmake_args' from command line to 'None'
[0.258s] Level 5:colcon.colcon_core.verb:set package 'yolo_ros' build argument 'catkin_skip_building_tests' from command line to 'False'
[0.258s] DEBUG:colcon.colcon_core.verb:Building package 'yolo_ros' with the following arguments: {'ament_cmake_args': None, 'build_base': '/home/reach/SCARA/build/yolo_ros', 'catkin_cmake_args': None, 'catkin_skip_building_tests': False, 'cmake_args': None, 'cmake_clean_cache': False, 'cmake_clean_first': False, 'cmake_force_configure': False, 'cmake_target': None, 'cmake_target_skip_unavailable': False, 'install_base': '/home/reach/SCARA/install/yolo_ros', 'merge_install': False, 'path': '/home/reach/SCARA/src/yolo_ros/yolo_ros', 'symlink_install': False, 'test_result_base': None}
[0.258s] Level 5:colcon.colcon_core.verb:set package 'yolo_bringup' build argument 'cmake_args' from command line to 'None'
[0.258s] Level 5:colcon.colcon_core.verb:set package 'yolo_bringup' build argument 'cmake_target' from command line to 'None'
[0.258s] Level 5:colcon.colcon_core.verb:set package 'yolo_bringup' build argument 'cmake_target_skip_unavailable' from command line to 'False'
[0.258s] Level 5:colcon.colcon_core.verb:set package 'yolo_bringup' build argument 'cmake_clean_cache' from command line to 'False'
[0.258s] Level 5:colcon.colcon_core.verb:set package 'yolo_bringup' build argument 'cmake_clean_first' from command line to 'False'
[0.258s] Level 5:colcon.colcon_core.verb:set package 'yolo_bringup' build argument 'cmake_force_configure' from command line to 'False'
[0.258s] Level 5:colcon.colcon_core.verb:set package 'yolo_bringup' build argument 'ament_cmake_args' from command line to 'None'
[0.258s] Level 5:colcon.colcon_core.verb:set package 'yolo_bringup' build argument 'catkin_cmake_args' from command line to 'None'
[0.258s] Level 5:colcon.colcon_core.verb:set package 'yolo_bringup' build argument 'catkin_skip_building_tests' from command line to 'False'
[0.258s] DEBUG:colcon.colcon_core.verb:Building package 'yolo_bringup' with the following arguments: {'ament_cmake_args': None, 'build_base': '/home/reach/SCARA/build/yolo_bringup', 'catkin_cmake_args': None, 'catkin_skip_building_tests': False, 'cmake_args': None, 'cmake_clean_cache': False, 'cmake_clean_first': False, 'cmake_force_configure': False, 'cmake_target': None, 'cmake_target_skip_unavailable': False, 'install_base': '/home/reach/SCARA/install/yolo_bringup', 'merge_install': False, 'path': '/home/reach/SCARA/src/yolo_ros/yolo_bringup', 'symlink_install': False, 'test_result_base': None}
[0.258s] INFO:colcon.colcon_core.executor:Executing jobs using 'parallel' executor
[0.259s] DEBUG:colcon.colcon_parallel_executor.executor.parallel:run_until_complete
[0.259s] INFO:colcon.colcon_ros.task.ament_cmake.build:Building ROS package in '/home/reach/SCARA/src/yolo_ros/yolo_msgs' with build type 'ament_cmake'
[0.259s] INFO:colcon.colcon_cmake.task.cmake.build:Building CMake package in '/home/reach/SCARA/src/yolo_ros/yolo_msgs'
[0.261s] INFO:colcon.colcon_core.plugin_system:Skipping extension 'colcon_core.shell.bat': Not used on non-Windows systems
[0.261s] INFO:colcon.colcon_core.shell:Skip shell extension 'powershell' for command environment: Not usable outside of PowerShell
[0.261s] DEBUG:colcon.colcon_core.shell:Skip shell extension 'dsv' for command environment
[0.263s] INFO:colcon.colcon_ros.task.ament_python.build:Building ROS package in '/home/reach/SCARA/src/SCARA_pkg' with build type 'ament_python'
[0.263s] Level 1:colcon.colcon_core.shell:create_environment_hook('SCARA_pkg', 'ament_prefix_path')
[0.263s] INFO:colcon.colcon_core.shell:Creating environment hook '/home/reach/SCARA/install/SCARA_pkg/share/SCARA_pkg/hook/ament_prefix_path.ps1'
[0.264s] INFO:colcon.colcon_core.shell:Creating environment descriptor '/home/reach/SCARA/install/SCARA_pkg/share/SCARA_pkg/hook/ament_prefix_path.dsv'
[0.264s] INFO:colcon.colcon_core.shell:Creating environment hook '/home/reach/SCARA/install/SCARA_pkg/share/SCARA_pkg/hook/ament_prefix_path.sh'
[0.265s] INFO:colcon.colcon_core.shell:Skip shell extension 'powershell' for command environment: Not usable outside of PowerShell
[0.265s] DEBUG:colcon.colcon_core.shell:Skip shell extension 'dsv' for command environment
[0.267s] INFO:colcon.colcon_ros.task.ament_python.build:Building ROS package in '/home/reach/SCARA/src/yolo_pick_place' with build type 'ament_python'
[0.267s] Level 1:colcon.colcon_core.shell:create_environment_hook('yolo_pick_place', 'ament_prefix_path')
[0.267s] INFO:colcon.colcon_core.shell:Creating environment hook '/home/reach/SCARA/install/yolo_pick_place/share/yolo_pick_place/hook/ament_prefix_path.ps1'
[0.267s] INFO:colcon.colcon_core.shell:Creating environment descriptor '/home/reach/SCARA/install/yolo_pick_place/share/yolo_pick_place/hook/ament_prefix_path.dsv'
[0.268s] INFO:colcon.colcon_core.shell:Creating environment hook '/home/reach/SCARA/install/yolo_pick_place/share/yolo_pick_place/hook/ament_prefix_path.sh'
[0.268s] INFO:colcon.colcon_core.shell:Skip shell extension 'powershell' for command environment: Not usable outside of PowerShell
[0.268s] DEBUG:colcon.colcon_core.shell:Skip shell extension 'dsv' for command environment
[0.273s] DEBUG:colcon.colcon_core.event_handler.log_command:Invoking command in '/home/reach/SCARA/build/yolo_msgs': CMAKE_PREFIX_PATH=${CMAKE_PREFIX_PATH}:/home/reach/SCARA/install/yolo_ros:/home/reach/SCARA/install/yolo_pick_place:/home/reach/SCARA/install/SCARA_pkg:/opt/ros/humble /usr/bin/cmake --build /home/reach/SCARA/build/yolo_msgs -- -j8 -l8
[0.485s] INFO:colcon.colcon_core.task.python.build:Building Python package in '/home/reach/SCARA/src/SCARA_pkg'
[0.486s] INFO:colcon.colcon_core.shell:Skip shell extension 'powershell' for command environment: Not usable outside of PowerShell
[0.486s] DEBUG:colcon.colcon_core.shell:Skip shell extension 'dsv' for command environment
[0.673s] INFO:colcon.colcon_core.task.python.build:Building Python package in '/home/reach/SCARA/src/yolo_pick_place'
[0.673s] INFO:colcon.colcon_core.shell:Skip shell extension 'powershell' for command environment: Not usable outside of PowerShell
[0.673s] DEBUG:colcon.colcon_core.shell:Skip shell extension 'dsv' for command environment
[0.678s] DEBUG:colcon.colcon_core.event_handler.log_command:Invoked command in '/home/reach/SCARA/build/yolo_msgs' returned '0': CMAKE_PREFIX_PATH=${CMAKE_PREFIX_PATH}:/home/reach/SCARA/install/yolo_ros:/home/reach/SCARA/install/yolo_pick_place:/home/reach/SCARA/install/SCARA_pkg:/opt/ros/humble /usr/bin/cmake --build /home/reach/SCARA/build/yolo_msgs -- -j8 -l8
[0.685s] DEBUG:colcon.colcon_core.event_handler.log_command:Invoking command in '/home/reach/SCARA/build/yolo_msgs': CMAKE_PREFIX_PATH=${CMAKE_PREFIX_PATH}:/home/reach/SCARA/install/yolo_ros:/home/reach/SCARA/install/yolo_pick_place:/home/reach/SCARA/install/SCARA_pkg:/opt/ros/humble /usr/bin/cmake --install /home/reach/SCARA/build/yolo_msgs
[0.730s] Level 1:colcon.colcon_core.environment:create_environment_scripts_only(yolo_msgs)
[0.730s] DEBUG:colcon.colcon_core.event_handler.log_command:Invoked command in '/home/reach/SCARA/build/yolo_msgs' returned '0': CMAKE_PREFIX_PATH=${CMAKE_PREFIX_PATH}:/home/reach/SCARA/install/yolo_ros:/home/reach/SCARA/install/yolo_pick_place:/home/reach/SCARA/install/SCARA_pkg:/opt/ros/humble /usr/bin/cmake --install /home/reach/SCARA/build/yolo_msgs
[0.732s] Level 1:colcon.colcon_core.environment:checking '/home/reach/SCARA/install/yolo_msgs' for CMake module files
[0.733s] Level 1:colcon.colcon_core.environment:checking '/home/reach/SCARA/install/yolo_msgs' for CMake config files
[0.733s] Level 1:colcon.colcon_core.shell:create_environment_hook('yolo_msgs', 'cmake_prefix_path')
[0.734s] INFO:colcon.colcon_core.shell:Creating environment hook '/home/reach/SCARA/install/yolo_msgs/share/yolo_msgs/hook/cmake_prefix_path.ps1'
[0.734s] INFO:colcon.colcon_core.shell:Creating environment descriptor '/home/reach/SCARA/install/yolo_msgs/share/yolo_msgs/hook/cmake_prefix_path.dsv'
[0.735s] INFO:colcon.colcon_core.shell:Creating environment hook '/home/reach/SCARA/install/yolo_msgs/share/yolo_msgs/hook/cmake_prefix_path.sh'
[0.735s] Level 1:colcon.colcon_core.environment:checking '/home/reach/SCARA/install/yolo_msgs/lib'
[0.735s] Level 1:colcon.colcon_core.shell:create_environment_hook('yolo_msgs', 'ld_library_path_lib')
[0.736s] INFO:colcon.colcon_core.shell:Creating environment hook '/home/reach/SCARA/install/yolo_msgs/share/yolo_msgs/hook/ld_library_path_lib.ps1'
[0.736s] INFO:colcon.colcon_core.shell:Creating environment descriptor '/home/reach/SCARA/install/yolo_msgs/share/yolo_msgs/hook/ld_library_path_lib.dsv'
[0.736s] INFO:colcon.colcon_core.shell:Creating environment hook '/home/reach/SCARA/install/yolo_msgs/share/yolo_msgs/hook/ld_library_path_lib.sh'
[0.737s] Level 1:colcon.colcon_core.environment:checking '/home/reach/SCARA/install/yolo_msgs/bin'
[0.737s] Level 1:colcon.colcon_core.environment:checking '/home/reach/SCARA/install/yolo_msgs/lib/pkgconfig/yolo_msgs.pc'
[0.737s] Level 1:colcon.colcon_core.environment:checking '/home/reach/SCARA/install/yolo_msgs/lib/python3.10/site-packages'
[0.738s] Level 1:colcon.colcon_core.environment:checking '/home/reach/SCARA/install/yolo_msgs/bin'
[0.738s] INFO:colcon.colcon_core.shell:Creating package script '/home/reach/SCARA/install/yolo_msgs/share/yolo_msgs/package.ps1'
[0.739s] INFO:colcon.colcon_core.shell:Creating package descriptor '/home/reach/SCARA/install/yolo_msgs/share/yolo_msgs/package.dsv'
[0.740s] INFO:colcon.colcon_core.shell:Creating package script '/home/reach/SCARA/install/yolo_msgs/share/yolo_msgs/package.sh'
[0.741s] INFO:colcon.colcon_core.shell:Creating package script '/home/reach/SCARA/install/yolo_msgs/share/yolo_msgs/package.bash'
[0.741s] INFO:colcon.colcon_core.shell:Creating package script '/home/reach/SCARA/install/yolo_msgs/share/yolo_msgs/package.zsh'
[0.742s] Level 1:colcon.colcon_core.environment:create_file_with_runtime_dependencies(/home/reach/SCARA/install/yolo_msgs/share/colcon-core/packages/yolo_msgs)
[0.743s] Level 1:colcon.colcon_core.environment:create_environment_scripts_only(yolo_msgs)
[0.743s] Level 1:colcon.colcon_core.environment:checking '/home/reach/SCARA/install/yolo_msgs' for CMake module files
[0.744s] Level 1:colcon.colcon_core.environment:checking '/home/reach/SCARA/install/yolo_msgs' for CMake config files
[0.744s] Level 1:colcon.colcon_core.shell:create_environment_hook('yolo_msgs', 'cmake_prefix_path')
[0.744s] INFO:colcon.colcon_core.shell:Creating environment hook '/home/reach/SCARA/install/yolo_msgs/share/yolo_msgs/hook/cmake_prefix_path.ps1'
[0.745s] INFO:colcon.colcon_core.shell:Creating environment descriptor '/home/reach/SCARA/install/yolo_msgs/share/yolo_msgs/hook/cmake_prefix_path.dsv'
[0.745s] INFO:colcon.colcon_core.shell:Creating environment hook '/home/reach/SCARA/install/yolo_msgs/share/yolo_msgs/hook/cmake_prefix_path.sh'
[0.746s] Level 1:colcon.colcon_core.environment:checking '/home/reach/SCARA/install/yolo_msgs/lib'
[0.746s] Level 1:colcon.colcon_core.shell:create_environment_hook('yolo_msgs', 'ld_library_path_lib')
[0.746s] INFO:colcon.colcon_core.shell:Creating environment hook '/home/reach/SCARA/install/yolo_msgs/share/yolo_msgs/hook/ld_library_path_lib.ps1'
[0.746s] INFO:colcon.colcon_core.shell:Creating environment descriptor '/home/reach/SCARA/install/yolo_msgs/share/yolo_msgs/hook/ld_library_path_lib.dsv'
[0.747s] INFO:colcon.colcon_core.shell:Creating environment hook '/home/reach/SCARA/install/yolo_msgs/share/yolo_msgs/hook/ld_library_path_lib.sh'
[0.747s] Level 1:colcon.colcon_core.environment:checking '/home/reach/SCARA/install/yolo_msgs/bin'
[0.747s] Level 1:colcon.colcon_core.environment:checking '/home/reach/SCARA/install/yolo_msgs/lib/pkgconfig/yolo_msgs.pc'
[0.747s] Level 1:colcon.colcon_core.environment:checking '/home/reach/SCARA/install/yolo_msgs/lib/python3.10/site-packages'
[0.748s] Level 1:colcon.colcon_core.environment:checking '/home/reach/SCARA/install/yolo_msgs/bin'
[0.748s] INFO:colcon.colcon_core.shell:Creating package script '/home/reach/SCARA/install/yolo_msgs/share/yolo_msgs/package.ps1'
[0.749s] INFO:colcon.colcon_core.shell:Creating package descriptor '/home/reach/SCARA/install/yolo_msgs/share/yolo_msgs/package.dsv'
[0.749s] INFO:colcon.colcon_core.shell:Creating package script '/home/reach/SCARA/install/yolo_msgs/share/yolo_msgs/package.sh'
[0.750s] INFO:colcon.colcon_core.shell:Creating package script '/home/reach/SCARA/install/yolo_msgs/share/yolo_msgs/package.bash'
[0.750s] INFO:colcon.colcon_core.shell:Creating package script '/home/reach/SCARA/install/yolo_msgs/share/yolo_msgs/package.zsh'
[0.751s] Level 1:colcon.colcon_core.environment:create_file_with_runtime_dependencies(/home/reach/SCARA/install/yolo_msgs/share/colcon-core/packages/yolo_msgs)
[0.751s] INFO:colcon.colcon_ros.task.ament_python.build:Building ROS package in '/home/reach/SCARA/src/yolo_ros/yolo_ros' with build type 'ament_python'
[0.751s] Level 1:colcon.colcon_core.shell:create_environment_hook('yolo_ros', 'ament_prefix_path')
[0.751s] INFO:colcon.colcon_core.shell:Creating environment hook '/home/reach/SCARA/install/yolo_ros/share/yolo_ros/hook/ament_prefix_path.ps1'
[0.752s] INFO:colcon.colcon_core.shell:Creating environment descriptor '/home/reach/SCARA/install/yolo_ros/share/yolo_ros/hook/ament_prefix_path.dsv'
[0.752s] INFO:colcon.colcon_core.shell:Creating environment hook '/home/reach/SCARA/install/yolo_ros/share/yolo_ros/hook/ament_prefix_path.sh'
[0.753s] INFO:colcon.colcon_core.shell:Skip shell extension 'powershell' for command environment: Not usable outside of PowerShell
[0.753s] DEBUG:colcon.colcon_core.shell:Skip shell extension 'dsv' for command environment
[0.961s] INFO:colcon.colcon_core.task.python.build:Building Python package in '/home/reach/SCARA/src/yolo_ros/yolo_ros'
[0.961s] INFO:colcon.colcon_core.shell:Skip shell extension 'powershell' for command environment: Not usable outside of PowerShell
[0.961s] DEBUG:colcon.colcon_core.shell:Skip shell extension 'dsv' for command environment
[0.969s] DEBUG:colcon.colcon_core.event_handler.log_command:Invoking command in '/home/reach/SCARA/src/SCARA_pkg': PYTHONPATH=/home/reach/SCARA/build/SCARA_pkg/prefix_override:/usr/lib/python3/dist-packages/colcon_core/task/python/colcon_distutils_commands:/home/reach/SCARA/install/SCARA_pkg/lib/python3.10/site-packages:${PYTHONPATH} /usr/bin/python3 -W ignore:setup.py install is deprecated -W ignore:easy_install command is deprecated setup.py egg_info --egg-base ../../build/SCARA_pkg build --build-base /home/reach/SCARA/build/SCARA_pkg/build install --record /home/reach/SCARA/build/SCARA_pkg/install.log --single-version-externally-managed install_data
[0.976s] DEBUG:colcon.colcon_core.event_handler.log_command:Invoking command in '/home/reach/SCARA/src/yolo_pick_place': PYTHONPATH=/home/reach/SCARA/build/yolo_pick_place/prefix_override:/usr/lib/python3/dist-packages/colcon_core/task/python/colcon_distutils_commands:/home/reach/SCARA/install/yolo_pick_place/lib/python3.10/site-packages:${PYTHONPATH} /usr/bin/python3 -W ignore:setup.py install is deprecated -W ignore:easy_install command is deprecated setup.py egg_info --egg-base ../../build/yolo_pick_place build --build-base /home/reach/SCARA/build/yolo_pick_place/build install --record /home/reach/SCARA/build/yolo_pick_place/install.log --single-version-externally-managed install_data
[1.192s] Level 1:colcon.colcon_core.environment:checking '/home/reach/SCARA/install/SCARA_pkg' for CMake module files
[1.192s] DEBUG:colcon.colcon_core.event_handler.log_command:Invoked command in '/home/reach/SCARA/src/SCARA_pkg' returned '0': PYTHONPATH=/home/reach/SCARA/build/SCARA_pkg/prefix_override:/usr/lib/python3/dist-packages/colcon_core/task/python/colcon_distutils_commands:/home/reach/SCARA/install/SCARA_pkg/lib/python3.10/site-packages:${PYTHONPATH} /usr/bin/python3 -W ignore:setup.py install is deprecated -W ignore:easy_install command is deprecated setup.py egg_info --egg-base ../../build/SCARA_pkg build --build-base /home/reach/SCARA/build/SCARA_pkg/build install --record /home/reach/SCARA/build/SCARA_pkg/install.log --single-version-externally-managed install_data
[1.193s] Level 1:colcon.colcon_core.environment:checking '/home/reach/SCARA/install/SCARA_pkg' for CMake config files
[1.193s] Level 1:colcon.colcon_core.environment:checking '/home/reach/SCARA/install/SCARA_pkg/lib'
[1.193s] Level 1:colcon.colcon_core.environment:checking '/home/reach/SCARA/install/SCARA_pkg/bin'
[1.193s] Level 1:colcon.colcon_core.environment:checking '/home/reach/SCARA/install/SCARA_pkg/lib/pkgconfig/SCARA_pkg.pc'
[1.193s] Level 1:colcon.colcon_core.environment:checking '/home/reach/SCARA/install/SCARA_pkg/lib/python3.10/site-packages'
[1.193s] Level 1:colcon.colcon_core.shell:create_environment_hook('SCARA_pkg', 'pythonpath')
[1.194s] INFO:colcon.colcon_core.shell:Creating environment hook '/home/reach/SCARA/install/SCARA_pkg/share/SCARA_pkg/hook/pythonpath.ps1'
[1.194s] INFO:colcon.colcon_core.shell:Creating environment descriptor '/home/reach/SCARA/install/SCARA_pkg/share/SCARA_pkg/hook/pythonpath.dsv'
[1.194s] INFO:colcon.colcon_core.shell:Creating environment hook '/home/reach/SCARA/install/SCARA_pkg/share/SCARA_pkg/hook/pythonpath.sh'
[1.195s] Level 1:colcon.colcon_core.environment:checking '/home/reach/SCARA/install/SCARA_pkg/bin'
[1.195s] Level 1:colcon.colcon_core.environment:create_environment_scripts_only(SCARA_pkg)
[1.195s] INFO:colcon.colcon_core.shell:Creating package script '/home/reach/SCARA/install/SCARA_pkg/share/SCARA_pkg/package.ps1'
[1.196s] INFO:colcon.colcon_core.shell:Creating package descriptor '/home/reach/SCARA/install/SCARA_pkg/share/SCARA_pkg/package.dsv'
[1.196s] INFO:colcon.colcon_core.shell:Creating package script '/home/reach/SCARA/install/SCARA_pkg/share/SCARA_pkg/package.sh'
[1.196s] INFO:colcon.colcon_core.shell:Creating package script '/home/reach/SCARA/install/SCARA_pkg/share/SCARA_pkg/package.bash'
[1.197s] INFO:colcon.colcon_core.shell:Creating package script '/home/reach/SCARA/install/SCARA_pkg/share/SCARA_pkg/package.zsh'
[1.197s] Level 1:colcon.colcon_core.environment:create_file_with_runtime_dependencies(/home/reach/SCARA/install/SCARA_pkg/share/colcon-core/packages/SCARA_pkg)
[1.202s] Level 1:colcon.colcon_core.environment:checking '/home/reach/SCARA/install/yolo_pick_place' for CMake module files
[1.203s] DEBUG:colcon.colcon_core.event_handler.log_command:Invoked command in '/home/reach/SCARA/src/yolo_pick_place' returned '0': PYTHONPATH=/home/reach/SCARA/build/yolo_pick_place/prefix_override:/usr/lib/python3/dist-packages/colcon_core/task/python/colcon_distutils_commands:/home/reach/SCARA/install/yolo_pick_place/lib/python3.10/site-packages:${PYTHONPATH} /usr/bin/python3 -W ignore:setup.py install is deprecated -W ignore:easy_install command is deprecated setup.py egg_info --egg-base ../../build/yolo_pick_place build --build-base /home/reach/SCARA/build/yolo_pick_place/build install --record /home/reach/SCARA/build/yolo_pick_place/install.log --single-version-externally-managed install_data
[1.203s] Level 1:colcon.colcon_core.environment:checking '/home/reach/SCARA/install/yolo_pick_place' for CMake config files
[1.203s] Level 1:colcon.colcon_core.environment:checking '/home/reach/SCARA/install/yolo_pick_place/lib'
[1.203s] Level 1:colcon.colcon_core.environment:checking '/home/reach/SCARA/install/yolo_pick_place/bin'
[1.203s] Level 1:colcon.colcon_core.environment:checking '/home/reach/SCARA/install/yolo_pick_place/lib/pkgconfig/yolo_pick_place.pc'
[1.203s] Level 1:colcon.colcon_core.environment:checking '/home/reach/SCARA/install/yolo_pick_place/lib/python3.10/site-packages'
[1.203s] Level 1:colcon.colcon_core.shell:create_environment_hook('yolo_pick_place', 'pythonpath')
[1.204s] INFO:colcon.colcon_core.shell:Creating environment hook '/home/reach/SCARA/install/yolo_pick_place/share/yolo_pick_place/hook/pythonpath.ps1'
[1.204s] INFO:colcon.colcon_core.shell:Creating environment descriptor '/home/reach/SCARA/install/yolo_pick_place/share/yolo_pick_place/hook/pythonpath.dsv'
[1.204s] INFO:colcon.colcon_core.shell:Creating environment hook '/home/reach/SCARA/install/yolo_pick_place/share/yolo_pick_place/hook/pythonpath.sh'
[1.205s] Level 1:colcon.colcon_core.environment:checking '/home/reach/SCARA/install/yolo_pick_place/bin'
[1.205s] Level 1:colcon.colcon_core.environment:create_environment_scripts_only(yolo_pick_place)
[1.205s] INFO:colcon.colcon_core.shell:Creating package script '/home/reach/SCARA/install/yolo_pick_place/share/yolo_pick_place/package.ps1'
[1.205s] INFO:colcon.colcon_core.shell:Creating package descriptor '/home/reach/SCARA/install/yolo_pick_place/share/yolo_pick_place/package.dsv'
[1.206s] INFO:colcon.colcon_core.shell:Creating package script '/home/reach/SCARA/install/yolo_pick_place/share/yolo_pick_place/package.sh'
[1.206s] INFO:colcon.colcon_core.shell:Creating package script '/home/reach/SCARA/install/yolo_pick_place/share/yolo_pick_place/package.bash'
[1.206s] INFO:colcon.colcon_core.shell:Creating package script '/home/reach/SCARA/install/yolo_pick_place/share/yolo_pick_place/package.zsh'
[1.206s] Level 1:colcon.colcon_core.environment:create_file_with_runtime_dependencies(/home/reach/SCARA/install/yolo_pick_place/share/colcon-core/packages/yolo_pick_place)
[1.237s] DEBUG:colcon.colcon_core.event_handler.log_command:Invoking command in '/home/reach/SCARA/src/yolo_ros/yolo_ros': CMAKE_PREFIX_PATH=/home/reach/SCARA/install/yolo_msgs:/home/reach/SCARA/install/yolo_bringup PYTHONPATH=/home/reach/SCARA/build/yolo_ros/prefix_override:/usr/lib/python3/dist-packages/colcon_core/task/python/colcon_distutils_commands:/home/reach/SCARA/install/yolo_ros/lib/python3.10/site-packages:${PYTHONPATH} /usr/bin/python3 -W ignore:setup.py install is deprecated -W ignore:easy_install command is deprecated setup.py egg_info --egg-base ../../../build/yolo_ros build --build-base /home/reach/SCARA/build/yolo_ros/build install --record /home/reach/SCARA/build/yolo_ros/install.log --single-version-externally-managed install_data
[1.440s] Level 1:colcon.colcon_core.environment:checking '/home/reach/SCARA/install/yolo_ros' for CMake module files
[1.441s] DEBUG:colcon.colcon_core.event_handler.log_command:Invoked command in '/home/reach/SCARA/src/yolo_ros/yolo_ros' returned '0': CMAKE_PREFIX_PATH=/home/reach/SCARA/install/yolo_msgs:/home/reach/SCARA/install/yolo_bringup PYTHONPATH=/home/reach/SCARA/build/yolo_ros/prefix_override:/usr/lib/python3/dist-packages/colcon_core/task/python/colcon_distutils_commands:/home/reach/SCARA/install/yolo_ros/lib/python3.10/site-packages:${PYTHONPATH} /usr/bin/python3 -W ignore:setup.py install is deprecated -W ignore:easy_install command is deprecated setup.py egg_info --egg-base ../../../build/yolo_ros build --build-base /home/reach/SCARA/build/yolo_ros/build install --record /home/reach/SCARA/build/yolo_ros/install.log --single-version-externally-managed install_data
[1.441s] Level 1:colcon.colcon_core.environment:checking '/home/reach/SCARA/install/yolo_ros' for CMake config files
[1.442s] Level 1:colcon.colcon_core.environment:checking '/home/reach/SCARA/install/yolo_ros/lib'
[1.442s] Level 1:colcon.colcon_core.environment:checking '/home/reach/SCARA/install/yolo_ros/bin'
[1.442s] Level 1:colcon.colcon_core.environment:checking '/home/reach/SCARA/install/yolo_ros/lib/pkgconfig/yolo_ros.pc'
[1.442s] Level 1:colcon.colcon_core.environment:checking '/home/reach/SCARA/install/yolo_ros/lib/python3.10/site-packages'
[1.442s] Level 1:colcon.colcon_core.shell:create_environment_hook('yolo_ros', 'pythonpath')
[1.442s] INFO:colcon.colcon_core.shell:Creating environment hook '/home/reach/SCARA/install/yolo_ros/share/yolo_ros/hook/pythonpath.ps1'
[1.442s] INFO:colcon.colcon_core.shell:Creating environment descriptor '/home/reach/SCARA/install/yolo_ros/share/yolo_ros/hook/pythonpath.dsv'
[1.443s] INFO:colcon.colcon_core.shell:Creating environment hook '/home/reach/SCARA/install/yolo_ros/share/yolo_ros/hook/pythonpath.sh'
[1.443s] Level 1:colcon.colcon_core.environment:checking '/home/reach/SCARA/install/yolo_ros/bin'
[1.443s] Level 1:colcon.colcon_core.environment:create_environment_scripts_only(yolo_ros)
[1.443s] INFO:colcon.colcon_core.shell:Creating package script '/home/reach/SCARA/install/yolo_ros/share/yolo_ros/package.ps1'
[1.444s] INFO:colcon.colcon_core.shell:Creating package descriptor '/home/reach/SCARA/install/yolo_ros/share/yolo_ros/package.dsv'
[1.444s] INFO:colcon.colcon_core.shell:Creating package script '/home/reach/SCARA/install/yolo_ros/share/yolo_ros/package.sh'
[1.444s] INFO:colcon.colcon_core.shell:Creating package script '/home/reach/SCARA/install/yolo_ros/share/yolo_ros/package.bash'
[1.444s] INFO:colcon.colcon_core.shell:Creating package script '/home/reach/SCARA/install/yolo_ros/share/yolo_ros/package.zsh'
[1.445s] Level 1:colcon.colcon_core.environment:create_file_with_runtime_dependencies(/home/reach/SCARA/install/yolo_ros/share/colcon-core/packages/yolo_ros)
[1.445s] INFO:colcon.colcon_ros.task.ament_cmake.build:Building ROS package in '/home/reach/SCARA/src/yolo_ros/yolo_bringup' with build type 'ament_cmake'
[1.445s] INFO:colcon.colcon_cmake.task.cmake.build:Building CMake package in '/home/reach/SCARA/src/yolo_ros/yolo_bringup'
[1.445s] INFO:colcon.colcon_core.shell:Skip shell extension 'powershell' for command environment: Not usable outside of PowerShell
[1.445s] DEBUG:colcon.colcon_core.shell:Skip shell extension 'dsv' for command environment
[1.453s] DEBUG:colcon.colcon_core.event_handler.log_command:Invoking command in '/home/reach/SCARA/build/yolo_bringup': AMENT_PREFIX_PATH=/home/reach/SCARA/install/yolo_ros:/home/reach/SCARA/install/yolo_bringup:/home/reach/SCARA/install/yolo_pick_place:/home/reach/SCARA/install/yolo_msgs:/home/reach/SCARA/install/SCARA_pkg:/opt/ros/humble CMAKE_PREFIX_PATH=/home/reach/SCARA/install/yolo_msgs:/home/reach/SCARA/install/yolo_bringup:/home/reach/SCARA/install/yolo_ros:/home/reach/SCARA/install/yolo_pick_place:/home/reach/SCARA/install/SCARA_pkg:/opt/ros/humble /usr/bin/cmake --build /home/reach/SCARA/build/yolo_bringup -- -j8 -l8
[1.481s] DEBUG:colcon.colcon_core.event_handler.log_command:Invoked command in '/home/reach/SCARA/build/yolo_bringup' returned '0': AMENT_PREFIX_PATH=/home/reach/SCARA/install/yolo_ros:/home/reach/SCARA/install/yolo_bringup:/home/reach/SCARA/install/yolo_pick_place:/home/reach/SCARA/install/yolo_msgs:/home/reach/SCARA/install/SCARA_pkg:/opt/ros/humble CMAKE_PREFIX_PATH=/home/reach/SCARA/install/yolo_msgs:/home/reach/SCARA/install/yolo_bringup:/home/reach/SCARA/install/yolo_ros:/home/reach/SCARA/install/yolo_pick_place:/home/reach/SCARA/install/SCARA_pkg:/opt/ros/humble /usr/bin/cmake --build /home/reach/SCARA/build/yolo_bringup -- -j8 -l8
[1.482s] DEBUG:colcon.colcon_core.event_handler.log_command:Invoking command in '/home/reach/SCARA/build/yolo_bringup': AMENT_PREFIX_PATH=/home/reach/SCARA/install/yolo_ros:/home/reach/SCARA/install/yolo_bringup:/home/reach/SCARA/install/yolo_pick_place:/home/reach/SCARA/install/yolo_msgs:/home/reach/SCARA/install/SCARA_pkg:/opt/ros/humble CMAKE_PREFIX_PATH=/home/reach/SCARA/install/yolo_msgs:/home/reach/SCARA/install/yolo_bringup:/home/reach/SCARA/install/yolo_ros:/home/reach/SCARA/install/yolo_pick_place:/home/reach/SCARA/install/SCARA_pkg:/opt/ros/humble /usr/bin/cmake --install /home/reach/SCARA/build/yolo_bringup
[1.489s] Level 1:colcon.colcon_core.environment:create_environment_scripts_only(yolo_bringup)
[1.489s] DEBUG:colcon.colcon_core.event_handler.log_command:Invoked command in '/home/reach/SCARA/build/yolo_bringup' returned '0': AMENT_PREFIX_PATH=/home/reach/SCARA/install/yolo_ros:/home/reach/SCARA/install/yolo_bringup:/home/reach/SCARA/install/yolo_pick_place:/home/reach/SCARA/install/yolo_msgs:/home/reach/SCARA/install/SCARA_pkg:/opt/ros/humble CMAKE_PREFIX_PATH=/home/reach/SCARA/install/yolo_msgs:/home/reach/SCARA/install/yolo_bringup:/home/reach/SCARA/install/yolo_ros:/home/reach/SCARA/install/yolo_pick_place:/home/reach/SCARA/install/SCARA_pkg:/opt/ros/humble /usr/bin/cmake --install /home/reach/SCARA/build/yolo_bringup
[1.489s] Level 1:colcon.colcon_core.environment:checking '/home/reach/SCARA/install/yolo_bringup' for CMake module files
[1.490s] Level 1:colcon.colcon_core.environment:checking '/home/reach/SCARA/install/yolo_bringup' for CMake config files
[1.490s] Level 1:colcon.colcon_core.shell:create_environment_hook('yolo_bringup', 'cmake_prefix_path')
[1.490s] INFO:colcon.colcon_core.shell:Creating environment hook '/home/reach/SCARA/install/yolo_bringup/share/yolo_bringup/hook/cmake_prefix_path.ps1'
[1.490s] INFO:colcon.colcon_core.shell:Creating environment descriptor '/home/reach/SCARA/install/yolo_bringup/share/yolo_bringup/hook/cmake_prefix_path.dsv'
[1.491s] INFO:colcon.colcon_core.shell:Creating environment hook '/home/reach/SCARA/install/yolo_bringup/share/yolo_bringup/hook/cmake_prefix_path.sh'
[1.491s] Level 1:colcon.colcon_core.environment:checking '/home/reach/SCARA/install/yolo_bringup/bin'
[1.491s] Level 1:colcon.colcon_core.environment:checking '/home/reach/SCARA/install/yolo_bringup/lib/pkgconfig/yolo_bringup.pc'
[1.491s] Level 1:colcon.colcon_core.environment:checking '/home/reach/SCARA/install/yolo_bringup/lib/python3.10/site-packages'
[1.492s] Level 1:colcon.colcon_core.environment:checking '/home/reach/SCARA/install/yolo_bringup/bin'
[1.492s] INFO:colcon.colcon_core.shell:Creating package script '/home/reach/SCARA/install/yolo_bringup/share/yolo_bringup/package.ps1'
[1.492s] INFO:colcon.colcon_core.shell:Creating package descriptor '/home/reach/SCARA/install/yolo_bringup/share/yolo_bringup/package.dsv'
[1.492s] INFO:colcon.colcon_core.shell:Creating package script '/home/reach/SCARA/install/yolo_bringup/share/yolo_bringup/package.sh'
[1.493s] INFO:colcon.colcon_core.shell:Creating package script '/home/reach/SCARA/install/yolo_bringup/share/yolo_bringup/package.bash'
[1.493s] INFO:colcon.colcon_core.shell:Creating package script '/home/reach/SCARA/install/yolo_bringup/share/yolo_bringup/package.zsh'
[1.493s] Level 1:colcon.colcon_core.environment:create_file_with_runtime_dependencies(/home/reach/SCARA/install/yolo_bringup/share/colcon-core/packages/yolo_bringup)
[1.493s] Level 1:colcon.colcon_core.environment:create_environment_scripts_only(yolo_bringup)
[1.493s] Level 1:colcon.colcon_core.environment:checking '/home/reach/SCARA/install/yolo_bringup' for CMake module files
[1.494s] Level 1:colcon.colcon_core.environment:checking '/home/reach/SCARA/install/yolo_bringup' for CMake config files
[1.494s] Level 1:colcon.colcon_core.shell:create_environment_hook('yolo_bringup', 'cmake_prefix_path')
[1.494s] INFO:colcon.colcon_core.shell:Creating environment hook '/home/reach/SCARA/install/yolo_bringup/share/yolo_bringup/hook/cmake_prefix_path.ps1'
[1.494s] INFO:colcon.colcon_core.shell:Creating environment descriptor '/home/reach/SCARA/install/yolo_bringup/share/yolo_bringup/hook/cmake_prefix_path.dsv'
[1.494s] INFO:colcon.colcon_core.shell:Creating environment hook '/home/reach/SCARA/install/yolo_bringup/share/yolo_bringup/hook/cmake_prefix_path.sh'
[1.495s] Level 1:colcon.colcon_core.environment:checking '/home/reach/SCARA/install/yolo_bringup/bin'
[1.495s] Level 1:colcon.colcon_core.environment:checking '/home/reach/SCARA/install/yolo_bringup/lib/pkgconfig/yolo_bringup.pc'
[1.495s] Level 1:colcon.colcon_core.environment:checking '/home/reach/SCARA/install/yolo_bringup/lib/python3.10/site-packages'
[1.495s] Level 1:colcon.colcon_core.environment:checking '/home/reach/SCARA/install/yolo_bringup/bin'
[1.495s] INFO:colcon.colcon_core.shell:Creating package script '/home/reach/SCARA/install/yolo_bringup/share/yolo_bringup/package.ps1'
[1.496s] INFO:colcon.colcon_core.shell:Creating package descriptor '/home/reach/SCARA/install/yolo_bringup/share/yolo_bringup/package.dsv'
[1.496s] INFO:colcon.colcon_core.shell:Creating package script '/home/reach/SCARA/install/yolo_bringup/share/yolo_bringup/package.sh'
[1.496s] INFO:colcon.colcon_core.shell:Creating package script '/home/reach/SCARA/install/yolo_bringup/share/yolo_bringup/package.bash'
[1.497s] INFO:colcon.colcon_core.shell:Creating package script '/home/reach/SCARA/install/yolo_bringup/share/yolo_bringup/package.zsh'
[1.497s] Level 1:colcon.colcon_core.environment:create_file_with_runtime_dependencies(/home/reach/SCARA/install/yolo_bringup/share/colcon-core/packages/yolo_bringup)
[1.497s] DEBUG:colcon.colcon_parallel_executor.executor.parallel:closing loop
[1.497s] DEBUG:colcon.colcon_parallel_executor.executor.parallel:loop closed
[1.497s] DEBUG:colcon.colcon_parallel_executor.executor.parallel:run_until_complete finished with '0'
[1.497s] DEBUG:colcon.colcon_core.event_reactor:joining thread
[1.501s] INFO:colcon.colcon_core.plugin_system:Skipping extension 'colcon_notification.desktop_notification.terminal_notifier': Not used on non-Darwin systems
[1.501s] INFO:colcon.colcon_core.plugin_system:Skipping extension 'colcon_notification.desktop_notification.win32': Not used on non-Windows systems
[1.501s] INFO:colcon.colcon_notification.desktop_notification:Sending desktop notification using 'notify2'
[1.513s] DEBUG:colcon.colcon_core.event_reactor:joined thread
[1.514s] INFO:colcon.colcon_core.shell:Creating prefix script '/home/reach/SCARA/install/local_setup.ps1'
[1.515s] INFO:colcon.colcon_core.shell:Creating prefix util module '/home/reach/SCARA/install/_local_setup_util_ps1.py'
[1.516s] INFO:colcon.colcon_core.shell:Creating prefix chain script '/home/reach/SCARA/install/setup.ps1'
[1.517s] INFO:colcon.colcon_core.shell:Creating prefix script '/home/reach/SCARA/install/local_setup.sh'
[1.518s] INFO:colcon.colcon_core.shell:Creating prefix util module '/home/reach/SCARA/install/_local_setup_util_sh.py'
[1.518s] INFO:colcon.colcon_core.shell:Creating prefix chain script '/home/reach/SCARA/install/setup.sh'
[1.519s] INFO:colcon.colcon_core.shell:Creating prefix script '/home/reach/SCARA/install/local_setup.bash'
[1.520s] INFO:colcon.colcon_core.shell:Creating prefix chain script '/home/reach/SCARA/install/setup.bash'
[1.521s] INFO:colcon.colcon_core.shell:Creating prefix script '/home/reach/SCARA/install/local_setup.zsh'
[1.521s] INFO:colcon.colcon_core.shell:Creating prefix chain script '/home/reach/SCARA/install/setup.zsh'
